[0.012s] Invoking command in '/home/fortunato/ros2_ws/build/px4_ros_com': AMENT_PREFIX_PATH=/home/fortunato/ros2_ws/install/px4_msgs:${AMENT_PREFIX_PATH} CMAKE_PREFIX_PATH=/home/fortunato/ros2_ws/install/px4_msgs:/opt/ros/humble:/home/fortunato/ros2_ws/install/cameras LD_LIBRARY_PATH=/home/fortunato/ros2_ws/install/px4_msgs/lib:${LD_LIBRARY_PATH} PYTHONPATH=/home/fortunato/ros2_ws/install/px4_msgs/local/lib/python3.10/dist-packages:${PYTHONPATH} /usr/bin/cmake --build /home/fortunato/ros2_ws/build/px4_ros_com -- -j8 -l8
[0.099s] [ 16%] Built target frame_transforms
[0.100s] [ 33%] Built target offboard_control_srv
[0.102s] [ 50%] Built target vehicle_gps_position_listener
[0.102s] [ 66%] Built target sensor_combined_listener
[0.104s] [ 75%] Built target ament_cmake_python_copy_px4_ros_com
[0.104s] [ 83%] Built target offboard_control
[0.105s] [100%] Built target debug_vect_advertiser
[0.441s] running egg_info
[0.442s] writing px4_ros_com.egg-info/PKG-INFO
[0.442s] writing dependency_links to px4_ros_com.egg-info/dependency_links.txt
[0.443s] writing top-level names to px4_ros_com.egg-info/top_level.txt
[0.445s] reading manifest file 'px4_ros_com.egg-info/SOURCES.txt'
[0.445s] writing manifest file 'px4_ros_com.egg-info/SOURCES.txt'
[0.486s] [100%] Built target ament_cmake_python_build_px4_ros_com_egg
[0.502s] Invoked command in '/home/fortunato/ros2_ws/build/px4_ros_com' returned '0': AMENT_PREFIX_PATH=/home/fortunato/ros2_ws/install/px4_msgs:${AMENT_PREFIX_PATH} CMAKE_PREFIX_PATH=/home/fortunato/ros2_ws/install/px4_msgs:/opt/ros/humble:/home/fortunato/ros2_ws/install/cameras LD_LIBRARY_PATH=/home/fortunato/ros2_ws/install/px4_msgs/lib:${LD_LIBRARY_PATH} PYTHONPATH=/home/fortunato/ros2_ws/install/px4_msgs/local/lib/python3.10/dist-packages:${PYTHONPATH} /usr/bin/cmake --build /home/fortunato/ros2_ws/build/px4_ros_com -- -j8 -l8
[0.504s] Invoking command in '/home/fortunato/ros2_ws/build/px4_ros_com': AMENT_PREFIX_PATH=/home/fortunato/ros2_ws/install/px4_msgs:${AMENT_PREFIX_PATH} CMAKE_PREFIX_PATH=/home/fortunato/ros2_ws/install/px4_msgs:/opt/ros/humble:/home/fortunato/ros2_ws/install/cameras LD_LIBRARY_PATH=/home/fortunato/ros2_ws/install/px4_msgs/lib:${LD_LIBRARY_PATH} PYTHONPATH=/home/fortunato/ros2_ws/install/px4_msgs/local/lib/python3.10/dist-packages:${PYTHONPATH} /usr/bin/cmake --install /home/fortunato/ros2_ws/build/px4_ros_com
[0.513s] -- Install configuration: ""
[0.513s] -- Up-to-date: /home/fortunato/ros2_ws/install/px4_ros_com/lib/px4_ros_com/sensor_combined_listener
[0.513s] -- Up-to-date: /home/fortunato/ros2_ws/install/px4_ros_com/lib/px4_ros_com/vehicle_gps_position_listener
[0.514s] -- Up-to-date: /home/fortunato/ros2_ws/install/px4_ros_com/lib/px4_ros_com/debug_vect_advertiser
[0.514s] -- Up-to-date: /home/fortunato/ros2_ws/install/px4_ros_com/lib/px4_ros_com/offboard_control
[0.514s] -- Up-to-date: /home/fortunato/ros2_ws/install/px4_ros_com/lib/px4_ros_com/offboard_control_srv
[0.515s] -- Up-to-date: /home/fortunato/ros2_ws/install/px4_ros_com/share/px4_ros_com/environment/library_path.sh
[0.515s] -- Up-to-date: /home/fortunato/ros2_ws/install/px4_ros_com/share/px4_ros_com/environment/library_path.dsv
[0.515s] -- Up-to-date: /home/fortunato/ros2_ws/install/px4_ros_com/include/px4_ros_com
[0.515s] -- Up-to-date: /home/fortunato/ros2_ws/install/px4_ros_com/include/px4_ros_com/frame_transforms.h
[0.515s] -- Up-to-date: /home/fortunato/ros2_ws/install/px4_ros_com/lib/libframe_transforms.so
[0.515s] -- Up-to-date: /home/fortunato/ros2_ws/install/px4_ros_com/share/px4_ros_com//launch
[0.515s] -- Up-to-date: /home/fortunato/ros2_ws/install/px4_ros_com/share/px4_ros_com//launch/offboard_control_launch.yaml
[0.515s] -- Up-to-date: /home/fortunato/ros2_ws/install/px4_ros_com/share/px4_ros_com//launch/sensor_combined_listener.launch.py
[0.515s] -- Up-to-date: /home/fortunato/ros2_ws/install/px4_ros_com/share/px4_ros_com//test
[0.515s] -- Up-to-date: /home/fortunato/ros2_ws/install/px4_ros_com/share/px4_ros_com//test/__init__.py
[0.515s] -- Up-to-date: /home/fortunato/ros2_ws/install/px4_ros_com/share/px4_ros_com//test/pipeline_io_test.py
[0.516s] -- Up-to-date: /home/fortunato/ros2_ws/install/px4_ros_com/share/px4_ros_com//test/test_output.py
[0.516s] -- Up-to-date: /home/fortunato/ros2_ws/install/px4_ros_com/share/px4_ros_com//test/test_input.py
[0.516s] -- Up-to-date: /home/fortunato/ros2_ws/install/px4_ros_com/share/px4_ros_com/environment/pythonpath.sh
[0.516s] -- Up-to-date: /home/fortunato/ros2_ws/install/px4_ros_com/share/px4_ros_com/environment/pythonpath.dsv
[0.516s] -- Up-to-date: /home/fortunato/ros2_ws/install/px4_ros_com/local/lib/python3.10/dist-packages/px4_ros_com-0.1.0-py3.10.egg-info
[0.516s] -- Installing: /home/fortunato/ros2_ws/install/px4_ros_com/local/lib/python3.10/dist-packages/px4_ros_com-0.1.0-py3.10.egg-info/dependency_links.txt
[0.516s] -- Installing: /home/fortunato/ros2_ws/install/px4_ros_com/local/lib/python3.10/dist-packages/px4_ros_com-0.1.0-py3.10.egg-info/SOURCES.txt
[0.516s] -- Installing: /home/fortunato/ros2_ws/install/px4_ros_com/local/lib/python3.10/dist-packages/px4_ros_com-0.1.0-py3.10.egg-info/top_level.txt
[0.516s] -- Installing: /home/fortunato/ros2_ws/install/px4_ros_com/local/lib/python3.10/dist-packages/px4_ros_com-0.1.0-py3.10.egg-info/PKG-INFO
[0.516s] -- Up-to-date: /home/fortunato/ros2_ws/install/px4_ros_com/local/lib/python3.10/dist-packages/px4_ros_com
[0.516s] -- Up-to-date: /home/fortunato/ros2_ws/install/px4_ros_com/local/lib/python3.10/dist-packages/px4_ros_com/__init__.py
[0.516s] -- Up-to-date: /home/fortunato/ros2_ws/install/px4_ros_com/local/lib/python3.10/dist-packages/px4_ros_com/module_to_import.py
[0.548s] Listing '/home/fortunato/ros2_ws/install/px4_ros_com/local/lib/python3.10/dist-packages/px4_ros_com'...
[0.555s] -- Up-to-date: /home/fortunato/ros2_ws/install/px4_ros_com/lib/px4_ros_com/offboard_control.py
[0.557s] -- Up-to-date: /home/fortunato/ros2_ws/install/px4_ros_com/share/ament_index/resource_index/package_run_dependencies/px4_ros_com
[0.559s] -- Up-to-date: /home/fortunato/ros2_ws/install/px4_ros_com/share/ament_index/resource_index/parent_prefix_path/px4_ros_com
[0.561s] -- Up-to-date: /home/fortunato/ros2_ws/install/px4_ros_com/share/px4_ros_com/environment/ament_prefix_path.sh
[0.562s] -- Up-to-date: /home/fortunato/ros2_ws/install/px4_ros_com/share/px4_ros_com/environment/ament_prefix_path.dsv
[0.563s] -- Up-to-date: /home/fortunato/ros2_ws/install/px4_ros_com/share/px4_ros_com/environment/path.sh
[0.563s] -- Up-to-date: /home/fortunato/ros2_ws/install/px4_ros_com/share/px4_ros_com/environment/path.dsv
[0.564s] -- Up-to-date: /home/fortunato/ros2_ws/install/px4_ros_com/share/px4_ros_com/local_setup.bash
[0.565s] -- Up-to-date: /home/fortunato/ros2_ws/install/px4_ros_com/share/px4_ros_com/local_setup.sh
[0.566s] -- Up-to-date: /home/fortunato/ros2_ws/install/px4_ros_com/share/px4_ros_com/local_setup.zsh
[0.567s] -- Up-to-date: /home/fortunato/ros2_ws/install/px4_ros_com/share/px4_ros_com/local_setup.dsv
[0.567s] -- Installing: /home/fortunato/ros2_ws/install/px4_ros_com/share/px4_ros_com/package.dsv
[0.567s] -- Up-to-date: /home/fortunato/ros2_ws/install/px4_ros_com/share/ament_index/resource_index/packages/px4_ros_com
[0.567s] -- Up-to-date: /home/fortunato/ros2_ws/install/px4_ros_com/share/px4_ros_com/cmake/export_frame_transformsExport.cmake
[0.567s] -- Up-to-date: /home/fortunato/ros2_ws/install/px4_ros_com/share/px4_ros_com/cmake/export_frame_transformsExport-noconfig.cmake
[0.568s] -- Up-to-date: /home/fortunato/ros2_ws/install/px4_ros_com/share/px4_ros_com/cmake/ament_cmake_export_dependencies-extras.cmake
[0.568s] -- Up-to-date: /home/fortunato/ros2_ws/install/px4_ros_com/share/px4_ros_com/cmake/ament_cmake_export_targets-extras.cmake
[0.568s] -- Up-to-date: /home/fortunato/ros2_ws/install/px4_ros_com/share/px4_ros_com/cmake/ament_cmake_export_include_directories-extras.cmake
[0.568s] -- Up-to-date: /home/fortunato/ros2_ws/install/px4_ros_com/share/px4_ros_com/cmake/ament_cmake_export_libraries-extras.cmake
[0.569s] -- Up-to-date: /home/fortunato/ros2_ws/install/px4_ros_com/share/px4_ros_com/cmake/px4_ros_comConfig.cmake
[0.569s] -- Up-to-date: /home/fortunato/ros2_ws/install/px4_ros_com/share/px4_ros_com/cmake/px4_ros_comConfig-version.cmake
[0.569s] -- Up-to-date: /home/fortunato/ros2_ws/install/px4_ros_com/share/px4_ros_com/package.xml
[0.574s] Invoked command in '/home/fortunato/ros2_ws/build/px4_ros_com' returned '0': AMENT_PREFIX_PATH=/home/fortunato/ros2_ws/install/px4_msgs:${AMENT_PREFIX_PATH} CMAKE_PREFIX_PATH=/home/fortunato/ros2_ws/install/px4_msgs:/opt/ros/humble:/home/fortunato/ros2_ws/install/cameras LD_LIBRARY_PATH=/home/fortunato/ros2_ws/install/px4_msgs/lib:${LD_LIBRARY_PATH} PYTHONPATH=/home/fortunato/ros2_ws/install/px4_msgs/local/lib/python3.10/dist-packages:${PYTHONPATH} /usr/bin/cmake --install /home/fortunato/ros2_ws/build/px4_ros_com
