[  0%] Built target px4_layer
[  0%] Built target drivers_board
[  0%] Built target px4__cpp
[  0%] Built target ament_cmake_python_copy_px4
[ 12%] Built target px4__rosidl_generator_c
[ 33%] Built target px4__rosidl_typesupport_cpp
[ 36%] Built target px4__rosidl_typesupport_c
[ 48%] Built target px4__rosidl_typesupport_introspection_c
[ 60%] Built target px4__rosidl_typesupport_fastrtps_cpp
[ 72%] Built target px4__rosidl_typesupport_introspection_cpp
[ 85%] Built target px4__rosidl_typesupport_fastrtps_c
[ 85%] Built target px4
[ 85%] Built target px4__py
running egg_info
writing px4.egg-info/PKG-INFO
writing dependency_links to px4.egg-info/dependency_links.txt
writing top-level names to px4.egg-info/top_level.txt
reading manifest file 'px4.egg-info/SOURCES.txt'
writing manifest file 'px4.egg-info/SOURCES.txt'
[ 98%] Built target px4__rosidl_generator_py
[ 98%] Built target ament_cmake_python_build_px4_egg
[100%] Built target px4__rosidl_typesupport_introspection_c__pyext
[100%] Built target px4__rosidl_typesupport_c__pyext
[100%] Built target px4__rosidl_typesupport_fastrtps_c__pyext
