[0.020s] Invoking command in '/home/fortunato/ros2_ws/build/px4': CMAKE_PREFIX_PATH=/opt/ros/humble:/home/fortunato/ros2_ws/install/cameras /usr/bin/cmake --build /home/fortunato/ros2_ws/build/px4 -- -j8 -l8
[0.134s] [  0%] Built target px4_layer
[0.135s] [  0%] Built target drivers_board
[0.164s] [  0%] Built target px4__cpp
[0.224s] [  0%] Built target ament_cmake_python_copy_px4
[0.224s] [ 12%] Built target px4__rosidl_generator_c
[0.383s] [ 33%] Built target px4__rosidl_typesupport_cpp
[0.383s] [ 36%] Built target px4__rosidl_typesupport_c
[0.409s] [ 48%] Built target px4__rosidl_typesupport_introspection_c
[0.434s] [ 60%] Built target px4__rosidl_typesupport_fastrtps_cpp
[0.456s] [ 72%] Built target px4__rosidl_typesupport_introspection_cpp
[0.528s] [ 85%] Built target px4__rosidl_typesupport_fastrtps_c
[0.551s] [ 85%] Built target px4
[0.585s] [ 85%] Built target px4__py
[0.611s] running egg_info
[0.634s] writing px4.egg-info/PKG-INFO
[0.635s] writing dependency_links to px4.egg-info/dependency_links.txt
[0.635s] writing top-level names to px4.egg-info/top_level.txt
[0.699s] reading manifest file 'px4.egg-info/SOURCES.txt'
[0.705s] writing manifest file 'px4.egg-info/SOURCES.txt'
[0.711s] [ 98%] Built target px4__rosidl_generator_py
[0.746s] [ 98%] Built target ament_cmake_python_build_px4_egg
[0.750s] [100%] Built target px4__rosidl_typesupport_introspection_c__pyext
[0.752s] [100%] Built target px4__rosidl_typesupport_c__pyext
[0.752s] [100%] Built target px4__rosidl_typesupport_fastrtps_c__pyext
