-- Install configuration: ""
-- Up-to-date: /home/fortunato/ros2_ws/install/cameras/share/cameras/models
-- Up-to-date: /home/fortunato/ros2_ws/install/cameras/share/cameras/models/my_camera_2
-- Up-to-date: /home/fortunato/ros2_ws/install/cameras/share/cameras/models/my_camera_2/meshes
-- Up-to-date: /home/fortunato/ros2_ws/install/cameras/share/cameras/models/my_camera_2/meshes/3dCamera.DAE
-- Up-to-date: /home/fortunato/ros2_ws/install/cameras/share/cameras/models/my_camera_2/thumbnails
-- Up-to-date: /home/fortunato/ros2_ws/install/cameras/share/cameras/models/my_camera_2/thumbnails/2.jpg
-- Up-to-date: /home/fortunato/ros2_ws/install/cameras/share/cameras/models/my_camera_2/thumbnails/4.jpg
-- Up-to-date: /home/fortunato/ros2_ws/install/cameras/share/cameras/models/my_camera_2/thumbnails/3.jpg
-- Up-to-date: /home/fortunato/ros2_ws/install/cameras/share/cameras/models/my_camera_2/thumbnails/5.jpg
-- Up-to-date: /home/fortunato/ros2_ws/install/cameras/share/cameras/models/my_camera_2/thumbnails/1.jpg
-- Installing: /home/fortunato/ros2_ws/install/cameras/share/cameras/models/my_camera_2/model.sdf
-- Up-to-date: /home/fortunato/ros2_ws/install/cameras/share/cameras/models/my_camera_2/model.config
-- Up-to-date: /home/fortunato/ros2_ws/install/cameras/share/cameras/models/my_camera_2/materials
-- Up-to-date: /home/fortunato/ros2_ws/install/cameras/share/cameras/models/my_camera_2/materials/textures
-- Up-to-date: /home/fortunato/ros2_ws/install/cameras/share/cameras/models/my_camera_2/materials/textures/3dCamera.jpg
-- Up-to-date: /home/fortunato/ros2_ws/install/cameras/share/cameras/models/my_camera_3
-- Up-to-date: /home/fortunato/ros2_ws/install/cameras/share/cameras/models/my_camera_3/meshes
-- Up-to-date: /home/fortunato/ros2_ws/install/cameras/share/cameras/models/my_camera_3/meshes/3dCamera.DAE
-- Up-to-date: /home/fortunato/ros2_ws/install/cameras/share/cameras/models/my_camera_3/thumbnails
-- Up-to-date: /home/fortunato/ros2_ws/install/cameras/share/cameras/models/my_camera_3/thumbnails/2.jpg
-- Up-to-date: /home/fortunato/ros2_ws/install/cameras/share/cameras/models/my_camera_3/thumbnails/4.jpg
-- Up-to-date: /home/fortunato/ros2_ws/install/cameras/share/cameras/models/my_camera_3/thumbnails/3.jpg
-- Up-to-date: /home/fortunato/ros2_ws/install/cameras/share/cameras/models/my_camera_3/thumbnails/5.jpg
-- Up-to-date: /home/fortunato/ros2_ws/install/cameras/share/cameras/models/my_camera_3/thumbnails/1.jpg
-- Installing: /home/fortunato/ros2_ws/install/cameras/share/cameras/models/my_camera_3/model.sdf
-- Up-to-date: /home/fortunato/ros2_ws/install/cameras/share/cameras/models/my_camera_3/model.config
-- Up-to-date: /home/fortunato/ros2_ws/install/cameras/share/cameras/models/my_camera_3/materials
-- Up-to-date: /home/fortunato/ros2_ws/install/cameras/share/cameras/models/my_camera_3/materials/textures
-- Up-to-date: /home/fortunato/ros2_ws/install/cameras/share/cameras/models/my_camera_3/materials/textures/3dCamera.jpg
-- Up-to-date: /home/fortunato/ros2_ws/install/cameras/share/cameras/models/my_camera_5
-- Up-to-date: /home/fortunato/ros2_ws/install/cameras/share/cameras/models/my_camera_5/meshes
-- Up-to-date: /home/fortunato/ros2_ws/install/cameras/share/cameras/models/my_camera_5/meshes/3dCamera.DAE
-- Up-to-date: /home/fortunato/ros2_ws/install/cameras/share/cameras/models/my_camera_5/thumbnails
-- Up-to-date: /home/fortunato/ros2_ws/install/cameras/share/cameras/models/my_camera_5/thumbnails/2.jpg
-- Up-to-date: /home/fortunato/ros2_ws/install/cameras/share/cameras/models/my_camera_5/thumbnails/4.jpg
-- Up-to-date: /home/fortunato/ros2_ws/install/cameras/share/cameras/models/my_camera_5/thumbnails/3.jpg
-- Up-to-date: /home/fortunato/ros2_ws/install/cameras/share/cameras/models/my_camera_5/thumbnails/5.jpg
-- Up-to-date: /home/fortunato/ros2_ws/install/cameras/share/cameras/models/my_camera_5/thumbnails/1.jpg
-- Installing: /home/fortunato/ros2_ws/install/cameras/share/cameras/models/my_camera_5/model.sdf
-- Up-to-date: /home/fortunato/ros2_ws/install/cameras/share/cameras/models/my_camera_5/model.config
-- Up-to-date: /home/fortunato/ros2_ws/install/cameras/share/cameras/models/my_camera_5/materials
-- Up-to-date: /home/fortunato/ros2_ws/install/cameras/share/cameras/models/my_camera_5/materials/textures
-- Up-to-date: /home/fortunato/ros2_ws/install/cameras/share/cameras/models/my_camera_5/materials/textures/3dCamera.jpg
-- Up-to-date: /home/fortunato/ros2_ws/install/cameras/share/cameras/models/my_camera_1
-- Up-to-date: /home/fortunato/ros2_ws/install/cameras/share/cameras/models/my_camera_1/meshes
-- Up-to-date: /home/fortunato/ros2_ws/install/cameras/share/cameras/models/my_camera_1/meshes/3dCamera.DAE
-- Up-to-date: /home/fortunato/ros2_ws/install/cameras/share/cameras/models/my_camera_1/thumbnails
-- Up-to-date: /home/fortunato/ros2_ws/install/cameras/share/cameras/models/my_camera_1/thumbnails/2.jpg
-- Up-to-date: /home/fortunato/ros2_ws/install/cameras/share/cameras/models/my_camera_1/thumbnails/4.jpg
-- Up-to-date: /home/fortunato/ros2_ws/install/cameras/share/cameras/models/my_camera_1/thumbnails/3.jpg
-- Up-to-date: /home/fortunato/ros2_ws/install/cameras/share/cameras/models/my_camera_1/thumbnails/5.jpg
-- Up-to-date: /home/fortunato/ros2_ws/install/cameras/share/cameras/models/my_camera_1/thumbnails/1.jpg
-- Installing: /home/fortunato/ros2_ws/install/cameras/share/cameras/models/my_camera_1/model.sdf
-- Up-to-date: /home/fortunato/ros2_ws/install/cameras/share/cameras/models/my_camera_1/model.config
-- Up-to-date: /home/fortunato/ros2_ws/install/cameras/share/cameras/models/my_camera_1/materials
-- Up-to-date: /home/fortunato/ros2_ws/install/cameras/share/cameras/models/my_camera_1/materials/textures
-- Up-to-date: /home/fortunato/ros2_ws/install/cameras/share/cameras/models/my_camera_1/materials/textures/3dCamera.jpg
-- Up-to-date: /home/fortunato/ros2_ws/install/cameras/share/cameras/models/my_camera_7
-- Up-to-date: /home/fortunato/ros2_ws/install/cameras/share/cameras/models/my_camera_7/meshes
-- Up-to-date: /home/fortunato/ros2_ws/install/cameras/share/cameras/models/my_camera_7/meshes/3dCamera.DAE
-- Up-to-date: /home/fortunato/ros2_ws/install/cameras/share/cameras/models/my_camera_7/thumbnails
-- Up-to-date: /home/fortunato/ros2_ws/install/cameras/share/cameras/models/my_camera_7/thumbnails/2.jpg
-- Up-to-date: /home/fortunato/ros2_ws/install/cameras/share/cameras/models/my_camera_7/thumbnails/4.jpg
-- Up-to-date: /home/fortunato/ros2_ws/install/cameras/share/cameras/models/my_camera_7/thumbnails/3.jpg
-- Up-to-date: /home/fortunato/ros2_ws/install/cameras/share/cameras/models/my_camera_7/thumbnails/5.jpg
-- Up-to-date: /home/fortunato/ros2_ws/install/cameras/share/cameras/models/my_camera_7/thumbnails/1.jpg
-- Installing: /home/fortunato/ros2_ws/install/cameras/share/cameras/models/my_camera_7/model.sdf
-- Up-to-date: /home/fortunato/ros2_ws/install/cameras/share/cameras/models/my_camera_7/model.config
-- Up-to-date: /home/fortunato/ros2_ws/install/cameras/share/cameras/models/my_camera_7/materials
-- Up-to-date: /home/fortunato/ros2_ws/install/cameras/share/cameras/models/my_camera_7/materials/textures
-- Up-to-date: /home/fortunato/ros2_ws/install/cameras/share/cameras/models/my_camera_7/materials/textures/3dCamera.jpg
-- Up-to-date: /home/fortunato/ros2_ws/install/cameras/share/cameras/models/iris
-- Up-to-date: /home/fortunato/ros2_ws/install/cameras/share/cameras/models/iris/iris.sdf.jinja
-- Up-to-date: /home/fortunato/ros2_ws/install/cameras/share/cameras/models/iris/iris.sdf
-- Up-to-date: /home/fortunato/ros2_ws/install/cameras/share/cameras/models/iris/meshes
-- Up-to-date: /home/fortunato/ros2_ws/install/cameras/share/cameras/models/iris/meshes/iris.stl
-- Up-to-date: /home/fortunato/ros2_ws/install/cameras/share/cameras/models/iris/meshes/iris_prop_cw.dae
-- Up-to-date: /home/fortunato/ros2_ws/install/cameras/share/cameras/models/iris/meshes/iris_prop_ccw.dae
-- Up-to-date: /home/fortunato/ros2_ws/install/cameras/share/cameras/models/iris/iris.sdf.last_generated
-- Up-to-date: /home/fortunato/ros2_ws/install/cameras/share/cameras/models/iris/model.config
-- Up-to-date: /home/fortunato/ros2_ws/install/cameras/share/cameras/models/my_camera_6
-- Up-to-date: /home/fortunato/ros2_ws/install/cameras/share/cameras/models/my_camera_6/meshes
-- Up-to-date: /home/fortunato/ros2_ws/install/cameras/share/cameras/models/my_camera_6/meshes/3dCamera.DAE
-- Up-to-date: /home/fortunato/ros2_ws/install/cameras/share/cameras/models/my_camera_6/thumbnails
-- Up-to-date: /home/fortunato/ros2_ws/install/cameras/share/cameras/models/my_camera_6/thumbnails/2.jpg
-- Up-to-date: /home/fortunato/ros2_ws/install/cameras/share/cameras/models/my_camera_6/thumbnails/4.jpg
-- Up-to-date: /home/fortunato/ros2_ws/install/cameras/share/cameras/models/my_camera_6/thumbnails/3.jpg
-- Up-to-date: /home/fortunato/ros2_ws/install/cameras/share/cameras/models/my_camera_6/thumbnails/5.jpg
-- Up-to-date: /home/fortunato/ros2_ws/install/cameras/share/cameras/models/my_camera_6/thumbnails/1.jpg
-- Installing: /home/fortunato/ros2_ws/install/cameras/share/cameras/models/my_camera_6/model.sdf
-- Up-to-date: /home/fortunato/ros2_ws/install/cameras/share/cameras/models/my_camera_6/model.config
-- Up-to-date: /home/fortunato/ros2_ws/install/cameras/share/cameras/models/my_camera_6/materials
-- Up-to-date: /home/fortunato/ros2_ws/install/cameras/share/cameras/models/my_camera_6/materials/textures
-- Up-to-date: /home/fortunato/ros2_ws/install/cameras/share/cameras/models/my_camera_6/materials/textures/3dCamera.jpg
-- Up-to-date: /home/fortunato/ros2_ws/install/cameras/share/cameras/models/my_camera_4
-- Up-to-date: /home/fortunato/ros2_ws/install/cameras/share/cameras/models/my_camera_4/meshes
-- Up-to-date: /home/fortunato/ros2_ws/install/cameras/share/cameras/models/my_camera_4/meshes/3dCamera.DAE
-- Up-to-date: /home/fortunato/ros2_ws/install/cameras/share/cameras/models/my_camera_4/thumbnails
-- Up-to-date: /home/fortunato/ros2_ws/install/cameras/share/cameras/models/my_camera_4/thumbnails/2.jpg
-- Up-to-date: /home/fortunato/ros2_ws/install/cameras/share/cameras/models/my_camera_4/thumbnails/4.jpg
-- Up-to-date: /home/fortunato/ros2_ws/install/cameras/share/cameras/models/my_camera_4/thumbnails/3.jpg
-- Up-to-date: /home/fortunato/ros2_ws/install/cameras/share/cameras/models/my_camera_4/thumbnails/5.jpg
-- Up-to-date: /home/fortunato/ros2_ws/install/cameras/share/cameras/models/my_camera_4/thumbnails/1.jpg
-- Installing: /home/fortunato/ros2_ws/install/cameras/share/cameras/models/my_camera_4/model.sdf
-- Up-to-date: /home/fortunato/ros2_ws/install/cameras/share/cameras/models/my_camera_4/model.config
-- Up-to-date: /home/fortunato/ros2_ws/install/cameras/share/cameras/models/my_camera_4/materials
-- Up-to-date: /home/fortunato/ros2_ws/install/cameras/share/cameras/models/my_camera_4/materials/textures
-- Up-to-date: /home/fortunato/ros2_ws/install/cameras/share/cameras/models/my_camera_4/materials/textures/3dCamera.jpg
-- Up-to-date: /home/fortunato/ros2_ws/install/cameras/share/cameras/models/my_camera_8
-- Up-to-date: /home/fortunato/ros2_ws/install/cameras/share/cameras/models/my_camera_8/meshes
-- Up-to-date: /home/fortunato/ros2_ws/install/cameras/share/cameras/models/my_camera_8/meshes/3dCamera.DAE
-- Up-to-date: /home/fortunato/ros2_ws/install/cameras/share/cameras/models/my_camera_8/thumbnails
-- Up-to-date: /home/fortunato/ros2_ws/install/cameras/share/cameras/models/my_camera_8/thumbnails/2.jpg
-- Up-to-date: /home/fortunato/ros2_ws/install/cameras/share/cameras/models/my_camera_8/thumbnails/4.jpg
-- Up-to-date: /home/fortunato/ros2_ws/install/cameras/share/cameras/models/my_camera_8/thumbnails/3.jpg
-- Up-to-date: /home/fortunato/ros2_ws/install/cameras/share/cameras/models/my_camera_8/thumbnails/5.jpg
-- Up-to-date: /home/fortunato/ros2_ws/install/cameras/share/cameras/models/my_camera_8/thumbnails/1.jpg
-- Installing: /home/fortunato/ros2_ws/install/cameras/share/cameras/models/my_camera_8/model.sdf
-- Up-to-date: /home/fortunato/ros2_ws/install/cameras/share/cameras/models/my_camera_8/model.config
-- Up-to-date: /home/fortunato/ros2_ws/install/cameras/share/cameras/models/my_camera_8/materials
-- Up-to-date: /home/fortunato/ros2_ws/install/cameras/share/cameras/models/my_camera_8/materials/textures
-- Up-to-date: /home/fortunato/ros2_ws/install/cameras/share/cameras/models/my_camera_8/materials/textures/3dCamera.jpg
-- Up-to-date: /home/fortunato/ros2_ws/install/cameras/share/cameras/launch
-- Up-to-date: /home/fortunato/ros2_ws/install/cameras/share/cameras/launch/my_launch_file.launch.py
-- Up-to-date: /home/fortunato/ros2_ws/install/cameras/share/ament_index/resource_index/package_run_dependencies/cameras
-- Up-to-date: /home/fortunato/ros2_ws/install/cameras/share/ament_index/resource_index/parent_prefix_path/cameras
-- Up-to-date: /home/fortunato/ros2_ws/install/cameras/share/cameras/environment/ament_prefix_path.sh
-- Up-to-date: /home/fortunato/ros2_ws/install/cameras/share/cameras/environment/ament_prefix_path.dsv
-- Up-to-date: /home/fortunato/ros2_ws/install/cameras/share/cameras/environment/path.sh
-- Up-to-date: /home/fortunato/ros2_ws/install/cameras/share/cameras/environment/path.dsv
-- Up-to-date: /home/fortunato/ros2_ws/install/cameras/share/cameras/local_setup.bash
-- Up-to-date: /home/fortunato/ros2_ws/install/cameras/share/cameras/local_setup.sh
-- Up-to-date: /home/fortunato/ros2_ws/install/cameras/share/cameras/local_setup.zsh
-- Up-to-date: /home/fortunato/ros2_ws/install/cameras/share/cameras/local_setup.dsv
-- Up-to-date: /home/fortunato/ros2_ws/install/cameras/share/cameras/package.dsv
-- Up-to-date: /home/fortunato/ros2_ws/install/cameras/share/ament_index/resource_index/packages/cameras
-- Up-to-date: /home/fortunato/ros2_ws/install/cameras/share/cameras/cmake/camerasConfig.cmake
-- Up-to-date: /home/fortunato/ros2_ws/install/cameras/share/cameras/cmake/camerasConfig-version.cmake
-- Up-to-date: /home/fortunato/ros2_ws/install/cameras/share/cameras/package.xml
