[0.091s] Invoking command in '/home/fortunato/ros2_ws/build/cameras': /usr/bin/cmake --build /home/fortunato/ros2_ws/build/cameras -- -j8 -l8
[0.274s] Invoked command in '/home/fortunato/ros2_ws/build/cameras' returned '0': /usr/bin/cmake --build /home/fortunato/ros2_ws/build/cameras -- -j8 -l8
[0.344s] Invoking command in '/home/fortunato/ros2_ws/build/cameras': /usr/bin/cmake --install /home/fortunato/ros2_ws/build/cameras
[0.372s] -- Install configuration: ""
[0.373s] -- Up-to-date: /home/fortunato/ros2_ws/install/cameras/share/cameras/models
[0.373s] -- Up-to-date: /home/fortunato/ros2_ws/install/cameras/share/cameras/models/my_camera_2
[0.373s] -- Up-to-date: /home/fortunato/ros2_ws/install/cameras/share/cameras/models/my_camera_2/meshes
[0.374s] -- Up-to-date: /home/fortunato/ros2_ws/install/cameras/share/cameras/models/my_camera_2/meshes/3dCamera.DAE
[0.374s] -- Up-to-date: /home/fortunato/ros2_ws/install/cameras/share/cameras/models/my_camera_2/thumbnails
[0.374s] -- Up-to-date: /home/fortunato/ros2_ws/install/cameras/share/cameras/models/my_camera_2/thumbnails/2.jpg
[0.375s] -- Up-to-date: /home/fortunato/ros2_ws/install/cameras/share/cameras/models/my_camera_2/thumbnails/4.jpg
[0.375s] -- Up-to-date: /home/fortunato/ros2_ws/install/cameras/share/cameras/models/my_camera_2/thumbnails/3.jpg
[0.375s] -- Up-to-date: /home/fortunato/ros2_ws/install/cameras/share/cameras/models/my_camera_2/thumbnails/5.jpg
[0.375s] -- Up-to-date: /home/fortunato/ros2_ws/install/cameras/share/cameras/models/my_camera_2/thumbnails/1.jpg
[0.375s] -- Up-to-date: /home/fortunato/ros2_ws/install/cameras/share/cameras/models/my_camera_2/model.sdf
[0.376s] -- Up-to-date: /home/fortunato/ros2_ws/install/cameras/share/cameras/models/my_camera_2/model.config
[0.376s] -- Up-to-date: /home/fortunato/ros2_ws/install/cameras/share/cameras/models/my_camera_2/materials
[0.376s] -- Up-to-date: /home/fortunato/ros2_ws/install/cameras/share/cameras/models/my_camera_2/materials/textures
[0.376s] -- Up-to-date: /home/fortunato/ros2_ws/install/cameras/share/cameras/models/my_camera_2/materials/textures/3dCamera.jpg
[0.377s] -- Up-to-date: /home/fortunato/ros2_ws/install/cameras/share/cameras/models/my_camera_3
[0.377s] -- Up-to-date: /home/fortunato/ros2_ws/install/cameras/share/cameras/models/my_camera_3/meshes
[0.378s] -- Up-to-date: /home/fortunato/ros2_ws/install/cameras/share/cameras/models/my_camera_3/meshes/3dCamera.DAE
[0.379s] -- Up-to-date: /home/fortunato/ros2_ws/install/cameras/share/cameras/models/my_camera_3/thumbnails
[0.379s] -- Up-to-date: /home/fortunato/ros2_ws/install/cameras/share/cameras/models/my_camera_3/thumbnails/2.jpg
[0.380s] -- Up-to-date: /home/fortunato/ros2_ws/install/cameras/share/cameras/models/my_camera_3/thumbnails/4.jpg
[0.383s] -- Up-to-date: /home/fortunato/ros2_ws/install/cameras/share/cameras/models/my_camera_3/thumbnails/3.jpg
[0.389s] -- Up-to-date: /home/fortunato/ros2_ws/install/cameras/share/cameras/models/my_camera_3/thumbnails/5.jpg
[0.389s] -- Up-to-date: /home/fortunato/ros2_ws/install/cameras/share/cameras/models/my_camera_3/thumbnails/1.jpg
[0.389s] -- Up-to-date: /home/fortunato/ros2_ws/install/cameras/share/cameras/models/my_camera_3/model.sdf
[0.390s] -- Up-to-date: /home/fortunato/ros2_ws/install/cameras/share/cameras/models/my_camera_3/model.config
[0.390s] -- Up-to-date: /home/fortunato/ros2_ws/install/cameras/share/cameras/models/my_camera_3/materials
[0.390s] -- Up-to-date: /home/fortunato/ros2_ws/install/cameras/share/cameras/models/my_camera_3/materials/textures
[0.390s] -- Up-to-date: /home/fortunato/ros2_ws/install/cameras/share/cameras/models/my_camera_3/materials/textures/3dCamera.jpg
[0.390s] -- Up-to-date: /home/fortunato/ros2_ws/install/cameras/share/cameras/models/my_camera_5
[0.391s] -- Up-to-date: /home/fortunato/ros2_ws/install/cameras/share/cameras/models/my_camera_5/meshes
[0.391s] -- Up-to-date: /home/fortunato/ros2_ws/install/cameras/share/cameras/models/my_camera_5/meshes/3dCamera.DAE
[0.391s] -- Up-to-date: /home/fortunato/ros2_ws/install/cameras/share/cameras/models/my_camera_5/thumbnails
[0.391s] -- Up-to-date: /home/fortunato/ros2_ws/install/cameras/share/cameras/models/my_camera_5/thumbnails/2.jpg
[0.391s] -- Up-to-date: /home/fortunato/ros2_ws/install/cameras/share/cameras/models/my_camera_5/thumbnails/4.jpg
[0.392s] -- Up-to-date: /home/fortunato/ros2_ws/install/cameras/share/cameras/models/my_camera_5/thumbnails/3.jpg
[0.392s] -- Up-to-date: /home/fortunato/ros2_ws/install/cameras/share/cameras/models/my_camera_5/thumbnails/5.jpg
[0.392s] -- Up-to-date: /home/fortunato/ros2_ws/install/cameras/share/cameras/models/my_camera_5/thumbnails/1.jpg
[0.392s] -- Up-to-date: /home/fortunato/ros2_ws/install/cameras/share/cameras/models/my_camera_5/model.sdf
[0.392s] -- Up-to-date: /home/fortunato/ros2_ws/install/cameras/share/cameras/models/my_camera_5/model.config
[0.392s] -- Up-to-date: /home/fortunato/ros2_ws/install/cameras/share/cameras/models/my_camera_5/materials
[0.393s] -- Up-to-date: /home/fortunato/ros2_ws/install/cameras/share/cameras/models/my_camera_5/materials/textures
[0.393s] -- Up-to-date: /home/fortunato/ros2_ws/install/cameras/share/cameras/models/my_camera_5/materials/textures/3dCamera.jpg
[0.393s] -- Up-to-date: /home/fortunato/ros2_ws/install/cameras/share/cameras/models/my_camera_1
[0.404s] -- Up-to-date: /home/fortunato/ros2_ws/install/cameras/share/cameras/models/my_camera_1/meshes
[0.405s] -- Up-to-date: /home/fortunato/ros2_ws/install/cameras/share/cameras/models/my_camera_1/meshes/3dCamera.DAE
[0.405s] -- Up-to-date: /home/fortunato/ros2_ws/install/cameras/share/cameras/models/my_camera_1/thumbnails
[0.405s] -- Up-to-date: /home/fortunato/ros2_ws/install/cameras/share/cameras/models/my_camera_1/thumbnails/2.jpg
[0.405s] -- Up-to-date: /home/fortunato/ros2_ws/install/cameras/share/cameras/models/my_camera_1/thumbnails/4.jpg
[0.406s] -- Up-to-date: /home/fortunato/ros2_ws/install/cameras/share/cameras/models/my_camera_1/thumbnails/3.jpg
[0.406s] -- Up-to-date: /home/fortunato/ros2_ws/install/cameras/share/cameras/models/my_camera_1/thumbnails/5.jpg
[0.406s] -- Up-to-date: /home/fortunato/ros2_ws/install/cameras/share/cameras/models/my_camera_1/thumbnails/1.jpg
[0.406s] -- Up-to-date: /home/fortunato/ros2_ws/install/cameras/share/cameras/models/my_camera_1/model.sdf
[0.407s] -- Up-to-date: /home/fortunato/ros2_ws/install/cameras/share/cameras/models/my_camera_1/model.config
[0.407s] -- Up-to-date: /home/fortunato/ros2_ws/install/cameras/share/cameras/models/my_camera_1/materials
[0.407s] -- Up-to-date: /home/fortunato/ros2_ws/install/cameras/share/cameras/models/my_camera_1/materials/textures
[0.413s] -- Up-to-date: /home/fortunato/ros2_ws/install/cameras/share/cameras/models/my_camera_1/materials/textures/3dCamera.jpg
[0.413s] -- Up-to-date: /home/fortunato/ros2_ws/install/cameras/share/cameras/models/my_camera_7
[0.414s] -- Up-to-date: /home/fortunato/ros2_ws/install/cameras/share/cameras/models/my_camera_7/meshes
[0.414s] -- Up-to-date: /home/fortunato/ros2_ws/install/cameras/share/cameras/models/my_camera_7/meshes/3dCamera.DAE
[0.415s] -- Up-to-date: /home/fortunato/ros2_ws/install/cameras/share/cameras/models/my_camera_7/thumbnails
[0.415s] -- Up-to-date: /home/fortunato/ros2_ws/install/cameras/share/cameras/models/my_camera_7/thumbnails/2.jpg
[0.416s] -- Up-to-date: /home/fortunato/ros2_ws/install/cameras/share/cameras/models/my_camera_7/thumbnails/4.jpg
[0.418s] -- Up-to-date: /home/fortunato/ros2_ws/install/cameras/share/cameras/models/my_camera_7/thumbnails/3.jpg
[0.419s] -- Up-to-date: /home/fortunato/ros2_ws/install/cameras/share/cameras/models/my_camera_7/thumbnails/5.jpg
[0.419s] -- Up-to-date: /home/fortunato/ros2_ws/install/cameras/share/cameras/models/my_camera_7/thumbnails/1.jpg
[0.419s] -- Up-to-date: /home/fortunato/ros2_ws/install/cameras/share/cameras/models/my_camera_7/model.sdf
[0.419s] -- Up-to-date: /home/fortunato/ros2_ws/install/cameras/share/cameras/models/my_camera_7/model.config
[0.420s] -- Up-to-date: /home/fortunato/ros2_ws/install/cameras/share/cameras/models/my_camera_7/materials
[0.420s] -- Up-to-date: /home/fortunato/ros2_ws/install/cameras/share/cameras/models/my_camera_7/materials/textures
[0.420s] -- Up-to-date: /home/fortunato/ros2_ws/install/cameras/share/cameras/models/my_camera_7/materials/textures/3dCamera.jpg
[0.421s] -- Up-to-date: /home/fortunato/ros2_ws/install/cameras/share/cameras/models/iris
[0.421s] -- Up-to-date: /home/fortunato/ros2_ws/install/cameras/share/cameras/models/iris/iris.sdf.jinja
[0.421s] -- Installing: /home/fortunato/ros2_ws/install/cameras/share/cameras/models/iris/iris.sdf
[0.424s] -- Up-to-date: /home/fortunato/ros2_ws/install/cameras/share/cameras/models/iris/meshes
[0.424s] -- Up-to-date: /home/fortunato/ros2_ws/install/cameras/share/cameras/models/iris/meshes/iris.stl
[0.424s] -- Up-to-date: /home/fortunato/ros2_ws/install/cameras/share/cameras/models/iris/meshes/iris_prop_cw.dae
[0.425s] -- Up-to-date: /home/fortunato/ros2_ws/install/cameras/share/cameras/models/iris/meshes/iris_prop_ccw.dae
[0.425s] -- Up-to-date: /home/fortunato/ros2_ws/install/cameras/share/cameras/models/iris/iris.sdf.last_generated
[0.425s] -- Up-to-date: /home/fortunato/ros2_ws/install/cameras/share/cameras/models/iris/model.config
[0.425s] -- Up-to-date: /home/fortunato/ros2_ws/install/cameras/share/cameras/models/my_camera_6
[0.426s] -- Up-to-date: /home/fortunato/ros2_ws/install/cameras/share/cameras/models/my_camera_6/meshes
[0.426s] -- Up-to-date: /home/fortunato/ros2_ws/install/cameras/share/cameras/models/my_camera_6/meshes/3dCamera.DAE
[0.426s] -- Up-to-date: /home/fortunato/ros2_ws/install/cameras/share/cameras/models/my_camera_6/thumbnails
[0.430s] -- Up-to-date: /home/fortunato/ros2_ws/install/cameras/share/cameras/models/my_camera_6/thumbnails/2.jpg
[0.431s] -- Up-to-date: /home/fortunato/ros2_ws/install/cameras/share/cameras/models/my_camera_6/thumbnails/4.jpg
[0.431s] -- Up-to-date: /home/fortunato/ros2_ws/install/cameras/share/cameras/models/my_camera_6/thumbnails/3.jpg
[0.431s] -- Up-to-date: /home/fortunato/ros2_ws/install/cameras/share/cameras/models/my_camera_6/thumbnails/5.jpg
[0.432s] -- Up-to-date: /home/fortunato/ros2_ws/install/cameras/share/cameras/models/my_camera_6/thumbnails/1.jpg
[0.432s] -- Up-to-date: /home/fortunato/ros2_ws/install/cameras/share/cameras/models/my_camera_6/model.sdf
[0.432s] -- Up-to-date: /home/fortunato/ros2_ws/install/cameras/share/cameras/models/my_camera_6/model.config
[0.437s] -- Up-to-date: /home/fortunato/ros2_ws/install/cameras/share/cameras/models/my_camera_6/materials
[0.438s] -- Up-to-date: /home/fortunato/ros2_ws/install/cameras/share/cameras/models/my_camera_6/materials/textures
[0.438s] -- Up-to-date: /home/fortunato/ros2_ws/install/cameras/share/cameras/models/my_camera_6/materials/textures/3dCamera.jpg
[0.439s] -- Up-to-date: /home/fortunato/ros2_ws/install/cameras/share/cameras/models/my_camera_4
[0.439s] -- Up-to-date: /home/fortunato/ros2_ws/install/cameras/share/cameras/models/my_camera_4/meshes
[0.439s] -- Up-to-date: /home/fortunato/ros2_ws/install/cameras/share/cameras/models/my_camera_4/meshes/3dCamera.DAE
[0.447s] -- Up-to-date: /home/fortunato/ros2_ws/install/cameras/share/cameras/models/my_camera_4/thumbnails
[0.447s] -- Up-to-date: /home/fortunato/ros2_ws/install/cameras/share/cameras/models/my_camera_4/thumbnails/2.jpg
[0.447s] -- Up-to-date: /home/fortunato/ros2_ws/install/cameras/share/cameras/models/my_camera_4/thumbnails/4.jpg
[0.448s] -- Up-to-date: /home/fortunato/ros2_ws/install/cameras/share/cameras/models/my_camera_4/thumbnails/3.jpg
[0.448s] -- Up-to-date: /home/fortunato/ros2_ws/install/cameras/share/cameras/models/my_camera_4/thumbnails/5.jpg
[0.448s] -- Up-to-date: /home/fortunato/ros2_ws/install/cameras/share/cameras/models/my_camera_4/thumbnails/1.jpg
[0.449s] -- Up-to-date: /home/fortunato/ros2_ws/install/cameras/share/cameras/models/my_camera_4/model.sdf
[0.449s] -- Up-to-date: /home/fortunato/ros2_ws/install/cameras/share/cameras/models/my_camera_4/model.config
[0.450s] -- Up-to-date: /home/fortunato/ros2_ws/install/cameras/share/cameras/models/my_camera_4/materials
[0.454s] -- Up-to-date: /home/fortunato/ros2_ws/install/cameras/share/cameras/models/my_camera_4/materials/textures
[0.455s] -- Up-to-date: /home/fortunato/ros2_ws/install/cameras/share/cameras/models/my_camera_4/materials/textures/3dCamera.jpg
[0.455s] -- Up-to-date: /home/fortunato/ros2_ws/install/cameras/share/cameras/models/my_camera_8
[0.455s] -- Up-to-date: /home/fortunato/ros2_ws/install/cameras/share/cameras/models/my_camera_8/meshes
[0.456s] -- Up-to-date: /home/fortunato/ros2_ws/install/cameras/share/cameras/models/my_camera_8/meshes/3dCamera.DAE
[0.456s] -- Up-to-date: /home/fortunato/ros2_ws/install/cameras/share/cameras/models/my_camera_8/thumbnails
[0.460s] -- Up-to-date: /home/fortunato/ros2_ws/install/cameras/share/cameras/models/my_camera_8/thumbnails/2.jpg
[0.460s] -- Up-to-date: /home/fortunato/ros2_ws/install/cameras/share/cameras/models/my_camera_8/thumbnails/4.jpg
[0.461s] -- Up-to-date: /home/fortunato/ros2_ws/install/cameras/share/cameras/models/my_camera_8/thumbnails/3.jpg
[0.462s] -- Up-to-date: /home/fortunato/ros2_ws/install/cameras/share/cameras/models/my_camera_8/thumbnails/5.jpg
[0.462s] -- Up-to-date: /home/fortunato/ros2_ws/install/cameras/share/cameras/models/my_camera_8/thumbnails/1.jpg
[0.463s] -- Up-to-date: /home/fortunato/ros2_ws/install/cameras/share/cameras/models/my_camera_8/model.sdf
[0.463s] -- Up-to-date: /home/fortunato/ros2_ws/install/cameras/share/cameras/models/my_camera_8/model.config
[0.471s] -- Up-to-date: /home/fortunato/ros2_ws/install/cameras/share/cameras/models/my_camera_8/materials
[0.474s] -- Up-to-date: /home/fortunato/ros2_ws/install/cameras/share/cameras/models/my_camera_8/materials/textures
[0.475s] -- Up-to-date: /home/fortunato/ros2_ws/install/cameras/share/cameras/models/my_camera_8/materials/textures/3dCamera.jpg
[0.475s] -- Up-to-date: /home/fortunato/ros2_ws/install/cameras/share/cameras/launch
[0.476s] -- Up-to-date: /home/fortunato/ros2_ws/install/cameras/share/cameras/launch/px4_launch.py
[0.476s] -- Up-to-date: /home/fortunato/ros2_ws/install/cameras/share/cameras/launch/my_launch_file.launch.py
[0.476s] -- Up-to-date: /home/fortunato/ros2_ws/install/cameras/share/ament_index/resource_index/package_run_dependencies/cameras
[0.476s] -- Up-to-date: /home/fortunato/ros2_ws/install/cameras/share/ament_index/resource_index/parent_prefix_path/cameras
[0.477s] -- Up-to-date: /home/fortunato/ros2_ws/install/cameras/share/cameras/environment/ament_prefix_path.sh
[0.477s] -- Up-to-date: /home/fortunato/ros2_ws/install/cameras/share/cameras/environment/ament_prefix_path.dsv
[0.478s] -- Up-to-date: /home/fortunato/ros2_ws/install/cameras/share/cameras/environment/path.sh
[0.478s] -- Up-to-date: /home/fortunato/ros2_ws/install/cameras/share/cameras/environment/path.dsv
[0.478s] -- Up-to-date: /home/fortunato/ros2_ws/install/cameras/share/cameras/local_setup.bash
[0.484s] -- Up-to-date: /home/fortunato/ros2_ws/install/cameras/share/cameras/local_setup.sh
[0.485s] -- Up-to-date: /home/fortunato/ros2_ws/install/cameras/share/cameras/local_setup.zsh
[0.486s] -- Up-to-date: /home/fortunato/ros2_ws/install/cameras/share/cameras/local_setup.dsv
[0.486s] -- Installing: /home/fortunato/ros2_ws/install/cameras/share/cameras/package.dsv
[0.490s] -- Up-to-date: /home/fortunato/ros2_ws/install/cameras/share/ament_index/resource_index/packages/cameras
[0.491s] -- Up-to-date: /home/fortunato/ros2_ws/install/cameras/share/cameras/cmake/camerasConfig.cmake
[0.491s] -- Up-to-date: /home/fortunato/ros2_ws/install/cameras/share/cameras/cmake/camerasConfig-version.cmake
[0.492s] -- Up-to-date: /home/fortunato/ros2_ws/install/cameras/share/cameras/package.xml
[0.493s] Invoked command in '/home/fortunato/ros2_ws/build/cameras' returned '0': /usr/bin/cmake --install /home/fortunato/ros2_ws/build/cameras
