[0.035s] Invoking command in '/home/fortunato/ros2_ws/build/cameras': /usr/bin/cmake --build /home/fortunato/ros2_ws/build/cameras -- -j8 -l8
[0.081s] Invoked command in '/home/fortunato/ros2_ws/build/cameras' returned '0': /usr/bin/cmake --build /home/fortunato/ros2_ws/build/cameras -- -j8 -l8
[0.095s] Invoking command in '/home/fortunato/ros2_ws/build/cameras': /usr/bin/cmake --install /home/fortunato/ros2_ws/build/cameras
[0.166s] -- Install configuration: ""
[0.168s] -- Up-to-date: /home/fortunato/ros2_ws/install/cameras/share/cameras/models
[0.178s] -- Up-to-date: /home/fortunato/ros2_ws/install/cameras/share/cameras/models/my_camera_2
[0.180s] -- Up-to-date: /home/fortunato/ros2_ws/install/cameras/share/cameras/models/my_camera_2/meshes
[0.187s] -- Up-to-date: /home/fortunato/ros2_ws/install/cameras/share/cameras/models/my_camera_2/meshes/3dCamera.DAE
[0.191s] -- Up-to-date: /home/fortunato/ros2_ws/install/cameras/share/cameras/models/my_camera_2/thumbnails
[0.195s] -- Up-to-date: /home/fortunato/ros2_ws/install/cameras/share/cameras/models/my_camera_2/thumbnails/2.jpg
[0.205s] -- Up-to-date: /home/fortunato/ros2_ws/install/cameras/share/cameras/models/my_camera_2/thumbnails/4.jpg
[0.209s] -- Up-to-date: /home/fortunato/ros2_ws/install/cameras/share/cameras/models/my_camera_2/thumbnails/3.jpg
[0.223s] -- Up-to-date: /home/fortunato/ros2_ws/install/cameras/share/cameras/models/my_camera_2/thumbnails/5.jpg
[0.225s] -- Up-to-date: /home/fortunato/ros2_ws/install/cameras/share/cameras/models/my_camera_2/thumbnails/1.jpg
[0.229s] -- Up-to-date: /home/fortunato/ros2_ws/install/cameras/share/cameras/models/my_camera_2/model.sdf
[0.233s] -- Up-to-date: /home/fortunato/ros2_ws/install/cameras/share/cameras/models/my_camera_2/model.config
[0.237s] -- Up-to-date: /home/fortunato/ros2_ws/install/cameras/share/cameras/models/my_camera_2/materials
[0.238s] -- Up-to-date: /home/fortunato/ros2_ws/install/cameras/share/cameras/models/my_camera_2/materials/textures
[0.244s] -- Up-to-date: /home/fortunato/ros2_ws/install/cameras/share/cameras/models/my_camera_2/materials/textures/3dCamera.jpg
[0.246s] -- Up-to-date: /home/fortunato/ros2_ws/install/cameras/share/cameras/models/my_camera_3
[0.247s] -- Up-to-date: /home/fortunato/ros2_ws/install/cameras/share/cameras/models/my_camera_3/meshes
[0.255s] -- Up-to-date: /home/fortunato/ros2_ws/install/cameras/share/cameras/models/my_camera_3/meshes/3dCamera.DAE
[0.273s] -- Up-to-date: /home/fortunato/ros2_ws/install/cameras/share/cameras/models/my_camera_3/thumbnails
[0.275s] -- Up-to-date: /home/fortunato/ros2_ws/install/cameras/share/cameras/models/my_camera_3/thumbnails/2.jpg
[0.277s] -- Up-to-date: /home/fortunato/ros2_ws/install/cameras/share/cameras/models/my_camera_3/thumbnails/4.jpg
[0.283s] -- Up-to-date: /home/fortunato/ros2_ws/install/cameras/share/cameras/models/my_camera_3/thumbnails/3.jpg
[0.284s] -- Up-to-date: /home/fortunato/ros2_ws/install/cameras/share/cameras/models/my_camera_3/thumbnails/5.jpg
[0.285s] -- Up-to-date: /home/fortunato/ros2_ws/install/cameras/share/cameras/models/my_camera_3/thumbnails/1.jpg
[0.290s] -- Up-to-date: /home/fortunato/ros2_ws/install/cameras/share/cameras/models/my_camera_3/model.sdf
[0.306s] -- Up-to-date: /home/fortunato/ros2_ws/install/cameras/share/cameras/models/my_camera_3/model.config
[0.312s] -- Up-to-date: /home/fortunato/ros2_ws/install/cameras/share/cameras/models/my_camera_3/materials
[0.313s] -- Up-to-date: /home/fortunato/ros2_ws/install/cameras/share/cameras/models/my_camera_3/materials/textures
[0.316s] -- Up-to-date: /home/fortunato/ros2_ws/install/cameras/share/cameras/models/my_camera_3/materials/textures/3dCamera.jpg
[0.320s] -- Up-to-date: /home/fortunato/ros2_ws/install/cameras/share/cameras/models/my_camera_5
[0.329s] -- Up-to-date: /home/fortunato/ros2_ws/install/cameras/share/cameras/models/my_camera_5/meshes
[0.331s] -- Up-to-date: /home/fortunato/ros2_ws/install/cameras/share/cameras/models/my_camera_5/meshes/3dCamera.DAE
[0.332s] -- Up-to-date: /home/fortunato/ros2_ws/install/cameras/share/cameras/models/my_camera_5/thumbnails
[0.334s] -- Up-to-date: /home/fortunato/ros2_ws/install/cameras/share/cameras/models/my_camera_5/thumbnails/2.jpg
[0.335s] -- Up-to-date: /home/fortunato/ros2_ws/install/cameras/share/cameras/models/my_camera_5/thumbnails/4.jpg
[0.337s] -- Up-to-date: /home/fortunato/ros2_ws/install/cameras/share/cameras/models/my_camera_5/thumbnails/3.jpg
[0.347s] -- Up-to-date: /home/fortunato/ros2_ws/install/cameras/share/cameras/models/my_camera_5/thumbnails/5.jpg
[0.352s] -- Up-to-date: /home/fortunato/ros2_ws/install/cameras/share/cameras/models/my_camera_5/thumbnails/1.jpg
[0.354s] -- Up-to-date: /home/fortunato/ros2_ws/install/cameras/share/cameras/models/my_camera_5/model.sdf
[0.355s] -- Up-to-date: /home/fortunato/ros2_ws/install/cameras/share/cameras/models/my_camera_5/model.config
[0.364s] -- Up-to-date: /home/fortunato/ros2_ws/install/cameras/share/cameras/models/my_camera_5/materials
[0.365s] -- Up-to-date: /home/fortunato/ros2_ws/install/cameras/share/cameras/models/my_camera_5/materials/textures
[0.366s] -- Up-to-date: /home/fortunato/ros2_ws/install/cameras/share/cameras/models/my_camera_5/materials/textures/3dCamera.jpg
[0.372s] -- Up-to-date: /home/fortunato/ros2_ws/install/cameras/share/cameras/models/my_camera_1
[0.374s] -- Up-to-date: /home/fortunato/ros2_ws/install/cameras/share/cameras/models/my_camera_1/meshes
[0.379s] -- Up-to-date: /home/fortunato/ros2_ws/install/cameras/share/cameras/models/my_camera_1/meshes/3dCamera.DAE
[0.380s] -- Up-to-date: /home/fortunato/ros2_ws/install/cameras/share/cameras/models/my_camera_1/thumbnails
[0.381s] -- Up-to-date: /home/fortunato/ros2_ws/install/cameras/share/cameras/models/my_camera_1/thumbnails/2.jpg
[0.388s] -- Up-to-date: /home/fortunato/ros2_ws/install/cameras/share/cameras/models/my_camera_1/thumbnails/4.jpg
[0.389s] -- Up-to-date: /home/fortunato/ros2_ws/install/cameras/share/cameras/models/my_camera_1/thumbnails/3.jpg
[0.390s] -- Up-to-date: /home/fortunato/ros2_ws/install/cameras/share/cameras/models/my_camera_1/thumbnails/5.jpg
[0.391s] -- Up-to-date: /home/fortunato/ros2_ws/install/cameras/share/cameras/models/my_camera_1/thumbnails/1.jpg
[0.396s] -- Up-to-date: /home/fortunato/ros2_ws/install/cameras/share/cameras/models/my_camera_1/model.sdf
[0.401s] -- Up-to-date: /home/fortunato/ros2_ws/install/cameras/share/cameras/models/my_camera_1/model.config
[0.415s] -- Up-to-date: /home/fortunato/ros2_ws/install/cameras/share/cameras/models/my_camera_1/materials
[0.421s] -- Up-to-date: /home/fortunato/ros2_ws/install/cameras/share/cameras/models/my_camera_1/materials/textures
[0.423s] -- Up-to-date: /home/fortunato/ros2_ws/install/cameras/share/cameras/models/my_camera_1/materials/textures/3dCamera.jpg
[0.424s] -- Up-to-date: /home/fortunato/ros2_ws/install/cameras/share/cameras/models/my_camera_7
[0.425s] -- Up-to-date: /home/fortunato/ros2_ws/install/cameras/share/cameras/models/my_camera_7/meshes
[0.427s] -- Up-to-date: /home/fortunato/ros2_ws/install/cameras/share/cameras/models/my_camera_7/meshes/3dCamera.DAE
[0.428s] -- Up-to-date: /home/fortunato/ros2_ws/install/cameras/share/cameras/models/my_camera_7/thumbnails
[0.433s] -- Up-to-date: /home/fortunato/ros2_ws/install/cameras/share/cameras/models/my_camera_7/thumbnails/2.jpg
[0.435s] -- Up-to-date: /home/fortunato/ros2_ws/install/cameras/share/cameras/models/my_camera_7/thumbnails/4.jpg
[0.436s] -- Up-to-date: /home/fortunato/ros2_ws/install/cameras/share/cameras/models/my_camera_7/thumbnails/3.jpg
[0.437s] -- Up-to-date: /home/fortunato/ros2_ws/install/cameras/share/cameras/models/my_camera_7/thumbnails/5.jpg
[0.439s] -- Up-to-date: /home/fortunato/ros2_ws/install/cameras/share/cameras/models/my_camera_7/thumbnails/1.jpg
[0.440s] -- Up-to-date: /home/fortunato/ros2_ws/install/cameras/share/cameras/models/my_camera_7/model.sdf
[0.441s] -- Up-to-date: /home/fortunato/ros2_ws/install/cameras/share/cameras/models/my_camera_7/model.config
[0.446s] -- Up-to-date: /home/fortunato/ros2_ws/install/cameras/share/cameras/models/my_camera_7/materials
[0.448s] -- Up-to-date: /home/fortunato/ros2_ws/install/cameras/share/cameras/models/my_camera_7/materials/textures
[0.449s] -- Up-to-date: /home/fortunato/ros2_ws/install/cameras/share/cameras/models/my_camera_7/materials/textures/3dCamera.jpg
[0.456s] -- Up-to-date: /home/fortunato/ros2_ws/install/cameras/share/cameras/models/iris
[0.457s] -- Up-to-date: /home/fortunato/ros2_ws/install/cameras/share/cameras/models/iris/iris.sdf.jinja
[0.458s] -- Installing: /home/fortunato/ros2_ws/install/cameras/share/cameras/models/iris/iris.sdf
[0.465s] -- Up-to-date: /home/fortunato/ros2_ws/install/cameras/share/cameras/models/iris/meshes
[0.466s] -- Up-to-date: /home/fortunato/ros2_ws/install/cameras/share/cameras/models/iris/meshes/iris.stl
[0.468s] -- Up-to-date: /home/fortunato/ros2_ws/install/cameras/share/cameras/models/iris/meshes/iris_prop_cw.dae
[0.475s] -- Up-to-date: /home/fortunato/ros2_ws/install/cameras/share/cameras/models/iris/meshes/iris_prop_ccw.dae
[0.476s] -- Up-to-date: /home/fortunato/ros2_ws/install/cameras/share/cameras/models/iris/iris.sdf.last_generated
[0.477s] -- Up-to-date: /home/fortunato/ros2_ws/install/cameras/share/cameras/models/iris/model.config
[0.485s] -- Up-to-date: /home/fortunato/ros2_ws/install/cameras/share/cameras/models/my_camera_6
[0.491s] -- Up-to-date: /home/fortunato/ros2_ws/install/cameras/share/cameras/models/my_camera_6/meshes
[0.492s] -- Up-to-date: /home/fortunato/ros2_ws/install/cameras/share/cameras/models/my_camera_6/meshes/3dCamera.DAE
[0.493s] -- Up-to-date: /home/fortunato/ros2_ws/install/cameras/share/cameras/models/my_camera_6/thumbnails
[0.498s] -- Up-to-date: /home/fortunato/ros2_ws/install/cameras/share/cameras/models/my_camera_6/thumbnails/2.jpg
[0.499s] -- Up-to-date: /home/fortunato/ros2_ws/install/cameras/share/cameras/models/my_camera_6/thumbnails/4.jpg
[0.502s] -- Up-to-date: /home/fortunato/ros2_ws/install/cameras/share/cameras/models/my_camera_6/thumbnails/3.jpg
[0.503s] -- Up-to-date: /home/fortunato/ros2_ws/install/cameras/share/cameras/models/my_camera_6/thumbnails/5.jpg
[0.504s] -- Up-to-date: /home/fortunato/ros2_ws/install/cameras/share/cameras/models/my_camera_6/thumbnails/1.jpg
[0.505s] -- Up-to-date: /home/fortunato/ros2_ws/install/cameras/share/cameras/models/my_camera_6/model.sdf
[0.507s] -- Up-to-date: /home/fortunato/ros2_ws/install/cameras/share/cameras/models/my_camera_6/model.config
[0.508s] -- Up-to-date: /home/fortunato/ros2_ws/install/cameras/share/cameras/models/my_camera_6/materials
[0.509s] -- Up-to-date: /home/fortunato/ros2_ws/install/cameras/share/cameras/models/my_camera_6/materials/textures
[0.510s] -- Up-to-date: /home/fortunato/ros2_ws/install/cameras/share/cameras/models/my_camera_6/materials/textures/3dCamera.jpg
[0.511s] -- Up-to-date: /home/fortunato/ros2_ws/install/cameras/share/cameras/models/my_camera_4
[0.512s] -- Up-to-date: /home/fortunato/ros2_ws/install/cameras/share/cameras/models/my_camera_4/meshes
[0.513s] -- Up-to-date: /home/fortunato/ros2_ws/install/cameras/share/cameras/models/my_camera_4/meshes/3dCamera.DAE
[0.514s] -- Up-to-date: /home/fortunato/ros2_ws/install/cameras/share/cameras/models/my_camera_4/thumbnails
[0.515s] -- Up-to-date: /home/fortunato/ros2_ws/install/cameras/share/cameras/models/my_camera_4/thumbnails/2.jpg
[0.516s] -- Up-to-date: /home/fortunato/ros2_ws/install/cameras/share/cameras/models/my_camera_4/thumbnails/4.jpg
[0.524s] -- Up-to-date: /home/fortunato/ros2_ws/install/cameras/share/cameras/models/my_camera_4/thumbnails/3.jpg
[0.525s] -- Up-to-date: /home/fortunato/ros2_ws/install/cameras/share/cameras/models/my_camera_4/thumbnails/5.jpg
[0.530s] -- Up-to-date: /home/fortunato/ros2_ws/install/cameras/share/cameras/models/my_camera_4/thumbnails/1.jpg
[0.531s] -- Up-to-date: /home/fortunato/ros2_ws/install/cameras/share/cameras/models/my_camera_4/model.sdf
[0.532s] -- Up-to-date: /home/fortunato/ros2_ws/install/cameras/share/cameras/models/my_camera_4/model.config
[0.536s] -- Up-to-date: /home/fortunato/ros2_ws/install/cameras/share/cameras/models/my_camera_4/materials
[0.540s] -- Up-to-date: /home/fortunato/ros2_ws/install/cameras/share/cameras/models/my_camera_4/materials/textures
[0.546s] -- Up-to-date: /home/fortunato/ros2_ws/install/cameras/share/cameras/models/my_camera_4/materials/textures/3dCamera.jpg
[0.547s] -- Up-to-date: /home/fortunato/ros2_ws/install/cameras/share/cameras/models/my_camera_8
[0.549s] -- Up-to-date: /home/fortunato/ros2_ws/install/cameras/share/cameras/models/my_camera_8/meshes
[0.552s] -- Up-to-date: /home/fortunato/ros2_ws/install/cameras/share/cameras/models/my_camera_8/meshes/3dCamera.DAE
[0.554s] -- Up-to-date: /home/fortunato/ros2_ws/install/cameras/share/cameras/models/my_camera_8/thumbnails
[0.559s] -- Up-to-date: /home/fortunato/ros2_ws/install/cameras/share/cameras/models/my_camera_8/thumbnails/2.jpg
[0.560s] -- Up-to-date: /home/fortunato/ros2_ws/install/cameras/share/cameras/models/my_camera_8/thumbnails/4.jpg
[0.568s] -- Up-to-date: /home/fortunato/ros2_ws/install/cameras/share/cameras/models/my_camera_8/thumbnails/3.jpg
[0.572s] -- Up-to-date: /home/fortunato/ros2_ws/install/cameras/share/cameras/models/my_camera_8/thumbnails/5.jpg
[0.575s] -- Up-to-date: /home/fortunato/ros2_ws/install/cameras/share/cameras/models/my_camera_8/thumbnails/1.jpg
[0.576s] -- Up-to-date: /home/fortunato/ros2_ws/install/cameras/share/cameras/models/my_camera_8/model.sdf
[0.578s] -- Up-to-date: /home/fortunato/ros2_ws/install/cameras/share/cameras/models/my_camera_8/model.config
[0.579s] -- Up-to-date: /home/fortunato/ros2_ws/install/cameras/share/cameras/models/my_camera_8/materials
[0.581s] -- Up-to-date: /home/fortunato/ros2_ws/install/cameras/share/cameras/models/my_camera_8/materials/textures
[0.582s] -- Up-to-date: /home/fortunato/ros2_ws/install/cameras/share/cameras/models/my_camera_8/materials/textures/3dCamera.jpg
[0.584s] -- Up-to-date: /home/fortunato/ros2_ws/install/cameras/share/cameras/launch
[0.596s] -- Up-to-date: /home/fortunato/ros2_ws/install/cameras/share/cameras/launch/px4_launch.py
[0.597s] -- Up-to-date: /home/fortunato/ros2_ws/install/cameras/share/cameras/launch/my_launch_file.launch.py
[0.598s] -- Up-to-date: /home/fortunato/ros2_ws/install/cameras/share/ament_index/resource_index/package_run_dependencies/cameras
[0.600s] -- Up-to-date: /home/fortunato/ros2_ws/install/cameras/share/ament_index/resource_index/parent_prefix_path/cameras
[0.602s] -- Up-to-date: /home/fortunato/ros2_ws/install/cameras/share/cameras/environment/ament_prefix_path.sh
[0.603s] -- Up-to-date: /home/fortunato/ros2_ws/install/cameras/share/cameras/environment/ament_prefix_path.dsv
[0.606s] -- Up-to-date: /home/fortunato/ros2_ws/install/cameras/share/cameras/environment/path.sh
[0.607s] -- Up-to-date: /home/fortunato/ros2_ws/install/cameras/share/cameras/environment/path.dsv
[0.608s] -- Up-to-date: /home/fortunato/ros2_ws/install/cameras/share/cameras/local_setup.bash
[0.609s] -- Up-to-date: /home/fortunato/ros2_ws/install/cameras/share/cameras/local_setup.sh
[0.610s] -- Up-to-date: /home/fortunato/ros2_ws/install/cameras/share/cameras/local_setup.zsh
[0.611s] -- Up-to-date: /home/fortunato/ros2_ws/install/cameras/share/cameras/local_setup.dsv
[0.612s] -- Installing: /home/fortunato/ros2_ws/install/cameras/share/cameras/package.dsv
[0.613s] -- Up-to-date: /home/fortunato/ros2_ws/install/cameras/share/ament_index/resource_index/packages/cameras
[0.615s] -- Up-to-date: /home/fortunato/ros2_ws/install/cameras/share/cameras/cmake/camerasConfig.cmake
[0.616s] -- Up-to-date: /home/fortunato/ros2_ws/install/cameras/share/cameras/cmake/camerasConfig-version.cmake
[0.618s] -- Up-to-date: /home/fortunato/ros2_ws/install/cameras/share/cameras/package.xml
[0.621s] Invoked command in '/home/fortunato/ros2_ws/build/cameras' returned '0': /usr/bin/cmake --install /home/fortunato/ros2_ws/build/cameras
