[0.028s] Invoking command in '/home/fortunato/ros2_ws/build/tuo_pacchetto': /usr/bin/cmake --build /home/fortunato/ros2_ws/build/tuo_pacchetto -- -j8 -l8
[0.089s] [35m[1mConsolidate compiler generated dependencies of target nodo[0m
[0.152s] [ 50%] [32mBuilding CXX object CMakeFiles/nodo.dir/src/nodo.cpp.o[0m
[3.635s] [01m[K/home/fortunato/ros2_ws/src/nodi/src/nodo.cpp:[m[K In constructor ‘[01m[KNodoConsenso::NodoConsenso()[m[K’:
[3.635s] [01m[K/home/fortunato/ros2_ws/src/nodi/src/nodo.cpp:13:24:[m[K [01;31m[Kerror: [m[K‘[01m[KNodoConsenso::create_publisherstd[m[K’ has not been declared
[3.635s]    13 |         pub_Vv = this->[01;31m[Kcreate_publisherstd[m[K::vector<std::vector<double>>("nomepub", 10);
[3.635s]       |                        [01;31m[K^~~~~~~~~~~~~~~~~~~[m[K
[3.635s] [01m[K/home/fortunato/ros2_ws/src/nodi/src/nodo.cpp:13:70:[m[K [01;31m[Kerror: [m[Kexpected primary-expression before ‘[01m[K>[m[K’ token
[3.635s]    13 | ub_Vv = this->create_publisherstd::vector<std::vector<double[01;31m[K>>[m[K("nomepub", 10);
[3.635s]       |                                                             [01;31m[K^~[m[K
[3.635s] 
[3.648s] [01m[K/home/fortunato/ros2_ws/src/nodi/src/nodo.cpp:[m[K In member function ‘[01m[Kstd::vector<std::vector<double, std::allocator<double> > > NodoConsenso::trasposta(const std::vector<std::vector<double, std::allocator<double> > >&)[m[K’:
[3.648s] [01m[K/home/fortunato/ros2_ws/src/nodi/src/nodo.cpp:79:16:[m[K [01;31m[Kerror: [m[Kcould not convert ‘[01m[Kmatrice_trasposta[m[K’ from ‘[01m[Kvector<vector<[01;32m[Kint[m[K,allocator<[01;32m[Kint[m[K>>>[m[K’ to ‘[01m[Kvector<vector<[01;32m[Kdouble[m[K,allocator<[01;32m[Kdouble[m[K>>>[m[K’
[3.648s]    79 |         return [01;31m[Kmatrice_trasposta[m[K;
[3.648s]       |                [01;31m[K^~~~~~~~~~~~~~~~~[m[K
[3.648s]       |                [01;31m[K|[m[K
[3.648s]       |                [01;31m[Kvector<vector<int,allocator<int>>>[m[K
[3.649s] [01m[K/home/fortunato/ros2_ws/src/nodi/src/nodo.cpp:[m[K In member function ‘[01m[Kstd::vector<std::vector<double, std::allocator<double> > > NodoConsenso::appendColonne(const std::vector<std::vector<double, std::allocator<double> > >&, const std::vector<std::vector<double, std::allocator<double> > >&)[m[K’:
[3.649s] [01m[K/home/fortunato/ros2_ws/src/nodi/src/nodo.cpp:117:16:[m[K [01;31m[Kerror: [m[Kcould not convert ‘[01m[Kvettore[m[K’ from ‘[01m[Kvector<[01;32m[Kdouble[m[K,allocator<[01;32m[Kdouble[m[K>>[m[K’ to ‘[01m[Kvector<[01;32m[Kstd::vector<double, std::allocator<double> >[m[K,allocator<[01;32m[Kstd::vector<double, std::allocator<double> >[m[K>>[m[K’
[3.649s]   117 |         return [01;31m[Kvettore[m[K;
[3.649s]       |                [01;31m[K^~~~~~~[m[K
[3.649s]       |                [01;31m[K|[m[K
[3.649s]       |                [01;31m[Kvector<double,allocator<double>>[m[K
[3.650s] [01m[K/home/fortunato/ros2_ws/src/nodi/src/nodo.cpp:[m[K In member function ‘[01m[Kvoid NodoConsenso::crea_stima()[m[K’:
[3.650s] [01m[K/home/fortunato/ros2_ws/src/nodi/src/nodo.cpp:122:56:[m[K [01;31m[Kerror: [m[Kno match for ‘[01m[Koperator*[m[K’ (operand types are ‘[01m[Kint[m[K’ and ‘[01m[Kstd::vector<std::vector<double, std::allocator<double> > >[m[K’)
[3.650s]   122 |             std::vector<std::vector<double>>  V0 = [32m[K1/8[m[K [01;31m[K*[m[K [34m[KJpri[m[K + moltiplicaMatrici(moltiplicaMatrici(trasposta(H),R),H);
[3.650s]       |                                                    [32m[K~~~[m[K [01;31m[K^[m[K [34m[K~~~~[m[K
[3.650s]       |                                                     [32m[K|[m[K    [34m[K|[m[K
[3.650s]       |                                                     [32m[Kint[m[K  [34m[Kstd::vector<std::vector<double, std::allocator<double> > >[m[K
[3.650s] [01m[K/home/fortunato/ros2_ws/src/nodi/src/nodo.cpp:123:56:[m[K [01;31m[Kerror: [m[Kno match for ‘[01m[Koperator*[m[K’ (operand types are ‘[01m[Kint[m[K’ and ‘[01m[Kstd::vector<std::vector<double, std::allocator<double> > >[m[K’)
[3.651s]   123 |             std::vector<std::vector<double>>  v0 = [32m[K1/8[m[K [01;31m[K*[m[K [34m[KmoltiplicaMatrici(Jpri,misura_ricevuta)[m[K + moltiplicaMatrici(moltiplicaMatrici(trasposta(H),R),misura_ricevuta);
[3.651s]       |                                                    [32m[K~~~[m[K [01;31m[K^[m[K [34m[K~~~~~~~~~~~~~~~~~~~~~~~~~~~~~~~~~~~~~~~[m[K
[3.651s]       |                                                     [32m[K|[m[K                     [34m[K|[m[K
[3.651s]       |                                                     [32m[Kint[m[K                   [34m[Kstd::vector<std::vector<double, std::allocator<double> > >[m[K
[3.651s] [01m[K/home/fortunato/ros2_ws/src/nodi/src/nodo.cpp:127:30:[m[K [01;31m[Kerror: [m[Kno match for ‘[01m[Koperator=[m[K’ (operand types are ‘[01m[Kexample_interfaces::msg::Float64MultiArray_<std::allocator<void> >::_data_type[m[K’ {aka ‘[01m[Kstd::vector<double, std::allocator<double> >[m[K’} and ‘[01m[Kstd::vector<std::vector<double, std::allocator<double> > >[m[K’)
[3.651s]   127 |             messaggio.data = [01;31m[KV[m[K;
[3.651s]       |                              [01;31m[K^[m[K
[3.651s] In file included from [01m[K/usr/include/c++/11/vector:72[m[K,
[3.651s]                  from [01m[K/usr/include/c++/11/functional:62[m[K,
[3.652s]                  from [01m[K/usr/include/c++/11/pstl/glue_algorithm_defs.h:13[m[K,
[3.652s]                  from [01m[K/usr/include/c++/11/algorithm:74[m[K,
[3.652s]                  from [01m[K/opt/ros/humble/include/rclcpp/rclcpp/executor.hpp:18[m[K,
[3.652s]                  from [01m[K/opt/ros/humble/include/rclcpp/rclcpp/executors/multi_threaded_executor.hpp:25[m[K,
[3.652s]                  from [01m[K/opt/ros/humble/include/rclcpp/rclcpp/executors.hpp:21[m[K,
[3.652s]                  from [01m[K/opt/ros/humble/include/rclcpp/rclcpp/rclcpp.hpp:155[m[K,
[3.652s]                  from [01m[K/home/fortunato/ros2_ws/src/nodi/src/nodo.cpp:1[m[K:
[3.652s] [01m[K/usr/include/c++/11/bits/vector.tcc:198:5:[m[K [01;36m[Knote: [m[Kcandidate: ‘[01m[Kstd::vector<_Tp, _Alloc>& std::vector<_Tp, _Alloc>::operator=(const std::vector<_Tp, _Alloc>&) [with _Tp = double; _Alloc = std::allocator<double>][m[K’
[3.652s]   198 |     [01;36m[Kvector<_Tp, _Alloc>[m[K::
[3.652s]       |     [01;36m[K^~~~~~~~~~~~~~~~~~~[m[K
[3.653s] [01m[K/usr/include/c++/11/bits/vector.tcc:199:42:[m[K [01;36m[Knote: [m[K  no known conversion for argument 1 from ‘[01m[Kstd::vector<std::vector<double, std::allocator<double> > >[m[K’ to ‘[01m[Kconst std::vector<double, std::allocator<double> >&[m[K’
[3.653s]   199 |     operator=([01;36m[Kconst vector<_Tp, _Alloc>& __x[m[K)
[3.653s]       |               [01;36m[K~~~~~~~~~~~~~~~~~~~~~~~~~~~^~~[m[K
[3.653s] In file included from [01m[K/usr/include/c++/11/vector:67[m[K,
[3.653s]                  from [01m[K/usr/include/c++/11/functional:62[m[K,
[3.653s]                  from [01m[K/usr/include/c++/11/pstl/glue_algorithm_defs.h:13[m[K,
[3.653s]                  from [01m[K/usr/include/c++/11/algorithm:74[m[K,
[3.653s]                  from [01m[K/opt/ros/humble/include/rclcpp/rclcpp/executor.hpp:18[m[K,
[3.653s]                  from [01m[K/opt/ros/humble/include/rclcpp/rclcpp/executors/multi_threaded_executor.hpp:25[m[K,
[3.654s]                  from [01m[K/opt/ros/humble/include/rclcpp/rclcpp/executors.hpp:21[m[K,
[3.654s]                  from [01m[K/opt/ros/humble/include/rclcpp/rclcpp/rclcpp.hpp:155[m[K,
[3.654s]                  from [01m[K/home/fortunato/ros2_ws/src/nodi/src/nodo.cpp:1[m[K:
[3.654s] [01m[K/usr/include/c++/11/bits/stl_vector.h:709:7:[m[K [01;36m[Knote: [m[Kcandidate: ‘[01m[Kstd::vector<_Tp, _Alloc>& std::vector<_Tp, _Alloc>::operator=(std::vector<_Tp, _Alloc>&&) [with _Tp = double; _Alloc = std::allocator<double>][m[K’
[3.654s]   709 |       [01;36m[Koperator[m[K=(vector&& __x) noexcept(_Alloc_traits::_S_nothrow_move())
[3.654s]       |       [01;36m[K^~~~~~~~[m[K
[3.654s] [01m[K/usr/include/c++/11/bits/stl_vector.h:709:26:[m[K [01;36m[Knote: [m[K  no known conversion for argument 1 from ‘[01m[Kstd::vector<std::vector<double, std::allocator<double> > >[m[K’ to ‘[01m[Kstd::vector<double, std::allocator<double> >&&[m[K’
[3.654s]   709 |       operator=([01;36m[Kvector&& __x[m[K) noexcept(_Alloc_traits::_S_nothrow_move())
[3.654s]       |                 [01;36m[K~~~~~~~~~^~~[m[K
[3.654s] [01m[K/usr/include/c++/11/bits/stl_vector.h:730:7:[m[K [01;36m[Knote: [m[Kcandidate: ‘[01m[Kstd::vector<_Tp, _Alloc>& std::vector<_Tp, _Alloc>::operator=(std::initializer_list<_Tp>) [with _Tp = double; _Alloc = std::allocator<double>][m[K’
[3.655s]   730 |       [01;36m[Koperator[m[K=(initializer_list<value_type> __l)
[3.655s]       |       [01;36m[K^~~~~~~~[m[K
[3.655s] [01m[K/usr/include/c++/11/bits/stl_vector.h:730:46:[m[K [01;36m[Knote: [m[K  no known conversion for argument 1 from ‘[01m[Kstd::vector<std::vector<double, std::allocator<double> > >[m[K’ to ‘[01m[Kstd::initializer_list<double>[m[K’
[3.655s]   730 |       operator=([01;36m[Kinitializer_list<value_type> __l[m[K)
[3.655s]       |                 [01;36m[K~~~~~~~~~~~~~~~~~~~~~~~~~~~~~^~~[m[K
[6.011s] gmake[2]: *** [CMakeFiles/nodo.dir/build.make:76: CMakeFiles/nodo.dir/src/nodo.cpp.o] Errore 1
[6.011s] gmake[1]: *** [CMakeFiles/Makefile2:137: CMakeFiles/nodo.dir/all] Errore 2
[6.012s] gmake: *** [Makefile:146: all] Errore 2
[6.014s] Invoked command in '/home/fortunato/ros2_ws/build/tuo_pacchetto' returned '2': /usr/bin/cmake --build /home/fortunato/ros2_ws/build/tuo_pacchetto -- -j8 -l8
