[0.027s] Invoking command in '/home/fortunato/ros2_ws/build/px4_ros_com': AMENT_PREFIX_PATH=/home/fortunato/ros2_ws/install/px4_msgs:${AMENT_PREFIX_PATH} CMAKE_PREFIX_PATH=/home/fortunato/ros2_ws/install/px4_msgs:/opt/ros/humble:/home/fortunato/ros2_ws/install/cameras LD_LIBRARY_PATH=/home/fortunato/ros2_ws/install/px4_msgs/lib:${LD_LIBRARY_PATH} PYTHONPATH=/home/fortunato/ros2_ws/install/px4_msgs/local/lib/python3.10/dist-packages:${PYTHONPATH} /usr/bin/cmake --build /home/fortunato/ros2_ws/build/px4_ros_com -- -j8 -l8
[0.172s] [ 16%] Built target frame_transforms
[0.174s] [ 33%] Built target sensor_combined_listener
[0.176s] [ 50%] Built target vehicle_gps_position_listener
[0.176s] [ 66%] Built target debug_vect_advertiser
[0.177s] [ 66%] Built target ament_cmake_python_copy_px4_ros_com
[0.179s] [ 83%] Built target offboard_control_srv
[0.179s] [100%] Built target offboard_control
[0.812s] running egg_info
[0.813s] writing px4_ros_com.egg-info/PKG-INFO
[0.814s] writing dependency_links to px4_ros_com.egg-info/dependency_links.txt
[0.814s] writing top-level names to px4_ros_com.egg-info/top_level.txt
[0.817s] reading manifest file 'px4_ros_com.egg-info/SOURCES.txt'
[0.818s] writing manifest file 'px4_ros_com.egg-info/SOURCES.txt'
[0.882s] [100%] Built target ament_cmake_python_build_px4_ros_com_egg
[0.907s] Invoked command in '/home/fortunato/ros2_ws/build/px4_ros_com' returned '0': AMENT_PREFIX_PATH=/home/fortunato/ros2_ws/install/px4_msgs:${AMENT_PREFIX_PATH} CMAKE_PREFIX_PATH=/home/fortunato/ros2_ws/install/px4_msgs:/opt/ros/humble:/home/fortunato/ros2_ws/install/cameras LD_LIBRARY_PATH=/home/fortunato/ros2_ws/install/px4_msgs/lib:${LD_LIBRARY_PATH} PYTHONPATH=/home/fortunato/ros2_ws/install/px4_msgs/local/lib/python3.10/dist-packages:${PYTHONPATH} /usr/bin/cmake --build /home/fortunato/ros2_ws/build/px4_ros_com -- -j8 -l8
[0.913s] Invoking command in '/home/fortunato/ros2_ws/build/px4_ros_com': AMENT_PREFIX_PATH=/home/fortunato/ros2_ws/install/px4_msgs:${AMENT_PREFIX_PATH} CMAKE_PREFIX_PATH=/home/fortunato/ros2_ws/install/px4_msgs:/opt/ros/humble:/home/fortunato/ros2_ws/install/cameras LD_LIBRARY_PATH=/home/fortunato/ros2_ws/install/px4_msgs/lib:${LD_LIBRARY_PATH} PYTHONPATH=/home/fortunato/ros2_ws/install/px4_msgs/local/lib/python3.10/dist-packages:${PYTHONPATH} /usr/bin/cmake --install /home/fortunato/ros2_ws/build/px4_ros_com
[0.927s] -- Install configuration: ""
[0.928s] -- Up-to-date: /home/fortunato/ros2_ws/install/px4_ros_com/lib/px4_ros_com/sensor_combined_listener
[0.928s] -- Up-to-date: /home/fortunato/ros2_ws/install/px4_ros_com/lib/px4_ros_com/vehicle_gps_position_listener
[0.929s] -- Up-to-date: /home/fortunato/ros2_ws/install/px4_ros_com/lib/px4_ros_com/debug_vect_advertiser
[0.929s] -- Up-to-date: /home/fortunato/ros2_ws/install/px4_ros_com/lib/px4_ros_com/offboard_control
[0.930s] -- Up-to-date: /home/fortunato/ros2_ws/install/px4_ros_com/lib/px4_ros_com/offboard_control_srv
[0.930s] -- Up-to-date: /home/fortunato/ros2_ws/install/px4_ros_com/share/px4_ros_com/environment/library_path.sh
[0.931s] -- Up-to-date: /home/fortunato/ros2_ws/install/px4_ros_com/share/px4_ros_com/environment/library_path.dsv
[0.931s] -- Up-to-date: /home/fortunato/ros2_ws/install/px4_ros_com/include/px4_ros_com
[0.931s] -- Up-to-date: /home/fortunato/ros2_ws/install/px4_ros_com/include/px4_ros_com/frame_transforms.h
[0.931s] -- Up-to-date: /home/fortunato/ros2_ws/install/px4_ros_com/lib/libframe_transforms.so
[0.932s] -- Up-to-date: /home/fortunato/ros2_ws/install/px4_ros_com/share/px4_ros_com//launch
[0.932s] -- Up-to-date: /home/fortunato/ros2_ws/install/px4_ros_com/share/px4_ros_com//launch/offboard_control_launch.yaml
[0.932s] -- Up-to-date: /home/fortunato/ros2_ws/install/px4_ros_com/share/px4_ros_com//launch/sensor_combined_listener.launch.py
[0.932s] -- Up-to-date: /home/fortunato/ros2_ws/install/px4_ros_com/share/px4_ros_com//test
[0.932s] -- Up-to-date: /home/fortunato/ros2_ws/install/px4_ros_com/share/px4_ros_com//test/__init__.py
[0.932s] -- Up-to-date: /home/fortunato/ros2_ws/install/px4_ros_com/share/px4_ros_com//test/pipeline_io_test.py
[0.932s] -- Up-to-date: /home/fortunato/ros2_ws/install/px4_ros_com/share/px4_ros_com//test/test_output.py
[0.932s] -- Up-to-date: /home/fortunato/ros2_ws/install/px4_ros_com/share/px4_ros_com//test/test_input.py
[0.933s] -- Up-to-date: /home/fortunato/ros2_ws/install/px4_ros_com/share/px4_ros_com/environment/pythonpath.sh
[0.933s] -- Up-to-date: /home/fortunato/ros2_ws/install/px4_ros_com/share/px4_ros_com/environment/pythonpath.dsv
[0.933s] -- Up-to-date: /home/fortunato/ros2_ws/install/px4_ros_com/local/lib/python3.10/dist-packages/px4_ros_com-0.1.0-py3.10.egg-info
[0.933s] -- Installing: /home/fortunato/ros2_ws/install/px4_ros_com/local/lib/python3.10/dist-packages/px4_ros_com-0.1.0-py3.10.egg-info/dependency_links.txt
[0.933s] -- Installing: /home/fortunato/ros2_ws/install/px4_ros_com/local/lib/python3.10/dist-packages/px4_ros_com-0.1.0-py3.10.egg-info/SOURCES.txt
[0.933s] -- Installing: /home/fortunato/ros2_ws/install/px4_ros_com/local/lib/python3.10/dist-packages/px4_ros_com-0.1.0-py3.10.egg-info/top_level.txt
[0.933s] -- Installing: /home/fortunato/ros2_ws/install/px4_ros_com/local/lib/python3.10/dist-packages/px4_ros_com-0.1.0-py3.10.egg-info/PKG-INFO
[0.933s] -- Up-to-date: /home/fortunato/ros2_ws/install/px4_ros_com/local/lib/python3.10/dist-packages/px4_ros_com
[0.933s] -- Up-to-date: /home/fortunato/ros2_ws/install/px4_ros_com/local/lib/python3.10/dist-packages/px4_ros_com/__init__.py
[0.933s] -- Up-to-date: /home/fortunato/ros2_ws/install/px4_ros_com/local/lib/python3.10/dist-packages/px4_ros_com/module_to_import.py
[1.013s] Listing '/home/fortunato/ros2_ws/install/px4_ros_com/local/lib/python3.10/dist-packages/px4_ros_com'...
[1.028s] -- Up-to-date: /home/fortunato/ros2_ws/install/px4_ros_com/lib/px4_ros_com/offboard_control.py
[1.028s] -- Up-to-date: /home/fortunato/ros2_ws/install/px4_ros_com/share/ament_index/resource_index/package_run_dependencies/px4_ros_com
[1.028s] -- Up-to-date: /home/fortunato/ros2_ws/install/px4_ros_com/share/ament_index/resource_index/parent_prefix_path/px4_ros_com
[1.029s] -- Up-to-date: /home/fortunato/ros2_ws/install/px4_ros_com/share/px4_ros_com/environment/ament_prefix_path.sh
[1.029s] -- Up-to-date: /home/fortunato/ros2_ws/install/px4_ros_com/share/px4_ros_com/environment/ament_prefix_path.dsv
[1.029s] -- Up-to-date: /home/fortunato/ros2_ws/install/px4_ros_com/share/px4_ros_com/environment/path.sh
[1.029s] -- Up-to-date: /home/fortunato/ros2_ws/install/px4_ros_com/share/px4_ros_com/environment/path.dsv
[1.029s] -- Up-to-date: /home/fortunato/ros2_ws/install/px4_ros_com/share/px4_ros_com/local_setup.bash
[1.029s] -- Up-to-date: /home/fortunato/ros2_ws/install/px4_ros_com/share/px4_ros_com/local_setup.sh
[1.030s] -- Up-to-date: /home/fortunato/ros2_ws/install/px4_ros_com/share/px4_ros_com/local_setup.zsh
[1.030s] -- Up-to-date: /home/fortunato/ros2_ws/install/px4_ros_com/share/px4_ros_com/local_setup.dsv
[1.030s] -- Installing: /home/fortunato/ros2_ws/install/px4_ros_com/share/px4_ros_com/package.dsv
[1.030s] -- Up-to-date: /home/fortunato/ros2_ws/install/px4_ros_com/share/ament_index/resource_index/packages/px4_ros_com
[1.030s] -- Up-to-date: /home/fortunato/ros2_ws/install/px4_ros_com/share/px4_ros_com/cmake/export_frame_transformsExport.cmake
[1.030s] -- Up-to-date: /home/fortunato/ros2_ws/install/px4_ros_com/share/px4_ros_com/cmake/export_frame_transformsExport-noconfig.cmake
[1.031s] -- Up-to-date: /home/fortunato/ros2_ws/install/px4_ros_com/share/px4_ros_com/cmake/ament_cmake_export_dependencies-extras.cmake
[1.031s] -- Up-to-date: /home/fortunato/ros2_ws/install/px4_ros_com/share/px4_ros_com/cmake/ament_cmake_export_targets-extras.cmake
[1.031s] -- Up-to-date: /home/fortunato/ros2_ws/install/px4_ros_com/share/px4_ros_com/cmake/ament_cmake_export_include_directories-extras.cmake
[1.031s] -- Up-to-date: /home/fortunato/ros2_ws/install/px4_ros_com/share/px4_ros_com/cmake/ament_cmake_export_libraries-extras.cmake
[1.031s] -- Up-to-date: /home/fortunato/ros2_ws/install/px4_ros_com/share/px4_ros_com/cmake/px4_ros_comConfig.cmake
[1.031s] -- Up-to-date: /home/fortunato/ros2_ws/install/px4_ros_com/share/px4_ros_com/cmake/px4_ros_comConfig-version.cmake
[1.031s] -- Up-to-date: /home/fortunato/ros2_ws/install/px4_ros_com/share/px4_ros_com/package.xml
[1.033s] Invoked command in '/home/fortunato/ros2_ws/build/px4_ros_com' returned '0': AMENT_PREFIX_PATH=/home/fortunato/ros2_ws/install/px4_msgs:${AMENT_PREFIX_PATH} CMAKE_PREFIX_PATH=/home/fortunato/ros2_ws/install/px4_msgs:/opt/ros/humble:/home/fortunato/ros2_ws/install/cameras LD_LIBRARY_PATH=/home/fortunato/ros2_ws/install/px4_msgs/lib:${LD_LIBRARY_PATH} PYTHONPATH=/home/fortunato/ros2_ws/install/px4_msgs/local/lib/python3.10/dist-packages:${PYTHONPATH} /usr/bin/cmake --install /home/fortunato/ros2_ws/build/px4_ros_com
