[0.016s] Invoking command in '/home/fortunato/ros2_ws/build/cameras': /usr/bin/cmake --build /home/fortunato/ros2_ws/build/cameras -- -j8 -l8
[0.048s] -- Found ament_cmake: 1.3.11 (/opt/ros/humble/share/ament_cmake/cmake)
[0.359s] [31mCMake Error at CMakeLists.txt:5 (find_package):
[0.360s]   By not providing "Findgazebo_ros.cmake" in CMAKE_MODULE_PATH this project
[0.360s]   has asked CMake to find a package configuration file provided by
[0.360s]   "gazebo_ros", but CMake did not find one.
[0.360s] 
[0.360s]   Could not find a package configuration file provided by "gazebo_ros" with
[0.360s]   any of the following names:
[0.361s] 
[0.361s]     gazebo_rosConfig.cmake
[0.361s]     gazebo_ros-config.cmake
[0.361s] 
[0.361s]   Add the installation prefix of "gazebo_ros" to CMAKE_PREFIX_PATH or set
[0.361s]   "gazebo_ros_DIR" to a directory containing one of the above files.  If
[0.362s]   "gazebo_ros" provides a separate development package or SDK, be sure it has
[0.362s]   been installed.
[0.362s] 
[0.362s] [0m
[0.362s] -- Configuring incomplete, errors occurred!
[0.363s] See also "/home/fortunato/ros2_ws/build/cameras/CMakeFiles/CMakeOutput.log".
[0.369s] gmake: *** [Makefile:226: cmake_check_build_system] Errore 1
[0.372s] Invoked command in '/home/fortunato/ros2_ws/build/cameras' returned '2': /usr/bin/cmake --build /home/fortunato/ros2_ws/build/cameras -- -j8 -l8
