-- PX4_GIT_TAG: v1.16.0-beta1-27-g9e99bd3b7a
-- Found PythonInterp: /usr/bin/python3 (found suitable version "3.10.12", minimum required is "3") 
-- PX4 config file: /home/fortunato/ros2_ws/src/PX4-Autopilot/boards/px4/ros2/default.px4board
-- PLATFORM ros2
-- ROMFSROOT px4fmu_common
-- ROOT_PATH /fs/microsd
-- PARAM_FILE /fs/mtd_params
-- PX4 config: px4_ros2_default
-- PX4 platform: ros2
-- The CXX compiler identification is GNU 11.4.0
-- Detecting CXX compiler ABI info
-- Detecting CXX compiler ABI info - done
-- Check for working CXX compiler: /usr/bin/c++ - skipped
-- Detecting CXX compile features
-- Detecting CXX compile features - done
-- Found ament_cmake: 1.3.11 (/opt/ros/humble/share/ament_cmake/cmake)
-- Found Python3: /usr/bin/python3 (found version "3.10.12") found components: Interpreter 
-- Found rclcpp: 16.0.11 (/opt/ros/humble/share/rclcpp/cmake)
[33mCMake Warning (dev) at /opt/ros/humble/share/ament_cmake_core/cmake/core/normalize_path.cmake:52 (while):
  had incorrect arguments:

    "TRUE"

  An argument named "TRUE" appears in a conditional statement.  Policy
  CMP0012 is not set: if() recognizes numbers and boolean constants.  Run
  "cmake --help-policy CMP0012" for policy details.  Use the cmake_policy
  command to set the policy and suppress this warning.
Call Stack (most recent call first):
  /opt/ros/humble/share/ament_cmake_core/cmake/core/normalize_path.cmake:34 (_normalize_path__collapse_redundant)
  /opt/ros/humble/share/rclcpp/cmake/ament_cmake_export_include_directories-extras.cmake:13 (normalize_path)
  /opt/ros/humble/share/rclcpp/cmake/rclcppConfig.cmake:41 (include)
  platforms/ros2/cmake/init.cmake:38 (find_package)
  CMakeLists.txt:224 (include)
This warning is for project developers.  Use -Wno-dev to suppress it.
[0m
[33mCMake Warning (dev) at /opt/ros/humble/share/ament_cmake_core/cmake/core/normalize_path.cmake:72 (while):
  had incorrect arguments:

    "TRUE"

  An argument named "TRUE" appears in a conditional statement.  Policy
  CMP0012 is not set: if() recognizes numbers and boolean constants.  Run
  "cmake --help-policy CMP0012" for policy details.  Use the cmake_policy
  command to set the policy and suppress this warning.
Call Stack (most recent call first):
  /opt/ros/humble/share/ament_cmake_core/cmake/core/normalize_path.cmake:35 (_normalize_path__collapse_uplevel_reference)
  /opt/ros/humble/share/rclcpp/cmake/ament_cmake_export_include_directories-extras.cmake:13 (normalize_path)
  /opt/ros/humble/share/rclcpp/cmake/rclcppConfig.cmake:41 (include)
  platforms/ros2/cmake/init.cmake:38 (find_package)
  CMakeLists.txt:224 (include)
This warning is for project developers.  Use -Wno-dev to suppress it.
[0m
[33mCMake Warning (dev) at /opt/ros/humble/share/ament_cmake_core/cmake/core/list_append_unique.cmake:30 (if):
  Policy CMP0057 is not set: Support new IN_LIST if() operator.  Run "cmake
  --help-policy CMP0057" for policy details.  Use the cmake_policy command to
  set the policy and suppress this warning.

  IN_LIST will be interpreted as an operator when the policy is set to NEW.
  Since the policy is not set the OLD behavior will be used.
Call Stack (most recent call first):
  /opt/ros/humble/share/rclcpp/cmake/ament_cmake_export_dependencies-extras.cmake:34 (list_append_unique)
  /opt/ros/humble/share/rclcpp/cmake/rclcppConfig.cmake:41 (include)
  platforms/ros2/cmake/init.cmake:38 (find_package)
  CMakeLists.txt:224 (include)
This warning is for project developers.  Use -Wno-dev to suppress it.
[0m
[31mCMake Error at /opt/ros/humble/share/ament_cmake_core/cmake/core/list_append_unique.cmake:30 (if):
  if given arguments:

    "NOT" "element" "IN_LIST" "rclcpp_INCLUDE_DIRS"

  Unknown arguments specified
Call Stack (most recent call first):
  /opt/ros/humble/share/rclcpp/cmake/ament_cmake_export_dependencies-extras.cmake:34 (list_append_unique)
  /opt/ros/humble/share/rclcpp/cmake/rclcppConfig.cmake:41 (include)
  platforms/ros2/cmake/init.cmake:38 (find_package)
  CMakeLists.txt:224 (include)

[0m
-- Configuring incomplete, errors occurred!
See also "/home/fortunato/ros2_ws/build/px4/CMakeFiles/CMakeOutput.log".
[31mCMake Error in CMakeLists.txt:
  No cmake_minimum_required command is present.  A line of code such as

    cmake_minimum_required(VERSION 3.22)

  should be added at the top of the file.  The version specified may be lower
  if you wish to support older CMake versions for this project.  For more
  information run "cmake --help-policy CMP0000".

[0m
