-- PX4_GIT_TAG: v1.16.0-beta1-27-g9e99bd3b7a
-- Found PythonInterp: /usr/bin/python3 (found suitable version "3.10.12", minimum required is "3") 
-- PX4 config file: /home/fortunato/ros2_ws/src/PX4-Autopilot/boards/px4/ros2/default.px4board
-- PLATFORM ros2
-- ROMFSROOT px4fmu_common
-- ROOT_PATH /fs/microsd
-- PARAM_FILE /fs/mtd_params
-- PX4 config: px4_ros2_default
-- PX4 platform: ros2
-- The CXX compiler identification is GNU 11.4.0
-- Detecting CXX compiler ABI info
-- Detecting CXX compiler ABI info - done
-- Check for working CXX compiler: /usr/bin/c++ - skipped
-- Detecting CXX compile features
-- Detecting CXX compile features - done
-- Found ament_cmake: 1.3.11 (/opt/ros/humble/share/ament_cmake/cmake)
-- Found Python3: /usr/bin/python3 (found version "3.10.12") found components: Interpreter 
-- Found rclcpp: 16.0.11 (/opt/ros/humble/share/rclcpp/cmake)
-- Configuring incomplete, errors occurred!
See also "/home/fortunato/ros2_ws/build/px4/CMakeFiles/CMakeOutput.log".
