[0.014s] Invoking command in '/home/fortunato/ros2_ws/build/px4': CMAKE_PREFIX_PATH=/opt/ros/humble:/home/fortunato/ros2_ws/install/cameras /usr/bin/cmake /home/fortunato/ros2_ws/src/PX4-Autopilot -DCMAKE_INSTALL_PREFIX=/home/fortunato/ros2_ws/install/px4
[0.031s] -- PX4_GIT_TAG: v1.16.0-beta1-27-g9e99bd3b7a
[0.059s] -- Found PythonInterp: /usr/bin/python3 (found suitable version "3.10.12", minimum required is "3") 
[0.100s] -- PX4 config file: /home/fortunato/ros2_ws/src/PX4-Autopilot/boards/px4/ros2/default.px4board
[0.357s] -- PLATFORM ros2
[0.358s] -- ROMFSROOT px4fmu_common
[0.360s] -- ROOT_PATH /fs/microsd
[0.360s] -- PARAM_FILE /fs/mtd_params
[0.384s] -- PX4 config: px4_ros2_default
[0.385s] -- PX4 platform: ros2
[0.468s] -- The CXX compiler identification is GNU 11.4.0
[0.480s] -- Detecting CXX compiler ABI info
[0.583s] -- Detecting CXX compiler ABI info - done
[0.596s] -- Check for working CXX compiler: /usr/bin/c++ - skipped
[0.596s] -- Detecting CXX compile features
[0.597s] -- Detecting CXX compile features - done
[0.600s] -- Found ament_cmake: 1.3.11 (/opt/ros/humble/share/ament_cmake/cmake)
[0.797s] -- Found Python3: /usr/bin/python3 (found version "3.10.12") found components: Interpreter 
[0.915s] -- Found rclcpp: 16.0.11 (/opt/ros/humble/share/rclcpp/cmake)
[0.916s] [33mCMake Warning (dev) at /opt/ros/humble/share/ament_cmake_core/cmake/core/normalize_path.cmake:52 (while):
[0.916s]   had incorrect arguments:
[0.916s] 
[0.916s]     "TRUE"
[0.916s] 
[0.916s]   An argument named "TRUE" appears in a conditional statement.  Policy
[0.916s]   CMP0012 is not set: if() recognizes numbers and boolean constants.  Run
[0.916s]   "cmake --help-policy CMP0012" for policy details.  Use the cmake_policy
[0.916s]   command to set the policy and suppress this warning.
[0.917s] Call Stack (most recent call first):
[0.917s]   /opt/ros/humble/share/ament_cmake_core/cmake/core/normalize_path.cmake:34 (_normalize_path__collapse_redundant)
[0.917s]   /opt/ros/humble/share/rclcpp/cmake/ament_cmake_export_include_directories-extras.cmake:13 (normalize_path)
[0.917s]   /opt/ros/humble/share/rclcpp/cmake/rclcppConfig.cmake:41 (include)
[0.917s]   platforms/ros2/cmake/init.cmake:38 (find_package)
[0.917s]   CMakeLists.txt:224 (include)
[0.917s] This warning is for project developers.  Use -Wno-dev to suppress it.
[0.917s] [0m
[0.917s] [33mCMake Warning (dev) at /opt/ros/humble/share/ament_cmake_core/cmake/core/normalize_path.cmake:72 (while):
[0.917s]   had incorrect arguments:
[0.917s] 
[0.917s]     "TRUE"
[0.917s] 
[0.918s]   An argument named "TRUE" appears in a conditional statement.  Policy
[0.918s]   CMP0012 is not set: if() recognizes numbers and boolean constants.  Run
[0.918s]   "cmake --help-policy CMP0012" for policy details.  Use the cmake_policy
[0.918s]   command to set the policy and suppress this warning.
[0.918s] Call Stack (most recent call first):
[0.918s]   /opt/ros/humble/share/ament_cmake_core/cmake/core/normalize_path.cmake:35 (_normalize_path__collapse_uplevel_reference)
[0.918s]   /opt/ros/humble/share/rclcpp/cmake/ament_cmake_export_include_directories-extras.cmake:13 (normalize_path)
[0.918s]   /opt/ros/humble/share/rclcpp/cmake/rclcppConfig.cmake:41 (include)
[0.918s]   platforms/ros2/cmake/init.cmake:38 (find_package)
[0.918s]   CMakeLists.txt:224 (include)
[0.918s] This warning is for project developers.  Use -Wno-dev to suppress it.
[0.918s] [0m
[0.921s] [33mCMake Warning (dev) at /opt/ros/humble/share/ament_cmake_core/cmake/core/list_append_unique.cmake:30 (if):
[0.921s]   Policy CMP0057 is not set: Support new IN_LIST if() operator.  Run "cmake
[0.921s]   --help-policy CMP0057" for policy details.  Use the cmake_policy command to
[0.922s]   set the policy and suppress this warning.
[0.922s] 
[0.922s]   IN_LIST will be interpreted as an operator when the policy is set to NEW.
[0.922s]   Since the policy is not set the OLD behavior will be used.
[0.922s] Call Stack (most recent call first):
[0.922s]   /opt/ros/humble/share/rclcpp/cmake/ament_cmake_export_dependencies-extras.cmake:34 (list_append_unique)
[0.923s]   /opt/ros/humble/share/rclcpp/cmake/rclcppConfig.cmake:41 (include)
[0.923s]   platforms/ros2/cmake/init.cmake:38 (find_package)
[0.923s]   CMakeLists.txt:224 (include)
[0.923s] This warning is for project developers.  Use -Wno-dev to suppress it.
[0.923s] [0m
[0.923s] [31mCMake Error at /opt/ros/humble/share/ament_cmake_core/cmake/core/list_append_unique.cmake:30 (if):
[0.923s]   if given arguments:
[0.924s] 
[0.924s]     "NOT" "element" "IN_LIST" "rclcpp_INCLUDE_DIRS"
[0.924s] 
[0.924s]   Unknown arguments specified
[0.924s] Call Stack (most recent call first):
[0.924s]   /opt/ros/humble/share/rclcpp/cmake/ament_cmake_export_dependencies-extras.cmake:34 (list_append_unique)
[0.924s]   /opt/ros/humble/share/rclcpp/cmake/rclcppConfig.cmake:41 (include)
[0.925s]   platforms/ros2/cmake/init.cmake:38 (find_package)
[0.925s]   CMakeLists.txt:224 (include)
[0.925s] 
[0.925s] [0m
[0.925s] -- Configuring incomplete, errors occurred!
[0.925s] See also "/home/fortunato/ros2_ws/build/px4/CMakeFiles/CMakeOutput.log".
[0.926s] [31mCMake Error in CMakeLists.txt:
[0.926s]   No cmake_minimum_required command is present.  A line of code such as
[0.926s] 
[0.926s]     cmake_minimum_required(VERSION 3.22)
[0.927s] 
[0.927s]   should be added at the top of the file.  The version specified may be lower
[0.928s]   if you wish to support older CMake versions for this project.  For more
[0.928s]   information run "cmake --help-policy CMP0000".
[0.929s] 
[0.929s] [0m
[0.930s] Invoked command in '/home/fortunato/ros2_ws/build/px4' returned '1': CMAKE_PREFIX_PATH=/opt/ros/humble:/home/fortunato/ros2_ws/install/cameras /usr/bin/cmake /home/fortunato/ros2_ws/src/PX4-Autopilot -DCMAKE_INSTALL_PREFIX=/home/fortunato/ros2_ws/install/px4
