[0.031s] Invoking command in '/home/fortunato/ros2_ws/build/tuo_pacchetto': /usr/bin/cmake --build /home/fortunato/ros2_ws/build/tuo_pacchetto -- -j8 -l8
[0.094s] [35m[1mConsolidate compiler generated dependencies of target nodo[0m
[0.143s] [ 50%] [32mBuilding CXX object CMakeFiles/nodo.dir/src/nodo.cpp.o[0m
[3.762s] [01m[K/home/fortunato/ros2_ws/src/nodi/src/nodo.cpp:[m[K In member function ‘[01m[Kstd::vector<int> NodoConsenso::appendColonne(const std::vector<std::vector<int> >&, const std::vector<std::vector<int> >&)[m[K’:
[3.762s] [01m[K/home/fortunato/ros2_ws/src/nodi/src/nodo.cpp:115:30:[m[K [01;31m[Kerror: [m[Kno matching function for call to ‘[01m[Kstd::vector<int>::push_back(const value_type&)[m[K’
[3.763s]   115 |             [01;31m[Kvettore.push_back(vettore2[k])[m[K;
[3.763s]       |             [01;31m[K~~~~~~~~~~~~~~~~~^~~~~~~~~~~~~[m[K
[3.763s] In file included from [01m[K/usr/include/c++/11/vector:67[m[K,
[3.763s]                  from [01m[K/usr/include/c++/11/functional:62[m[K,
[3.763s]                  from [01m[K/usr/include/c++/11/pstl/glue_algorithm_defs.h:13[m[K,
[3.763s]                  from [01m[K/usr/include/c++/11/algorithm:74[m[K,
[3.764s]                  from [01m[K/opt/ros/humble/include/rclcpp/rclcpp/executor.hpp:18[m[K,
[3.764s]                  from [01m[K/opt/ros/humble/include/rclcpp/rclcpp/executors/multi_threaded_executor.hpp:25[m[K,
[3.764s]                  from [01m[K/opt/ros/humble/include/rclcpp/rclcpp/executors.hpp:21[m[K,
[3.764s]                  from [01m[K/opt/ros/humble/include/rclcpp/rclcpp/rclcpp.hpp:155[m[K,
[3.764s]                  from [01m[K/home/fortunato/ros2_ws/src/nodi/src/nodo.cpp:1[m[K:
[3.764s] [01m[K/usr/include/c++/11/bits/stl_vector.h:1187:7:[m[K [01;36m[Knote: [m[Kcandidate: ‘[01m[Kvoid std::vector<_Tp, _Alloc>::push_back(const value_type&) [with _Tp = int; _Alloc = std::allocator<int>; std::vector<_Tp, _Alloc>::value_type = int][m[K’
[3.764s]  1187 |       [01;36m[Kpush_back[m[K(const value_type& __x)
[3.765s]       |       [01;36m[K^~~~~~~~~[m[K
[3.765s] [01m[K/usr/include/c++/11/bits/stl_vector.h:1187:35:[m[K [01;36m[Knote: [m[K  no known conversion for argument 1 from ‘[01m[Kconst value_type[m[K’ {aka ‘[01m[Kconst std::vector<int>[m[K’} to ‘[01m[Kconst value_type&[m[K’ {aka ‘[01m[Kconst int&[m[K’}
[3.765s]  1187 |       push_back([01;36m[Kconst value_type& __x[m[K)
[3.765s]       |                 [01;36m[K~~~~~~~~~~~~~~~~~~^~~[m[K
[3.765s] [01m[K/usr/include/c++/11/bits/stl_vector.h:1203:7:[m[K [01;36m[Knote: [m[Kcandidate: ‘[01m[Kvoid std::vector<_Tp, _Alloc>::push_back(std::vector<_Tp, _Alloc>::value_type&&) [with _Tp = int; _Alloc = std::allocator<int>; std::vector<_Tp, _Alloc>::value_type = int][m[K’
[3.765s]  1203 |       [01;36m[Kpush_back[m[K(value_type&& __x)
[3.765s]       |       [01;36m[K^~~~~~~~~[m[K
[3.765s] [01m[K/usr/include/c++/11/bits/stl_vector.h:1203:30:[m[K [01;36m[Knote: [m[K  no known conversion for argument 1 from ‘[01m[Kconst value_type[m[K’ {aka ‘[01m[Kconst std::vector<int>[m[K’} to ‘[01m[Kstd::vector<int>::value_type&&[m[K’ {aka ‘[01m[Kint&&[m[K’}
[3.765s]  1203 |       push_back([01;36m[Kvalue_type&& __x[m[K)
[3.765s]       |                 [01;36m[K~~~~~~~~~~~~~^~~[m[K
[3.769s] [01m[K/home/fortunato/ros2_ws/src/nodi/src/nodo.cpp:[m[K In member function ‘[01m[Kvoid NodoConsenso::crea_stima()[m[K’:
[3.769s] [01m[K/home/fortunato/ros2_ws/src/nodi/src/nodo.cpp:122:28:[m[K [01;31m[Kerror: [m[K‘[01m[Kmisura_ricevuta_[m[K’ was not declared in this scope; did you mean ‘[01m[Kmisura_ricevuta[m[K’?
[3.769s]   122 |             float misura = [01;31m[Kmisura_ricevuta_[m[K;
[3.769s]       |                            [01;31m[K^~~~~~~~~~~~~~~~[m[K
[3.769s]       |                            [32m[Kmisura_ricevuta[m[K
[3.769s] [01m[K/home/fortunato/ros2_ws/src/nodi/src/nodo.cpp:123:56:[m[K [01;31m[Kerror: [m[Kno match for ‘[01m[Koperator*[m[K’ (operand types are ‘[01m[Kint[m[K’ and ‘[01m[Kstd::vector<std::vector<double, std::allocator<double> > >[m[K’)
[3.770s]   123 |             std::vector<std::vector<double>>  V0 = [32m[K1/8[m[K [01;31m[K*[m[K [34m[KJpri[m[K + moltiplicaMatrici(moltiplicaMatrici(trasposta(H),R),H);
[3.770s]       |                                                    [32m[K~~~[m[K [01;31m[K^[m[K [34m[K~~~~[m[K
[3.770s]       |                                                     [32m[K|[m[K    [34m[K|[m[K
[3.770s]       |                                                     [32m[Kint[m[K  [34m[Kstd::vector<std::vector<double, std::allocator<double> > >[m[K
[3.770s] [01m[K/home/fortunato/ros2_ws/src/nodi/src/nodo.cpp:123:111:[m[K [01;31m[Kerror: [m[Kcannot convert ‘[01m[Kstd::vector<std::vector<double, std::allocator<double> > >[m[K’ to ‘[01m[Kconst std::vector<std::vector<int> >&[m[K’
[3.770s]   123 |  = 1/8 * Jpri + moltiplicaMatrici(moltiplicaMatrici(trasposta([01;31m[KH[m[K),R),H);
[3.770s]       |                                                               [01;31m[K^[m[K
[3.770s]       |                                                               [01;31m[K|[m[K
[3.770s]       |                                                               [01;31m[Kstd::vector<std::vector<double, std::allocator<double> > >[m[K
[3.770s] 
[3.770s] [01m[K/home/fortunato/ros2_ws/src/nodi/src/nodo.cpp:67:82:[m[K [01;36m[Knote: [m[K  initializing argument 1 of ‘[01m[Kstd::vector<std::vector<int> > NodoConsenso::trasposta(const std::vector<std::vector<int> >&)[m[K’
[3.770s]    67 | :vector<int>> trasposta([01;36m[Kconst std::vector<std::vector<int>>& matrice[m[K) {
[3.770s]       |                         [01;36m[K~~~~~~~~~~~~~~~~~~~~~~~~~~~~~~~~~~~~~^~~~~~~[m[K
[3.771s] 
[3.771s] [01m[K/home/fortunato/ros2_ws/src/nodi/src/nodo.cpp:124:56:[m[K [01;31m[Kerror: [m[Kno match for ‘[01m[Koperator*[m[K’ (operand types are ‘[01m[Kint[m[K’ and ‘[01m[Kstd::vector<std::vector<double, std::allocator<double> > >[m[K’)
[3.771s]   124 |             std::vector<std::vector<double>>  v0 = [32m[K1/8[m[K [01;31m[K*[m[K [34m[KmoltiplicaMatrici(Jpri,misura_ricevuta)[m[K + moltiplicaMatrici(moltiplicaMatrici(trasposta(H),R),misura_ricevuta);
[3.771s]       |                                                    [32m[K~~~[m[K [01;31m[K^[m[K [34m[K~~~~~~~~~~~~~~~~~~~~~~~~~~~~~~~~~~~~~~~[m[K
[3.771s]       |                                                     [32m[K|[m[K                     [34m[K|[m[K
[3.771s]       |                                                     [32m[Kint[m[K                   [34m[Kstd::vector<std::vector<double, std::allocator<double> > >[m[K
[3.771s] [01m[K/home/fortunato/ros2_ws/src/nodi/src/nodo.cpp:124:146:[m[K [01;31m[Kerror: [m[Kcannot convert ‘[01m[Kstd::vector<std::vector<double, std::allocator<double> > >[m[K’ to ‘[01m[Kconst std::vector<std::vector<int> >&[m[K’
[3.771s]   124 | a_ricevuta) + moltiplicaMatrici(moltiplicaMatrici(trasposta([01;31m[KH[m[K),R),misura_ricevuta);
[3.771s]       |                                                             [01;31m[K^[m[K
[3.771s]       |                                                             [01;31m[K|[m[K
[3.771s]       |                                                             [01;31m[Kstd::vector<std::vector<double, std::allocator<double> > >[m[K
[3.771s] 
[3.771s] [01m[K/home/fortunato/ros2_ws/src/nodi/src/nodo.cpp:67:82:[m[K [01;36m[Knote: [m[K  initializing argument 1 of ‘[01m[Kstd::vector<std::vector<int> > NodoConsenso::trasposta(const std::vector<std::vector<int> >&)[m[K’
[3.772s]    67 | :vector<int>> trasposta([01;36m[Kconst std::vector<std::vector<int>>& matrice[m[K) {
[3.772s]       |                         [01;36m[K~~~~~~~~~~~~~~~~~~~~~~~~~~~~~~~~~~~~~^~~~~~~[m[K
[3.772s] 
[3.772s] [01m[K/home/fortunato/ros2_ws/src/nodi/src/nodo.cpp:125:65:[m[K [01;31m[Kerror: [m[Kcannot convert ‘[01m[Kstd::vector<std::vector<double, std::allocator<double> > >[m[K’ to ‘[01m[Kconst std::vector<std::vector<int> >&[m[K’
[3.772s]   125 |             std::vector<std::vector<double>>  V = appendColonne([01;31m[KV0[m[K,v0);
[3.772s]       |                                                                 [01;31m[K^~[m[K
[3.772s]       |                                                                 [01;31m[K|[m[K
[3.772s]       |                                                                 [01;31m[Kstd::vector<std::vector<double, std::allocator<double> > >[m[K
[3.772s] [01m[K/home/fortunato/ros2_ws/src/nodi/src/nodo.cpp:105:73:[m[K [01;36m[Knote: [m[K  initializing argument 1 of ‘[01m[Kstd::vector<int> NodoConsenso::appendColonne(const std::vector<std::vector<int> >&, const std::vector<std::vector<int> >&)[m[K’
[3.772s]   105 | tor<int> appendColonne([01;36m[Kconst std::vector<std::vector<int>>& matrice[m[K,const std::vector<std::vector<int>>& vettore2) {
[3.772s]       |                        [01;36m[K~~~~~~~~~~~~~~~~~~~~~~~~~~~~~~~~~~~~~^~~~~~~[m[K
[3.772s] 
[3.772s] [01m[K/home/fortunato/ros2_ws/src/nodi/src/nodo.cpp:128:30:[m[K [01;31m[Kerror: [m[Kno match for ‘[01m[Koperator=[m[K’ (operand types are ‘[01m[Kexample_interfaces::msg::Float64MultiArray_<std::allocator<void> >::_data_type[m[K’ {aka ‘[01m[Kstd::vector<double, std::allocator<double> >[m[K’} and ‘[01m[Kstd::vector<std::vector<double, std::allocator<double> > >[m[K’)
[3.772s]   128 |             messaggio.data = [01;31m[KV[m[K;
[3.772s]       |                              [01;31m[K^[m[K
[3.772s] In file included from [01m[K/usr/include/c++/11/vector:72[m[K,
[3.772s]                  from [01m[K/usr/include/c++/11/functional:62[m[K,
[3.773s]                  from [01m[K/usr/include/c++/11/pstl/glue_algorithm_defs.h:13[m[K,
[3.773s]                  from [01m[K/usr/include/c++/11/algorithm:74[m[K,
[3.773s]                  from [01m[K/opt/ros/humble/include/rclcpp/rclcpp/executor.hpp:18[m[K,
[3.773s]                  from [01m[K/opt/ros/humble/include/rclcpp/rclcpp/executors/multi_threaded_executor.hpp:25[m[K,
[3.773s]                  from [01m[K/opt/ros/humble/include/rclcpp/rclcpp/executors.hpp:21[m[K,
[3.773s]                  from [01m[K/opt/ros/humble/include/rclcpp/rclcpp/rclcpp.hpp:155[m[K,
[3.773s]                  from [01m[K/home/fortunato/ros2_ws/src/nodi/src/nodo.cpp:1[m[K:
[3.773s] [01m[K/usr/include/c++/11/bits/vector.tcc:198:5:[m[K [01;36m[Knote: [m[Kcandidate: ‘[01m[Kstd::vector<_Tp, _Alloc>& std::vector<_Tp, _Alloc>::operator=(const std::vector<_Tp, _Alloc>&) [with _Tp = double; _Alloc = std::allocator<double>][m[K’
[3.773s]   198 |     [01;36m[Kvector<_Tp, _Alloc>[m[K::
[3.773s]       |     [01;36m[K^~~~~~~~~~~~~~~~~~~[m[K
[3.773s] [01m[K/usr/include/c++/11/bits/vector.tcc:199:42:[m[K [01;36m[Knote: [m[K  no known conversion for argument 1 from ‘[01m[Kstd::vector<std::vector<double, std::allocator<double> > >[m[K’ to ‘[01m[Kconst std::vector<double, std::allocator<double> >&[m[K’
[3.773s]   199 |     operator=([01;36m[Kconst vector<_Tp, _Alloc>& __x[m[K)
[3.773s]       |               [01;36m[K~~~~~~~~~~~~~~~~~~~~~~~~~~~^~~[m[K
[3.773s] In file included from [01m[K/usr/include/c++/11/vector:67[m[K,
[3.773s]                  from [01m[K/usr/include/c++/11/functional:62[m[K,
[3.773s]                  from [01m[K/usr/include/c++/11/pstl/glue_algorithm_defs.h:13[m[K,
[3.773s]                  from [01m[K/usr/include/c++/11/algorithm:74[m[K,
[3.773s]                  from [01m[K/opt/ros/humble/include/rclcpp/rclcpp/executor.hpp:18[m[K,
[3.774s]                  from [01m[K/opt/ros/humble/include/rclcpp/rclcpp/executors/multi_threaded_executor.hpp:25[m[K,
[3.774s]                  from [01m[K/opt/ros/humble/include/rclcpp/rclcpp/executors.hpp:21[m[K,
[3.774s]                  from [01m[K/opt/ros/humble/include/rclcpp/rclcpp/rclcpp.hpp:155[m[K,
[3.774s]                  from [01m[K/home/fortunato/ros2_ws/src/nodi/src/nodo.cpp:1[m[K:
[3.774s] [01m[K/usr/include/c++/11/bits/stl_vector.h:709:7:[m[K [01;36m[Knote: [m[Kcandidate: ‘[01m[Kstd::vector<_Tp, _Alloc>& std::vector<_Tp, _Alloc>::operator=(std::vector<_Tp, _Alloc>&&) [with _Tp = double; _Alloc = std::allocator<double>][m[K’
[3.774s]   709 |       [01;36m[Koperator[m[K=(vector&& __x) noexcept(_Alloc_traits::_S_nothrow_move())
[3.774s]       |       [01;36m[K^~~~~~~~[m[K
[3.774s] [01m[K/usr/include/c++/11/bits/stl_vector.h:709:26:[m[K [01;36m[Knote: [m[K  no known conversion for argument 1 from ‘[01m[Kstd::vector<std::vector<double, std::allocator<double> > >[m[K’ to ‘[01m[Kstd::vector<double, std::allocator<double> >&&[m[K’
[3.774s]   709 |       operator=([01;36m[Kvector&& __x[m[K) noexcept(_Alloc_traits::_S_nothrow_move())
[3.774s]       |                 [01;36m[K~~~~~~~~~^~~[m[K
[3.774s] [01m[K/usr/include/c++/11/bits/stl_vector.h:730:7:[m[K [01;36m[Knote: [m[Kcandidate: ‘[01m[Kstd::vector<_Tp, _Alloc>& std::vector<_Tp, _Alloc>::operator=(std::initializer_list<_Tp>) [with _Tp = double; _Alloc = std::allocator<double>][m[K’
[3.774s]   730 |       [01;36m[Koperator[m[K=(initializer_list<value_type> __l)
[3.774s]       |       [01;36m[K^~~~~~~~[m[K
[3.774s] [01m[K/usr/include/c++/11/bits/stl_vector.h:730:46:[m[K [01;36m[Knote: [m[K  no known conversion for argument 1 from ‘[01m[Kstd::vector<std::vector<double, std::allocator<double> > >[m[K’ to ‘[01m[Kstd::initializer_list<double>[m[K’
[3.774s]   730 |       operator=([01;36m[Kinitializer_list<value_type> __l[m[K)
[3.774s]       |                 [01;36m[K~~~~~~~~~~~~~~~~~~~~~~~~~~~~~^~~[m[K
[6.287s] gmake[2]: *** [CMakeFiles/nodo.dir/build.make:76: CMakeFiles/nodo.dir/src/nodo.cpp.o] Errore 1
[6.287s] gmake[1]: *** [CMakeFiles/Makefile2:137: CMakeFiles/nodo.dir/all] Errore 2
[6.287s] gmake: *** [Makefile:146: all] Errore 2
[6.289s] Invoked command in '/home/fortunato/ros2_ws/build/tuo_pacchetto' returned '2': /usr/bin/cmake --build /home/fortunato/ros2_ws/build/tuo_pacchetto -- -j8 -l8
