[0.017s] Invoking command in '/home/fortunato/ros2_ws/build/cameras': /usr/bin/cmake --build /home/fortunato/ros2_ws/build/cameras -- -j8 -l8
[0.139s] Invoked command in '/home/fortunato/ros2_ws/build/cameras' returned '0': /usr/bin/cmake --build /home/fortunato/ros2_ws/build/cameras -- -j8 -l8
[0.151s] Invoking command in '/home/fortunato/ros2_ws/build/cameras': /usr/bin/cmake --install /home/fortunato/ros2_ws/build/cameras
[0.160s] -- Install configuration: ""
[0.161s] -- Up-to-date: /home/fortunato/ros2_ws/install/cameras/share/cameras/models
[0.162s] -- Up-to-date: /home/fortunato/ros2_ws/install/cameras/share/cameras/models/my_camera_2
[0.162s] -- Up-to-date: /home/fortunato/ros2_ws/install/cameras/share/cameras/models/my_camera_2/meshes
[0.163s] -- Up-to-date: /home/fortunato/ros2_ws/install/cameras/share/cameras/models/my_camera_2/meshes/3dCamera.DAE
[0.163s] -- Up-to-date: /home/fortunato/ros2_ws/install/cameras/share/cameras/models/my_camera_2/thumbnails
[0.164s] -- Up-to-date: /home/fortunato/ros2_ws/install/cameras/share/cameras/models/my_camera_2/thumbnails/2.jpg
[0.164s] -- Up-to-date: /home/fortunato/ros2_ws/install/cameras/share/cameras/models/my_camera_2/thumbnails/4.jpg
[0.164s] -- Up-to-date: /home/fortunato/ros2_ws/install/cameras/share/cameras/models/my_camera_2/thumbnails/3.jpg
[0.164s] -- Up-to-date: /home/fortunato/ros2_ws/install/cameras/share/cameras/models/my_camera_2/thumbnails/5.jpg
[0.164s] -- Up-to-date: /home/fortunato/ros2_ws/install/cameras/share/cameras/models/my_camera_2/thumbnails/1.jpg
[0.164s] -- Up-to-date: /home/fortunato/ros2_ws/install/cameras/share/cameras/models/my_camera_2/model.sdf
[0.165s] -- Up-to-date: /home/fortunato/ros2_ws/install/cameras/share/cameras/models/my_camera_2/model.config
[0.165s] -- Up-to-date: /home/fortunato/ros2_ws/install/cameras/share/cameras/models/my_camera_2/materials
[0.165s] -- Up-to-date: /home/fortunato/ros2_ws/install/cameras/share/cameras/models/my_camera_2/materials/textures
[0.165s] -- Up-to-date: /home/fortunato/ros2_ws/install/cameras/share/cameras/models/my_camera_2/materials/textures/3dCamera.jpg
[0.165s] -- Up-to-date: /home/fortunato/ros2_ws/install/cameras/share/cameras/models/my_camera_3
[0.165s] -- Up-to-date: /home/fortunato/ros2_ws/install/cameras/share/cameras/models/my_camera_3/meshes
[0.166s] -- Up-to-date: /home/fortunato/ros2_ws/install/cameras/share/cameras/models/my_camera_3/meshes/3dCamera.DAE
[0.166s] -- Up-to-date: /home/fortunato/ros2_ws/install/cameras/share/cameras/models/my_camera_3/thumbnails
[0.166s] -- Up-to-date: /home/fortunato/ros2_ws/install/cameras/share/cameras/models/my_camera_3/thumbnails/2.jpg
[0.166s] -- Up-to-date: /home/fortunato/ros2_ws/install/cameras/share/cameras/models/my_camera_3/thumbnails/4.jpg
[0.166s] -- Up-to-date: /home/fortunato/ros2_ws/install/cameras/share/cameras/models/my_camera_3/thumbnails/3.jpg
[0.167s] -- Up-to-date: /home/fortunato/ros2_ws/install/cameras/share/cameras/models/my_camera_3/thumbnails/5.jpg
[0.167s] -- Up-to-date: /home/fortunato/ros2_ws/install/cameras/share/cameras/models/my_camera_3/thumbnails/1.jpg
[0.167s] -- Up-to-date: /home/fortunato/ros2_ws/install/cameras/share/cameras/models/my_camera_3/model.sdf
[0.167s] -- Up-to-date: /home/fortunato/ros2_ws/install/cameras/share/cameras/models/my_camera_3/model.config
[0.167s] -- Up-to-date: /home/fortunato/ros2_ws/install/cameras/share/cameras/models/my_camera_3/materials
[0.167s] -- Up-to-date: /home/fortunato/ros2_ws/install/cameras/share/cameras/models/my_camera_3/materials/textures
[0.168s] -- Up-to-date: /home/fortunato/ros2_ws/install/cameras/share/cameras/models/my_camera_3/materials/textures/3dCamera.jpg
[0.168s] -- Up-to-date: /home/fortunato/ros2_ws/install/cameras/share/cameras/models/my_camera_5
[0.168s] -- Up-to-date: /home/fortunato/ros2_ws/install/cameras/share/cameras/models/my_camera_5/meshes
[0.169s] -- Up-to-date: /home/fortunato/ros2_ws/install/cameras/share/cameras/models/my_camera_5/meshes/3dCamera.DAE
[0.169s] -- Up-to-date: /home/fortunato/ros2_ws/install/cameras/share/cameras/models/my_camera_5/thumbnails
[0.170s] -- Up-to-date: /home/fortunato/ros2_ws/install/cameras/share/cameras/models/my_camera_5/thumbnails/2.jpg
[0.170s] -- Up-to-date: /home/fortunato/ros2_ws/install/cameras/share/cameras/models/my_camera_5/thumbnails/4.jpg
[0.170s] -- Up-to-date: /home/fortunato/ros2_ws/install/cameras/share/cameras/models/my_camera_5/thumbnails/3.jpg
[0.170s] -- Up-to-date: /home/fortunato/ros2_ws/install/cameras/share/cameras/models/my_camera_5/thumbnails/5.jpg
[0.170s] -- Up-to-date: /home/fortunato/ros2_ws/install/cameras/share/cameras/models/my_camera_5/thumbnails/1.jpg
[0.171s] -- Up-to-date: /home/fortunato/ros2_ws/install/cameras/share/cameras/models/my_camera_5/model.sdf
[0.171s] -- Up-to-date: /home/fortunato/ros2_ws/install/cameras/share/cameras/models/my_camera_5/model.config
[0.171s] -- Up-to-date: /home/fortunato/ros2_ws/install/cameras/share/cameras/models/my_camera_5/materials
[0.172s] -- Up-to-date: /home/fortunato/ros2_ws/install/cameras/share/cameras/models/my_camera_5/materials/textures
[0.173s] -- Up-to-date: /home/fortunato/ros2_ws/install/cameras/share/cameras/models/my_camera_5/materials/textures/3dCamera.jpg
[0.173s] -- Up-to-date: /home/fortunato/ros2_ws/install/cameras/share/cameras/models/my_camera_1
[0.173s] -- Up-to-date: /home/fortunato/ros2_ws/install/cameras/share/cameras/models/my_camera_1/meshes
[0.174s] -- Up-to-date: /home/fortunato/ros2_ws/install/cameras/share/cameras/models/my_camera_1/meshes/3dCamera.DAE
[0.174s] -- Up-to-date: /home/fortunato/ros2_ws/install/cameras/share/cameras/models/my_camera_1/thumbnails
[0.175s] -- Up-to-date: /home/fortunato/ros2_ws/install/cameras/share/cameras/models/my_camera_1/thumbnails/2.jpg
[0.175s] -- Up-to-date: /home/fortunato/ros2_ws/install/cameras/share/cameras/models/my_camera_1/thumbnails/4.jpg
[0.175s] -- Up-to-date: /home/fortunato/ros2_ws/install/cameras/share/cameras/models/my_camera_1/thumbnails/3.jpg
[0.176s] -- Up-to-date: /home/fortunato/ros2_ws/install/cameras/share/cameras/models/my_camera_1/thumbnails/5.jpg
[0.176s] -- Up-to-date: /home/fortunato/ros2_ws/install/cameras/share/cameras/models/my_camera_1/thumbnails/1.jpg
[0.176s] -- Up-to-date: /home/fortunato/ros2_ws/install/cameras/share/cameras/models/my_camera_1/model.sdf
[0.176s] -- Up-to-date: /home/fortunato/ros2_ws/install/cameras/share/cameras/models/my_camera_1/model.config
[0.176s] -- Up-to-date: /home/fortunato/ros2_ws/install/cameras/share/cameras/models/my_camera_1/materials
[0.176s] -- Up-to-date: /home/fortunato/ros2_ws/install/cameras/share/cameras/models/my_camera_1/materials/textures
[0.177s] -- Up-to-date: /home/fortunato/ros2_ws/install/cameras/share/cameras/models/my_camera_1/materials/textures/3dCamera.jpg
[0.177s] -- Up-to-date: /home/fortunato/ros2_ws/install/cameras/share/cameras/models/my_camera_7
[0.177s] -- Up-to-date: /home/fortunato/ros2_ws/install/cameras/share/cameras/models/my_camera_7/meshes
[0.178s] -- Up-to-date: /home/fortunato/ros2_ws/install/cameras/share/cameras/models/my_camera_7/meshes/3dCamera.DAE
[0.178s] -- Up-to-date: /home/fortunato/ros2_ws/install/cameras/share/cameras/models/my_camera_7/thumbnails
[0.179s] -- Up-to-date: /home/fortunato/ros2_ws/install/cameras/share/cameras/models/my_camera_7/thumbnails/2.jpg
[0.179s] -- Up-to-date: /home/fortunato/ros2_ws/install/cameras/share/cameras/models/my_camera_7/thumbnails/4.jpg
[0.179s] -- Up-to-date: /home/fortunato/ros2_ws/install/cameras/share/cameras/models/my_camera_7/thumbnails/3.jpg
[0.180s] -- Up-to-date: /home/fortunato/ros2_ws/install/cameras/share/cameras/models/my_camera_7/thumbnails/5.jpg
[0.180s] -- Up-to-date: /home/fortunato/ros2_ws/install/cameras/share/cameras/models/my_camera_7/thumbnails/1.jpg
[0.180s] -- Up-to-date: /home/fortunato/ros2_ws/install/cameras/share/cameras/models/my_camera_7/model.sdf
[0.180s] -- Up-to-date: /home/fortunato/ros2_ws/install/cameras/share/cameras/models/my_camera_7/model.config
[0.180s] -- Up-to-date: /home/fortunato/ros2_ws/install/cameras/share/cameras/models/my_camera_7/materials
[0.180s] -- Up-to-date: /home/fortunato/ros2_ws/install/cameras/share/cameras/models/my_camera_7/materials/textures
[0.181s] -- Up-to-date: /home/fortunato/ros2_ws/install/cameras/share/cameras/models/my_camera_7/materials/textures/3dCamera.jpg
[0.181s] -- Up-to-date: /home/fortunato/ros2_ws/install/cameras/share/cameras/models/iris
[0.182s] -- Up-to-date: /home/fortunato/ros2_ws/install/cameras/share/cameras/models/iris/iris.sdf.jinja
[0.182s] -- Up-to-date: /home/fortunato/ros2_ws/install/cameras/share/cameras/models/iris/iris.sdf
[0.182s] -- Up-to-date: /home/fortunato/ros2_ws/install/cameras/share/cameras/models/iris/meshes
[0.183s] -- Up-to-date: /home/fortunato/ros2_ws/install/cameras/share/cameras/models/iris/meshes/iris.stl
[0.183s] -- Up-to-date: /home/fortunato/ros2_ws/install/cameras/share/cameras/models/iris/meshes/iris_prop_cw.dae
[0.183s] -- Up-to-date: /home/fortunato/ros2_ws/install/cameras/share/cameras/models/iris/meshes/iris_prop_ccw.dae
[0.183s] -- Up-to-date: /home/fortunato/ros2_ws/install/cameras/share/cameras/models/iris/iris.sdf.last_generated
[0.183s] -- Up-to-date: /home/fortunato/ros2_ws/install/cameras/share/cameras/models/iris/model.config
[0.184s] -- Up-to-date: /home/fortunato/ros2_ws/install/cameras/share/cameras/models/my_camera_6
[0.184s] -- Up-to-date: /home/fortunato/ros2_ws/install/cameras/share/cameras/models/my_camera_6/meshes
[0.184s] -- Up-to-date: /home/fortunato/ros2_ws/install/cameras/share/cameras/models/my_camera_6/meshes/3dCamera.DAE
[0.184s] -- Up-to-date: /home/fortunato/ros2_ws/install/cameras/share/cameras/models/my_camera_6/thumbnails
[0.185s] -- Up-to-date: /home/fortunato/ros2_ws/install/cameras/share/cameras/models/my_camera_6/thumbnails/2.jpg
[0.185s] -- Up-to-date: /home/fortunato/ros2_ws/install/cameras/share/cameras/models/my_camera_6/thumbnails/4.jpg
[0.185s] -- Up-to-date: /home/fortunato/ros2_ws/install/cameras/share/cameras/models/my_camera_6/thumbnails/3.jpg
[0.185s] -- Up-to-date: /home/fortunato/ros2_ws/install/cameras/share/cameras/models/my_camera_6/thumbnails/5.jpg
[0.185s] -- Up-to-date: /home/fortunato/ros2_ws/install/cameras/share/cameras/models/my_camera_6/thumbnails/1.jpg
[0.185s] -- Up-to-date: /home/fortunato/ros2_ws/install/cameras/share/cameras/models/my_camera_6/model.sdf
[0.185s] -- Up-to-date: /home/fortunato/ros2_ws/install/cameras/share/cameras/models/my_camera_6/model.config
[0.186s] -- Up-to-date: /home/fortunato/ros2_ws/install/cameras/share/cameras/models/my_camera_6/materials
[0.186s] -- Up-to-date: /home/fortunato/ros2_ws/install/cameras/share/cameras/models/my_camera_6/materials/textures
[0.186s] -- Up-to-date: /home/fortunato/ros2_ws/install/cameras/share/cameras/models/my_camera_6/materials/textures/3dCamera.jpg
[0.186s] -- Up-to-date: /home/fortunato/ros2_ws/install/cameras/share/cameras/models/my_camera_4
[0.187s] -- Up-to-date: /home/fortunato/ros2_ws/install/cameras/share/cameras/models/my_camera_4/meshes
[0.188s] -- Up-to-date: /home/fortunato/ros2_ws/install/cameras/share/cameras/models/my_camera_4/meshes/3dCamera.DAE
[0.188s] -- Up-to-date: /home/fortunato/ros2_ws/install/cameras/share/cameras/models/my_camera_4/thumbnails
[0.188s] -- Up-to-date: /home/fortunato/ros2_ws/install/cameras/share/cameras/models/my_camera_4/thumbnails/2.jpg
[0.188s] -- Up-to-date: /home/fortunato/ros2_ws/install/cameras/share/cameras/models/my_camera_4/thumbnails/4.jpg
[0.188s] -- Up-to-date: /home/fortunato/ros2_ws/install/cameras/share/cameras/models/my_camera_4/thumbnails/3.jpg
[0.189s] -- Up-to-date: /home/fortunato/ros2_ws/install/cameras/share/cameras/models/my_camera_4/thumbnails/5.jpg
[0.189s] -- Up-to-date: /home/fortunato/ros2_ws/install/cameras/share/cameras/models/my_camera_4/thumbnails/1.jpg
[0.189s] -- Up-to-date: /home/fortunato/ros2_ws/install/cameras/share/cameras/models/my_camera_4/model.sdf
[0.189s] -- Up-to-date: /home/fortunato/ros2_ws/install/cameras/share/cameras/models/my_camera_4/model.config
[0.189s] -- Up-to-date: /home/fortunato/ros2_ws/install/cameras/share/cameras/models/my_camera_4/materials
[0.189s] -- Up-to-date: /home/fortunato/ros2_ws/install/cameras/share/cameras/models/my_camera_4/materials/textures
[0.190s] -- Up-to-date: /home/fortunato/ros2_ws/install/cameras/share/cameras/models/my_camera_4/materials/textures/3dCamera.jpg
[0.190s] -- Up-to-date: /home/fortunato/ros2_ws/install/cameras/share/cameras/models/my_camera_8
[0.191s] -- Up-to-date: /home/fortunato/ros2_ws/install/cameras/share/cameras/models/my_camera_8/meshes
[0.192s] -- Up-to-date: /home/fortunato/ros2_ws/install/cameras/share/cameras/models/my_camera_8/meshes/3dCamera.DAE
[0.192s] -- Up-to-date: /home/fortunato/ros2_ws/install/cameras/share/cameras/models/my_camera_8/thumbnails
[0.193s] -- Up-to-date: /home/fortunato/ros2_ws/install/cameras/share/cameras/models/my_camera_8/thumbnails/2.jpg
[0.193s] -- Up-to-date: /home/fortunato/ros2_ws/install/cameras/share/cameras/models/my_camera_8/thumbnails/4.jpg
[0.193s] -- Up-to-date: /home/fortunato/ros2_ws/install/cameras/share/cameras/models/my_camera_8/thumbnails/3.jpg
[0.193s] -- Up-to-date: /home/fortunato/ros2_ws/install/cameras/share/cameras/models/my_camera_8/thumbnails/5.jpg
[0.193s] -- Up-to-date: /home/fortunato/ros2_ws/install/cameras/share/cameras/models/my_camera_8/thumbnails/1.jpg
[0.194s] -- Up-to-date: /home/fortunato/ros2_ws/install/cameras/share/cameras/models/my_camera_8/model.sdf
[0.194s] -- Up-to-date: /home/fortunato/ros2_ws/install/cameras/share/cameras/models/my_camera_8/model.config
[0.194s] -- Up-to-date: /home/fortunato/ros2_ws/install/cameras/share/cameras/models/my_camera_8/materials
[0.194s] -- Up-to-date: /home/fortunato/ros2_ws/install/cameras/share/cameras/models/my_camera_8/materials/textures
[0.195s] -- Up-to-date: /home/fortunato/ros2_ws/install/cameras/share/cameras/models/my_camera_8/materials/textures/3dCamera.jpg
[0.195s] -- Up-to-date: /home/fortunato/ros2_ws/install/cameras/share/cameras/launch
[0.196s] -- Up-to-date: /home/fortunato/ros2_ws/install/cameras/share/cameras/launch/my_launch_file.launch.py
[0.196s] -- Up-to-date: /home/fortunato/ros2_ws/install/cameras/share/ament_index/resource_index/package_run_dependencies/cameras
[0.197s] -- Up-to-date: /home/fortunato/ros2_ws/install/cameras/share/ament_index/resource_index/parent_prefix_path/cameras
[0.197s] -- Up-to-date: /home/fortunato/ros2_ws/install/cameras/share/cameras/environment/ament_prefix_path.sh
[0.198s] -- Up-to-date: /home/fortunato/ros2_ws/install/cameras/share/cameras/environment/ament_prefix_path.dsv
[0.198s] -- Up-to-date: /home/fortunato/ros2_ws/install/cameras/share/cameras/environment/path.sh
[0.198s] -- Up-to-date: /home/fortunato/ros2_ws/install/cameras/share/cameras/environment/path.dsv
[0.198s] -- Up-to-date: /home/fortunato/ros2_ws/install/cameras/share/cameras/local_setup.bash
[0.198s] -- Up-to-date: /home/fortunato/ros2_ws/install/cameras/share/cameras/local_setup.sh
[0.198s] -- Up-to-date: /home/fortunato/ros2_ws/install/cameras/share/cameras/local_setup.zsh
[0.198s] -- Up-to-date: /home/fortunato/ros2_ws/install/cameras/share/cameras/local_setup.dsv
[0.199s] -- Installing: /home/fortunato/ros2_ws/install/cameras/share/cameras/package.dsv
[0.199s] -- Up-to-date: /home/fortunato/ros2_ws/install/cameras/share/ament_index/resource_index/packages/cameras
[0.200s] -- Up-to-date: /home/fortunato/ros2_ws/install/cameras/share/cameras/cmake/camerasConfig.cmake
[0.200s] -- Up-to-date: /home/fortunato/ros2_ws/install/cameras/share/cameras/cmake/camerasConfig-version.cmake
[0.200s] -- Up-to-date: /home/fortunato/ros2_ws/install/cameras/share/cameras/package.xml
[0.202s] Invoked command in '/home/fortunato/ros2_ws/build/cameras' returned '0': /usr/bin/cmake --install /home/fortunato/ros2_ws/build/cameras
