[0.023s] Invoking command in '/home/fortunato/ros2_ws/build/px4_msgs': CMAKE_PREFIX_PATH=/opt/ros/humble:/home/fortunato/ros2_ws/install/cameras /usr/bin/cmake --build /home/fortunato/ros2_ws/build/px4_msgs -- -j8 -l8
[0.929s] [  0%] Built target px4_msgs__cpp
[0.966s] [  0%] Built target ament_cmake_python_copy_px4_msgs
[1.000s] [ 12%] Built target px4_msgs__rosidl_generator_c
[1.093s] [ 24%] Built target px4_msgs__rosidl_typesupport_fastrtps_cpp
[1.100s] [ 36%] Built target px4_msgs__rosidl_typesupport_cpp
[1.108s] [ 49%] Built target px4_msgs__rosidl_typesupport_c
[1.152s] [ 62%] Built target px4_msgs__rosidl_typesupport_introspection_c
[1.164s] [ 75%] Built target px4_msgs__rosidl_typesupport_introspection_cpp
[1.196s] [ 88%] Built target px4_msgs__rosidl_typesupport_fastrtps_c
[1.218s] [ 88%] Built target px4_msgs
[1.250s] [ 88%] Built target px4_msgs__py
[1.265s] running egg_info
[1.284s] writing px4_msgs.egg-info/PKG-INFO
[1.285s] writing dependency_links to px4_msgs.egg-info/dependency_links.txt
[1.285s] writing top-level names to px4_msgs.egg-info/top_level.txt
[1.347s] reading manifest file 'px4_msgs.egg-info/SOURCES.txt'
[1.353s] writing manifest file 'px4_msgs.egg-info/SOURCES.txt'
[1.370s] [100%] Built target px4_msgs__rosidl_generator_py
[1.382s] [100%] Built target ament_cmake_python_build_px4_msgs_egg
[1.399s] [100%] Built target px4_msgs__rosidl_typesupport_fastrtps_c__pyext
[1.399s] [100%] Built target px4_msgs__rosidl_typesupport_c__pyext
[1.399s] [100%] Built target px4_msgs__rosidl_typesupport_introspection_c__pyext
