[0.026s] Invoking command in '/home/fortunato/ros2_ws/build/tuo_pacchetto': /usr/bin/cmake --build /home/fortunato/ros2_ws/build/tuo_pacchetto -- -j8 -l8
[0.088s] [35m[1mConsolidate compiler generated dependencies of target nodo[0m
[0.148s] [ 50%] [32mBuilding CXX object CMakeFiles/nodo.dir/src/nodo.cpp.o[0m
[3.893s] [01m[K/home/fortunato/ros2_ws/src/nodi/src/nodo.cpp:[m[K In member function ‘[01m[Kvoid NodoConsenso::callback_misura(example_interfaces::msg::Float64MultiArray_<std::allocator<void> >::SharedPtr)[m[K’:
[3.893s] [01m[K/home/fortunato/ros2_ws/src/nodi/src/nodo.cpp:56:9:[m[K [01;31m[Kerror: [m[K‘[01m[Kmisura_iniziale[m[K’ was not declared in this scope
[3.893s]    56 |         [01;31m[Kmisura_iniziale[m[K.push_back(msg->data);
[3.893s]       |         [01;31m[K^~~~~~~~~~~~~~~[m[K
[3.904s] [01m[K/home/fortunato/ros2_ws/src/nodi/src/nodo.cpp:[m[K In member function ‘[01m[Kvoid NodoConsenso::callback_destro(example_interfaces::msg::Float64MultiArray_<std::allocator<void> >::SharedPtr)[m[K’:
[3.904s] [01m[K/home/fortunato/ros2_ws/src/nodi/src/nodo.cpp:60:9:[m[K [01;31m[Kerror: [m[K‘[01m[Kstima_destra_ricevuta_[m[K’ was not declared in this scope
[3.904s]    60 |         [01;31m[Kstima_destra_ricevuta_[m[K.push_back(msg->data);
[3.904s]       |         [01;31m[K^~~~~~~~~~~~~~~~~~~~~~[m[K
[3.934s] [01m[K/home/fortunato/ros2_ws/src/nodi/src/nodo.cpp:[m[K In member function ‘[01m[Kvoid NodoConsenso::callback_sinistro(example_interfaces::msg::Float64MultiArray_<std::allocator<void> >::SharedPtr)[m[K’:
[3.935s] [01m[K/home/fortunato/ros2_ws/src/nodi/src/nodo.cpp:64:9:[m[K [01;31m[Kerror: [m[K‘[01m[Kstima_sinistra_ricevuta[m[K’ was not declared in this scope
[3.935s]    64 |         [01;31m[Kstima_sinistra_ricevuta[m[K.push_back(msg->data);
[3.935s]       |         [01;31m[K^~~~~~~~~~~~~~~~~~~~~~~[m[K
[3.941s] [01m[K/home/fortunato/ros2_ws/src/nodi/src/nodo.cpp:[m[K In member function ‘[01m[Kstd::vector<int> NodoConsenso::appendColonne(const std::vector<std::vector<int> >&, const std::vector<std::vector<int> >&)[m[K’:
[3.941s] [01m[K/home/fortunato/ros2_ws/src/nodi/src/nodo.cpp:115:30:[m[K [01;31m[Kerror: [m[Kno matching function for call to ‘[01m[Kstd::vector<int>::push_back(const value_type&)[m[K’
[3.941s]   115 |             [01;31m[Kvettore.push_back(vettore2[k])[m[K;
[3.941s]       |             [01;31m[K~~~~~~~~~~~~~~~~~^~~~~~~~~~~~~[m[K
[3.941s] In file included from [01m[K/usr/include/c++/11/vector:67[m[K,
[3.941s]                  from [01m[K/usr/include/c++/11/functional:62[m[K,
[3.941s]                  from [01m[K/usr/include/c++/11/pstl/glue_algorithm_defs.h:13[m[K,
[3.941s]                  from [01m[K/usr/include/c++/11/algorithm:74[m[K,
[3.941s]                  from [01m[K/opt/ros/humble/include/rclcpp/rclcpp/executor.hpp:18[m[K,
[3.941s]                  from [01m[K/opt/ros/humble/include/rclcpp/rclcpp/executors/multi_threaded_executor.hpp:25[m[K,
[3.942s]                  from [01m[K/opt/ros/humble/include/rclcpp/rclcpp/executors.hpp:21[m[K,
[3.942s]                  from [01m[K/opt/ros/humble/include/rclcpp/rclcpp/rclcpp.hpp:155[m[K,
[3.942s]                  from [01m[K/home/fortunato/ros2_ws/src/nodi/src/nodo.cpp:1[m[K:
[3.942s] [01m[K/usr/include/c++/11/bits/stl_vector.h:1187:7:[m[K [01;36m[Knote: [m[Kcandidate: ‘[01m[Kvoid std::vector<_Tp, _Alloc>::push_back(const value_type&) [with _Tp = int; _Alloc = std::allocator<int>; std::vector<_Tp, _Alloc>::value_type = int][m[K’
[3.942s]  1187 |       [01;36m[Kpush_back[m[K(const value_type& __x)
[3.942s]       |       [01;36m[K^~~~~~~~~[m[K
[3.942s] [01m[K/usr/include/c++/11/bits/stl_vector.h:1187:35:[m[K [01;36m[Knote: [m[K  no known conversion for argument 1 from ‘[01m[Kconst value_type[m[K’ {aka ‘[01m[Kconst std::vector<int>[m[K’} to ‘[01m[Kconst value_type&[m[K’ {aka ‘[01m[Kconst int&[m[K’}
[3.942s]  1187 |       push_back([01;36m[Kconst value_type& __x[m[K)
[3.942s]       |                 [01;36m[K~~~~~~~~~~~~~~~~~~^~~[m[K
[3.942s] [01m[K/usr/include/c++/11/bits/stl_vector.h:1203:7:[m[K [01;36m[Knote: [m[Kcandidate: ‘[01m[Kvoid std::vector<_Tp, _Alloc>::push_back(std::vector<_Tp, _Alloc>::value_type&&) [with _Tp = int; _Alloc = std::allocator<int>; std::vector<_Tp, _Alloc>::value_type = int][m[K’
[3.942s]  1203 |       [01;36m[Kpush_back[m[K(value_type&& __x)
[3.942s]       |       [01;36m[K^~~~~~~~~[m[K
[3.942s] [01m[K/usr/include/c++/11/bits/stl_vector.h:1203:30:[m[K [01;36m[Knote: [m[K  no known conversion for argument 1 from ‘[01m[Kconst value_type[m[K’ {aka ‘[01m[Kconst std::vector<int>[m[K’} to ‘[01m[Kstd::vector<int>::value_type&&[m[K’ {aka ‘[01m[Kint&&[m[K’}
[3.942s]  1203 |       push_back([01;36m[Kvalue_type&& __x[m[K)
[3.942s]       |                 [01;36m[K~~~~~~~~~~~~~^~~[m[K
[3.951s] [01m[K/home/fortunato/ros2_ws/src/nodi/src/nodo.cpp:[m[K In member function ‘[01m[Kvoid NodoConsenso::crea_stima()[m[K’:
[3.951s] [01m[K/home/fortunato/ros2_ws/src/nodi/src/nodo.cpp:121:14:[m[K [01;31m[Kerror: [m[K‘[01m[Kmisura_ricevuta[m[K’ was not declared in this scope
[3.951s]   121 |         if (![01;31m[Kmisura_ricevuta[m[K.empty()) {
[3.952s]       |              [01;31m[K^~~~~~~~~~~~~~~[m[K
[3.960s] [01m[K/home/fortunato/ros2_ws/src/nodi/src/nodo.cpp:122:28:[m[K [01;31m[Kerror: [m[K‘[01m[Kmisura_ricevuta_[m[K’ was not declared in this scope
[3.960s]   122 |             float misura = [01;31m[Kmisura_ricevuta_[m[K;
[3.960s]       |                            [01;31m[K^~~~~~~~~~~~~~~~[m[K
[3.960s] [01m[K/home/fortunato/ros2_ws/src/nodi/src/nodo.cpp:123:56:[m[K [01;31m[Kerror: [m[Kno match for ‘[01m[Koperator*[m[K’ (operand types are ‘[01m[Kint[m[K’ and ‘[01m[Kstd::vector<std::vector<int> >[m[K’)
[3.961s]   123 |             std::vector<std::vector<double>>  V0 = [32m[K1/8[m[K [01;31m[K*[m[K [34m[KJpri[m[K + moltiplicaMatrici(moltiplicaMatrici(trasposta(H),R),H);
[3.961s]       |                                                    [32m[K~~~[m[K [01;31m[K^[m[K [34m[K~~~~[m[K
[3.961s]       |                                                     [32m[K|[m[K    [34m[K|[m[K
[3.961s]       |                                                     [32m[Kint[m[K  [34m[Kstd::vector<std::vector<int> >[m[K
[3.961s] [01m[K/home/fortunato/ros2_ws/src/nodi/src/nodo.cpp:123:110:[m[K [01;31m[Kerror: [m[Kcannot convert ‘[01m[Kstd::vector<std::vector<int> >[m[K’ to ‘[01m[Kconst std::vector<std::vector<double, std::allocator<double> > >&[m[K’
[3.961s]   123 |  = 1/8 * Jpri + moltiplicaMatrici(moltiplicaMatrici([01;31m[Ktrasposta(H)[m[K,R),H);
[3.961s]       |                                                     [01;31m[K~~~~~~~~~^~~[m[K
[3.961s]       |                                                              [01;31m[K|[m[K
[3.961s]       |                                                              [01;31m[Kstd::vector<std::vector<int> >[m[K
[3.961s] 
[3.961s] [01m[K/home/fortunato/ros2_ws/src/nodi/src/nodo.cpp:83:49:[m[K [01;36m[Knote: [m[K  initializing argument 1 of ‘[01m[Kstd::vector<std::vector<double, std::allocator<double> > > NodoConsenso::moltiplicaMatrici(const std::vector<std::vector<double, std::allocator<double> > >&, const std::vector<std::vector<double, std::allocator<double> > >&)[m[K’
[3.961s]    83 |         [01;36m[Kconst std::vector<std::vector<double>>& A[m[K,
[3.961s]       |         [01;36m[K~~~~~~~~~~~~~~~~~~~~~~~~~~~~~~~~~~~~~~~~^[m[K
[3.964s] [01m[K/home/fortunato/ros2_ws/src/nodi/src/nodo.cpp:124:149:[m[K [01;31m[Kerror: [m[K‘[01m[KB[m[K’ was not declared in this scope
[3.964s]   124 | icevuta) + moltiplicaMatrici(moltiplicaMatrici(trasposta(H),[01;31m[KB[m[K),misura_ricevuta);
[3.964s]       |                                                             [01;31m[K^[m[K
[3.965s] 
[3.965s] [01m[K/home/fortunato/ros2_ws/src/nodi/src/nodo.cpp:125:65:[m[K [01;31m[Kerror: [m[Kcannot convert ‘[01m[Kstd::vector<std::vector<double, std::allocator<double> > >[m[K’ to ‘[01m[Kconst std::vector<std::vector<int> >&[m[K’
[3.965s]   125 |             std::vector<std::vector<double>>  V = appendColonne([01;31m[KV0[m[K,v0);
[3.965s]       |                                                                 [01;31m[K^~[m[K
[3.965s]       |                                                                 [01;31m[K|[m[K
[3.965s]       |                                                                 [01;31m[Kstd::vector<std::vector<double, std::allocator<double> > >[m[K
[3.965s] [01m[K/home/fortunato/ros2_ws/src/nodi/src/nodo.cpp:105:73:[m[K [01;36m[Knote: [m[K  initializing argument 1 of ‘[01m[Kstd::vector<int> NodoConsenso::appendColonne(const std::vector<std::vector<int> >&, const std::vector<std::vector<int> >&)[m[K’
[3.965s]   105 | tor<int> appendColonne([01;36m[Kconst std::vector<std::vector<int>>& matrice[m[K,const std::vector<std::vector<int>>& vettore2) {
[3.965s]       |                        [01;36m[K~~~~~~~~~~~~~~~~~~~~~~~~~~~~~~~~~~~~~^~~~~~~[m[K
[3.965s] 
[3.966s] [01m[K/home/fortunato/ros2_ws/src/nodi/src/nodo.cpp:127:45:[m[K [01;31m[Kerror: [m[K‘[01m[KFloat64MultiArray[m[K’ is not a member of ‘[01m[Kstd_msgs::msg[m[K’; did you mean ‘[01m[Kexample_interfaces::msg::Float64MultiArray[m[K’?
[3.966s]   127 |             auto messaggio = std_msgs::msg::[01;31m[KFloat64MultiArray[m[K();
[3.966s]       |                                             [01;31m[K^~~~~~~~~~~~~~~~~[m[K
[3.966s] In file included from [01m[K/opt/ros/humble/include/example_interfaces/example_interfaces/msg/float64_multi_array.hpp:7[m[K,
[3.966s]                  from [01m[K/home/fortunato/ros2_ws/src/nodi/src/nodo.cpp:3[m[K:
[3.966s] [01m[K/opt/ros/humble/include/example_interfaces/example_interfaces/msg/detail/float64_multi_array__struct.hpp:131:7:[m[K [01;36m[Knote: [m[K‘[01m[Kexample_interfaces::msg::Float64MultiArray[m[K’ declared here
[3.966s]   131 | using [01;36m[KFloat64MultiArray[m[K =
[3.967s]       |       [01;36m[K^~~~~~~~~~~~~~~~~[m[K
[6.517s] gmake[2]: *** [CMakeFiles/nodo.dir/build.make:76: CMakeFiles/nodo.dir/src/nodo.cpp.o] Errore 1
[6.518s] gmake[1]: *** [CMakeFiles/Makefile2:137: CMakeFiles/nodo.dir/all] Errore 2
[6.518s] gmake: *** [Makefile:146: all] Errore 2
[6.520s] Invoked command in '/home/fortunato/ros2_ws/build/tuo_pacchetto' returned '2': /usr/bin/cmake --build /home/fortunato/ros2_ws/build/tuo_pacchetto -- -j8 -l8
