[0.022s] Invoking command in '/home/fortunato/ros2_ws/build/px4': CMAKE_PREFIX_PATH=/opt/ros/humble:/home/fortunato/ros2_ws/install/cameras /usr/bin/cmake --build /home/fortunato/ros2_ws/build/px4 -- -j8 -l8
[0.114s] [  0%] Built target drivers_board
[0.115s] [  0%] Built target px4_layer
[0.172s] [  0%] Built target px4__cpp
[0.258s] [ 12%] Built target px4__rosidl_generator_c
[0.401s] [ 24%] Built target px4__rosidl_typesupport_c
[0.419s] [ 36%] Built target px4__rosidl_typesupport_introspection_cpp
[0.432s] [ 48%] Built target px4__rosidl_typesupport_introspection_c
[0.433s] [ 60%] Built target px4__rosidl_typesupport_cpp
[0.449s] [ 60%] Built target ament_cmake_python_copy_px4
[0.462s] [ 72%] Built target px4__rosidl_typesupport_fastrtps_cpp
[0.480s] [ 85%] Built target px4__rosidl_typesupport_fastrtps_c
[0.506s] [ 85%] Built target px4
[0.546s] [ 85%] Built target px4__py
[0.701s] [ 98%] Built target px4__rosidl_generator_py
[0.751s] [ 98%] Built target px4__rosidl_typesupport_fastrtps_c__pyext
[0.752s] [100%] Built target px4__rosidl_typesupport_introspection_c__pyext
[0.753s] [100%] Built target px4__rosidl_typesupport_c__pyext
[0.754s] running egg_info
[0.775s] writing px4.egg-info/PKG-INFO
[0.775s] writing dependency_links to px4.egg-info/dependency_links.txt
[0.776s] writing top-level names to px4.egg-info/top_level.txt
[0.836s] reading manifest file 'px4.egg-info/SOURCES.txt'
[0.843s] writing manifest file 'px4.egg-info/SOURCES.txt'
[0.871s] [100%] Built target ament_cmake_python_build_px4_egg
