[0.150s] DEBUG:colcon:Command line arguments: ['/home/fortunato/.local/bin/colcon', 'build']
[0.150s] DEBUG:colcon:Parsed command line arguments: Namespace(log_base=None, log_level=None, verb_name='build', build_base='build', install_base='install', merge_install=False, symlink_install=False, test_result_base=None, continue_on_error=False, executor='parallel', parallel_workers=8, event_handlers=None, ignore_user_meta=False, metas=['./colcon.meta'], base_paths=['.'], packages_ignore=None, packages_ignore_regex=None, paths=None, packages_up_to=None, packages_up_to_regex=None, packages_above=None, packages_above_and_dependencies=None, packages_above_depth=None, packages_select_by_dep=None, packages_skip_by_dep=None, packages_skip_up_to=None, packages_select_build_failed=False, packages_skip_build_finished=False, packages_select_test_failures=False, packages_skip_test_passed=False, packages_select=None, packages_skip=None, packages_select_regex=None, packages_skip_regex=None, packages_start=None, packages_end=None, allow_overriding=[], cmake_args=None, cmake_target=None, cmake_target_skip_unavailable=False, cmake_clean_cache=False, cmake_clean_first=False, cmake_force_configure=False, ament_cmake_args=None, catkin_cmake_args=None, catkin_skip_building_tests=False, mixin_files=None, mixin=None, verb_parser=<colcon_mixin.mixin.mixin_argument.MixinArgumentDecorator object at 0x75506058b4c0>, verb_extension=<colcon_core.verb.build.BuildVerb object at 0x75506058aef0>, main=<bound method BuildVerb.main of <colcon_core.verb.build.BuildVerb object at 0x75506058aef0>>, mixin_verb=('build',))
[0.302s] Level 1:colcon.colcon_core.package_discovery:discover_packages(colcon_meta) check parameters
[0.302s] Level 1:colcon.colcon_core.package_discovery:discover_packages(recursive) check parameters
[0.302s] Level 1:colcon.colcon_core.package_discovery:discover_packages(ignore) check parameters
[0.302s] Level 1:colcon.colcon_core.package_discovery:discover_packages(path) check parameters
[0.302s] Level 1:colcon.colcon_core.package_discovery:discover_packages(colcon_meta) discover
[0.302s] Level 1:colcon.colcon_core.package_discovery:discover_packages(recursive) discover
[0.302s] INFO:colcon.colcon_core.package_discovery:Crawling recursively for packages in '/home/fortunato/ros2_ws'
[0.302s] Level 1:colcon.colcon_core.package_identification:_identify(.) by extensions ['ignore', 'ignore_ament_install']
[0.302s] Level 1:colcon.colcon_core.package_identification:_identify(.) by extension 'ignore'
[0.302s] Level 1:colcon.colcon_core.package_identification:_identify(.) by extension 'ignore_ament_install'
[0.303s] Level 1:colcon.colcon_core.package_identification:_identify(.) by extensions ['colcon_pkg']
[0.303s] Level 1:colcon.colcon_core.package_identification:_identify(.) by extension 'colcon_pkg'
[0.303s] Level 1:colcon.colcon_core.package_identification:_identify(.) by extensions ['colcon_meta']
[0.303s] Level 1:colcon.colcon_core.package_identification:_identify(.) by extension 'colcon_meta'
[0.303s] Level 1:colcon.colcon_core.package_identification:_identify(.) by extensions ['ros']
[0.303s] Level 1:colcon.colcon_core.package_identification:_identify(.) by extension 'ros'
[0.325s] Level 1:colcon.colcon_core.package_identification:_identify(.) by extensions ['cmake', 'python']
[0.325s] Level 1:colcon.colcon_core.package_identification:_identify(.) by extension 'cmake'
[0.325s] Level 1:colcon.colcon_core.package_identification:_identify(.) by extension 'python'
[0.325s] Level 1:colcon.colcon_core.package_identification:_identify(.) by extensions ['python_setup_py']
[0.325s] Level 1:colcon.colcon_core.package_identification:_identify(.) by extension 'python_setup_py'
[0.325s] Level 1:colcon.colcon_core.package_identification:_identify(build) by extensions ['ignore', 'ignore_ament_install']
[0.325s] Level 1:colcon.colcon_core.package_identification:_identify(build) by extension 'ignore'
[0.325s] Level 1:colcon.colcon_core.package_identification:_identify(build) ignored
[0.325s] Level 1:colcon.colcon_core.package_identification:_identify(install) by extensions ['ignore', 'ignore_ament_install']
[0.326s] Level 1:colcon.colcon_core.package_identification:_identify(install) by extension 'ignore'
[0.326s] Level 1:colcon.colcon_core.package_identification:_identify(install) ignored
[0.326s] Level 1:colcon.colcon_core.package_identification:_identify(log) by extensions ['ignore', 'ignore_ament_install']
[0.326s] Level 1:colcon.colcon_core.package_identification:_identify(log) by extension 'ignore'
[0.326s] Level 1:colcon.colcon_core.package_identification:_identify(log) ignored
[0.326s] Level 1:colcon.colcon_core.package_identification:_identify(src) by extensions ['ignore', 'ignore_ament_install']
[0.326s] Level 1:colcon.colcon_core.package_identification:_identify(src) by extension 'ignore'
[0.326s] Level 1:colcon.colcon_core.package_identification:_identify(src) by extension 'ignore_ament_install'
[0.326s] Level 1:colcon.colcon_core.package_identification:_identify(src) by extensions ['colcon_pkg']
[0.326s] Level 1:colcon.colcon_core.package_identification:_identify(src) by extension 'colcon_pkg'
[0.326s] Level 1:colcon.colcon_core.package_identification:_identify(src) by extensions ['colcon_meta']
[0.326s] Level 1:colcon.colcon_core.package_identification:_identify(src) by extension 'colcon_meta'
[0.326s] Level 1:colcon.colcon_core.package_identification:_identify(src) by extensions ['ros']
[0.326s] Level 1:colcon.colcon_core.package_identification:_identify(src) by extension 'ros'
[0.326s] Level 1:colcon.colcon_core.package_identification:_identify(src) by extensions ['cmake', 'python']
[0.326s] Level 1:colcon.colcon_core.package_identification:_identify(src) by extension 'cmake'
[0.326s] Level 1:colcon.colcon_core.package_identification:_identify(src) by extension 'python'
[0.326s] Level 1:colcon.colcon_core.package_identification:_identify(src) by extensions ['python_setup_py']
[0.326s] Level 1:colcon.colcon_core.package_identification:_identify(src) by extension 'python_setup_py'
[0.326s] Level 1:colcon.colcon_core.package_identification:_identify(src/PX4-Autopilot) by extensions ['ignore', 'ignore_ament_install']
[0.327s] Level 1:colcon.colcon_core.package_identification:_identify(src/PX4-Autopilot) by extension 'ignore'
[0.327s] Level 1:colcon.colcon_core.package_identification:_identify(src/PX4-Autopilot) by extension 'ignore_ament_install'
[0.327s] Level 1:colcon.colcon_core.package_identification:_identify(src/PX4-Autopilot) by extensions ['colcon_pkg']
[0.327s] Level 1:colcon.colcon_core.package_identification:_identify(src/PX4-Autopilot) by extension 'colcon_pkg'
[0.327s] Level 1:colcon.colcon_core.package_identification:_identify(src/PX4-Autopilot) by extensions ['colcon_meta']
[0.327s] Level 1:colcon.colcon_core.package_identification:_identify(src/PX4-Autopilot) by extension 'colcon_meta'
[0.327s] Level 1:colcon.colcon_core.package_identification:_identify(src/PX4-Autopilot) by extensions ['ros']
[0.327s] Level 1:colcon.colcon_core.package_identification:_identify(src/PX4-Autopilot) by extension 'ros'
[0.329s] DEBUG:colcon.colcon_core.package_identification:Package 'src/PX4-Autopilot' with type 'ros.ament_cmake' and name 'px4'
[0.330s] Level 1:colcon.colcon_core.package_identification:_identify(src/cameras) by extensions ['ignore', 'ignore_ament_install']
[0.330s] Level 1:colcon.colcon_core.package_identification:_identify(src/cameras) by extension 'ignore'
[0.330s] Level 1:colcon.colcon_core.package_identification:_identify(src/cameras) by extension 'ignore_ament_install'
[0.330s] Level 1:colcon.colcon_core.package_identification:_identify(src/cameras) by extensions ['colcon_pkg']
[0.330s] Level 1:colcon.colcon_core.package_identification:_identify(src/cameras) by extension 'colcon_pkg'
[0.330s] Level 1:colcon.colcon_core.package_identification:_identify(src/cameras) by extensions ['colcon_meta']
[0.330s] Level 1:colcon.colcon_core.package_identification:_identify(src/cameras) by extension 'colcon_meta'
[0.330s] Level 1:colcon.colcon_core.package_identification:_identify(src/cameras) by extensions ['ros']
[0.330s] Level 1:colcon.colcon_core.package_identification:_identify(src/cameras) by extension 'ros'
[0.330s] DEBUG:colcon.colcon_core.package_identification:Package 'src/cameras' with type 'ros.catkin' and name 'cameras'
[0.330s] Level 1:colcon.colcon_core.package_identification:_identify(src/px4_msgs) by extensions ['ignore', 'ignore_ament_install']
[0.330s] Level 1:colcon.colcon_core.package_identification:_identify(src/px4_msgs) by extension 'ignore'
[0.331s] Level 1:colcon.colcon_core.package_identification:_identify(src/px4_msgs) by extension 'ignore_ament_install'
[0.331s] Level 1:colcon.colcon_core.package_identification:_identify(src/px4_msgs) by extensions ['colcon_pkg']
[0.331s] Level 1:colcon.colcon_core.package_identification:_identify(src/px4_msgs) by extension 'colcon_pkg'
[0.331s] Level 1:colcon.colcon_core.package_identification:_identify(src/px4_msgs) by extensions ['colcon_meta']
[0.331s] Level 1:colcon.colcon_core.package_identification:_identify(src/px4_msgs) by extension 'colcon_meta'
[0.331s] Level 1:colcon.colcon_core.package_identification:_identify(src/px4_msgs) by extensions ['ros']
[0.331s] Level 1:colcon.colcon_core.package_identification:_identify(src/px4_msgs) by extension 'ros'
[0.331s] DEBUG:colcon.colcon_core.package_identification:Package 'src/px4_msgs' with type 'ros.ament_cmake' and name 'px4_msgs'
[0.331s] Level 1:colcon.colcon_core.package_identification:_identify(src/px4_ros_com) by extensions ['ignore', 'ignore_ament_install']
[0.332s] Level 1:colcon.colcon_core.package_identification:_identify(src/px4_ros_com) by extension 'ignore'
[0.332s] Level 1:colcon.colcon_core.package_identification:_identify(src/px4_ros_com) by extension 'ignore_ament_install'
[0.332s] Level 1:colcon.colcon_core.package_identification:_identify(src/px4_ros_com) by extensions ['colcon_pkg']
[0.332s] Level 1:colcon.colcon_core.package_identification:_identify(src/px4_ros_com) by extension 'colcon_pkg'
[0.332s] Level 1:colcon.colcon_core.package_identification:_identify(src/px4_ros_com) by extensions ['colcon_meta']
[0.332s] Level 1:colcon.colcon_core.package_identification:_identify(src/px4_ros_com) by extension 'colcon_meta'
[0.332s] Level 1:colcon.colcon_core.package_identification:_identify(src/px4_ros_com) by extensions ['ros']
[0.332s] Level 1:colcon.colcon_core.package_identification:_identify(src/px4_ros_com) by extension 'ros'
[0.333s] DEBUG:colcon.colcon_core.package_identification:Package 'src/px4_ros_com' with type 'ros.ament_cmake' and name 'px4_ros_com'
[0.333s] Level 1:colcon.colcon_core.package_discovery:discover_packages(recursive) using defaults
[0.333s] Level 1:colcon.colcon_core.package_discovery:discover_packages(ignore) discover
[0.333s] Level 1:colcon.colcon_core.package_discovery:discover_packages(ignore) using defaults
[0.333s] Level 1:colcon.colcon_core.package_discovery:discover_packages(path) discover
[0.333s] Level 1:colcon.colcon_core.package_discovery:discover_packages(path) using defaults
[0.350s] Level 1:colcon.colcon_core.package_discovery:discover_packages(prefix_path) check parameters
[0.350s] Level 1:colcon.colcon_core.package_discovery:discover_packages(prefix_path) discover
[0.352s] DEBUG:colcon.colcon_installed_package_information.package_discovery:Found 293 installed packages in /opt/ros/humble
[0.355s] DEBUG:colcon.colcon_installed_package_information.package_discovery:Found 4 installed packages in /home/fortunato/ros2_ws/install
[0.355s] Level 1:colcon.colcon_core.package_discovery:discover_packages(prefix_path) using defaults
[0.389s] Level 5:colcon.colcon_core.verb:set package 'cameras' build argument 'cmake_args' from command line to 'None'
[0.389s] Level 5:colcon.colcon_core.verb:set package 'cameras' build argument 'cmake_target' from command line to 'None'
[0.389s] Level 5:colcon.colcon_core.verb:set package 'cameras' build argument 'cmake_target_skip_unavailable' from command line to 'False'
[0.389s] Level 5:colcon.colcon_core.verb:set package 'cameras' build argument 'cmake_clean_cache' from command line to 'False'
[0.389s] Level 5:colcon.colcon_core.verb:set package 'cameras' build argument 'cmake_clean_first' from command line to 'False'
[0.389s] Level 5:colcon.colcon_core.verb:set package 'cameras' build argument 'cmake_force_configure' from command line to 'False'
[0.389s] Level 5:colcon.colcon_core.verb:set package 'cameras' build argument 'ament_cmake_args' from command line to 'None'
[0.389s] Level 5:colcon.colcon_core.verb:set package 'cameras' build argument 'catkin_cmake_args' from command line to 'None'
[0.389s] Level 5:colcon.colcon_core.verb:set package 'cameras' build argument 'catkin_skip_building_tests' from command line to 'False'
[0.389s] DEBUG:colcon.colcon_core.verb:Building package 'cameras' with the following arguments: {'ament_cmake_args': None, 'build_base': '/home/fortunato/ros2_ws/build/cameras', 'catkin_cmake_args': None, 'catkin_skip_building_tests': False, 'cmake_args': None, 'cmake_clean_cache': False, 'cmake_clean_first': False, 'cmake_force_configure': False, 'cmake_target': None, 'cmake_target_skip_unavailable': False, 'install_base': '/home/fortunato/ros2_ws/install/cameras', 'merge_install': False, 'path': '/home/fortunato/ros2_ws/src/cameras', 'symlink_install': False, 'test_result_base': None}
[0.389s] Level 5:colcon.colcon_core.verb:set package 'px4' build argument 'cmake_args' from command line to 'None'
[0.389s] Level 5:colcon.colcon_core.verb:set package 'px4' build argument 'cmake_target' from command line to 'None'
[0.389s] Level 5:colcon.colcon_core.verb:set package 'px4' build argument 'cmake_target_skip_unavailable' from command line to 'False'
[0.389s] Level 5:colcon.colcon_core.verb:set package 'px4' build argument 'cmake_clean_cache' from command line to 'False'
[0.389s] Level 5:colcon.colcon_core.verb:set package 'px4' build argument 'cmake_clean_first' from command line to 'False'
[0.389s] Level 5:colcon.colcon_core.verb:set package 'px4' build argument 'cmake_force_configure' from command line to 'False'
[0.389s] Level 5:colcon.colcon_core.verb:set package 'px4' build argument 'ament_cmake_args' from command line to 'None'
[0.389s] Level 5:colcon.colcon_core.verb:set package 'px4' build argument 'catkin_cmake_args' from command line to 'None'
[0.389s] Level 5:colcon.colcon_core.verb:set package 'px4' build argument 'catkin_skip_building_tests' from command line to 'False'
[0.389s] DEBUG:colcon.colcon_core.verb:Building package 'px4' with the following arguments: {'ament_cmake_args': None, 'build_base': '/home/fortunato/ros2_ws/build/px4', 'catkin_cmake_args': None, 'catkin_skip_building_tests': False, 'cmake_args': None, 'cmake_clean_cache': False, 'cmake_clean_first': False, 'cmake_force_configure': False, 'cmake_target': None, 'cmake_target_skip_unavailable': False, 'install_base': '/home/fortunato/ros2_ws/install/px4', 'merge_install': False, 'path': '/home/fortunato/ros2_ws/src/PX4-Autopilot', 'symlink_install': False, 'test_result_base': None}
[0.390s] Level 5:colcon.colcon_core.verb:set package 'px4_msgs' build argument 'cmake_args' from command line to 'None'
[0.390s] Level 5:colcon.colcon_core.verb:set package 'px4_msgs' build argument 'cmake_target' from command line to 'None'
[0.390s] Level 5:colcon.colcon_core.verb:set package 'px4_msgs' build argument 'cmake_target_skip_unavailable' from command line to 'False'
[0.390s] Level 5:colcon.colcon_core.verb:set package 'px4_msgs' build argument 'cmake_clean_cache' from command line to 'False'
[0.390s] Level 5:colcon.colcon_core.verb:set package 'px4_msgs' build argument 'cmake_clean_first' from command line to 'False'
[0.390s] Level 5:colcon.colcon_core.verb:set package 'px4_msgs' build argument 'cmake_force_configure' from command line to 'False'
[0.390s] Level 5:colcon.colcon_core.verb:set package 'px4_msgs' build argument 'ament_cmake_args' from command line to 'None'
[0.390s] Level 5:colcon.colcon_core.verb:set package 'px4_msgs' build argument 'catkin_cmake_args' from command line to 'None'
[0.390s] Level 5:colcon.colcon_core.verb:set package 'px4_msgs' build argument 'catkin_skip_building_tests' from command line to 'False'
[0.390s] DEBUG:colcon.colcon_core.verb:Building package 'px4_msgs' with the following arguments: {'ament_cmake_args': None, 'build_base': '/home/fortunato/ros2_ws/build/px4_msgs', 'catkin_cmake_args': None, 'catkin_skip_building_tests': False, 'cmake_args': None, 'cmake_clean_cache': False, 'cmake_clean_first': False, 'cmake_force_configure': False, 'cmake_target': None, 'cmake_target_skip_unavailable': False, 'install_base': '/home/fortunato/ros2_ws/install/px4_msgs', 'merge_install': False, 'path': '/home/fortunato/ros2_ws/src/px4_msgs', 'symlink_install': False, 'test_result_base': None}
[0.390s] Level 5:colcon.colcon_core.verb:set package 'px4_ros_com' build argument 'cmake_args' from command line to 'None'
[0.390s] Level 5:colcon.colcon_core.verb:set package 'px4_ros_com' build argument 'cmake_target' from command line to 'None'
[0.390s] Level 5:colcon.colcon_core.verb:set package 'px4_ros_com' build argument 'cmake_target_skip_unavailable' from command line to 'False'
[0.390s] Level 5:colcon.colcon_core.verb:set package 'px4_ros_com' build argument 'cmake_clean_cache' from command line to 'False'
[0.390s] Level 5:colcon.colcon_core.verb:set package 'px4_ros_com' build argument 'cmake_clean_first' from command line to 'False'
[0.390s] Level 5:colcon.colcon_core.verb:set package 'px4_ros_com' build argument 'cmake_force_configure' from command line to 'False'
[0.390s] Level 5:colcon.colcon_core.verb:set package 'px4_ros_com' build argument 'ament_cmake_args' from command line to 'None'
[0.390s] Level 5:colcon.colcon_core.verb:set package 'px4_ros_com' build argument 'catkin_cmake_args' from command line to 'None'
[0.390s] Level 5:colcon.colcon_core.verb:set package 'px4_ros_com' build argument 'catkin_skip_building_tests' from command line to 'False'
[0.391s] DEBUG:colcon.colcon_core.verb:Building package 'px4_ros_com' with the following arguments: {'ament_cmake_args': None, 'build_base': '/home/fortunato/ros2_ws/build/px4_ros_com', 'catkin_cmake_args': None, 'catkin_skip_building_tests': False, 'cmake_args': None, 'cmake_clean_cache': False, 'cmake_clean_first': False, 'cmake_force_configure': False, 'cmake_target': None, 'cmake_target_skip_unavailable': False, 'install_base': '/home/fortunato/ros2_ws/install/px4_ros_com', 'merge_install': False, 'path': '/home/fortunato/ros2_ws/src/px4_ros_com', 'symlink_install': False, 'test_result_base': None}
[0.391s] INFO:colcon.colcon_core.executor:Executing jobs using 'parallel' executor
[0.391s] DEBUG:colcon.colcon_parallel_executor.executor.parallel:run_until_complete
[0.392s] INFO:colcon.colcon_ros.task.ament_cmake.build:Building ROS package in '/home/fortunato/ros2_ws/src/px4_msgs' with build type 'ament_cmake'
[0.392s] INFO:colcon.colcon_cmake.task.cmake.build:Building CMake package in '/home/fortunato/ros2_ws/src/px4_msgs'
[0.394s] INFO:colcon.colcon_core.plugin_system:Skipping extension 'colcon_core.shell.bat': Not used on non-Windows systems
[0.394s] INFO:colcon.colcon_core.shell:Skip shell extension 'powershell' for command environment: Not usable outside of PowerShell
[0.394s] DEBUG:colcon.colcon_core.shell:Skip shell extension 'dsv' for command environment
[0.397s] INFO:colcon.colcon_ros.task.catkin.build:Building ROS package in '/home/fortunato/ros2_ws/src/cameras' with build type 'catkin'
[0.397s] INFO:colcon.colcon_cmake.task.cmake.build:Building CMake package in '/home/fortunato/ros2_ws/src/cameras'
[0.397s] INFO:colcon.colcon_core.shell:Skip shell extension 'powershell' for command environment: Not usable outside of PowerShell
[0.397s] DEBUG:colcon.colcon_core.shell:Skip shell extension 'dsv' for command environment
[0.400s] INFO:colcon.colcon_ros.task.ament_cmake.build:Building ROS package in '/home/fortunato/ros2_ws/src/PX4-Autopilot' with build type 'ament_cmake'
[0.400s] INFO:colcon.colcon_cmake.task.cmake.build:Building CMake package in '/home/fortunato/ros2_ws/src/PX4-Autopilot'
[0.400s] INFO:colcon.colcon_core.shell:Skip shell extension 'powershell' for command environment: Not usable outside of PowerShell
[0.400s] DEBUG:colcon.colcon_core.shell:Skip shell extension 'dsv' for command environment
[0.409s] DEBUG:colcon.colcon_core.event_handler.log_command:Invoking command in '/home/fortunato/ros2_ws/build/px4_msgs': CMAKE_PREFIX_PATH=/opt/ros/humble:/home/fortunato/ros2_ws/install/cameras /usr/bin/cmake --build /home/fortunato/ros2_ws/build/px4_msgs -- -j8 -l8
[0.413s] DEBUG:colcon.colcon_core.event_handler.log_command:Invoking command in '/home/fortunato/ros2_ws/build/cameras': /usr/bin/cmake --build /home/fortunato/ros2_ws/build/cameras -- -j8 -l8
[0.417s] DEBUG:colcon.colcon_core.event_handler.log_command:Invoking command in '/home/fortunato/ros2_ws/build/px4': CMAKE_PREFIX_PATH=/opt/ros/humble:/home/fortunato/ros2_ws/install/cameras /usr/bin/cmake --build /home/fortunato/ros2_ws/build/px4 -- -j8 -l8
[0.454s] DEBUG:colcon.colcon_core.event_handler.log_command:Invoked command in '/home/fortunato/ros2_ws/build/cameras' returned '0': /usr/bin/cmake --build /home/fortunato/ros2_ws/build/cameras -- -j8 -l8
[0.473s] DEBUG:colcon.colcon_core.event_handler.log_command:Invoking command in '/home/fortunato/ros2_ws/build/cameras': /usr/bin/cmake --install /home/fortunato/ros2_ws/build/cameras
[0.494s] Level 1:colcon.colcon_core.shell:create_environment_hook('cameras', 'ros_package_path')
[0.495s] INFO:colcon.colcon_core.shell:Creating environment hook '/home/fortunato/ros2_ws/install/cameras/share/cameras/hook/ros_package_path.ps1'
[0.497s] INFO:colcon.colcon_core.shell:Creating environment descriptor '/home/fortunato/ros2_ws/install/cameras/share/cameras/hook/ros_package_path.dsv'
[0.498s] INFO:colcon.colcon_core.shell:Creating environment hook '/home/fortunato/ros2_ws/install/cameras/share/cameras/hook/ros_package_path.sh'
[0.500s] DEBUG:colcon.colcon_core.event_handler.log_command:Invoked command in '/home/fortunato/ros2_ws/build/cameras' returned '0': /usr/bin/cmake --install /home/fortunato/ros2_ws/build/cameras
[0.501s] Level 1:colcon.colcon_core.shell:create_environment_hook('cameras', 'pkg_config_path')
[0.501s] INFO:colcon.colcon_core.shell:Creating environment hook '/home/fortunato/ros2_ws/install/cameras/share/cameras/hook/pkg_config_path.ps1'
[0.502s] INFO:colcon.colcon_core.shell:Creating environment descriptor '/home/fortunato/ros2_ws/install/cameras/share/cameras/hook/pkg_config_path.dsv'
[0.502s] INFO:colcon.colcon_core.shell:Creating environment hook '/home/fortunato/ros2_ws/install/cameras/share/cameras/hook/pkg_config_path.sh'
[0.504s] Level 1:colcon.colcon_core.shell:create_environment_hook('cameras', 'pkg_config_path_multiarch')
[0.504s] INFO:colcon.colcon_core.shell:Creating environment hook '/home/fortunato/ros2_ws/install/cameras/share/cameras/hook/pkg_config_path_multiarch.ps1'
[0.505s] INFO:colcon.colcon_core.shell:Creating environment descriptor '/home/fortunato/ros2_ws/install/cameras/share/cameras/hook/pkg_config_path_multiarch.dsv'
[0.505s] INFO:colcon.colcon_core.shell:Creating environment hook '/home/fortunato/ros2_ws/install/cameras/share/cameras/hook/pkg_config_path_multiarch.sh'
[0.507s] Level 1:colcon.colcon_core.environment:create_environment_scripts_only(cameras)
[0.509s] Level 1:colcon.colcon_core.environment:checking '/home/fortunato/ros2_ws/install/cameras' for CMake module files
[0.510s] Level 1:colcon.colcon_core.environment:checking '/home/fortunato/ros2_ws/install/cameras' for CMake config files
[0.511s] Level 1:colcon.colcon_core.shell:create_environment_hook('cameras', 'cmake_prefix_path')
[0.511s] INFO:colcon.colcon_core.shell:Creating environment hook '/home/fortunato/ros2_ws/install/cameras/share/cameras/hook/cmake_prefix_path.ps1'
[0.512s] INFO:colcon.colcon_core.shell:Creating environment descriptor '/home/fortunato/ros2_ws/install/cameras/share/cameras/hook/cmake_prefix_path.dsv'
[0.512s] INFO:colcon.colcon_core.shell:Creating environment hook '/home/fortunato/ros2_ws/install/cameras/share/cameras/hook/cmake_prefix_path.sh'
[0.513s] Level 1:colcon.colcon_core.environment:checking '/home/fortunato/ros2_ws/install/cameras/bin'
[0.513s] Level 1:colcon.colcon_core.environment:checking '/home/fortunato/ros2_ws/install/cameras/lib/pkgconfig/cameras.pc'
[0.513s] Level 1:colcon.colcon_core.environment:checking '/home/fortunato/ros2_ws/install/cameras/lib/python3.10/site-packages'
[0.514s] Level 1:colcon.colcon_core.environment:checking '/home/fortunato/ros2_ws/install/cameras/bin'
[0.514s] INFO:colcon.colcon_core.shell:Creating package script '/home/fortunato/ros2_ws/install/cameras/share/cameras/package.ps1'
[0.515s] INFO:colcon.colcon_core.shell:Creating package descriptor '/home/fortunato/ros2_ws/install/cameras/share/cameras/package.dsv'
[0.516s] INFO:colcon.colcon_core.shell:Creating package script '/home/fortunato/ros2_ws/install/cameras/share/cameras/package.sh'
[0.517s] INFO:colcon.colcon_core.shell:Creating package script '/home/fortunato/ros2_ws/install/cameras/share/cameras/package.bash'
[0.519s] INFO:colcon.colcon_core.shell:Creating package script '/home/fortunato/ros2_ws/install/cameras/share/cameras/package.zsh'
[0.520s] Level 1:colcon.colcon_core.environment:create_file_with_runtime_dependencies(/home/fortunato/ros2_ws/install/cameras/share/colcon-core/packages/cameras)
[1.041s] DEBUG:colcon.colcon_core.event_handler.log_command:Invoked command in '/home/fortunato/ros2_ws/build/px4' returned '0': CMAKE_PREFIX_PATH=/opt/ros/humble:/home/fortunato/ros2_ws/install/cameras /usr/bin/cmake --build /home/fortunato/ros2_ws/build/px4 -- -j8 -l8
[1.043s] DEBUG:colcon.colcon_core.event_handler.log_command:Invoking command in '/home/fortunato/ros2_ws/build/px4': CMAKE_PREFIX_PATH=/opt/ros/humble:/home/fortunato/ros2_ws/install/cameras /usr/bin/cmake --install /home/fortunato/ros2_ws/build/px4
[1.484s] Level 1:colcon.colcon_core.environment:create_environment_scripts_only(px4)
[1.484s] Level 1:colcon.colcon_core.environment:checking '/home/fortunato/ros2_ws/install/px4' for CMake module files
[1.485s] Level 1:colcon.colcon_core.environment:checking '/home/fortunato/ros2_ws/install/px4' for CMake config files
[1.486s] Level 1:colcon.colcon_core.shell:create_environment_hook('px4', 'cmake_prefix_path')
[1.487s] INFO:colcon.colcon_core.shell:Creating environment hook '/home/fortunato/ros2_ws/install/px4/share/px4/hook/cmake_prefix_path.ps1'
[1.492s] INFO:colcon.colcon_core.shell:Creating environment descriptor '/home/fortunato/ros2_ws/install/px4/share/px4/hook/cmake_prefix_path.dsv'
[1.494s] INFO:colcon.colcon_core.shell:Creating environment hook '/home/fortunato/ros2_ws/install/px4/share/px4/hook/cmake_prefix_path.sh'
[1.500s] Level 1:colcon.colcon_core.environment:checking '/home/fortunato/ros2_ws/install/px4/lib'
[1.501s] Level 1:colcon.colcon_core.shell:create_environment_hook('px4', 'ld_library_path_lib')
[1.502s] INFO:colcon.colcon_core.shell:Creating environment hook '/home/fortunato/ros2_ws/install/px4/share/px4/hook/ld_library_path_lib.ps1'
[1.505s] INFO:colcon.colcon_core.shell:Creating environment descriptor '/home/fortunato/ros2_ws/install/px4/share/px4/hook/ld_library_path_lib.dsv'
[1.506s] INFO:colcon.colcon_core.shell:Creating environment hook '/home/fortunato/ros2_ws/install/px4/share/px4/hook/ld_library_path_lib.sh'
[1.507s] Level 1:colcon.colcon_core.environment:checking '/home/fortunato/ros2_ws/install/px4/bin'
[1.507s] Level 1:colcon.colcon_core.environment:checking '/home/fortunato/ros2_ws/install/px4/lib/pkgconfig/px4.pc'
[1.507s] Level 1:colcon.colcon_core.environment:checking '/home/fortunato/ros2_ws/install/px4/lib/python3.10/site-packages'
[1.508s] Level 1:colcon.colcon_core.environment:checking '/home/fortunato/ros2_ws/install/px4/bin'
[1.508s] INFO:colcon.colcon_core.shell:Creating package script '/home/fortunato/ros2_ws/install/px4/share/px4/package.ps1'
[1.512s] INFO:colcon.colcon_core.shell:Creating package descriptor '/home/fortunato/ros2_ws/install/px4/share/px4/package.dsv'
[1.513s] INFO:colcon.colcon_core.shell:Creating package script '/home/fortunato/ros2_ws/install/px4/share/px4/package.sh'
[1.513s] INFO:colcon.colcon_core.shell:Creating package script '/home/fortunato/ros2_ws/install/px4/share/px4/package.bash'
[1.514s] INFO:colcon.colcon_core.shell:Creating package script '/home/fortunato/ros2_ws/install/px4/share/px4/package.zsh'
[1.511s] DEBUG:colcon.colcon_core.event_handler.log_command:Invoked command in '/home/fortunato/ros2_ws/build/px4' returned '0': CMAKE_PREFIX_PATH=/opt/ros/humble:/home/fortunato/ros2_ws/install/cameras /usr/bin/cmake --install /home/fortunato/ros2_ws/build/px4
[1.515s] Level 1:colcon.colcon_core.environment:create_file_with_runtime_dependencies(/home/fortunato/ros2_ws/install/px4/share/colcon-core/packages/px4)
[1.518s] Level 1:colcon.colcon_core.environment:create_environment_scripts_only(px4)
[1.518s] Level 1:colcon.colcon_core.environment:checking '/home/fortunato/ros2_ws/install/px4' for CMake module files
[1.519s] Level 1:colcon.colcon_core.environment:checking '/home/fortunato/ros2_ws/install/px4' for CMake config files
[1.520s] Level 1:colcon.colcon_core.shell:create_environment_hook('px4', 'cmake_prefix_path')
[1.520s] INFO:colcon.colcon_core.shell:Creating environment hook '/home/fortunato/ros2_ws/install/px4/share/px4/hook/cmake_prefix_path.ps1'
[1.521s] INFO:colcon.colcon_core.shell:Creating environment descriptor '/home/fortunato/ros2_ws/install/px4/share/px4/hook/cmake_prefix_path.dsv'
[1.522s] INFO:colcon.colcon_core.shell:Creating environment hook '/home/fortunato/ros2_ws/install/px4/share/px4/hook/cmake_prefix_path.sh'
[1.523s] Level 1:colcon.colcon_core.environment:checking '/home/fortunato/ros2_ws/install/px4/lib'
[1.523s] Level 1:colcon.colcon_core.shell:create_environment_hook('px4', 'ld_library_path_lib')
[1.523s] INFO:colcon.colcon_core.shell:Creating environment hook '/home/fortunato/ros2_ws/install/px4/share/px4/hook/ld_library_path_lib.ps1'
[1.524s] INFO:colcon.colcon_core.shell:Creating environment descriptor '/home/fortunato/ros2_ws/install/px4/share/px4/hook/ld_library_path_lib.dsv'
[1.524s] INFO:colcon.colcon_core.shell:Creating environment hook '/home/fortunato/ros2_ws/install/px4/share/px4/hook/ld_library_path_lib.sh'
[1.525s] Level 1:colcon.colcon_core.environment:checking '/home/fortunato/ros2_ws/install/px4/bin'
[1.525s] Level 1:colcon.colcon_core.environment:checking '/home/fortunato/ros2_ws/install/px4/lib/pkgconfig/px4.pc'
[1.526s] Level 1:colcon.colcon_core.environment:checking '/home/fortunato/ros2_ws/install/px4/lib/python3.10/site-packages'
[1.526s] Level 1:colcon.colcon_core.environment:checking '/home/fortunato/ros2_ws/install/px4/bin'
[1.527s] INFO:colcon.colcon_core.shell:Creating package script '/home/fortunato/ros2_ws/install/px4/share/px4/package.ps1'
[1.528s] INFO:colcon.colcon_core.shell:Creating package descriptor '/home/fortunato/ros2_ws/install/px4/share/px4/package.dsv'
[1.529s] INFO:colcon.colcon_core.shell:Creating package script '/home/fortunato/ros2_ws/install/px4/share/px4/package.sh'
[1.530s] INFO:colcon.colcon_core.shell:Creating package script '/home/fortunato/ros2_ws/install/px4/share/px4/package.bash'
[1.531s] INFO:colcon.colcon_core.shell:Creating package script '/home/fortunato/ros2_ws/install/px4/share/px4/package.zsh'
[1.531s] Level 1:colcon.colcon_core.environment:create_file_with_runtime_dependencies(/home/fortunato/ros2_ws/install/px4/share/colcon-core/packages/px4)
[1.807s] DEBUG:colcon.colcon_core.event_handler.log_command:Invoked command in '/home/fortunato/ros2_ws/build/px4_msgs' returned '0': CMAKE_PREFIX_PATH=/opt/ros/humble:/home/fortunato/ros2_ws/install/cameras /usr/bin/cmake --build /home/fortunato/ros2_ws/build/px4_msgs -- -j8 -l8
[1.809s] DEBUG:colcon.colcon_core.event_handler.log_command:Invoking command in '/home/fortunato/ros2_ws/build/px4_msgs': CMAKE_PREFIX_PATH=/opt/ros/humble:/home/fortunato/ros2_ws/install/cameras /usr/bin/cmake --install /home/fortunato/ros2_ws/build/px4_msgs
[2.153s] Level 1:colcon.colcon_core.environment:create_environment_scripts_only(px4_msgs)
[2.153s] Level 1:colcon.colcon_core.environment:checking '/home/fortunato/ros2_ws/install/px4_msgs' for CMake module files
[2.154s] DEBUG:colcon.colcon_core.event_handler.log_command:Invoked command in '/home/fortunato/ros2_ws/build/px4_msgs' returned '0': CMAKE_PREFIX_PATH=/opt/ros/humble:/home/fortunato/ros2_ws/install/cameras /usr/bin/cmake --install /home/fortunato/ros2_ws/build/px4_msgs
[2.154s] Level 1:colcon.colcon_core.environment:checking '/home/fortunato/ros2_ws/install/px4_msgs' for CMake config files
[2.155s] Level 1:colcon.colcon_core.shell:create_environment_hook('px4_msgs', 'cmake_prefix_path')
[2.155s] INFO:colcon.colcon_core.shell:Creating environment hook '/home/fortunato/ros2_ws/install/px4_msgs/share/px4_msgs/hook/cmake_prefix_path.ps1'
[2.155s] INFO:colcon.colcon_core.shell:Creating environment descriptor '/home/fortunato/ros2_ws/install/px4_msgs/share/px4_msgs/hook/cmake_prefix_path.dsv'
[2.156s] INFO:colcon.colcon_core.shell:Creating environment hook '/home/fortunato/ros2_ws/install/px4_msgs/share/px4_msgs/hook/cmake_prefix_path.sh'
[2.156s] Level 1:colcon.colcon_core.environment:checking '/home/fortunato/ros2_ws/install/px4_msgs/lib'
[2.156s] Level 1:colcon.colcon_core.shell:create_environment_hook('px4_msgs', 'ld_library_path_lib')
[2.157s] INFO:colcon.colcon_core.shell:Creating environment hook '/home/fortunato/ros2_ws/install/px4_msgs/share/px4_msgs/hook/ld_library_path_lib.ps1'
[2.157s] INFO:colcon.colcon_core.shell:Creating environment descriptor '/home/fortunato/ros2_ws/install/px4_msgs/share/px4_msgs/hook/ld_library_path_lib.dsv'
[2.157s] INFO:colcon.colcon_core.shell:Creating environment hook '/home/fortunato/ros2_ws/install/px4_msgs/share/px4_msgs/hook/ld_library_path_lib.sh'
[2.157s] Level 1:colcon.colcon_core.environment:checking '/home/fortunato/ros2_ws/install/px4_msgs/bin'
[2.158s] Level 1:colcon.colcon_core.environment:checking '/home/fortunato/ros2_ws/install/px4_msgs/lib/pkgconfig/px4_msgs.pc'
[2.158s] Level 1:colcon.colcon_core.environment:checking '/home/fortunato/ros2_ws/install/px4_msgs/lib/python3.10/site-packages'
[2.158s] Level 1:colcon.colcon_core.environment:checking '/home/fortunato/ros2_ws/install/px4_msgs/bin'
[2.158s] INFO:colcon.colcon_core.shell:Creating package script '/home/fortunato/ros2_ws/install/px4_msgs/share/px4_msgs/package.ps1'
[2.159s] INFO:colcon.colcon_core.shell:Creating package descriptor '/home/fortunato/ros2_ws/install/px4_msgs/share/px4_msgs/package.dsv'
[2.159s] INFO:colcon.colcon_core.shell:Creating package script '/home/fortunato/ros2_ws/install/px4_msgs/share/px4_msgs/package.sh'
[2.159s] INFO:colcon.colcon_core.shell:Creating package script '/home/fortunato/ros2_ws/install/px4_msgs/share/px4_msgs/package.bash'
[2.160s] INFO:colcon.colcon_core.shell:Creating package script '/home/fortunato/ros2_ws/install/px4_msgs/share/px4_msgs/package.zsh'
[2.160s] Level 1:colcon.colcon_core.environment:create_file_with_runtime_dependencies(/home/fortunato/ros2_ws/install/px4_msgs/share/colcon-core/packages/px4_msgs)
[2.160s] Level 1:colcon.colcon_core.environment:create_environment_scripts_only(px4_msgs)
[2.161s] Level 1:colcon.colcon_core.environment:checking '/home/fortunato/ros2_ws/install/px4_msgs' for CMake module files
[2.161s] Level 1:colcon.colcon_core.environment:checking '/home/fortunato/ros2_ws/install/px4_msgs' for CMake config files
[2.162s] Level 1:colcon.colcon_core.shell:create_environment_hook('px4_msgs', 'cmake_prefix_path')
[2.162s] INFO:colcon.colcon_core.shell:Creating environment hook '/home/fortunato/ros2_ws/install/px4_msgs/share/px4_msgs/hook/cmake_prefix_path.ps1'
[2.162s] INFO:colcon.colcon_core.shell:Creating environment descriptor '/home/fortunato/ros2_ws/install/px4_msgs/share/px4_msgs/hook/cmake_prefix_path.dsv'
[2.163s] INFO:colcon.colcon_core.shell:Creating environment hook '/home/fortunato/ros2_ws/install/px4_msgs/share/px4_msgs/hook/cmake_prefix_path.sh'
[2.163s] Level 1:colcon.colcon_core.environment:checking '/home/fortunato/ros2_ws/install/px4_msgs/lib'
[2.163s] Level 1:colcon.colcon_core.shell:create_environment_hook('px4_msgs', 'ld_library_path_lib')
[2.163s] INFO:colcon.colcon_core.shell:Creating environment hook '/home/fortunato/ros2_ws/install/px4_msgs/share/px4_msgs/hook/ld_library_path_lib.ps1'
[2.164s] INFO:colcon.colcon_core.shell:Creating environment descriptor '/home/fortunato/ros2_ws/install/px4_msgs/share/px4_msgs/hook/ld_library_path_lib.dsv'
[2.164s] INFO:colcon.colcon_core.shell:Creating environment hook '/home/fortunato/ros2_ws/install/px4_msgs/share/px4_msgs/hook/ld_library_path_lib.sh'
[2.164s] Level 1:colcon.colcon_core.environment:checking '/home/fortunato/ros2_ws/install/px4_msgs/bin'
[2.164s] Level 1:colcon.colcon_core.environment:checking '/home/fortunato/ros2_ws/install/px4_msgs/lib/pkgconfig/px4_msgs.pc'
[2.164s] Level 1:colcon.colcon_core.environment:checking '/home/fortunato/ros2_ws/install/px4_msgs/lib/python3.10/site-packages'
[2.165s] Level 1:colcon.colcon_core.environment:checking '/home/fortunato/ros2_ws/install/px4_msgs/bin'
[2.165s] INFO:colcon.colcon_core.shell:Creating package script '/home/fortunato/ros2_ws/install/px4_msgs/share/px4_msgs/package.ps1'
[2.165s] INFO:colcon.colcon_core.shell:Creating package descriptor '/home/fortunato/ros2_ws/install/px4_msgs/share/px4_msgs/package.dsv'
[2.166s] INFO:colcon.colcon_core.shell:Creating package script '/home/fortunato/ros2_ws/install/px4_msgs/share/px4_msgs/package.sh'
[2.166s] INFO:colcon.colcon_core.shell:Creating package script '/home/fortunato/ros2_ws/install/px4_msgs/share/px4_msgs/package.bash'
[2.167s] INFO:colcon.colcon_core.shell:Creating package script '/home/fortunato/ros2_ws/install/px4_msgs/share/px4_msgs/package.zsh'
[2.167s] Level 1:colcon.colcon_core.environment:create_file_with_runtime_dependencies(/home/fortunato/ros2_ws/install/px4_msgs/share/colcon-core/packages/px4_msgs)
[2.167s] INFO:colcon.colcon_ros.task.ament_cmake.build:Building ROS package in '/home/fortunato/ros2_ws/src/px4_ros_com' with build type 'ament_cmake'
[2.167s] INFO:colcon.colcon_cmake.task.cmake.build:Building CMake package in '/home/fortunato/ros2_ws/src/px4_ros_com'
[2.168s] INFO:colcon.colcon_core.shell:Skip shell extension 'powershell' for command environment: Not usable outside of PowerShell
[2.168s] DEBUG:colcon.colcon_core.shell:Skip shell extension 'dsv' for command environment
[2.177s] DEBUG:colcon.colcon_core.event_handler.log_command:Invoking command in '/home/fortunato/ros2_ws/build/px4_ros_com': AMENT_PREFIX_PATH=/home/fortunato/ros2_ws/install/px4_msgs:${AMENT_PREFIX_PATH} CMAKE_PREFIX_PATH=/home/fortunato/ros2_ws/install/px4_msgs:/opt/ros/humble:/home/fortunato/ros2_ws/install/cameras LD_LIBRARY_PATH=/home/fortunato/ros2_ws/install/px4_msgs/lib:${LD_LIBRARY_PATH} PYTHONPATH=/home/fortunato/ros2_ws/install/px4_msgs/local/lib/python3.10/dist-packages:${PYTHONPATH} /usr/bin/cmake --build /home/fortunato/ros2_ws/build/px4_ros_com -- -j8 -l8
[2.542s] DEBUG:colcon.colcon_core.event_handler.log_command:Invoked command in '/home/fortunato/ros2_ws/build/px4_ros_com' returned '0': AMENT_PREFIX_PATH=/home/fortunato/ros2_ws/install/px4_msgs:${AMENT_PREFIX_PATH} CMAKE_PREFIX_PATH=/home/fortunato/ros2_ws/install/px4_msgs:/opt/ros/humble:/home/fortunato/ros2_ws/install/cameras LD_LIBRARY_PATH=/home/fortunato/ros2_ws/install/px4_msgs/lib:${LD_LIBRARY_PATH} PYTHONPATH=/home/fortunato/ros2_ws/install/px4_msgs/local/lib/python3.10/dist-packages:${PYTHONPATH} /usr/bin/cmake --build /home/fortunato/ros2_ws/build/px4_ros_com -- -j8 -l8
[2.544s] DEBUG:colcon.colcon_core.event_handler.log_command:Invoking command in '/home/fortunato/ros2_ws/build/px4_ros_com': AMENT_PREFIX_PATH=/home/fortunato/ros2_ws/install/px4_msgs:${AMENT_PREFIX_PATH} CMAKE_PREFIX_PATH=/home/fortunato/ros2_ws/install/px4_msgs:/opt/ros/humble:/home/fortunato/ros2_ws/install/cameras LD_LIBRARY_PATH=/home/fortunato/ros2_ws/install/px4_msgs/lib:${LD_LIBRARY_PATH} PYTHONPATH=/home/fortunato/ros2_ws/install/px4_msgs/local/lib/python3.10/dist-packages:${PYTHONPATH} /usr/bin/cmake --install /home/fortunato/ros2_ws/build/px4_ros_com
[2.590s] Level 1:colcon.colcon_core.environment:create_environment_scripts_only(px4_ros_com)
[2.590s] Level 1:colcon.colcon_core.environment:checking '/home/fortunato/ros2_ws/install/px4_ros_com' for CMake module files
[2.591s] DEBUG:colcon.colcon_core.event_handler.log_command:Invoked command in '/home/fortunato/ros2_ws/build/px4_ros_com' returned '0': AMENT_PREFIX_PATH=/home/fortunato/ros2_ws/install/px4_msgs:${AMENT_PREFIX_PATH} CMAKE_PREFIX_PATH=/home/fortunato/ros2_ws/install/px4_msgs:/opt/ros/humble:/home/fortunato/ros2_ws/install/cameras LD_LIBRARY_PATH=/home/fortunato/ros2_ws/install/px4_msgs/lib:${LD_LIBRARY_PATH} PYTHONPATH=/home/fortunato/ros2_ws/install/px4_msgs/local/lib/python3.10/dist-packages:${PYTHONPATH} /usr/bin/cmake --install /home/fortunato/ros2_ws/build/px4_ros_com
[2.591s] Level 1:colcon.colcon_core.environment:checking '/home/fortunato/ros2_ws/install/px4_ros_com' for CMake config files
[2.591s] Level 1:colcon.colcon_core.shell:create_environment_hook('px4_ros_com', 'cmake_prefix_path')
[2.592s] INFO:colcon.colcon_core.shell:Creating environment hook '/home/fortunato/ros2_ws/install/px4_ros_com/share/px4_ros_com/hook/cmake_prefix_path.ps1'
[2.592s] INFO:colcon.colcon_core.shell:Creating environment descriptor '/home/fortunato/ros2_ws/install/px4_ros_com/share/px4_ros_com/hook/cmake_prefix_path.dsv'
[2.592s] INFO:colcon.colcon_core.shell:Creating environment hook '/home/fortunato/ros2_ws/install/px4_ros_com/share/px4_ros_com/hook/cmake_prefix_path.sh'
[2.593s] Level 1:colcon.colcon_core.environment:checking '/home/fortunato/ros2_ws/install/px4_ros_com/lib'
[2.593s] Level 1:colcon.colcon_core.shell:create_environment_hook('px4_ros_com', 'ld_library_path_lib')
[2.593s] INFO:colcon.colcon_core.shell:Creating environment hook '/home/fortunato/ros2_ws/install/px4_ros_com/share/px4_ros_com/hook/ld_library_path_lib.ps1'
[2.593s] INFO:colcon.colcon_core.shell:Creating environment descriptor '/home/fortunato/ros2_ws/install/px4_ros_com/share/px4_ros_com/hook/ld_library_path_lib.dsv'
[2.594s] INFO:colcon.colcon_core.shell:Creating environment hook '/home/fortunato/ros2_ws/install/px4_ros_com/share/px4_ros_com/hook/ld_library_path_lib.sh'
[2.594s] Level 1:colcon.colcon_core.environment:checking '/home/fortunato/ros2_ws/install/px4_ros_com/bin'
[2.594s] Level 1:colcon.colcon_core.environment:checking '/home/fortunato/ros2_ws/install/px4_ros_com/lib/pkgconfig/px4_ros_com.pc'
[2.594s] Level 1:colcon.colcon_core.environment:checking '/home/fortunato/ros2_ws/install/px4_ros_com/lib/python3.10/site-packages'
[2.595s] Level 1:colcon.colcon_core.environment:checking '/home/fortunato/ros2_ws/install/px4_ros_com/bin'
[2.595s] INFO:colcon.colcon_core.shell:Creating package script '/home/fortunato/ros2_ws/install/px4_ros_com/share/px4_ros_com/package.ps1'
[2.595s] INFO:colcon.colcon_core.shell:Creating package descriptor '/home/fortunato/ros2_ws/install/px4_ros_com/share/px4_ros_com/package.dsv'
[2.596s] INFO:colcon.colcon_core.shell:Creating package script '/home/fortunato/ros2_ws/install/px4_ros_com/share/px4_ros_com/package.sh'
[2.596s] INFO:colcon.colcon_core.shell:Creating package script '/home/fortunato/ros2_ws/install/px4_ros_com/share/px4_ros_com/package.bash'
[2.596s] INFO:colcon.colcon_core.shell:Creating package script '/home/fortunato/ros2_ws/install/px4_ros_com/share/px4_ros_com/package.zsh'
[2.597s] Level 1:colcon.colcon_core.environment:create_file_with_runtime_dependencies(/home/fortunato/ros2_ws/install/px4_ros_com/share/colcon-core/packages/px4_ros_com)
[2.597s] Level 1:colcon.colcon_core.environment:create_environment_scripts_only(px4_ros_com)
[2.598s] Level 1:colcon.colcon_core.environment:checking '/home/fortunato/ros2_ws/install/px4_ros_com' for CMake module files
[2.598s] Level 1:colcon.colcon_core.environment:checking '/home/fortunato/ros2_ws/install/px4_ros_com' for CMake config files
[2.598s] Level 1:colcon.colcon_core.shell:create_environment_hook('px4_ros_com', 'cmake_prefix_path')
[2.598s] INFO:colcon.colcon_core.shell:Creating environment hook '/home/fortunato/ros2_ws/install/px4_ros_com/share/px4_ros_com/hook/cmake_prefix_path.ps1'
[2.599s] INFO:colcon.colcon_core.shell:Creating environment descriptor '/home/fortunato/ros2_ws/install/px4_ros_com/share/px4_ros_com/hook/cmake_prefix_path.dsv'
[2.599s] INFO:colcon.colcon_core.shell:Creating environment hook '/home/fortunato/ros2_ws/install/px4_ros_com/share/px4_ros_com/hook/cmake_prefix_path.sh'
[2.600s] Level 1:colcon.colcon_core.environment:checking '/home/fortunato/ros2_ws/install/px4_ros_com/lib'
[2.600s] Level 1:colcon.colcon_core.shell:create_environment_hook('px4_ros_com', 'ld_library_path_lib')
[2.600s] INFO:colcon.colcon_core.shell:Creating environment hook '/home/fortunato/ros2_ws/install/px4_ros_com/share/px4_ros_com/hook/ld_library_path_lib.ps1'
[2.600s] INFO:colcon.colcon_core.shell:Creating environment descriptor '/home/fortunato/ros2_ws/install/px4_ros_com/share/px4_ros_com/hook/ld_library_path_lib.dsv'
[2.600s] INFO:colcon.colcon_core.shell:Creating environment hook '/home/fortunato/ros2_ws/install/px4_ros_com/share/px4_ros_com/hook/ld_library_path_lib.sh'
[2.601s] Level 1:colcon.colcon_core.environment:checking '/home/fortunato/ros2_ws/install/px4_ros_com/bin'
[2.601s] Level 1:colcon.colcon_core.environment:checking '/home/fortunato/ros2_ws/install/px4_ros_com/lib/pkgconfig/px4_ros_com.pc'
[2.601s] Level 1:colcon.colcon_core.environment:checking '/home/fortunato/ros2_ws/install/px4_ros_com/lib/python3.10/site-packages'
[2.601s] Level 1:colcon.colcon_core.environment:checking '/home/fortunato/ros2_ws/install/px4_ros_com/bin'
[2.602s] INFO:colcon.colcon_core.shell:Creating package script '/home/fortunato/ros2_ws/install/px4_ros_com/share/px4_ros_com/package.ps1'
[2.602s] INFO:colcon.colcon_core.shell:Creating package descriptor '/home/fortunato/ros2_ws/install/px4_ros_com/share/px4_ros_com/package.dsv'
[2.603s] INFO:colcon.colcon_core.shell:Creating package script '/home/fortunato/ros2_ws/install/px4_ros_com/share/px4_ros_com/package.sh'
[2.603s] INFO:colcon.colcon_core.shell:Creating package script '/home/fortunato/ros2_ws/install/px4_ros_com/share/px4_ros_com/package.bash'
[2.603s] INFO:colcon.colcon_core.shell:Creating package script '/home/fortunato/ros2_ws/install/px4_ros_com/share/px4_ros_com/package.zsh'
[2.604s] Level 1:colcon.colcon_core.environment:create_file_with_runtime_dependencies(/home/fortunato/ros2_ws/install/px4_ros_com/share/colcon-core/packages/px4_ros_com)
[2.604s] DEBUG:colcon.colcon_parallel_executor.executor.parallel:closing loop
[2.604s] DEBUG:colcon.colcon_parallel_executor.executor.parallel:loop closed
[2.604s] DEBUG:colcon.colcon_parallel_executor.executor.parallel:run_until_complete finished with '0'
[2.604s] DEBUG:colcon.colcon_core.event_reactor:joining thread
[2.609s] INFO:colcon.colcon_core.plugin_system:Skipping extension 'colcon_notification.desktop_notification.terminal_notifier': Not used on non-Darwin systems
[2.609s] INFO:colcon.colcon_core.plugin_system:Skipping extension 'colcon_notification.desktop_notification.win32': Not used on non-Windows systems
[2.609s] INFO:colcon.colcon_notification.desktop_notification:Sending desktop notification using 'notify2'
[2.620s] DEBUG:colcon.colcon_core.event_reactor:joined thread
[2.620s] INFO:colcon.colcon_core.shell:Creating prefix script '/home/fortunato/ros2_ws/install/local_setup.ps1'
[2.621s] INFO:colcon.colcon_core.shell:Creating prefix util module '/home/fortunato/ros2_ws/install/_local_setup_util_ps1.py'
[2.622s] INFO:colcon.colcon_core.shell:Creating prefix chain script '/home/fortunato/ros2_ws/install/setup.ps1'
[2.623s] INFO:colcon.colcon_core.shell:Creating prefix script '/home/fortunato/ros2_ws/install/local_setup.sh'
[2.624s] INFO:colcon.colcon_core.shell:Creating prefix util module '/home/fortunato/ros2_ws/install/_local_setup_util_sh.py'
[2.624s] INFO:colcon.colcon_core.shell:Creating prefix chain script '/home/fortunato/ros2_ws/install/setup.sh'
[2.625s] INFO:colcon.colcon_core.shell:Creating prefix script '/home/fortunato/ros2_ws/install/local_setup.bash'
[2.625s] INFO:colcon.colcon_core.shell:Creating prefix chain script '/home/fortunato/ros2_ws/install/setup.bash'
[2.626s] INFO:colcon.colcon_core.shell:Creating prefix script '/home/fortunato/ros2_ws/install/local_setup.zsh'
[2.627s] INFO:colcon.colcon_core.shell:Creating prefix chain script '/home/fortunato/ros2_ws/install/setup.zsh'
