[0.149s] DEBUG:colcon:Command line arguments: ['/home/fortunato/.local/bin/colcon', 'build']
[0.149s] DEBUG:colcon:Parsed command line arguments: Namespace(log_base=None, log_level=None, verb_name='build', build_base='build', install_base='install', merge_install=False, symlink_install=False, test_result_base=None, continue_on_error=False, executor='parallel', parallel_workers=8, event_handlers=None, ignore_user_meta=False, metas=['./colcon.meta'], base_paths=['.'], packages_ignore=None, packages_ignore_regex=None, paths=None, packages_up_to=None, packages_up_to_regex=None, packages_above=None, packages_above_and_dependencies=None, packages_above_depth=None, packages_select_by_dep=None, packages_skip_by_dep=None, packages_skip_up_to=None, packages_select_build_failed=False, packages_skip_build_finished=False, packages_select_test_failures=False, packages_skip_test_passed=False, packages_select=None, packages_skip=None, packages_select_regex=None, packages_skip_regex=None, packages_start=None, packages_end=None, allow_overriding=[], cmake_args=None, cmake_target=None, cmake_target_skip_unavailable=False, cmake_clean_cache=False, cmake_clean_first=False, cmake_force_configure=False, ament_cmake_args=None, catkin_cmake_args=None, catkin_skip_building_tests=False, mixin_files=None, mixin=None, verb_parser=<colcon_mixin.mixin.mixin_argument.MixinArgumentDecorator object at 0x71e27d38b430>, verb_extension=<colcon_core.verb.build.BuildVerb object at 0x71e27d38ae60>, main=<bound method BuildVerb.main of <colcon_core.verb.build.BuildVerb object at 0x71e27d38ae60>>, mixin_verb=('build',))
[0.305s] Level 1:colcon.colcon_core.package_discovery:discover_packages(colcon_meta) check parameters
[0.305s] Level 1:colcon.colcon_core.package_discovery:discover_packages(recursive) check parameters
[0.305s] Level 1:colcon.colcon_core.package_discovery:discover_packages(ignore) check parameters
[0.305s] Level 1:colcon.colcon_core.package_discovery:discover_packages(path) check parameters
[0.305s] Level 1:colcon.colcon_core.package_discovery:discover_packages(colcon_meta) discover
[0.305s] Level 1:colcon.colcon_core.package_discovery:discover_packages(recursive) discover
[0.305s] INFO:colcon.colcon_core.package_discovery:Crawling recursively for packages in '/home/fortunato/ros2_ws'
[0.305s] Level 1:colcon.colcon_core.package_identification:_identify(.) by extensions ['ignore', 'ignore_ament_install']
[0.305s] Level 1:colcon.colcon_core.package_identification:_identify(.) by extension 'ignore'
[0.305s] Level 1:colcon.colcon_core.package_identification:_identify(.) by extension 'ignore_ament_install'
[0.305s] Level 1:colcon.colcon_core.package_identification:_identify(.) by extensions ['colcon_pkg']
[0.305s] Level 1:colcon.colcon_core.package_identification:_identify(.) by extension 'colcon_pkg'
[0.306s] Level 1:colcon.colcon_core.package_identification:_identify(.) by extensions ['colcon_meta']
[0.306s] Level 1:colcon.colcon_core.package_identification:_identify(.) by extension 'colcon_meta'
[0.306s] Level 1:colcon.colcon_core.package_identification:_identify(.) by extensions ['ros']
[0.306s] Level 1:colcon.colcon_core.package_identification:_identify(.) by extension 'ros'
[0.328s] Level 1:colcon.colcon_core.package_identification:_identify(.) by extensions ['cmake', 'python']
[0.328s] Level 1:colcon.colcon_core.package_identification:_identify(.) by extension 'cmake'
[0.328s] Level 1:colcon.colcon_core.package_identification:_identify(.) by extension 'python'
[0.328s] Level 1:colcon.colcon_core.package_identification:_identify(.) by extensions ['python_setup_py']
[0.328s] Level 1:colcon.colcon_core.package_identification:_identify(.) by extension 'python_setup_py'
[0.328s] Level 1:colcon.colcon_core.package_identification:_identify(build) by extensions ['ignore', 'ignore_ament_install']
[0.328s] Level 1:colcon.colcon_core.package_identification:_identify(build) by extension 'ignore'
[0.328s] Level 1:colcon.colcon_core.package_identification:_identify(build) ignored
[0.328s] Level 1:colcon.colcon_core.package_identification:_identify(install) by extensions ['ignore', 'ignore_ament_install']
[0.328s] Level 1:colcon.colcon_core.package_identification:_identify(install) by extension 'ignore'
[0.328s] Level 1:colcon.colcon_core.package_identification:_identify(install) ignored
[0.329s] Level 1:colcon.colcon_core.package_identification:_identify(log) by extensions ['ignore', 'ignore_ament_install']
[0.329s] Level 1:colcon.colcon_core.package_identification:_identify(log) by extension 'ignore'
[0.329s] Level 1:colcon.colcon_core.package_identification:_identify(log) ignored
[0.329s] Level 1:colcon.colcon_core.package_identification:_identify(src) by extensions ['ignore', 'ignore_ament_install']
[0.329s] Level 1:colcon.colcon_core.package_identification:_identify(src) by extension 'ignore'
[0.329s] Level 1:colcon.colcon_core.package_identification:_identify(src) by extension 'ignore_ament_install'
[0.329s] Level 1:colcon.colcon_core.package_identification:_identify(src) by extensions ['colcon_pkg']
[0.329s] Level 1:colcon.colcon_core.package_identification:_identify(src) by extension 'colcon_pkg'
[0.329s] Level 1:colcon.colcon_core.package_identification:_identify(src) by extensions ['colcon_meta']
[0.329s] Level 1:colcon.colcon_core.package_identification:_identify(src) by extension 'colcon_meta'
[0.329s] Level 1:colcon.colcon_core.package_identification:_identify(src) by extensions ['ros']
[0.329s] Level 1:colcon.colcon_core.package_identification:_identify(src) by extension 'ros'
[0.329s] Level 1:colcon.colcon_core.package_identification:_identify(src) by extensions ['cmake', 'python']
[0.329s] Level 1:colcon.colcon_core.package_identification:_identify(src) by extension 'cmake'
[0.329s] Level 1:colcon.colcon_core.package_identification:_identify(src) by extension 'python'
[0.329s] Level 1:colcon.colcon_core.package_identification:_identify(src) by extensions ['python_setup_py']
[0.329s] Level 1:colcon.colcon_core.package_identification:_identify(src) by extension 'python_setup_py'
[0.329s] Level 1:colcon.colcon_core.package_identification:_identify(src/PX4-Autopilot) by extensions ['ignore', 'ignore_ament_install']
[0.329s] Level 1:colcon.colcon_core.package_identification:_identify(src/PX4-Autopilot) by extension 'ignore'
[0.330s] Level 1:colcon.colcon_core.package_identification:_identify(src/PX4-Autopilot) by extension 'ignore_ament_install'
[0.330s] Level 1:colcon.colcon_core.package_identification:_identify(src/PX4-Autopilot) by extensions ['colcon_pkg']
[0.330s] Level 1:colcon.colcon_core.package_identification:_identify(src/PX4-Autopilot) by extension 'colcon_pkg'
[0.330s] Level 1:colcon.colcon_core.package_identification:_identify(src/PX4-Autopilot) by extensions ['colcon_meta']
[0.330s] Level 1:colcon.colcon_core.package_identification:_identify(src/PX4-Autopilot) by extension 'colcon_meta'
[0.330s] Level 1:colcon.colcon_core.package_identification:_identify(src/PX4-Autopilot) by extensions ['ros']
[0.330s] Level 1:colcon.colcon_core.package_identification:_identify(src/PX4-Autopilot) by extension 'ros'
[0.332s] DEBUG:colcon.colcon_core.package_identification:Package 'src/PX4-Autopilot' with type 'ros.ament_cmake' and name 'px4'
[0.332s] Level 1:colcon.colcon_core.package_identification:_identify(src/cameras) by extensions ['ignore', 'ignore_ament_install']
[0.333s] Level 1:colcon.colcon_core.package_identification:_identify(src/cameras) by extension 'ignore'
[0.333s] Level 1:colcon.colcon_core.package_identification:_identify(src/cameras) by extension 'ignore_ament_install'
[0.333s] Level 1:colcon.colcon_core.package_identification:_identify(src/cameras) by extensions ['colcon_pkg']
[0.333s] Level 1:colcon.colcon_core.package_identification:_identify(src/cameras) by extension 'colcon_pkg'
[0.333s] Level 1:colcon.colcon_core.package_identification:_identify(src/cameras) by extensions ['colcon_meta']
[0.333s] Level 1:colcon.colcon_core.package_identification:_identify(src/cameras) by extension 'colcon_meta'
[0.333s] Level 1:colcon.colcon_core.package_identification:_identify(src/cameras) by extensions ['ros']
[0.333s] Level 1:colcon.colcon_core.package_identification:_identify(src/cameras) by extension 'ros'
[0.333s] DEBUG:colcon.colcon_core.package_identification:Package 'src/cameras' with type 'ros.catkin' and name 'cameras'
[0.333s] Level 1:colcon.colcon_core.package_identification:_identify(src/px4_msgs) by extensions ['ignore', 'ignore_ament_install']
[0.333s] Level 1:colcon.colcon_core.package_identification:_identify(src/px4_msgs) by extension 'ignore'
[0.333s] Level 1:colcon.colcon_core.package_identification:_identify(src/px4_msgs) by extension 'ignore_ament_install'
[0.333s] Level 1:colcon.colcon_core.package_identification:_identify(src/px4_msgs) by extensions ['colcon_pkg']
[0.333s] Level 1:colcon.colcon_core.package_identification:_identify(src/px4_msgs) by extension 'colcon_pkg'
[0.334s] Level 1:colcon.colcon_core.package_identification:_identify(src/px4_msgs) by extensions ['colcon_meta']
[0.334s] Level 1:colcon.colcon_core.package_identification:_identify(src/px4_msgs) by extension 'colcon_meta'
[0.334s] Level 1:colcon.colcon_core.package_identification:_identify(src/px4_msgs) by extensions ['ros']
[0.334s] Level 1:colcon.colcon_core.package_identification:_identify(src/px4_msgs) by extension 'ros'
[0.334s] DEBUG:colcon.colcon_core.package_identification:Package 'src/px4_msgs' with type 'ros.ament_cmake' and name 'px4_msgs'
[0.334s] Level 1:colcon.colcon_core.package_identification:_identify(src/px4_ros_com) by extensions ['ignore', 'ignore_ament_install']
[0.334s] Level 1:colcon.colcon_core.package_identification:_identify(src/px4_ros_com) by extension 'ignore'
[0.334s] Level 1:colcon.colcon_core.package_identification:_identify(src/px4_ros_com) by extension 'ignore_ament_install'
[0.335s] Level 1:colcon.colcon_core.package_identification:_identify(src/px4_ros_com) by extensions ['colcon_pkg']
[0.335s] Level 1:colcon.colcon_core.package_identification:_identify(src/px4_ros_com) by extension 'colcon_pkg'
[0.335s] Level 1:colcon.colcon_core.package_identification:_identify(src/px4_ros_com) by extensions ['colcon_meta']
[0.335s] Level 1:colcon.colcon_core.package_identification:_identify(src/px4_ros_com) by extension 'colcon_meta'
[0.335s] Level 1:colcon.colcon_core.package_identification:_identify(src/px4_ros_com) by extensions ['ros']
[0.335s] Level 1:colcon.colcon_core.package_identification:_identify(src/px4_ros_com) by extension 'ros'
[0.336s] DEBUG:colcon.colcon_core.package_identification:Package 'src/px4_ros_com' with type 'ros.ament_cmake' and name 'px4_ros_com'
[0.336s] Level 1:colcon.colcon_core.package_discovery:discover_packages(recursive) using defaults
[0.336s] Level 1:colcon.colcon_core.package_discovery:discover_packages(ignore) discover
[0.336s] Level 1:colcon.colcon_core.package_discovery:discover_packages(ignore) using defaults
[0.336s] Level 1:colcon.colcon_core.package_discovery:discover_packages(path) discover
[0.336s] Level 1:colcon.colcon_core.package_discovery:discover_packages(path) using defaults
[0.353s] Level 1:colcon.colcon_core.package_discovery:discover_packages(prefix_path) check parameters
[0.353s] Level 1:colcon.colcon_core.package_discovery:discover_packages(prefix_path) discover
[0.355s] DEBUG:colcon.colcon_installed_package_information.package_discovery:Found 300 installed packages in /opt/ros/humble
[0.357s] DEBUG:colcon.colcon_installed_package_information.package_discovery:Found 4 installed packages in /home/fortunato/ros2_ws/install
[0.357s] Level 1:colcon.colcon_core.package_discovery:discover_packages(prefix_path) using defaults
[0.395s] Level 5:colcon.colcon_core.verb:set package 'cameras' build argument 'cmake_args' from command line to 'None'
[0.395s] Level 5:colcon.colcon_core.verb:set package 'cameras' build argument 'cmake_target' from command line to 'None'
[0.395s] Level 5:colcon.colcon_core.verb:set package 'cameras' build argument 'cmake_target_skip_unavailable' from command line to 'False'
[0.395s] Level 5:colcon.colcon_core.verb:set package 'cameras' build argument 'cmake_clean_cache' from command line to 'False'
[0.395s] Level 5:colcon.colcon_core.verb:set package 'cameras' build argument 'cmake_clean_first' from command line to 'False'
[0.395s] Level 5:colcon.colcon_core.verb:set package 'cameras' build argument 'cmake_force_configure' from command line to 'False'
[0.395s] Level 5:colcon.colcon_core.verb:set package 'cameras' build argument 'ament_cmake_args' from command line to 'None'
[0.395s] Level 5:colcon.colcon_core.verb:set package 'cameras' build argument 'catkin_cmake_args' from command line to 'None'
[0.395s] Level 5:colcon.colcon_core.verb:set package 'cameras' build argument 'catkin_skip_building_tests' from command line to 'False'
[0.395s] DEBUG:colcon.colcon_core.verb:Building package 'cameras' with the following arguments: {'ament_cmake_args': None, 'build_base': '/home/fortunato/ros2_ws/build/cameras', 'catkin_cmake_args': None, 'catkin_skip_building_tests': False, 'cmake_args': None, 'cmake_clean_cache': False, 'cmake_clean_first': False, 'cmake_force_configure': False, 'cmake_target': None, 'cmake_target_skip_unavailable': False, 'install_base': '/home/fortunato/ros2_ws/install/cameras', 'merge_install': False, 'path': '/home/fortunato/ros2_ws/src/cameras', 'symlink_install': False, 'test_result_base': None}
[0.395s] Level 5:colcon.colcon_core.verb:set package 'px4' build argument 'cmake_args' from command line to 'None'
[0.395s] Level 5:colcon.colcon_core.verb:set package 'px4' build argument 'cmake_target' from command line to 'None'
[0.395s] Level 5:colcon.colcon_core.verb:set package 'px4' build argument 'cmake_target_skip_unavailable' from command line to 'False'
[0.395s] Level 5:colcon.colcon_core.verb:set package 'px4' build argument 'cmake_clean_cache' from command line to 'False'
[0.395s] Level 5:colcon.colcon_core.verb:set package 'px4' build argument 'cmake_clean_first' from command line to 'False'
[0.395s] Level 5:colcon.colcon_core.verb:set package 'px4' build argument 'cmake_force_configure' from command line to 'False'
[0.395s] Level 5:colcon.colcon_core.verb:set package 'px4' build argument 'ament_cmake_args' from command line to 'None'
[0.395s] Level 5:colcon.colcon_core.verb:set package 'px4' build argument 'catkin_cmake_args' from command line to 'None'
[0.395s] Level 5:colcon.colcon_core.verb:set package 'px4' build argument 'catkin_skip_building_tests' from command line to 'False'
[0.395s] DEBUG:colcon.colcon_core.verb:Building package 'px4' with the following arguments: {'ament_cmake_args': None, 'build_base': '/home/fortunato/ros2_ws/build/px4', 'catkin_cmake_args': None, 'catkin_skip_building_tests': False, 'cmake_args': None, 'cmake_clean_cache': False, 'cmake_clean_first': False, 'cmake_force_configure': False, 'cmake_target': None, 'cmake_target_skip_unavailable': False, 'install_base': '/home/fortunato/ros2_ws/install/px4', 'merge_install': False, 'path': '/home/fortunato/ros2_ws/src/PX4-Autopilot', 'symlink_install': False, 'test_result_base': None}
[0.396s] Level 5:colcon.colcon_core.verb:set package 'px4_msgs' build argument 'cmake_args' from command line to 'None'
[0.396s] Level 5:colcon.colcon_core.verb:set package 'px4_msgs' build argument 'cmake_target' from command line to 'None'
[0.396s] Level 5:colcon.colcon_core.verb:set package 'px4_msgs' build argument 'cmake_target_skip_unavailable' from command line to 'False'
[0.396s] Level 5:colcon.colcon_core.verb:set package 'px4_msgs' build argument 'cmake_clean_cache' from command line to 'False'
[0.396s] Level 5:colcon.colcon_core.verb:set package 'px4_msgs' build argument 'cmake_clean_first' from command line to 'False'
[0.396s] Level 5:colcon.colcon_core.verb:set package 'px4_msgs' build argument 'cmake_force_configure' from command line to 'False'
[0.396s] Level 5:colcon.colcon_core.verb:set package 'px4_msgs' build argument 'ament_cmake_args' from command line to 'None'
[0.396s] Level 5:colcon.colcon_core.verb:set package 'px4_msgs' build argument 'catkin_cmake_args' from command line to 'None'
[0.396s] Level 5:colcon.colcon_core.verb:set package 'px4_msgs' build argument 'catkin_skip_building_tests' from command line to 'False'
[0.396s] DEBUG:colcon.colcon_core.verb:Building package 'px4_msgs' with the following arguments: {'ament_cmake_args': None, 'build_base': '/home/fortunato/ros2_ws/build/px4_msgs', 'catkin_cmake_args': None, 'catkin_skip_building_tests': False, 'cmake_args': None, 'cmake_clean_cache': False, 'cmake_clean_first': False, 'cmake_force_configure': False, 'cmake_target': None, 'cmake_target_skip_unavailable': False, 'install_base': '/home/fortunato/ros2_ws/install/px4_msgs', 'merge_install': False, 'path': '/home/fortunato/ros2_ws/src/px4_msgs', 'symlink_install': False, 'test_result_base': None}
[0.396s] Level 5:colcon.colcon_core.verb:set package 'px4_ros_com' build argument 'cmake_args' from command line to 'None'
[0.396s] Level 5:colcon.colcon_core.verb:set package 'px4_ros_com' build argument 'cmake_target' from command line to 'None'
[0.396s] Level 5:colcon.colcon_core.verb:set package 'px4_ros_com' build argument 'cmake_target_skip_unavailable' from command line to 'False'
[0.396s] Level 5:colcon.colcon_core.verb:set package 'px4_ros_com' build argument 'cmake_clean_cache' from command line to 'False'
[0.396s] Level 5:colcon.colcon_core.verb:set package 'px4_ros_com' build argument 'cmake_clean_first' from command line to 'False'
[0.396s] Level 5:colcon.colcon_core.verb:set package 'px4_ros_com' build argument 'cmake_force_configure' from command line to 'False'
[0.396s] Level 5:colcon.colcon_core.verb:set package 'px4_ros_com' build argument 'ament_cmake_args' from command line to 'None'
[0.396s] Level 5:colcon.colcon_core.verb:set package 'px4_ros_com' build argument 'catkin_cmake_args' from command line to 'None'
[0.396s] Level 5:colcon.colcon_core.verb:set package 'px4_ros_com' build argument 'catkin_skip_building_tests' from command line to 'False'
[0.396s] DEBUG:colcon.colcon_core.verb:Building package 'px4_ros_com' with the following arguments: {'ament_cmake_args': None, 'build_base': '/home/fortunato/ros2_ws/build/px4_ros_com', 'catkin_cmake_args': None, 'catkin_skip_building_tests': False, 'cmake_args': None, 'cmake_clean_cache': False, 'cmake_clean_first': False, 'cmake_force_configure': False, 'cmake_target': None, 'cmake_target_skip_unavailable': False, 'install_base': '/home/fortunato/ros2_ws/install/px4_ros_com', 'merge_install': False, 'path': '/home/fortunato/ros2_ws/src/px4_ros_com', 'symlink_install': False, 'test_result_base': None}
[0.397s] INFO:colcon.colcon_core.executor:Executing jobs using 'parallel' executor
[0.397s] DEBUG:colcon.colcon_parallel_executor.executor.parallel:run_until_complete
[0.398s] INFO:colcon.colcon_ros.task.ament_cmake.build:Building ROS package in '/home/fortunato/ros2_ws/src/px4_msgs' with build type 'ament_cmake'
[0.398s] INFO:colcon.colcon_cmake.task.cmake.build:Building CMake package in '/home/fortunato/ros2_ws/src/px4_msgs'
[0.400s] INFO:colcon.colcon_core.plugin_system:Skipping extension 'colcon_core.shell.bat': Not used on non-Windows systems
[0.400s] INFO:colcon.colcon_core.shell:Skip shell extension 'powershell' for command environment: Not usable outside of PowerShell
[0.400s] DEBUG:colcon.colcon_core.shell:Skip shell extension 'dsv' for command environment
[0.403s] INFO:colcon.colcon_ros.task.catkin.build:Building ROS package in '/home/fortunato/ros2_ws/src/cameras' with build type 'catkin'
[0.403s] INFO:colcon.colcon_cmake.task.cmake.build:Building CMake package in '/home/fortunato/ros2_ws/src/cameras'
[0.403s] INFO:colcon.colcon_core.shell:Skip shell extension 'powershell' for command environment: Not usable outside of PowerShell
[0.403s] DEBUG:colcon.colcon_core.shell:Skip shell extension 'dsv' for command environment
[0.406s] INFO:colcon.colcon_ros.task.ament_cmake.build:Building ROS package in '/home/fortunato/ros2_ws/src/PX4-Autopilot' with build type 'ament_cmake'
[0.406s] INFO:colcon.colcon_cmake.task.cmake.build:Building CMake package in '/home/fortunato/ros2_ws/src/PX4-Autopilot'
[0.406s] INFO:colcon.colcon_core.shell:Skip shell extension 'powershell' for command environment: Not usable outside of PowerShell
[0.407s] DEBUG:colcon.colcon_core.shell:Skip shell extension 'dsv' for command environment
[0.414s] DEBUG:colcon.colcon_core.event_handler.log_command:Invoking command in '/home/fortunato/ros2_ws/build/px4_msgs': CMAKE_PREFIX_PATH=/opt/ros/humble:/home/fortunato/ros2_ws/install/cameras /usr/bin/cmake --build /home/fortunato/ros2_ws/build/px4_msgs -- -j8 -l8
[0.418s] DEBUG:colcon.colcon_core.event_handler.log_command:Invoking command in '/home/fortunato/ros2_ws/build/cameras': /usr/bin/cmake --build /home/fortunato/ros2_ws/build/cameras -- -j8 -l8
[0.422s] DEBUG:colcon.colcon_core.event_handler.log_command:Invoking command in '/home/fortunato/ros2_ws/build/px4': CMAKE_PREFIX_PATH=/opt/ros/humble:/home/fortunato/ros2_ws/install/cameras /usr/bin/cmake --build /home/fortunato/ros2_ws/build/px4 -- -j8 -l8
[0.460s] DEBUG:colcon.colcon_core.event_handler.log_command:Invoked command in '/home/fortunato/ros2_ws/build/cameras' returned '0': /usr/bin/cmake --build /home/fortunato/ros2_ws/build/cameras -- -j8 -l8
[0.478s] DEBUG:colcon.colcon_core.event_handler.log_command:Invoking command in '/home/fortunato/ros2_ws/build/cameras': /usr/bin/cmake --install /home/fortunato/ros2_ws/build/cameras
[0.505s] Level 1:colcon.colcon_core.shell:create_environment_hook('cameras', 'ros_package_path')
[0.506s] DEBUG:colcon.colcon_core.event_handler.log_command:Invoked command in '/home/fortunato/ros2_ws/build/cameras' returned '0': /usr/bin/cmake --install /home/fortunato/ros2_ws/build/cameras
[0.507s] INFO:colcon.colcon_core.shell:Creating environment hook '/home/fortunato/ros2_ws/install/cameras/share/cameras/hook/ros_package_path.ps1'
[0.508s] INFO:colcon.colcon_core.shell:Creating environment descriptor '/home/fortunato/ros2_ws/install/cameras/share/cameras/hook/ros_package_path.dsv'
[0.509s] INFO:colcon.colcon_core.shell:Creating environment hook '/home/fortunato/ros2_ws/install/cameras/share/cameras/hook/ros_package_path.sh'
[0.511s] Level 1:colcon.colcon_core.shell:create_environment_hook('cameras', 'pkg_config_path')
[0.512s] INFO:colcon.colcon_core.shell:Creating environment hook '/home/fortunato/ros2_ws/install/cameras/share/cameras/hook/pkg_config_path.ps1'
[0.513s] INFO:colcon.colcon_core.shell:Creating environment descriptor '/home/fortunato/ros2_ws/install/cameras/share/cameras/hook/pkg_config_path.dsv'
[0.513s] INFO:colcon.colcon_core.shell:Creating environment hook '/home/fortunato/ros2_ws/install/cameras/share/cameras/hook/pkg_config_path.sh'
[0.516s] Level 1:colcon.colcon_core.shell:create_environment_hook('cameras', 'pkg_config_path_multiarch')
[0.516s] INFO:colcon.colcon_core.shell:Creating environment hook '/home/fortunato/ros2_ws/install/cameras/share/cameras/hook/pkg_config_path_multiarch.ps1'
[0.517s] INFO:colcon.colcon_core.shell:Creating environment descriptor '/home/fortunato/ros2_ws/install/cameras/share/cameras/hook/pkg_config_path_multiarch.dsv'
[0.518s] INFO:colcon.colcon_core.shell:Creating environment hook '/home/fortunato/ros2_ws/install/cameras/share/cameras/hook/pkg_config_path_multiarch.sh'
[0.520s] Level 1:colcon.colcon_core.environment:create_environment_scripts_only(cameras)
[0.525s] Level 1:colcon.colcon_core.environment:checking '/home/fortunato/ros2_ws/install/cameras' for CMake module files
[0.526s] Level 1:colcon.colcon_core.environment:checking '/home/fortunato/ros2_ws/install/cameras' for CMake config files
[0.529s] Level 1:colcon.colcon_core.shell:create_environment_hook('cameras', 'cmake_prefix_path')
[0.530s] INFO:colcon.colcon_core.shell:Creating environment hook '/home/fortunato/ros2_ws/install/cameras/share/cameras/hook/cmake_prefix_path.ps1'
[0.531s] INFO:colcon.colcon_core.shell:Creating environment descriptor '/home/fortunato/ros2_ws/install/cameras/share/cameras/hook/cmake_prefix_path.dsv'
[0.531s] INFO:colcon.colcon_core.shell:Creating environment hook '/home/fortunato/ros2_ws/install/cameras/share/cameras/hook/cmake_prefix_path.sh'
[0.533s] Level 1:colcon.colcon_core.environment:checking '/home/fortunato/ros2_ws/install/cameras/bin'
[0.533s] Level 1:colcon.colcon_core.environment:checking '/home/fortunato/ros2_ws/install/cameras/lib/pkgconfig/cameras.pc'
[0.533s] Level 1:colcon.colcon_core.environment:checking '/home/fortunato/ros2_ws/install/cameras/lib/python3.10/site-packages'
[0.534s] Level 1:colcon.colcon_core.environment:checking '/home/fortunato/ros2_ws/install/cameras/bin'
[0.535s] INFO:colcon.colcon_core.shell:Creating package script '/home/fortunato/ros2_ws/install/cameras/share/cameras/package.ps1'
[0.537s] INFO:colcon.colcon_core.shell:Creating package descriptor '/home/fortunato/ros2_ws/install/cameras/share/cameras/package.dsv'
[0.539s] INFO:colcon.colcon_core.shell:Creating package script '/home/fortunato/ros2_ws/install/cameras/share/cameras/package.sh'
[0.541s] INFO:colcon.colcon_core.shell:Creating package script '/home/fortunato/ros2_ws/install/cameras/share/cameras/package.bash'
[0.543s] INFO:colcon.colcon_core.shell:Creating package script '/home/fortunato/ros2_ws/install/cameras/share/cameras/package.zsh'
[0.545s] Level 1:colcon.colcon_core.environment:create_file_with_runtime_dependencies(/home/fortunato/ros2_ws/install/cameras/share/colcon-core/packages/cameras)
[1.034s] DEBUG:colcon.colcon_core.event_handler.log_command:Invoked command in '/home/fortunato/ros2_ws/build/px4' returned '0': CMAKE_PREFIX_PATH=/opt/ros/humble:/home/fortunato/ros2_ws/install/cameras /usr/bin/cmake --build /home/fortunato/ros2_ws/build/px4 -- -j8 -l8
[1.037s] DEBUG:colcon.colcon_core.event_handler.log_command:Invoking command in '/home/fortunato/ros2_ws/build/px4': CMAKE_PREFIX_PATH=/opt/ros/humble:/home/fortunato/ros2_ws/install/cameras /usr/bin/cmake --install /home/fortunato/ros2_ws/build/px4
[1.433s] Level 1:colcon.colcon_core.environment:create_environment_scripts_only(px4)
[1.434s] Level 1:colcon.colcon_core.environment:checking '/home/fortunato/ros2_ws/install/px4' for CMake module files
[1.438s] Level 1:colcon.colcon_core.environment:checking '/home/fortunato/ros2_ws/install/px4' for CMake config files
[1.439s] Level 1:colcon.colcon_core.shell:create_environment_hook('px4', 'cmake_prefix_path')
[1.440s] INFO:colcon.colcon_core.shell:Creating environment hook '/home/fortunato/ros2_ws/install/px4/share/px4/hook/cmake_prefix_path.ps1'
[1.440s] INFO:colcon.colcon_core.shell:Creating environment descriptor '/home/fortunato/ros2_ws/install/px4/share/px4/hook/cmake_prefix_path.dsv'
[1.441s] INFO:colcon.colcon_core.shell:Creating environment hook '/home/fortunato/ros2_ws/install/px4/share/px4/hook/cmake_prefix_path.sh'
[1.445s] Level 1:colcon.colcon_core.environment:checking '/home/fortunato/ros2_ws/install/px4/lib'
[1.446s] Level 1:colcon.colcon_core.shell:create_environment_hook('px4', 'ld_library_path_lib')
[1.446s] INFO:colcon.colcon_core.shell:Creating environment hook '/home/fortunato/ros2_ws/install/px4/share/px4/hook/ld_library_path_lib.ps1'
[1.447s] INFO:colcon.colcon_core.shell:Creating environment descriptor '/home/fortunato/ros2_ws/install/px4/share/px4/hook/ld_library_path_lib.dsv'
[1.447s] INFO:colcon.colcon_core.shell:Creating environment hook '/home/fortunato/ros2_ws/install/px4/share/px4/hook/ld_library_path_lib.sh'
[1.452s] Level 1:colcon.colcon_core.environment:checking '/home/fortunato/ros2_ws/install/px4/bin'
[1.452s] Level 1:colcon.colcon_core.environment:checking '/home/fortunato/ros2_ws/install/px4/lib/pkgconfig/px4.pc'
[1.453s] Level 1:colcon.colcon_core.environment:checking '/home/fortunato/ros2_ws/install/px4/lib/python3.10/site-packages'
[1.453s] Level 1:colcon.colcon_core.environment:checking '/home/fortunato/ros2_ws/install/px4/bin'
[1.454s] INFO:colcon.colcon_core.shell:Creating package script '/home/fortunato/ros2_ws/install/px4/share/px4/package.ps1'
[1.455s] INFO:colcon.colcon_core.shell:Creating package descriptor '/home/fortunato/ros2_ws/install/px4/share/px4/package.dsv'
[1.455s] INFO:colcon.colcon_core.shell:Creating package script '/home/fortunato/ros2_ws/install/px4/share/px4/package.sh'
[1.460s] INFO:colcon.colcon_core.shell:Creating package script '/home/fortunato/ros2_ws/install/px4/share/px4/package.bash'
[1.461s] INFO:colcon.colcon_core.shell:Creating package script '/home/fortunato/ros2_ws/install/px4/share/px4/package.zsh'
[1.461s] Level 1:colcon.colcon_core.environment:create_file_with_runtime_dependencies(/home/fortunato/ros2_ws/install/px4/share/colcon-core/packages/px4)
[1.467s] Level 1:colcon.colcon_core.environment:create_environment_scripts_only(px4)
[1.468s] Level 1:colcon.colcon_core.environment:checking '/home/fortunato/ros2_ws/install/px4' for CMake module files
[1.475s] Level 1:colcon.colcon_core.environment:checking '/home/fortunato/ros2_ws/install/px4' for CMake config files
[1.477s] Level 1:colcon.colcon_core.shell:create_environment_hook('px4', 'cmake_prefix_path')
[1.478s] INFO:colcon.colcon_core.shell:Creating environment hook '/home/fortunato/ros2_ws/install/px4/share/px4/hook/cmake_prefix_path.ps1'
[1.479s] INFO:colcon.colcon_core.shell:Creating environment descriptor '/home/fortunato/ros2_ws/install/px4/share/px4/hook/cmake_prefix_path.dsv'
[1.483s] INFO:colcon.colcon_core.shell:Creating environment hook '/home/fortunato/ros2_ws/install/px4/share/px4/hook/cmake_prefix_path.sh'
[1.484s] Level 1:colcon.colcon_core.environment:checking '/home/fortunato/ros2_ws/install/px4/lib'
[1.484s] Level 1:colcon.colcon_core.shell:create_environment_hook('px4', 'ld_library_path_lib')
[1.484s] INFO:colcon.colcon_core.shell:Creating environment hook '/home/fortunato/ros2_ws/install/px4/share/px4/hook/ld_library_path_lib.ps1'
[1.485s] INFO:colcon.colcon_core.shell:Creating environment descriptor '/home/fortunato/ros2_ws/install/px4/share/px4/hook/ld_library_path_lib.dsv'
[1.486s] INFO:colcon.colcon_core.shell:Creating environment hook '/home/fortunato/ros2_ws/install/px4/share/px4/hook/ld_library_path_lib.sh'
[1.489s] Level 1:colcon.colcon_core.environment:checking '/home/fortunato/ros2_ws/install/px4/bin'
[1.489s] Level 1:colcon.colcon_core.environment:checking '/home/fortunato/ros2_ws/install/px4/lib/pkgconfig/px4.pc'
[1.490s] Level 1:colcon.colcon_core.environment:checking '/home/fortunato/ros2_ws/install/px4/lib/python3.10/site-packages'
[1.490s] Level 1:colcon.colcon_core.environment:checking '/home/fortunato/ros2_ws/install/px4/bin'
[1.491s] INFO:colcon.colcon_core.shell:Creating package script '/home/fortunato/ros2_ws/install/px4/share/px4/package.ps1'
[1.493s] INFO:colcon.colcon_core.shell:Creating package descriptor '/home/fortunato/ros2_ws/install/px4/share/px4/package.dsv'
[1.498s] INFO:colcon.colcon_core.shell:Creating package script '/home/fortunato/ros2_ws/install/px4/share/px4/package.sh'
[1.499s] INFO:colcon.colcon_core.shell:Creating package script '/home/fortunato/ros2_ws/install/px4/share/px4/package.bash'
[1.499s] INFO:colcon.colcon_core.shell:Creating package script '/home/fortunato/ros2_ws/install/px4/share/px4/package.zsh'
[1.500s] Level 1:colcon.colcon_core.environment:create_file_with_runtime_dependencies(/home/fortunato/ros2_ws/install/px4/share/colcon-core/packages/px4)
[1.533s] DEBUG:colcon.colcon_core.event_handler.log_command:Invoked command in '/home/fortunato/ros2_ws/build/px4' returned '0': CMAKE_PREFIX_PATH=/opt/ros/humble:/home/fortunato/ros2_ws/install/cameras /usr/bin/cmake --install /home/fortunato/ros2_ws/build/px4
[1.828s] DEBUG:colcon.colcon_core.event_handler.log_command:Invoked command in '/home/fortunato/ros2_ws/build/px4_msgs' returned '0': CMAKE_PREFIX_PATH=/opt/ros/humble:/home/fortunato/ros2_ws/install/cameras /usr/bin/cmake --build /home/fortunato/ros2_ws/build/px4_msgs -- -j8 -l8
[1.830s] DEBUG:colcon.colcon_core.event_handler.log_command:Invoking command in '/home/fortunato/ros2_ws/build/px4_msgs': CMAKE_PREFIX_PATH=/opt/ros/humble:/home/fortunato/ros2_ws/install/cameras /usr/bin/cmake --install /home/fortunato/ros2_ws/build/px4_msgs
[2.211s] Level 1:colcon.colcon_core.environment:create_environment_scripts_only(px4_msgs)
[2.211s] Level 1:colcon.colcon_core.environment:checking '/home/fortunato/ros2_ws/install/px4_msgs' for CMake module files
[2.211s] DEBUG:colcon.colcon_core.event_handler.log_command:Invoked command in '/home/fortunato/ros2_ws/build/px4_msgs' returned '0': CMAKE_PREFIX_PATH=/opt/ros/humble:/home/fortunato/ros2_ws/install/cameras /usr/bin/cmake --install /home/fortunato/ros2_ws/build/px4_msgs
[2.212s] Level 1:colcon.colcon_core.environment:checking '/home/fortunato/ros2_ws/install/px4_msgs' for CMake config files
[2.213s] Level 1:colcon.colcon_core.shell:create_environment_hook('px4_msgs', 'cmake_prefix_path')
[2.213s] INFO:colcon.colcon_core.shell:Creating environment hook '/home/fortunato/ros2_ws/install/px4_msgs/share/px4_msgs/hook/cmake_prefix_path.ps1'
[2.213s] INFO:colcon.colcon_core.shell:Creating environment descriptor '/home/fortunato/ros2_ws/install/px4_msgs/share/px4_msgs/hook/cmake_prefix_path.dsv'
[2.214s] INFO:colcon.colcon_core.shell:Creating environment hook '/home/fortunato/ros2_ws/install/px4_msgs/share/px4_msgs/hook/cmake_prefix_path.sh'
[2.214s] Level 1:colcon.colcon_core.environment:checking '/home/fortunato/ros2_ws/install/px4_msgs/lib'
[2.214s] Level 1:colcon.colcon_core.shell:create_environment_hook('px4_msgs', 'ld_library_path_lib')
[2.214s] INFO:colcon.colcon_core.shell:Creating environment hook '/home/fortunato/ros2_ws/install/px4_msgs/share/px4_msgs/hook/ld_library_path_lib.ps1'
[2.215s] INFO:colcon.colcon_core.shell:Creating environment descriptor '/home/fortunato/ros2_ws/install/px4_msgs/share/px4_msgs/hook/ld_library_path_lib.dsv'
[2.215s] INFO:colcon.colcon_core.shell:Creating environment hook '/home/fortunato/ros2_ws/install/px4_msgs/share/px4_msgs/hook/ld_library_path_lib.sh'
[2.215s] Level 1:colcon.colcon_core.environment:checking '/home/fortunato/ros2_ws/install/px4_msgs/bin'
[2.215s] Level 1:colcon.colcon_core.environment:checking '/home/fortunato/ros2_ws/install/px4_msgs/lib/pkgconfig/px4_msgs.pc'
[2.216s] Level 1:colcon.colcon_core.environment:checking '/home/fortunato/ros2_ws/install/px4_msgs/lib/python3.10/site-packages'
[2.216s] Level 1:colcon.colcon_core.environment:checking '/home/fortunato/ros2_ws/install/px4_msgs/bin'
[2.216s] INFO:colcon.colcon_core.shell:Creating package script '/home/fortunato/ros2_ws/install/px4_msgs/share/px4_msgs/package.ps1'
[2.216s] INFO:colcon.colcon_core.shell:Creating package descriptor '/home/fortunato/ros2_ws/install/px4_msgs/share/px4_msgs/package.dsv'
[2.217s] INFO:colcon.colcon_core.shell:Creating package script '/home/fortunato/ros2_ws/install/px4_msgs/share/px4_msgs/package.sh'
[2.217s] INFO:colcon.colcon_core.shell:Creating package script '/home/fortunato/ros2_ws/install/px4_msgs/share/px4_msgs/package.bash'
[2.218s] INFO:colcon.colcon_core.shell:Creating package script '/home/fortunato/ros2_ws/install/px4_msgs/share/px4_msgs/package.zsh'
[2.218s] Level 1:colcon.colcon_core.environment:create_file_with_runtime_dependencies(/home/fortunato/ros2_ws/install/px4_msgs/share/colcon-core/packages/px4_msgs)
[2.218s] Level 1:colcon.colcon_core.environment:create_environment_scripts_only(px4_msgs)
[2.219s] Level 1:colcon.colcon_core.environment:checking '/home/fortunato/ros2_ws/install/px4_msgs' for CMake module files
[2.219s] Level 1:colcon.colcon_core.environment:checking '/home/fortunato/ros2_ws/install/px4_msgs' for CMake config files
[2.220s] Level 1:colcon.colcon_core.shell:create_environment_hook('px4_msgs', 'cmake_prefix_path')
[2.220s] INFO:colcon.colcon_core.shell:Creating environment hook '/home/fortunato/ros2_ws/install/px4_msgs/share/px4_msgs/hook/cmake_prefix_path.ps1'
[2.220s] INFO:colcon.colcon_core.shell:Creating environment descriptor '/home/fortunato/ros2_ws/install/px4_msgs/share/px4_msgs/hook/cmake_prefix_path.dsv'
[2.221s] INFO:colcon.colcon_core.shell:Creating environment hook '/home/fortunato/ros2_ws/install/px4_msgs/share/px4_msgs/hook/cmake_prefix_path.sh'
[2.221s] Level 1:colcon.colcon_core.environment:checking '/home/fortunato/ros2_ws/install/px4_msgs/lib'
[2.221s] Level 1:colcon.colcon_core.shell:create_environment_hook('px4_msgs', 'ld_library_path_lib')
[2.221s] INFO:colcon.colcon_core.shell:Creating environment hook '/home/fortunato/ros2_ws/install/px4_msgs/share/px4_msgs/hook/ld_library_path_lib.ps1'
[2.222s] INFO:colcon.colcon_core.shell:Creating environment descriptor '/home/fortunato/ros2_ws/install/px4_msgs/share/px4_msgs/hook/ld_library_path_lib.dsv'
[2.222s] INFO:colcon.colcon_core.shell:Creating environment hook '/home/fortunato/ros2_ws/install/px4_msgs/share/px4_msgs/hook/ld_library_path_lib.sh'
[2.222s] Level 1:colcon.colcon_core.environment:checking '/home/fortunato/ros2_ws/install/px4_msgs/bin'
[2.222s] Level 1:colcon.colcon_core.environment:checking '/home/fortunato/ros2_ws/install/px4_msgs/lib/pkgconfig/px4_msgs.pc'
[2.223s] Level 1:colcon.colcon_core.environment:checking '/home/fortunato/ros2_ws/install/px4_msgs/lib/python3.10/site-packages'
[2.223s] Level 1:colcon.colcon_core.environment:checking '/home/fortunato/ros2_ws/install/px4_msgs/bin'
[2.223s] INFO:colcon.colcon_core.shell:Creating package script '/home/fortunato/ros2_ws/install/px4_msgs/share/px4_msgs/package.ps1'
[2.223s] INFO:colcon.colcon_core.shell:Creating package descriptor '/home/fortunato/ros2_ws/install/px4_msgs/share/px4_msgs/package.dsv'
[2.224s] INFO:colcon.colcon_core.shell:Creating package script '/home/fortunato/ros2_ws/install/px4_msgs/share/px4_msgs/package.sh'
[2.224s] INFO:colcon.colcon_core.shell:Creating package script '/home/fortunato/ros2_ws/install/px4_msgs/share/px4_msgs/package.bash'
[2.225s] INFO:colcon.colcon_core.shell:Creating package script '/home/fortunato/ros2_ws/install/px4_msgs/share/px4_msgs/package.zsh'
[2.225s] Level 1:colcon.colcon_core.environment:create_file_with_runtime_dependencies(/home/fortunato/ros2_ws/install/px4_msgs/share/colcon-core/packages/px4_msgs)
[2.225s] INFO:colcon.colcon_ros.task.ament_cmake.build:Building ROS package in '/home/fortunato/ros2_ws/src/px4_ros_com' with build type 'ament_cmake'
[2.226s] INFO:colcon.colcon_cmake.task.cmake.build:Building CMake package in '/home/fortunato/ros2_ws/src/px4_ros_com'
[2.226s] INFO:colcon.colcon_core.shell:Skip shell extension 'powershell' for command environment: Not usable outside of PowerShell
[2.226s] DEBUG:colcon.colcon_core.shell:Skip shell extension 'dsv' for command environment
[2.237s] DEBUG:colcon.colcon_core.event_handler.log_command:Invoking command in '/home/fortunato/ros2_ws/build/px4_ros_com': AMENT_PREFIX_PATH=/home/fortunato/ros2_ws/install/px4_msgs:${AMENT_PREFIX_PATH} CMAKE_PREFIX_PATH=/home/fortunato/ros2_ws/install/px4_msgs:/opt/ros/humble:/home/fortunato/ros2_ws/install/cameras LD_LIBRARY_PATH=/home/fortunato/ros2_ws/install/px4_msgs/lib:${LD_LIBRARY_PATH} PYTHONPATH=/home/fortunato/ros2_ws/install/px4_msgs/local/lib/python3.10/dist-packages:${PYTHONPATH} /usr/bin/cmake --build /home/fortunato/ros2_ws/build/px4_ros_com -- -j8 -l8
[2.595s] DEBUG:colcon.colcon_core.event_handler.log_command:Invoked command in '/home/fortunato/ros2_ws/build/px4_ros_com' returned '0': AMENT_PREFIX_PATH=/home/fortunato/ros2_ws/install/px4_msgs:${AMENT_PREFIX_PATH} CMAKE_PREFIX_PATH=/home/fortunato/ros2_ws/install/px4_msgs:/opt/ros/humble:/home/fortunato/ros2_ws/install/cameras LD_LIBRARY_PATH=/home/fortunato/ros2_ws/install/px4_msgs/lib:${LD_LIBRARY_PATH} PYTHONPATH=/home/fortunato/ros2_ws/install/px4_msgs/local/lib/python3.10/dist-packages:${PYTHONPATH} /usr/bin/cmake --build /home/fortunato/ros2_ws/build/px4_ros_com -- -j8 -l8
[2.595s] DEBUG:colcon.colcon_core.event_handler.log_command:Invoking command in '/home/fortunato/ros2_ws/build/px4_ros_com': AMENT_PREFIX_PATH=/home/fortunato/ros2_ws/install/px4_msgs:${AMENT_PREFIX_PATH} CMAKE_PREFIX_PATH=/home/fortunato/ros2_ws/install/px4_msgs:/opt/ros/humble:/home/fortunato/ros2_ws/install/cameras LD_LIBRARY_PATH=/home/fortunato/ros2_ws/install/px4_msgs/lib:${LD_LIBRARY_PATH} PYTHONPATH=/home/fortunato/ros2_ws/install/px4_msgs/local/lib/python3.10/dist-packages:${PYTHONPATH} /usr/bin/cmake --install /home/fortunato/ros2_ws/build/px4_ros_com
[2.642s] Level 1:colcon.colcon_core.environment:create_environment_scripts_only(px4_ros_com)
[2.642s] Level 1:colcon.colcon_core.environment:checking '/home/fortunato/ros2_ws/install/px4_ros_com' for CMake module files
[2.643s] DEBUG:colcon.colcon_core.event_handler.log_command:Invoked command in '/home/fortunato/ros2_ws/build/px4_ros_com' returned '0': AMENT_PREFIX_PATH=/home/fortunato/ros2_ws/install/px4_msgs:${AMENT_PREFIX_PATH} CMAKE_PREFIX_PATH=/home/fortunato/ros2_ws/install/px4_msgs:/opt/ros/humble:/home/fortunato/ros2_ws/install/cameras LD_LIBRARY_PATH=/home/fortunato/ros2_ws/install/px4_msgs/lib:${LD_LIBRARY_PATH} PYTHONPATH=/home/fortunato/ros2_ws/install/px4_msgs/local/lib/python3.10/dist-packages:${PYTHONPATH} /usr/bin/cmake --install /home/fortunato/ros2_ws/build/px4_ros_com
[2.643s] Level 1:colcon.colcon_core.environment:checking '/home/fortunato/ros2_ws/install/px4_ros_com' for CMake config files
[2.643s] Level 1:colcon.colcon_core.shell:create_environment_hook('px4_ros_com', 'cmake_prefix_path')
[2.643s] INFO:colcon.colcon_core.shell:Creating environment hook '/home/fortunato/ros2_ws/install/px4_ros_com/share/px4_ros_com/hook/cmake_prefix_path.ps1'
[2.644s] INFO:colcon.colcon_core.shell:Creating environment descriptor '/home/fortunato/ros2_ws/install/px4_ros_com/share/px4_ros_com/hook/cmake_prefix_path.dsv'
[2.644s] INFO:colcon.colcon_core.shell:Creating environment hook '/home/fortunato/ros2_ws/install/px4_ros_com/share/px4_ros_com/hook/cmake_prefix_path.sh'
[2.645s] Level 1:colcon.colcon_core.environment:checking '/home/fortunato/ros2_ws/install/px4_ros_com/lib'
[2.645s] Level 1:colcon.colcon_core.shell:create_environment_hook('px4_ros_com', 'ld_library_path_lib')
[2.645s] INFO:colcon.colcon_core.shell:Creating environment hook '/home/fortunato/ros2_ws/install/px4_ros_com/share/px4_ros_com/hook/ld_library_path_lib.ps1'
[2.645s] INFO:colcon.colcon_core.shell:Creating environment descriptor '/home/fortunato/ros2_ws/install/px4_ros_com/share/px4_ros_com/hook/ld_library_path_lib.dsv'
[2.646s] INFO:colcon.colcon_core.shell:Creating environment hook '/home/fortunato/ros2_ws/install/px4_ros_com/share/px4_ros_com/hook/ld_library_path_lib.sh'
[2.646s] Level 1:colcon.colcon_core.environment:checking '/home/fortunato/ros2_ws/install/px4_ros_com/bin'
[2.646s] Level 1:colcon.colcon_core.environment:checking '/home/fortunato/ros2_ws/install/px4_ros_com/lib/pkgconfig/px4_ros_com.pc'
[2.646s] Level 1:colcon.colcon_core.environment:checking '/home/fortunato/ros2_ws/install/px4_ros_com/lib/python3.10/site-packages'
[2.647s] Level 1:colcon.colcon_core.environment:checking '/home/fortunato/ros2_ws/install/px4_ros_com/bin'
[2.647s] INFO:colcon.colcon_core.shell:Creating package script '/home/fortunato/ros2_ws/install/px4_ros_com/share/px4_ros_com/package.ps1'
[2.647s] INFO:colcon.colcon_core.shell:Creating package descriptor '/home/fortunato/ros2_ws/install/px4_ros_com/share/px4_ros_com/package.dsv'
[2.648s] INFO:colcon.colcon_core.shell:Creating package script '/home/fortunato/ros2_ws/install/px4_ros_com/share/px4_ros_com/package.sh'
[2.648s] INFO:colcon.colcon_core.shell:Creating package script '/home/fortunato/ros2_ws/install/px4_ros_com/share/px4_ros_com/package.bash'
[2.648s] INFO:colcon.colcon_core.shell:Creating package script '/home/fortunato/ros2_ws/install/px4_ros_com/share/px4_ros_com/package.zsh'
[2.649s] Level 1:colcon.colcon_core.environment:create_file_with_runtime_dependencies(/home/fortunato/ros2_ws/install/px4_ros_com/share/colcon-core/packages/px4_ros_com)
[2.649s] Level 1:colcon.colcon_core.environment:create_environment_scripts_only(px4_ros_com)
[2.649s] Level 1:colcon.colcon_core.environment:checking '/home/fortunato/ros2_ws/install/px4_ros_com' for CMake module files
[2.650s] Level 1:colcon.colcon_core.environment:checking '/home/fortunato/ros2_ws/install/px4_ros_com' for CMake config files
[2.650s] Level 1:colcon.colcon_core.shell:create_environment_hook('px4_ros_com', 'cmake_prefix_path')
[2.650s] INFO:colcon.colcon_core.shell:Creating environment hook '/home/fortunato/ros2_ws/install/px4_ros_com/share/px4_ros_com/hook/cmake_prefix_path.ps1'
[2.650s] INFO:colcon.colcon_core.shell:Creating environment descriptor '/home/fortunato/ros2_ws/install/px4_ros_com/share/px4_ros_com/hook/cmake_prefix_path.dsv'
[2.651s] INFO:colcon.colcon_core.shell:Creating environment hook '/home/fortunato/ros2_ws/install/px4_ros_com/share/px4_ros_com/hook/cmake_prefix_path.sh'
[2.651s] Level 1:colcon.colcon_core.environment:checking '/home/fortunato/ros2_ws/install/px4_ros_com/lib'
[2.651s] Level 1:colcon.colcon_core.shell:create_environment_hook('px4_ros_com', 'ld_library_path_lib')
[2.651s] INFO:colcon.colcon_core.shell:Creating environment hook '/home/fortunato/ros2_ws/install/px4_ros_com/share/px4_ros_com/hook/ld_library_path_lib.ps1'
[2.652s] INFO:colcon.colcon_core.shell:Creating environment descriptor '/home/fortunato/ros2_ws/install/px4_ros_com/share/px4_ros_com/hook/ld_library_path_lib.dsv'
[2.652s] INFO:colcon.colcon_core.shell:Creating environment hook '/home/fortunato/ros2_ws/install/px4_ros_com/share/px4_ros_com/hook/ld_library_path_lib.sh'
[2.652s] Level 1:colcon.colcon_core.environment:checking '/home/fortunato/ros2_ws/install/px4_ros_com/bin'
[2.652s] Level 1:colcon.colcon_core.environment:checking '/home/fortunato/ros2_ws/install/px4_ros_com/lib/pkgconfig/px4_ros_com.pc'
[2.653s] Level 1:colcon.colcon_core.environment:checking '/home/fortunato/ros2_ws/install/px4_ros_com/lib/python3.10/site-packages'
[2.653s] Level 1:colcon.colcon_core.environment:checking '/home/fortunato/ros2_ws/install/px4_ros_com/bin'
[2.653s] INFO:colcon.colcon_core.shell:Creating package script '/home/fortunato/ros2_ws/install/px4_ros_com/share/px4_ros_com/package.ps1'
[2.654s] INFO:colcon.colcon_core.shell:Creating package descriptor '/home/fortunato/ros2_ws/install/px4_ros_com/share/px4_ros_com/package.dsv'
[2.654s] INFO:colcon.colcon_core.shell:Creating package script '/home/fortunato/ros2_ws/install/px4_ros_com/share/px4_ros_com/package.sh'
[2.655s] INFO:colcon.colcon_core.shell:Creating package script '/home/fortunato/ros2_ws/install/px4_ros_com/share/px4_ros_com/package.bash'
[2.655s] INFO:colcon.colcon_core.shell:Creating package script '/home/fortunato/ros2_ws/install/px4_ros_com/share/px4_ros_com/package.zsh'
[2.655s] Level 1:colcon.colcon_core.environment:create_file_with_runtime_dependencies(/home/fortunato/ros2_ws/install/px4_ros_com/share/colcon-core/packages/px4_ros_com)
[2.655s] DEBUG:colcon.colcon_parallel_executor.executor.parallel:closing loop
[2.656s] DEBUG:colcon.colcon_parallel_executor.executor.parallel:loop closed
[2.656s] DEBUG:colcon.colcon_parallel_executor.executor.parallel:run_until_complete finished with '0'
[2.656s] DEBUG:colcon.colcon_core.event_reactor:joining thread
[2.660s] INFO:colcon.colcon_core.plugin_system:Skipping extension 'colcon_notification.desktop_notification.terminal_notifier': Not used on non-Darwin systems
[2.661s] INFO:colcon.colcon_core.plugin_system:Skipping extension 'colcon_notification.desktop_notification.win32': Not used on non-Windows systems
[2.661s] INFO:colcon.colcon_notification.desktop_notification:Sending desktop notification using 'notify2'
[2.671s] DEBUG:colcon.colcon_core.event_reactor:joined thread
[2.672s] INFO:colcon.colcon_core.shell:Creating prefix script '/home/fortunato/ros2_ws/install/local_setup.ps1'
[2.673s] INFO:colcon.colcon_core.shell:Creating prefix util module '/home/fortunato/ros2_ws/install/_local_setup_util_ps1.py'
[2.674s] INFO:colcon.colcon_core.shell:Creating prefix chain script '/home/fortunato/ros2_ws/install/setup.ps1'
[2.675s] INFO:colcon.colcon_core.shell:Creating prefix script '/home/fortunato/ros2_ws/install/local_setup.sh'
[2.675s] INFO:colcon.colcon_core.shell:Creating prefix util module '/home/fortunato/ros2_ws/install/_local_setup_util_sh.py'
[2.676s] INFO:colcon.colcon_core.shell:Creating prefix chain script '/home/fortunato/ros2_ws/install/setup.sh'
[2.677s] INFO:colcon.colcon_core.shell:Creating prefix script '/home/fortunato/ros2_ws/install/local_setup.bash'
[2.677s] INFO:colcon.colcon_core.shell:Creating prefix chain script '/home/fortunato/ros2_ws/install/setup.bash'
[2.678s] INFO:colcon.colcon_core.shell:Creating prefix script '/home/fortunato/ros2_ws/install/local_setup.zsh'
[2.678s] INFO:colcon.colcon_core.shell:Creating prefix chain script '/home/fortunato/ros2_ws/install/setup.zsh'
