[0.012s] Invoking command in '/home/fortunato/ros2_ws/build/px4_ros_com': AMENT_PREFIX_PATH=/home/fortunato/ros2_ws/install/px4_msgs:${AMENT_PREFIX_PATH} CMAKE_PREFIX_PATH=/home/fortunato/ros2_ws/install/px4_msgs:/opt/ros/humble:/home/fortunato/ros2_ws/install/cameras LD_LIBRARY_PATH=/home/fortunato/ros2_ws/install/px4_msgs/lib:${LD_LIBRARY_PATH} PYTHONPATH=/home/fortunato/ros2_ws/install/px4_msgs/local/lib/python3.10/dist-packages:${PYTHONPATH} /usr/bin/cmake /home/fortunato/ros2_ws/src/px4_ros_com -DCMAKE_INSTALL_PREFIX=/home/fortunato/ros2_ws/install/px4_ros_com
[0.083s] -- The C compiler identification is GNU 11.4.0
[0.157s] -- The CXX compiler identification is GNU 11.4.0
[0.169s] -- Detecting C compiler ABI info
[0.253s] -- Detecting C compiler ABI info - done
[0.262s] -- Check for working C compiler: /usr/bin/cc - skipped
[0.263s] -- Detecting C compile features
[0.263s] -- Detecting C compile features - done
[0.267s] -- Detecting CXX compiler ABI info
[0.364s] -- Detecting CXX compiler ABI info - done
[0.381s] -- Check for working CXX compiler: /usr/bin/c++ - skipped
[0.381s] -- Detecting CXX compile features
[0.382s] -- Detecting CXX compile features - done
[0.386s] -- Found ament_cmake: 1.3.11 (/opt/ros/humble/share/ament_cmake/cmake)
[0.572s] -- Found Python3: /usr/bin/python3 (found version "3.10.12") found components: Interpreter 
[0.686s] -- Found builtin_interfaces: 1.2.1 (/opt/ros/humble/share/builtin_interfaces/cmake)
[0.726s] -- Found rosidl_generator_c: 3.1.6 (/opt/ros/humble/share/rosidl_generator_c/cmake)
[0.732s] -- Found rosidl_adapter: 3.1.6 (/opt/ros/humble/share/rosidl_adapter/cmake)
[0.742s] -- Found rosidl_generator_cpp: 3.1.6 (/opt/ros/humble/share/rosidl_generator_cpp/cmake)
[0.757s] -- Using all available rosidl_typesupport_c: rosidl_typesupport_fastrtps_c;rosidl_typesupport_introspection_c
[0.776s] -- Using all available rosidl_typesupport_cpp: rosidl_typesupport_fastrtps_cpp;rosidl_typesupport_introspection_cpp
[0.795s] -- Found eigen3_cmake_module: 0.1.1 (/opt/ros/humble/share/eigen3_cmake_module/cmake)
[0.804s] -- Found Eigen3: TRUE (found version "3.4.0") 
[0.806s] -- Found geometry_msgs: 4.2.4 (/opt/ros/humble/share/geometry_msgs/cmake)
[0.841s] -- Found px4_msgs: 2.0.1 (/home/fortunato/ros2_ws/install/px4_msgs/share/px4_msgs/cmake)
[0.857s] -- Found rclcpp: 16.0.11 (/opt/ros/humble/share/rclcpp/cmake)
[0.902s] -- Found rmw_implementation_cmake: 6.1.2 (/opt/ros/humble/share/rmw_implementation_cmake/cmake)
[0.905s] -- Found rmw_fastrtps_cpp: 6.2.7 (/opt/ros/humble/share/rmw_fastrtps_cpp/cmake)
[1.009s] -- Found OpenSSL: /usr/lib/x86_64-linux-gnu/libcrypto.so (found version "3.0.2")  
[1.046s] -- Found FastRTPS: /opt/ros/humble/include  
[1.101s] -- Using RMW implementation 'rmw_fastrtps_cpp' as default
[1.111s] -- Looking for pthread.h
[1.198s] -- Looking for pthread.h - found
[1.198s] -- Performing Test CMAKE_HAVE_LIBC_PTHREAD
[1.287s] -- Performing Test CMAKE_HAVE_LIBC_PTHREAD - Success
[1.289s] -- Found Threads: TRUE  
[1.344s] -- Found sensor_msgs: 4.2.4 (/opt/ros/humble/share/sensor_msgs/cmake)
[1.371s] -- Found rclpy: 3.3.15 (/opt/ros/humble/share/rclpy/cmake)
[1.382s] -- Found ament_lint_auto: 0.12.11 (/opt/ros/humble/share/ament_lint_auto/cmake)
[1.516s] -- Added test 'copyright' to check source files copyright and LICENSE
[1.523s] -- Added test 'cppcheck' to perform static code analysis on C / C++ code
[1.524s] -- Configured cppcheck include dirs: /home/fortunato/ros2_ws/src/px4_ros_com/include;$<BUILD_INTERFACE:/home/fortunato/ros2_ws/src/px4_ros_com/include/px4_ros_com>
[1.524s] -- Configured cppcheck exclude dirs and/or files: 
[1.530s] -- Added test 'cpplint' to check C / C++ code against the Google style
[1.530s] -- Configured cpplint exclude dirs and/or files: 
[1.532s] -- Added test 'flake8' to check Python code syntax and style conventions
[1.534s] -- Added test 'lint_cmake' to check CMake code style
[1.535s] -- Added test 'pep257' to check Python code against some of the docstring style conventions in PEP 257
[1.542s] -- Added test 'uncrustify' to check C / C++ code style
[1.542s] -- Configured uncrustify additional arguments: 
[1.543s] -- Added test 'xmllint' to check XML markup files
[1.546s] -- Configuring done
[1.577s] -- Generating done
[1.589s] -- Build files have been written to: /home/fortunato/ros2_ws/build/px4_ros_com
[1.601s] Invoked command in '/home/fortunato/ros2_ws/build/px4_ros_com' returned '0': AMENT_PREFIX_PATH=/home/fortunato/ros2_ws/install/px4_msgs:${AMENT_PREFIX_PATH} CMAKE_PREFIX_PATH=/home/fortunato/ros2_ws/install/px4_msgs:/opt/ros/humble:/home/fortunato/ros2_ws/install/cameras LD_LIBRARY_PATH=/home/fortunato/ros2_ws/install/px4_msgs/lib:${LD_LIBRARY_PATH} PYTHONPATH=/home/fortunato/ros2_ws/install/px4_msgs/local/lib/python3.10/dist-packages:${PYTHONPATH} /usr/bin/cmake /home/fortunato/ros2_ws/src/px4_ros_com -DCMAKE_INSTALL_PREFIX=/home/fortunato/ros2_ws/install/px4_ros_com
[1.603s] Invoking command in '/home/fortunato/ros2_ws/build/px4_ros_com': AMENT_PREFIX_PATH=/home/fortunato/ros2_ws/install/px4_msgs:${AMENT_PREFIX_PATH} CMAKE_PREFIX_PATH=/home/fortunato/ros2_ws/install/px4_msgs:/opt/ros/humble:/home/fortunato/ros2_ws/install/cameras LD_LIBRARY_PATH=/home/fortunato/ros2_ws/install/px4_msgs/lib:${LD_LIBRARY_PATH} PYTHONPATH=/home/fortunato/ros2_ws/install/px4_msgs/local/lib/python3.10/dist-packages:${PYTHONPATH} /usr/bin/cmake --build /home/fortunato/ros2_ws/build/px4_ros_com -- -j8 -l8
[1.678s] [  8%] [32mBuilding CXX object CMakeFiles/vehicle_gps_position_listener.dir/src/examples/listeners/vehicle_gps_position_listener.cpp.o[0m
[1.680s] [ 16%] [32mBuilding CXX object CMakeFiles/debug_vect_advertiser.dir/src/examples/advertisers/debug_vect_advertiser.cpp.o[0m
[1.682s] [ 25%] [32mBuilding CXX object CMakeFiles/sensor_combined_listener.dir/src/examples/listeners/sensor_combined_listener.cpp.o[0m
[1.683s] [ 33%] [32mBuilding CXX object CMakeFiles/frame_transforms.dir/src/lib/frame_transforms.cpp.o[0m
[1.683s] [ 41%] [32mBuilding CXX object CMakeFiles/offboard_control.dir/src/examples/offboard/offboard_control.cpp.o[0m
[1.685s] [ 50%] [32mBuilding CXX object CMakeFiles/offboard_control_srv.dir/src/examples/offboard/offboard_control_srv.cpp.o[0m
[12.460s] [ 58%] [32m[1mLinking CXX executable debug_vect_advertiser[0m
[12.917s] [ 58%] Built target debug_vect_advertiser
[12.981s] [ 58%] Built target ament_cmake_python_copy_px4_ros_com
[13.652s] running egg_info
[13.654s] creating px4_ros_com.egg-info
[13.654s] writing px4_ros_com.egg-info/PKG-INFO
[13.655s] writing dependency_links to px4_ros_com.egg-info/dependency_links.txt
[13.655s] writing top-level names to px4_ros_com.egg-info/top_level.txt
[13.656s] writing manifest file 'px4_ros_com.egg-info/SOURCES.txt'
[13.660s] reading manifest file 'px4_ros_com.egg-info/SOURCES.txt'
[13.662s] writing manifest file 'px4_ros_com.egg-info/SOURCES.txt'
[13.696s] [ 66%] [32m[1mLinking CXX executable offboard_control[0m
[13.727s] [ 66%] Built target ament_cmake_python_build_px4_ros_com_egg
[14.227s] [ 66%] Built target offboard_control
[15.070s] [ 75%] [32m[1mLinking CXX executable offboard_control_srv[0m
[15.449s] [ 75%] Built target offboard_control_srv
[16.687s] [ 83%] [32m[1mLinking CXX shared library libframe_transforms.so[0m
[17.108s] [ 83%] Built target frame_transforms
[17.821s] [ 91%] [32m[1mLinking CXX executable vehicle_gps_position_listener[0m
[18.313s] [ 91%] Built target vehicle_gps_position_listener
[18.530s] [100%] [32m[1mLinking CXX executable sensor_combined_listener[0m
[18.971s] [100%] Built target sensor_combined_listener
[18.985s] Invoked command in '/home/fortunato/ros2_ws/build/px4_ros_com' returned '0': AMENT_PREFIX_PATH=/home/fortunato/ros2_ws/install/px4_msgs:${AMENT_PREFIX_PATH} CMAKE_PREFIX_PATH=/home/fortunato/ros2_ws/install/px4_msgs:/opt/ros/humble:/home/fortunato/ros2_ws/install/cameras LD_LIBRARY_PATH=/home/fortunato/ros2_ws/install/px4_msgs/lib:${LD_LIBRARY_PATH} PYTHONPATH=/home/fortunato/ros2_ws/install/px4_msgs/local/lib/python3.10/dist-packages:${PYTHONPATH} /usr/bin/cmake --build /home/fortunato/ros2_ws/build/px4_ros_com -- -j8 -l8
[18.986s] Invoking command in '/home/fortunato/ros2_ws/build/px4_ros_com': AMENT_PREFIX_PATH=/home/fortunato/ros2_ws/install/px4_msgs:${AMENT_PREFIX_PATH} CMAKE_PREFIX_PATH=/home/fortunato/ros2_ws/install/px4_msgs:/opt/ros/humble:/home/fortunato/ros2_ws/install/cameras LD_LIBRARY_PATH=/home/fortunato/ros2_ws/install/px4_msgs/lib:${LD_LIBRARY_PATH} PYTHONPATH=/home/fortunato/ros2_ws/install/px4_msgs/local/lib/python3.10/dist-packages:${PYTHONPATH} /usr/bin/cmake --install /home/fortunato/ros2_ws/build/px4_ros_com
[18.996s] -- Install configuration: ""
[18.996s] -- Installing: /home/fortunato/ros2_ws/install/px4_ros_com/lib/px4_ros_com/sensor_combined_listener
[19.000s] -- Set runtime path of "/home/fortunato/ros2_ws/install/px4_ros_com/lib/px4_ros_com/sensor_combined_listener" to ""
[19.000s] -- Installing: /home/fortunato/ros2_ws/install/px4_ros_com/lib/px4_ros_com/vehicle_gps_position_listener
[19.003s] -- Set runtime path of "/home/fortunato/ros2_ws/install/px4_ros_com/lib/px4_ros_com/vehicle_gps_position_listener" to ""
[19.003s] -- Installing: /home/fortunato/ros2_ws/install/px4_ros_com/lib/px4_ros_com/debug_vect_advertiser
[19.005s] -- Set runtime path of "/home/fortunato/ros2_ws/install/px4_ros_com/lib/px4_ros_com/debug_vect_advertiser" to ""
[19.005s] -- Installing: /home/fortunato/ros2_ws/install/px4_ros_com/lib/px4_ros_com/offboard_control
[19.006s] -- Set runtime path of "/home/fortunato/ros2_ws/install/px4_ros_com/lib/px4_ros_com/offboard_control" to ""
[19.007s] -- Installing: /home/fortunato/ros2_ws/install/px4_ros_com/lib/px4_ros_com/offboard_control_srv
[19.009s] -- Set runtime path of "/home/fortunato/ros2_ws/install/px4_ros_com/lib/px4_ros_com/offboard_control_srv" to ""
[19.009s] -- Installing: /home/fortunato/ros2_ws/install/px4_ros_com/share/px4_ros_com/environment/library_path.sh
[19.009s] -- Installing: /home/fortunato/ros2_ws/install/px4_ros_com/share/px4_ros_com/environment/library_path.dsv
[19.009s] -- Installing: /home/fortunato/ros2_ws/install/px4_ros_com/include/px4_ros_com
[19.009s] -- Installing: /home/fortunato/ros2_ws/install/px4_ros_com/include/px4_ros_com/frame_transforms.h
[19.010s] -- Installing: /home/fortunato/ros2_ws/install/px4_ros_com/lib/libframe_transforms.so
[19.014s] -- Set runtime path of "/home/fortunato/ros2_ws/install/px4_ros_com/lib/libframe_transforms.so" to ""
[19.014s] -- Installing: /home/fortunato/ros2_ws/install/px4_ros_com/share/px4_ros_com//launch
[19.014s] -- Installing: /home/fortunato/ros2_ws/install/px4_ros_com/share/px4_ros_com//launch/offboard_control_launch.yaml
[19.014s] -- Installing: /home/fortunato/ros2_ws/install/px4_ros_com/share/px4_ros_com//launch/sensor_combined_listener.launch.py
[19.015s] -- Installing: /home/fortunato/ros2_ws/install/px4_ros_com/share/px4_ros_com//test
[19.015s] -- Installing: /home/fortunato/ros2_ws/install/px4_ros_com/share/px4_ros_com//test/__init__.py
[19.015s] -- Installing: /home/fortunato/ros2_ws/install/px4_ros_com/share/px4_ros_com//test/pipeline_io_test.py
[19.015s] -- Installing: /home/fortunato/ros2_ws/install/px4_ros_com/share/px4_ros_com//test/test_output.py
[19.016s] -- Installing: /home/fortunato/ros2_ws/install/px4_ros_com/share/px4_ros_com//test/test_input.py
[19.016s] -- Installing: /home/fortunato/ros2_ws/install/px4_ros_com/share/px4_ros_com/environment/pythonpath.sh
[19.016s] -- Installing: /home/fortunato/ros2_ws/install/px4_ros_com/share/px4_ros_com/environment/pythonpath.dsv
[19.016s] -- Installing: /home/fortunato/ros2_ws/install/px4_ros_com/local/lib/python3.10/dist-packages/px4_ros_com-0.1.0-py3.10.egg-info
[19.017s] -- Installing: /home/fortunato/ros2_ws/install/px4_ros_com/local/lib/python3.10/dist-packages/px4_ros_com-0.1.0-py3.10.egg-info/dependency_links.txt
[19.017s] -- Installing: /home/fortunato/ros2_ws/install/px4_ros_com/local/lib/python3.10/dist-packages/px4_ros_com-0.1.0-py3.10.egg-info/SOURCES.txt
[19.017s] -- Installing: /home/fortunato/ros2_ws/install/px4_ros_com/local/lib/python3.10/dist-packages/px4_ros_com-0.1.0-py3.10.egg-info/top_level.txt
[19.017s] -- Installing: /home/fortunato/ros2_ws/install/px4_ros_com/local/lib/python3.10/dist-packages/px4_ros_com-0.1.0-py3.10.egg-info/PKG-INFO
[19.017s] -- Installing: /home/fortunato/ros2_ws/install/px4_ros_com/local/lib/python3.10/dist-packages/px4_ros_com
[19.018s] -- Installing: /home/fortunato/ros2_ws/install/px4_ros_com/local/lib/python3.10/dist-packages/px4_ros_com/__init__.py
[19.018s] -- Installing: /home/fortunato/ros2_ws/install/px4_ros_com/local/lib/python3.10/dist-packages/px4_ros_com/module_to_import.py
[19.058s] Listing '/home/fortunato/ros2_ws/install/px4_ros_com/local/lib/python3.10/dist-packages/px4_ros_com'...
[19.058s] Compiling '/home/fortunato/ros2_ws/install/px4_ros_com/local/lib/python3.10/dist-packages/px4_ros_com/__init__.py'...
[19.058s] Compiling '/home/fortunato/ros2_ws/install/px4_ros_com/local/lib/python3.10/dist-packages/px4_ros_com/module_to_import.py'...
[19.063s] -- Installing: /home/fortunato/ros2_ws/install/px4_ros_com/lib/px4_ros_com/offboard_control.py
[19.064s] -- Installing: /home/fortunato/ros2_ws/install/px4_ros_com/share/ament_index/resource_index/package_run_dependencies/px4_ros_com
[19.064s] -- Installing: /home/fortunato/ros2_ws/install/px4_ros_com/share/ament_index/resource_index/parent_prefix_path/px4_ros_com
[19.064s] -- Installing: /home/fortunato/ros2_ws/install/px4_ros_com/share/px4_ros_com/environment/ament_prefix_path.sh
[19.064s] -- Installing: /home/fortunato/ros2_ws/install/px4_ros_com/share/px4_ros_com/environment/ament_prefix_path.dsv
[19.065s] -- Installing: /home/fortunato/ros2_ws/install/px4_ros_com/share/px4_ros_com/environment/path.sh
[19.065s] -- Installing: /home/fortunato/ros2_ws/install/px4_ros_com/share/px4_ros_com/environment/path.dsv
[19.065s] -- Installing: /home/fortunato/ros2_ws/install/px4_ros_com/share/px4_ros_com/local_setup.bash
[19.065s] -- Installing: /home/fortunato/ros2_ws/install/px4_ros_com/share/px4_ros_com/local_setup.sh
[19.065s] -- Installing: /home/fortunato/ros2_ws/install/px4_ros_com/share/px4_ros_com/local_setup.zsh
[19.065s] -- Installing: /home/fortunato/ros2_ws/install/px4_ros_com/share/px4_ros_com/local_setup.dsv
[19.066s] -- Installing: /home/fortunato/ros2_ws/install/px4_ros_com/share/px4_ros_com/package.dsv
[19.066s] -- Installing: /home/fortunato/ros2_ws/install/px4_ros_com/share/ament_index/resource_index/packages/px4_ros_com
[19.066s] -- Installing: /home/fortunato/ros2_ws/install/px4_ros_com/share/px4_ros_com/cmake/export_frame_transformsExport.cmake
[19.066s] -- Installing: /home/fortunato/ros2_ws/install/px4_ros_com/share/px4_ros_com/cmake/export_frame_transformsExport-noconfig.cmake
[19.067s] -- Installing: /home/fortunato/ros2_ws/install/px4_ros_com/share/px4_ros_com/cmake/ament_cmake_export_dependencies-extras.cmake
[19.067s] -- Installing: /home/fortunato/ros2_ws/install/px4_ros_com/share/px4_ros_com/cmake/ament_cmake_export_targets-extras.cmake
[19.067s] -- Installing: /home/fortunato/ros2_ws/install/px4_ros_com/share/px4_ros_com/cmake/ament_cmake_export_include_directories-extras.cmake
[19.067s] -- Installing: /home/fortunato/ros2_ws/install/px4_ros_com/share/px4_ros_com/cmake/ament_cmake_export_libraries-extras.cmake
[19.067s] -- Installing: /home/fortunato/ros2_ws/install/px4_ros_com/share/px4_ros_com/cmake/px4_ros_comConfig.cmake
[19.068s] -- Installing: /home/fortunato/ros2_ws/install/px4_ros_com/share/px4_ros_com/cmake/px4_ros_comConfig-version.cmake
[19.068s] -- Installing: /home/fortunato/ros2_ws/install/px4_ros_com/share/px4_ros_com/package.xml
[19.071s] Invoked command in '/home/fortunato/ros2_ws/build/px4_ros_com' returned '0': AMENT_PREFIX_PATH=/home/fortunato/ros2_ws/install/px4_msgs:${AMENT_PREFIX_PATH} CMAKE_PREFIX_PATH=/home/fortunato/ros2_ws/install/px4_msgs:/opt/ros/humble:/home/fortunato/ros2_ws/install/cameras LD_LIBRARY_PATH=/home/fortunato/ros2_ws/install/px4_msgs/lib:${LD_LIBRARY_PATH} PYTHONPATH=/home/fortunato/ros2_ws/install/px4_msgs/local/lib/python3.10/dist-packages:${PYTHONPATH} /usr/bin/cmake --install /home/fortunato/ros2_ws/build/px4_ros_com
