[0.209s] DEBUG:colcon:Command line arguments: ['/home/fortunato/.local/bin/colcon', 'build']
[0.210s] DEBUG:colcon:Parsed command line arguments: Namespace(log_base=None, log_level=None, verb_name='build', build_base='build', install_base='install', merge_install=False, symlink_install=False, test_result_base=None, continue_on_error=False, executor='parallel', parallel_workers=8, event_handlers=None, ignore_user_meta=False, metas=['./colcon.meta'], base_paths=['.'], packages_ignore=None, packages_ignore_regex=None, paths=None, packages_up_to=None, packages_up_to_regex=None, packages_above=None, packages_above_and_dependencies=None, packages_above_depth=None, packages_select_by_dep=None, packages_skip_by_dep=None, packages_skip_up_to=None, packages_select_build_failed=False, packages_skip_build_finished=False, packages_select_test_failures=False, packages_skip_test_passed=False, packages_select=None, packages_skip=None, packages_select_regex=None, packages_skip_regex=None, packages_start=None, packages_end=None, allow_overriding=[], cmake_args=None, cmake_target=None, cmake_target_skip_unavailable=False, cmake_clean_cache=False, cmake_clean_first=False, cmake_force_configure=False, ament_cmake_args=None, catkin_cmake_args=None, catkin_skip_building_tests=False, mixin_files=None, mixin=None, verb_parser=<colcon_mixin.mixin.mixin_argument.MixinArgumentDecorator object at 0x780cb8d934c0>, verb_extension=<colcon_core.verb.build.BuildVerb object at 0x780cb8d92ef0>, main=<bound method BuildVerb.main of <colcon_core.verb.build.BuildVerb object at 0x780cb8d92ef0>>, mixin_verb=('build',))
[0.424s] Level 1:colcon.colcon_core.package_discovery:discover_packages(colcon_meta) check parameters
[0.424s] Level 1:colcon.colcon_core.package_discovery:discover_packages(recursive) check parameters
[0.424s] Level 1:colcon.colcon_core.package_discovery:discover_packages(ignore) check parameters
[0.424s] Level 1:colcon.colcon_core.package_discovery:discover_packages(path) check parameters
[0.424s] Level 1:colcon.colcon_core.package_discovery:discover_packages(colcon_meta) discover
[0.424s] Level 1:colcon.colcon_core.package_discovery:discover_packages(recursive) discover
[0.424s] INFO:colcon.colcon_core.package_discovery:Crawling recursively for packages in '/home/fortunato/ros2_ws'
[0.424s] Level 1:colcon.colcon_core.package_identification:_identify(.) by extensions ['ignore', 'ignore_ament_install']
[0.424s] Level 1:colcon.colcon_core.package_identification:_identify(.) by extension 'ignore'
[0.424s] Level 1:colcon.colcon_core.package_identification:_identify(.) by extension 'ignore_ament_install'
[0.424s] Level 1:colcon.colcon_core.package_identification:_identify(.) by extensions ['colcon_pkg']
[0.424s] Level 1:colcon.colcon_core.package_identification:_identify(.) by extension 'colcon_pkg'
[0.425s] Level 1:colcon.colcon_core.package_identification:_identify(.) by extensions ['colcon_meta']
[0.425s] Level 1:colcon.colcon_core.package_identification:_identify(.) by extension 'colcon_meta'
[0.425s] Level 1:colcon.colcon_core.package_identification:_identify(.) by extensions ['ros']
[0.425s] Level 1:colcon.colcon_core.package_identification:_identify(.) by extension 'ros'
[0.456s] Level 1:colcon.colcon_core.package_identification:_identify(.) by extensions ['cmake', 'python']
[0.456s] Level 1:colcon.colcon_core.package_identification:_identify(.) by extension 'cmake'
[0.456s] Level 1:colcon.colcon_core.package_identification:_identify(.) by extension 'python'
[0.456s] Level 1:colcon.colcon_core.package_identification:_identify(.) by extensions ['python_setup_py']
[0.456s] Level 1:colcon.colcon_core.package_identification:_identify(.) by extension 'python_setup_py'
[0.456s] Level 1:colcon.colcon_core.package_identification:_identify(build) by extensions ['ignore', 'ignore_ament_install']
[0.457s] Level 1:colcon.colcon_core.package_identification:_identify(build) by extension 'ignore'
[0.457s] Level 1:colcon.colcon_core.package_identification:_identify(build) ignored
[0.457s] Level 1:colcon.colcon_core.package_identification:_identify(install) by extensions ['ignore', 'ignore_ament_install']
[0.457s] Level 1:colcon.colcon_core.package_identification:_identify(install) by extension 'ignore'
[0.457s] Level 1:colcon.colcon_core.package_identification:_identify(install) ignored
[0.457s] Level 1:colcon.colcon_core.package_identification:_identify(log) by extensions ['ignore', 'ignore_ament_install']
[0.457s] Level 1:colcon.colcon_core.package_identification:_identify(log) by extension 'ignore'
[0.457s] Level 1:colcon.colcon_core.package_identification:_identify(log) ignored
[0.458s] Level 1:colcon.colcon_core.package_identification:_identify(src) by extensions ['ignore', 'ignore_ament_install']
[0.458s] Level 1:colcon.colcon_core.package_identification:_identify(src) by extension 'ignore'
[0.458s] Level 1:colcon.colcon_core.package_identification:_identify(src) by extension 'ignore_ament_install'
[0.458s] Level 1:colcon.colcon_core.package_identification:_identify(src) by extensions ['colcon_pkg']
[0.458s] Level 1:colcon.colcon_core.package_identification:_identify(src) by extension 'colcon_pkg'
[0.458s] Level 1:colcon.colcon_core.package_identification:_identify(src) by extensions ['colcon_meta']
[0.458s] Level 1:colcon.colcon_core.package_identification:_identify(src) by extension 'colcon_meta'
[0.458s] Level 1:colcon.colcon_core.package_identification:_identify(src) by extensions ['ros']
[0.458s] Level 1:colcon.colcon_core.package_identification:_identify(src) by extension 'ros'
[0.458s] Level 1:colcon.colcon_core.package_identification:_identify(src) by extensions ['cmake', 'python']
[0.458s] Level 1:colcon.colcon_core.package_identification:_identify(src) by extension 'cmake'
[0.458s] Level 1:colcon.colcon_core.package_identification:_identify(src) by extension 'python'
[0.458s] Level 1:colcon.colcon_core.package_identification:_identify(src) by extensions ['python_setup_py']
[0.458s] Level 1:colcon.colcon_core.package_identification:_identify(src) by extension 'python_setup_py'
[0.458s] Level 1:colcon.colcon_core.package_identification:_identify(src/PX4-Autopilot) by extensions ['ignore', 'ignore_ament_install']
[0.458s] Level 1:colcon.colcon_core.package_identification:_identify(src/PX4-Autopilot) by extension 'ignore'
[0.459s] Level 1:colcon.colcon_core.package_identification:_identify(src/PX4-Autopilot) by extension 'ignore_ament_install'
[0.459s] Level 1:colcon.colcon_core.package_identification:_identify(src/PX4-Autopilot) by extensions ['colcon_pkg']
[0.459s] Level 1:colcon.colcon_core.package_identification:_identify(src/PX4-Autopilot) by extension 'colcon_pkg'
[0.459s] Level 1:colcon.colcon_core.package_identification:_identify(src/PX4-Autopilot) by extensions ['colcon_meta']
[0.459s] Level 1:colcon.colcon_core.package_identification:_identify(src/PX4-Autopilot) by extension 'colcon_meta'
[0.459s] Level 1:colcon.colcon_core.package_identification:_identify(src/PX4-Autopilot) by extensions ['ros']
[0.459s] Level 1:colcon.colcon_core.package_identification:_identify(src/PX4-Autopilot) by extension 'ros'
[0.462s] DEBUG:colcon.colcon_core.package_identification:Package 'src/PX4-Autopilot' with type 'ros.ament_cmake' and name 'px4'
[0.463s] Level 1:colcon.colcon_core.package_identification:_identify(src/cameras) by extensions ['ignore', 'ignore_ament_install']
[0.463s] Level 1:colcon.colcon_core.package_identification:_identify(src/cameras) by extension 'ignore'
[0.463s] Level 1:colcon.colcon_core.package_identification:_identify(src/cameras) by extension 'ignore_ament_install'
[0.463s] Level 1:colcon.colcon_core.package_identification:_identify(src/cameras) by extensions ['colcon_pkg']
[0.463s] Level 1:colcon.colcon_core.package_identification:_identify(src/cameras) by extension 'colcon_pkg'
[0.463s] Level 1:colcon.colcon_core.package_identification:_identify(src/cameras) by extensions ['colcon_meta']
[0.463s] Level 1:colcon.colcon_core.package_identification:_identify(src/cameras) by extension 'colcon_meta'
[0.463s] Level 1:colcon.colcon_core.package_identification:_identify(src/cameras) by extensions ['ros']
[0.463s] Level 1:colcon.colcon_core.package_identification:_identify(src/cameras) by extension 'ros'
[0.464s] DEBUG:colcon.colcon_core.package_identification:Package 'src/cameras' with type 'ros.catkin' and name 'cameras'
[0.464s] Level 1:colcon.colcon_core.package_identification:_identify(src/px4_msgs) by extensions ['ignore', 'ignore_ament_install']
[0.464s] Level 1:colcon.colcon_core.package_identification:_identify(src/px4_msgs) by extension 'ignore'
[0.464s] Level 1:colcon.colcon_core.package_identification:_identify(src/px4_msgs) by extension 'ignore_ament_install'
[0.464s] Level 1:colcon.colcon_core.package_identification:_identify(src/px4_msgs) by extensions ['colcon_pkg']
[0.464s] Level 1:colcon.colcon_core.package_identification:_identify(src/px4_msgs) by extension 'colcon_pkg'
[0.464s] Level 1:colcon.colcon_core.package_identification:_identify(src/px4_msgs) by extensions ['colcon_meta']
[0.464s] Level 1:colcon.colcon_core.package_identification:_identify(src/px4_msgs) by extension 'colcon_meta'
[0.464s] Level 1:colcon.colcon_core.package_identification:_identify(src/px4_msgs) by extensions ['ros']
[0.465s] Level 1:colcon.colcon_core.package_identification:_identify(src/px4_msgs) by extension 'ros'
[0.465s] DEBUG:colcon.colcon_core.package_identification:Package 'src/px4_msgs' with type 'ros.ament_cmake' and name 'px4_msgs'
[0.466s] Level 1:colcon.colcon_core.package_identification:_identify(src/px4_ros_com) by extensions ['ignore', 'ignore_ament_install']
[0.466s] Level 1:colcon.colcon_core.package_identification:_identify(src/px4_ros_com) by extension 'ignore'
[0.466s] Level 1:colcon.colcon_core.package_identification:_identify(src/px4_ros_com) by extension 'ignore_ament_install'
[0.466s] Level 1:colcon.colcon_core.package_identification:_identify(src/px4_ros_com) by extensions ['colcon_pkg']
[0.466s] Level 1:colcon.colcon_core.package_identification:_identify(src/px4_ros_com) by extension 'colcon_pkg'
[0.466s] Level 1:colcon.colcon_core.package_identification:_identify(src/px4_ros_com) by extensions ['colcon_meta']
[0.466s] Level 1:colcon.colcon_core.package_identification:_identify(src/px4_ros_com) by extension 'colcon_meta'
[0.466s] Level 1:colcon.colcon_core.package_identification:_identify(src/px4_ros_com) by extensions ['ros']
[0.466s] Level 1:colcon.colcon_core.package_identification:_identify(src/px4_ros_com) by extension 'ros'
[0.468s] DEBUG:colcon.colcon_core.package_identification:Package 'src/px4_ros_com' with type 'ros.ament_cmake' and name 'px4_ros_com'
[0.468s] Level 1:colcon.colcon_core.package_discovery:discover_packages(recursive) using defaults
[0.468s] Level 1:colcon.colcon_core.package_discovery:discover_packages(ignore) discover
[0.468s] Level 1:colcon.colcon_core.package_discovery:discover_packages(ignore) using defaults
[0.468s] Level 1:colcon.colcon_core.package_discovery:discover_packages(path) discover
[0.468s] Level 1:colcon.colcon_core.package_discovery:discover_packages(path) using defaults
[0.492s] Level 1:colcon.colcon_core.package_discovery:discover_packages(prefix_path) check parameters
[0.492s] Level 1:colcon.colcon_core.package_discovery:discover_packages(prefix_path) discover
[0.495s] DEBUG:colcon.colcon_installed_package_information.package_discovery:Found 300 installed packages in /opt/ros/humble
[0.498s] DEBUG:colcon.colcon_installed_package_information.package_discovery:Found 4 installed packages in /home/fortunato/ros2_ws/install
[0.498s] Level 1:colcon.colcon_core.package_discovery:discover_packages(prefix_path) using defaults
[0.552s] Level 5:colcon.colcon_core.verb:set package 'cameras' build argument 'cmake_args' from command line to 'None'
[0.552s] Level 5:colcon.colcon_core.verb:set package 'cameras' build argument 'cmake_target' from command line to 'None'
[0.552s] Level 5:colcon.colcon_core.verb:set package 'cameras' build argument 'cmake_target_skip_unavailable' from command line to 'False'
[0.552s] Level 5:colcon.colcon_core.verb:set package 'cameras' build argument 'cmake_clean_cache' from command line to 'False'
[0.552s] Level 5:colcon.colcon_core.verb:set package 'cameras' build argument 'cmake_clean_first' from command line to 'False'
[0.552s] Level 5:colcon.colcon_core.verb:set package 'cameras' build argument 'cmake_force_configure' from command line to 'False'
[0.552s] Level 5:colcon.colcon_core.verb:set package 'cameras' build argument 'ament_cmake_args' from command line to 'None'
[0.552s] Level 5:colcon.colcon_core.verb:set package 'cameras' build argument 'catkin_cmake_args' from command line to 'None'
[0.552s] Level 5:colcon.colcon_core.verb:set package 'cameras' build argument 'catkin_skip_building_tests' from command line to 'False'
[0.552s] DEBUG:colcon.colcon_core.verb:Building package 'cameras' with the following arguments: {'ament_cmake_args': None, 'build_base': '/home/fortunato/ros2_ws/build/cameras', 'catkin_cmake_args': None, 'catkin_skip_building_tests': False, 'cmake_args': None, 'cmake_clean_cache': False, 'cmake_clean_first': False, 'cmake_force_configure': False, 'cmake_target': None, 'cmake_target_skip_unavailable': False, 'install_base': '/home/fortunato/ros2_ws/install/cameras', 'merge_install': False, 'path': '/home/fortunato/ros2_ws/src/cameras', 'symlink_install': False, 'test_result_base': None}
[0.553s] Level 5:colcon.colcon_core.verb:set package 'px4' build argument 'cmake_args' from command line to 'None'
[0.553s] Level 5:colcon.colcon_core.verb:set package 'px4' build argument 'cmake_target' from command line to 'None'
[0.553s] Level 5:colcon.colcon_core.verb:set package 'px4' build argument 'cmake_target_skip_unavailable' from command line to 'False'
[0.553s] Level 5:colcon.colcon_core.verb:set package 'px4' build argument 'cmake_clean_cache' from command line to 'False'
[0.553s] Level 5:colcon.colcon_core.verb:set package 'px4' build argument 'cmake_clean_first' from command line to 'False'
[0.553s] Level 5:colcon.colcon_core.verb:set package 'px4' build argument 'cmake_force_configure' from command line to 'False'
[0.553s] Level 5:colcon.colcon_core.verb:set package 'px4' build argument 'ament_cmake_args' from command line to 'None'
[0.553s] Level 5:colcon.colcon_core.verb:set package 'px4' build argument 'catkin_cmake_args' from command line to 'None'
[0.553s] Level 5:colcon.colcon_core.verb:set package 'px4' build argument 'catkin_skip_building_tests' from command line to 'False'
[0.553s] DEBUG:colcon.colcon_core.verb:Building package 'px4' with the following arguments: {'ament_cmake_args': None, 'build_base': '/home/fortunato/ros2_ws/build/px4', 'catkin_cmake_args': None, 'catkin_skip_building_tests': False, 'cmake_args': None, 'cmake_clean_cache': False, 'cmake_clean_first': False, 'cmake_force_configure': False, 'cmake_target': None, 'cmake_target_skip_unavailable': False, 'install_base': '/home/fortunato/ros2_ws/install/px4', 'merge_install': False, 'path': '/home/fortunato/ros2_ws/src/PX4-Autopilot', 'symlink_install': False, 'test_result_base': None}
[0.553s] Level 5:colcon.colcon_core.verb:set package 'px4_msgs' build argument 'cmake_args' from command line to 'None'
[0.553s] Level 5:colcon.colcon_core.verb:set package 'px4_msgs' build argument 'cmake_target' from command line to 'None'
[0.553s] Level 5:colcon.colcon_core.verb:set package 'px4_msgs' build argument 'cmake_target_skip_unavailable' from command line to 'False'
[0.554s] Level 5:colcon.colcon_core.verb:set package 'px4_msgs' build argument 'cmake_clean_cache' from command line to 'False'
[0.554s] Level 5:colcon.colcon_core.verb:set package 'px4_msgs' build argument 'cmake_clean_first' from command line to 'False'
[0.554s] Level 5:colcon.colcon_core.verb:set package 'px4_msgs' build argument 'cmake_force_configure' from command line to 'False'
[0.554s] Level 5:colcon.colcon_core.verb:set package 'px4_msgs' build argument 'ament_cmake_args' from command line to 'None'
[0.554s] Level 5:colcon.colcon_core.verb:set package 'px4_msgs' build argument 'catkin_cmake_args' from command line to 'None'
[0.554s] Level 5:colcon.colcon_core.verb:set package 'px4_msgs' build argument 'catkin_skip_building_tests' from command line to 'False'
[0.554s] DEBUG:colcon.colcon_core.verb:Building package 'px4_msgs' with the following arguments: {'ament_cmake_args': None, 'build_base': '/home/fortunato/ros2_ws/build/px4_msgs', 'catkin_cmake_args': None, 'catkin_skip_building_tests': False, 'cmake_args': None, 'cmake_clean_cache': False, 'cmake_clean_first': False, 'cmake_force_configure': False, 'cmake_target': None, 'cmake_target_skip_unavailable': False, 'install_base': '/home/fortunato/ros2_ws/install/px4_msgs', 'merge_install': False, 'path': '/home/fortunato/ros2_ws/src/px4_msgs', 'symlink_install': False, 'test_result_base': None}
[0.555s] Level 5:colcon.colcon_core.verb:set package 'px4_ros_com' build argument 'cmake_args' from command line to 'None'
[0.555s] Level 5:colcon.colcon_core.verb:set package 'px4_ros_com' build argument 'cmake_target' from command line to 'None'
[0.555s] Level 5:colcon.colcon_core.verb:set package 'px4_ros_com' build argument 'cmake_target_skip_unavailable' from command line to 'False'
[0.555s] Level 5:colcon.colcon_core.verb:set package 'px4_ros_com' build argument 'cmake_clean_cache' from command line to 'False'
[0.555s] Level 5:colcon.colcon_core.verb:set package 'px4_ros_com' build argument 'cmake_clean_first' from command line to 'False'
[0.555s] Level 5:colcon.colcon_core.verb:set package 'px4_ros_com' build argument 'cmake_force_configure' from command line to 'False'
[0.555s] Level 5:colcon.colcon_core.verb:set package 'px4_ros_com' build argument 'ament_cmake_args' from command line to 'None'
[0.555s] Level 5:colcon.colcon_core.verb:set package 'px4_ros_com' build argument 'catkin_cmake_args' from command line to 'None'
[0.555s] Level 5:colcon.colcon_core.verb:set package 'px4_ros_com' build argument 'catkin_skip_building_tests' from command line to 'False'
[0.555s] DEBUG:colcon.colcon_core.verb:Building package 'px4_ros_com' with the following arguments: {'ament_cmake_args': None, 'build_base': '/home/fortunato/ros2_ws/build/px4_ros_com', 'catkin_cmake_args': None, 'catkin_skip_building_tests': False, 'cmake_args': None, 'cmake_clean_cache': False, 'cmake_clean_first': False, 'cmake_force_configure': False, 'cmake_target': None, 'cmake_target_skip_unavailable': False, 'install_base': '/home/fortunato/ros2_ws/install/px4_ros_com', 'merge_install': False, 'path': '/home/fortunato/ros2_ws/src/px4_ros_com', 'symlink_install': False, 'test_result_base': None}
[0.555s] INFO:colcon.colcon_core.executor:Executing jobs using 'parallel' executor
[0.557s] DEBUG:colcon.colcon_parallel_executor.executor.parallel:run_until_complete
[0.557s] INFO:colcon.colcon_ros.task.ament_cmake.build:Building ROS package in '/home/fortunato/ros2_ws/src/px4_msgs' with build type 'ament_cmake'
[0.557s] INFO:colcon.colcon_cmake.task.cmake.build:Building CMake package in '/home/fortunato/ros2_ws/src/px4_msgs'
[0.560s] INFO:colcon.colcon_core.plugin_system:Skipping extension 'colcon_core.shell.bat': Not used on non-Windows systems
[0.560s] INFO:colcon.colcon_core.shell:Skip shell extension 'powershell' for command environment: Not usable outside of PowerShell
[0.560s] DEBUG:colcon.colcon_core.shell:Skip shell extension 'dsv' for command environment
[0.564s] INFO:colcon.colcon_ros.task.catkin.build:Building ROS package in '/home/fortunato/ros2_ws/src/cameras' with build type 'catkin'
[0.564s] INFO:colcon.colcon_cmake.task.cmake.build:Building CMake package in '/home/fortunato/ros2_ws/src/cameras'
[0.565s] INFO:colcon.colcon_core.shell:Skip shell extension 'powershell' for command environment: Not usable outside of PowerShell
[0.565s] DEBUG:colcon.colcon_core.shell:Skip shell extension 'dsv' for command environment
[0.570s] INFO:colcon.colcon_ros.task.ament_cmake.build:Building ROS package in '/home/fortunato/ros2_ws/src/PX4-Autopilot' with build type 'ament_cmake'
[0.570s] INFO:colcon.colcon_cmake.task.cmake.build:Building CMake package in '/home/fortunato/ros2_ws/src/PX4-Autopilot'
[0.570s] INFO:colcon.colcon_core.shell:Skip shell extension 'powershell' for command environment: Not usable outside of PowerShell
[0.570s] DEBUG:colcon.colcon_core.shell:Skip shell extension 'dsv' for command environment
[0.581s] DEBUG:colcon.colcon_core.event_handler.log_command:Invoking command in '/home/fortunato/ros2_ws/build/px4_msgs': CMAKE_PREFIX_PATH=/opt/ros/humble:/home/fortunato/ros2_ws/install/cameras /usr/bin/cmake --build /home/fortunato/ros2_ws/build/px4_msgs -- -j8 -l8
[0.587s] DEBUG:colcon.colcon_core.event_handler.log_command:Invoking command in '/home/fortunato/ros2_ws/build/cameras': /usr/bin/cmake --build /home/fortunato/ros2_ws/build/cameras -- -j8 -l8
[0.593s] DEBUG:colcon.colcon_core.event_handler.log_command:Invoking command in '/home/fortunato/ros2_ws/build/px4': CMAKE_PREFIX_PATH=/opt/ros/humble:/home/fortunato/ros2_ws/install/cameras /usr/bin/cmake --build /home/fortunato/ros2_ws/build/px4 -- -j8 -l8
[0.646s] DEBUG:colcon.colcon_core.event_handler.log_command:Invoked command in '/home/fortunato/ros2_ws/build/cameras' returned '0': /usr/bin/cmake --build /home/fortunato/ros2_ws/build/cameras -- -j8 -l8
[0.672s] DEBUG:colcon.colcon_core.event_handler.log_command:Invoking command in '/home/fortunato/ros2_ws/build/cameras': /usr/bin/cmake --install /home/fortunato/ros2_ws/build/cameras
[0.711s] Level 1:colcon.colcon_core.shell:create_environment_hook('cameras', 'ros_package_path')
[0.711s] INFO:colcon.colcon_core.shell:Creating environment hook '/home/fortunato/ros2_ws/install/cameras/share/cameras/hook/ros_package_path.ps1'
[0.713s] INFO:colcon.colcon_core.shell:Creating environment descriptor '/home/fortunato/ros2_ws/install/cameras/share/cameras/hook/ros_package_path.dsv'
[0.714s] INFO:colcon.colcon_core.shell:Creating environment hook '/home/fortunato/ros2_ws/install/cameras/share/cameras/hook/ros_package_path.sh'
[0.721s] Level 1:colcon.colcon_core.shell:create_environment_hook('cameras', 'pkg_config_path')
[0.721s] INFO:colcon.colcon_core.shell:Creating environment hook '/home/fortunato/ros2_ws/install/cameras/share/cameras/hook/pkg_config_path.ps1'
[0.724s] INFO:colcon.colcon_core.shell:Creating environment descriptor '/home/fortunato/ros2_ws/install/cameras/share/cameras/hook/pkg_config_path.dsv'
[0.727s] INFO:colcon.colcon_core.shell:Creating environment hook '/home/fortunato/ros2_ws/install/cameras/share/cameras/hook/pkg_config_path.sh'
[0.731s] DEBUG:colcon.colcon_core.event_handler.log_command:Invoked command in '/home/fortunato/ros2_ws/build/cameras' returned '0': /usr/bin/cmake --install /home/fortunato/ros2_ws/build/cameras
[0.734s] Level 1:colcon.colcon_core.shell:create_environment_hook('cameras', 'pkg_config_path_multiarch')
[0.734s] INFO:colcon.colcon_core.shell:Creating environment hook '/home/fortunato/ros2_ws/install/cameras/share/cameras/hook/pkg_config_path_multiarch.ps1'
[0.735s] INFO:colcon.colcon_core.shell:Creating environment descriptor '/home/fortunato/ros2_ws/install/cameras/share/cameras/hook/pkg_config_path_multiarch.dsv'
[0.736s] INFO:colcon.colcon_core.shell:Creating environment hook '/home/fortunato/ros2_ws/install/cameras/share/cameras/hook/pkg_config_path_multiarch.sh'
[0.738s] Level 1:colcon.colcon_core.environment:create_environment_scripts_only(cameras)
[0.741s] Level 1:colcon.colcon_core.environment:checking '/home/fortunato/ros2_ws/install/cameras' for CMake module files
[0.742s] Level 1:colcon.colcon_core.environment:checking '/home/fortunato/ros2_ws/install/cameras' for CMake config files
[0.745s] Level 1:colcon.colcon_core.shell:create_environment_hook('cameras', 'cmake_prefix_path')
[0.746s] INFO:colcon.colcon_core.shell:Creating environment hook '/home/fortunato/ros2_ws/install/cameras/share/cameras/hook/cmake_prefix_path.ps1'
[0.747s] INFO:colcon.colcon_core.shell:Creating environment descriptor '/home/fortunato/ros2_ws/install/cameras/share/cameras/hook/cmake_prefix_path.dsv'
[0.747s] INFO:colcon.colcon_core.shell:Creating environment hook '/home/fortunato/ros2_ws/install/cameras/share/cameras/hook/cmake_prefix_path.sh'
[0.748s] Level 1:colcon.colcon_core.environment:checking '/home/fortunato/ros2_ws/install/cameras/bin'
[0.748s] Level 1:colcon.colcon_core.environment:checking '/home/fortunato/ros2_ws/install/cameras/lib/pkgconfig/cameras.pc'
[0.749s] Level 1:colcon.colcon_core.environment:checking '/home/fortunato/ros2_ws/install/cameras/lib/python3.10/site-packages'
[0.749s] Level 1:colcon.colcon_core.environment:checking '/home/fortunato/ros2_ws/install/cameras/bin'
[0.750s] INFO:colcon.colcon_core.shell:Creating package script '/home/fortunato/ros2_ws/install/cameras/share/cameras/package.ps1'
[0.752s] INFO:colcon.colcon_core.shell:Creating package descriptor '/home/fortunato/ros2_ws/install/cameras/share/cameras/package.dsv'
[0.753s] INFO:colcon.colcon_core.shell:Creating package script '/home/fortunato/ros2_ws/install/cameras/share/cameras/package.sh'
[0.754s] INFO:colcon.colcon_core.shell:Creating package script '/home/fortunato/ros2_ws/install/cameras/share/cameras/package.bash'
[0.755s] INFO:colcon.colcon_core.shell:Creating package script '/home/fortunato/ros2_ws/install/cameras/share/cameras/package.zsh'
[0.756s] Level 1:colcon.colcon_core.environment:create_file_with_runtime_dependencies(/home/fortunato/ros2_ws/install/cameras/share/colcon-core/packages/cameras)
[1.696s] DEBUG:colcon.colcon_core.event_handler.log_command:Invoked command in '/home/fortunato/ros2_ws/build/px4' returned '0': CMAKE_PREFIX_PATH=/opt/ros/humble:/home/fortunato/ros2_ws/install/cameras /usr/bin/cmake --build /home/fortunato/ros2_ws/build/px4 -- -j8 -l8
[1.699s] DEBUG:colcon.colcon_core.event_handler.log_command:Invoking command in '/home/fortunato/ros2_ws/build/px4': CMAKE_PREFIX_PATH=/opt/ros/humble:/home/fortunato/ros2_ws/install/cameras /usr/bin/cmake --install /home/fortunato/ros2_ws/build/px4
[2.646s] Level 1:colcon.colcon_core.environment:create_environment_scripts_only(px4)
[2.647s] Level 1:colcon.colcon_core.environment:checking '/home/fortunato/ros2_ws/install/px4' for CMake module files
[2.654s] Level 1:colcon.colcon_core.environment:checking '/home/fortunato/ros2_ws/install/px4' for CMake config files
[2.680s] DEBUG:colcon.colcon_core.event_handler.log_command:Invoked command in '/home/fortunato/ros2_ws/build/px4' returned '0': CMAKE_PREFIX_PATH=/opt/ros/humble:/home/fortunato/ros2_ws/install/cameras /usr/bin/cmake --install /home/fortunato/ros2_ws/build/px4
[2.682s] Level 1:colcon.colcon_core.shell:create_environment_hook('px4', 'cmake_prefix_path')
[2.683s] INFO:colcon.colcon_core.shell:Creating environment hook '/home/fortunato/ros2_ws/install/px4/share/px4/hook/cmake_prefix_path.ps1'
[2.684s] INFO:colcon.colcon_core.shell:Creating environment descriptor '/home/fortunato/ros2_ws/install/px4/share/px4/hook/cmake_prefix_path.dsv'
[2.685s] INFO:colcon.colcon_core.shell:Creating environment hook '/home/fortunato/ros2_ws/install/px4/share/px4/hook/cmake_prefix_path.sh'
[2.687s] Level 1:colcon.colcon_core.environment:checking '/home/fortunato/ros2_ws/install/px4/lib'
[2.687s] Level 1:colcon.colcon_core.shell:create_environment_hook('px4', 'ld_library_path_lib')
[2.688s] INFO:colcon.colcon_core.shell:Creating environment hook '/home/fortunato/ros2_ws/install/px4/share/px4/hook/ld_library_path_lib.ps1'
[2.689s] INFO:colcon.colcon_core.shell:Creating environment descriptor '/home/fortunato/ros2_ws/install/px4/share/px4/hook/ld_library_path_lib.dsv'
[2.690s] INFO:colcon.colcon_core.shell:Creating environment hook '/home/fortunato/ros2_ws/install/px4/share/px4/hook/ld_library_path_lib.sh'
[2.691s] Level 1:colcon.colcon_core.environment:checking '/home/fortunato/ros2_ws/install/px4/bin'
[2.692s] Level 1:colcon.colcon_core.environment:checking '/home/fortunato/ros2_ws/install/px4/lib/pkgconfig/px4.pc'
[2.692s] Level 1:colcon.colcon_core.environment:checking '/home/fortunato/ros2_ws/install/px4/lib/python3.10/site-packages'
[2.693s] Level 1:colcon.colcon_core.environment:checking '/home/fortunato/ros2_ws/install/px4/bin'
[2.694s] INFO:colcon.colcon_core.shell:Creating package script '/home/fortunato/ros2_ws/install/px4/share/px4/package.ps1'
[2.696s] INFO:colcon.colcon_core.shell:Creating package descriptor '/home/fortunato/ros2_ws/install/px4/share/px4/package.dsv'
[2.697s] INFO:colcon.colcon_core.shell:Creating package script '/home/fortunato/ros2_ws/install/px4/share/px4/package.sh'
[2.699s] INFO:colcon.colcon_core.shell:Creating package script '/home/fortunato/ros2_ws/install/px4/share/px4/package.bash'
[2.699s] INFO:colcon.colcon_core.shell:Creating package script '/home/fortunato/ros2_ws/install/px4/share/px4/package.zsh'
[2.700s] Level 1:colcon.colcon_core.environment:create_file_with_runtime_dependencies(/home/fortunato/ros2_ws/install/px4/share/colcon-core/packages/px4)
[2.704s] Level 1:colcon.colcon_core.environment:create_environment_scripts_only(px4)
[2.705s] Level 1:colcon.colcon_core.environment:checking '/home/fortunato/ros2_ws/install/px4' for CMake module files
[2.707s] Level 1:colcon.colcon_core.environment:checking '/home/fortunato/ros2_ws/install/px4' for CMake config files
[2.708s] Level 1:colcon.colcon_core.shell:create_environment_hook('px4', 'cmake_prefix_path')
[2.708s] INFO:colcon.colcon_core.shell:Creating environment hook '/home/fortunato/ros2_ws/install/px4/share/px4/hook/cmake_prefix_path.ps1'
[2.709s] INFO:colcon.colcon_core.shell:Creating environment descriptor '/home/fortunato/ros2_ws/install/px4/share/px4/hook/cmake_prefix_path.dsv'
[2.709s] INFO:colcon.colcon_core.shell:Creating environment hook '/home/fortunato/ros2_ws/install/px4/share/px4/hook/cmake_prefix_path.sh'
[2.710s] Level 1:colcon.colcon_core.environment:checking '/home/fortunato/ros2_ws/install/px4/lib'
[2.710s] Level 1:colcon.colcon_core.shell:create_environment_hook('px4', 'ld_library_path_lib')
[2.711s] INFO:colcon.colcon_core.shell:Creating environment hook '/home/fortunato/ros2_ws/install/px4/share/px4/hook/ld_library_path_lib.ps1'
[2.711s] INFO:colcon.colcon_core.shell:Creating environment descriptor '/home/fortunato/ros2_ws/install/px4/share/px4/hook/ld_library_path_lib.dsv'
[2.712s] INFO:colcon.colcon_core.shell:Creating environment hook '/home/fortunato/ros2_ws/install/px4/share/px4/hook/ld_library_path_lib.sh'
[2.712s] Level 1:colcon.colcon_core.environment:checking '/home/fortunato/ros2_ws/install/px4/bin'
[2.712s] Level 1:colcon.colcon_core.environment:checking '/home/fortunato/ros2_ws/install/px4/lib/pkgconfig/px4.pc'
[2.713s] Level 1:colcon.colcon_core.environment:checking '/home/fortunato/ros2_ws/install/px4/lib/python3.10/site-packages'
[2.713s] Level 1:colcon.colcon_core.environment:checking '/home/fortunato/ros2_ws/install/px4/bin'
[2.713s] INFO:colcon.colcon_core.shell:Creating package script '/home/fortunato/ros2_ws/install/px4/share/px4/package.ps1'
[2.714s] INFO:colcon.colcon_core.shell:Creating package descriptor '/home/fortunato/ros2_ws/install/px4/share/px4/package.dsv'
[2.715s] INFO:colcon.colcon_core.shell:Creating package script '/home/fortunato/ros2_ws/install/px4/share/px4/package.sh'
[2.715s] INFO:colcon.colcon_core.shell:Creating package script '/home/fortunato/ros2_ws/install/px4/share/px4/package.bash'
[2.716s] INFO:colcon.colcon_core.shell:Creating package script '/home/fortunato/ros2_ws/install/px4/share/px4/package.zsh'
[2.716s] Level 1:colcon.colcon_core.environment:create_file_with_runtime_dependencies(/home/fortunato/ros2_ws/install/px4/share/colcon-core/packages/px4)
[2.804s] DEBUG:colcon.colcon_core.event_handler.log_command:Invoked command in '/home/fortunato/ros2_ws/build/px4_msgs' returned '0': CMAKE_PREFIX_PATH=/opt/ros/humble:/home/fortunato/ros2_ws/install/cameras /usr/bin/cmake --build /home/fortunato/ros2_ws/build/px4_msgs -- -j8 -l8
[2.806s] DEBUG:colcon.colcon_core.event_handler.log_command:Invoking command in '/home/fortunato/ros2_ws/build/px4_msgs': CMAKE_PREFIX_PATH=/opt/ros/humble:/home/fortunato/ros2_ws/install/cameras /usr/bin/cmake --install /home/fortunato/ros2_ws/build/px4_msgs
[3.345s] Level 1:colcon.colcon_core.environment:create_environment_scripts_only(px4_msgs)
[3.345s] Level 1:colcon.colcon_core.environment:checking '/home/fortunato/ros2_ws/install/px4_msgs' for CMake module files
[3.346s] DEBUG:colcon.colcon_core.event_handler.log_command:Invoked command in '/home/fortunato/ros2_ws/build/px4_msgs' returned '0': CMAKE_PREFIX_PATH=/opt/ros/humble:/home/fortunato/ros2_ws/install/cameras /usr/bin/cmake --install /home/fortunato/ros2_ws/build/px4_msgs
[3.347s] Level 1:colcon.colcon_core.environment:checking '/home/fortunato/ros2_ws/install/px4_msgs' for CMake config files
[3.347s] Level 1:colcon.colcon_core.shell:create_environment_hook('px4_msgs', 'cmake_prefix_path')
[3.348s] INFO:colcon.colcon_core.shell:Creating environment hook '/home/fortunato/ros2_ws/install/px4_msgs/share/px4_msgs/hook/cmake_prefix_path.ps1'
[3.348s] INFO:colcon.colcon_core.shell:Creating environment descriptor '/home/fortunato/ros2_ws/install/px4_msgs/share/px4_msgs/hook/cmake_prefix_path.dsv'
[3.349s] INFO:colcon.colcon_core.shell:Creating environment hook '/home/fortunato/ros2_ws/install/px4_msgs/share/px4_msgs/hook/cmake_prefix_path.sh'
[3.349s] Level 1:colcon.colcon_core.environment:checking '/home/fortunato/ros2_ws/install/px4_msgs/lib'
[3.349s] Level 1:colcon.colcon_core.shell:create_environment_hook('px4_msgs', 'ld_library_path_lib')
[3.350s] INFO:colcon.colcon_core.shell:Creating environment hook '/home/fortunato/ros2_ws/install/px4_msgs/share/px4_msgs/hook/ld_library_path_lib.ps1'
[3.350s] INFO:colcon.colcon_core.shell:Creating environment descriptor '/home/fortunato/ros2_ws/install/px4_msgs/share/px4_msgs/hook/ld_library_path_lib.dsv'
[3.350s] INFO:colcon.colcon_core.shell:Creating environment hook '/home/fortunato/ros2_ws/install/px4_msgs/share/px4_msgs/hook/ld_library_path_lib.sh'
[3.351s] Level 1:colcon.colcon_core.environment:checking '/home/fortunato/ros2_ws/install/px4_msgs/bin'
[3.351s] Level 1:colcon.colcon_core.environment:checking '/home/fortunato/ros2_ws/install/px4_msgs/lib/pkgconfig/px4_msgs.pc'
[3.351s] Level 1:colcon.colcon_core.environment:checking '/home/fortunato/ros2_ws/install/px4_msgs/lib/python3.10/site-packages'
[3.352s] Level 1:colcon.colcon_core.environment:checking '/home/fortunato/ros2_ws/install/px4_msgs/bin'
[3.352s] INFO:colcon.colcon_core.shell:Creating package script '/home/fortunato/ros2_ws/install/px4_msgs/share/px4_msgs/package.ps1'
[3.352s] INFO:colcon.colcon_core.shell:Creating package descriptor '/home/fortunato/ros2_ws/install/px4_msgs/share/px4_msgs/package.dsv'
[3.353s] INFO:colcon.colcon_core.shell:Creating package script '/home/fortunato/ros2_ws/install/px4_msgs/share/px4_msgs/package.sh'
[3.354s] INFO:colcon.colcon_core.shell:Creating package script '/home/fortunato/ros2_ws/install/px4_msgs/share/px4_msgs/package.bash'
[3.354s] INFO:colcon.colcon_core.shell:Creating package script '/home/fortunato/ros2_ws/install/px4_msgs/share/px4_msgs/package.zsh'
[3.355s] Level 1:colcon.colcon_core.environment:create_file_with_runtime_dependencies(/home/fortunato/ros2_ws/install/px4_msgs/share/colcon-core/packages/px4_msgs)
[3.356s] Level 1:colcon.colcon_core.environment:create_environment_scripts_only(px4_msgs)
[3.356s] Level 1:colcon.colcon_core.environment:checking '/home/fortunato/ros2_ws/install/px4_msgs' for CMake module files
[3.357s] Level 1:colcon.colcon_core.environment:checking '/home/fortunato/ros2_ws/install/px4_msgs' for CMake config files
[3.358s] Level 1:colcon.colcon_core.shell:create_environment_hook('px4_msgs', 'cmake_prefix_path')
[3.358s] INFO:colcon.colcon_core.shell:Creating environment hook '/home/fortunato/ros2_ws/install/px4_msgs/share/px4_msgs/hook/cmake_prefix_path.ps1'
[3.358s] INFO:colcon.colcon_core.shell:Creating environment descriptor '/home/fortunato/ros2_ws/install/px4_msgs/share/px4_msgs/hook/cmake_prefix_path.dsv'
[3.359s] INFO:colcon.colcon_core.shell:Creating environment hook '/home/fortunato/ros2_ws/install/px4_msgs/share/px4_msgs/hook/cmake_prefix_path.sh'
[3.359s] Level 1:colcon.colcon_core.environment:checking '/home/fortunato/ros2_ws/install/px4_msgs/lib'
[3.359s] Level 1:colcon.colcon_core.shell:create_environment_hook('px4_msgs', 'ld_library_path_lib')
[3.360s] INFO:colcon.colcon_core.shell:Creating environment hook '/home/fortunato/ros2_ws/install/px4_msgs/share/px4_msgs/hook/ld_library_path_lib.ps1'
[3.360s] INFO:colcon.colcon_core.shell:Creating environment descriptor '/home/fortunato/ros2_ws/install/px4_msgs/share/px4_msgs/hook/ld_library_path_lib.dsv'
[3.360s] INFO:colcon.colcon_core.shell:Creating environment hook '/home/fortunato/ros2_ws/install/px4_msgs/share/px4_msgs/hook/ld_library_path_lib.sh'
[3.361s] Level 1:colcon.colcon_core.environment:checking '/home/fortunato/ros2_ws/install/px4_msgs/bin'
[3.361s] Level 1:colcon.colcon_core.environment:checking '/home/fortunato/ros2_ws/install/px4_msgs/lib/pkgconfig/px4_msgs.pc'
[3.361s] Level 1:colcon.colcon_core.environment:checking '/home/fortunato/ros2_ws/install/px4_msgs/lib/python3.10/site-packages'
[3.362s] Level 1:colcon.colcon_core.environment:checking '/home/fortunato/ros2_ws/install/px4_msgs/bin'
[3.362s] INFO:colcon.colcon_core.shell:Creating package script '/home/fortunato/ros2_ws/install/px4_msgs/share/px4_msgs/package.ps1'
[3.362s] INFO:colcon.colcon_core.shell:Creating package descriptor '/home/fortunato/ros2_ws/install/px4_msgs/share/px4_msgs/package.dsv'
[3.363s] INFO:colcon.colcon_core.shell:Creating package script '/home/fortunato/ros2_ws/install/px4_msgs/share/px4_msgs/package.sh'
[3.364s] INFO:colcon.colcon_core.shell:Creating package script '/home/fortunato/ros2_ws/install/px4_msgs/share/px4_msgs/package.bash'
[3.364s] INFO:colcon.colcon_core.shell:Creating package script '/home/fortunato/ros2_ws/install/px4_msgs/share/px4_msgs/package.zsh'
[3.365s] Level 1:colcon.colcon_core.environment:create_file_with_runtime_dependencies(/home/fortunato/ros2_ws/install/px4_msgs/share/colcon-core/packages/px4_msgs)
[3.365s] INFO:colcon.colcon_ros.task.ament_cmake.build:Building ROS package in '/home/fortunato/ros2_ws/src/px4_ros_com' with build type 'ament_cmake'
[3.365s] INFO:colcon.colcon_cmake.task.cmake.build:Building CMake package in '/home/fortunato/ros2_ws/src/px4_ros_com'
[3.366s] INFO:colcon.colcon_core.shell:Skip shell extension 'powershell' for command environment: Not usable outside of PowerShell
[3.366s] DEBUG:colcon.colcon_core.shell:Skip shell extension 'dsv' for command environment
[3.378s] DEBUG:colcon.colcon_core.event_handler.log_command:Invoking command in '/home/fortunato/ros2_ws/build/px4_ros_com': AMENT_PREFIX_PATH=/home/fortunato/ros2_ws/install/px4_msgs:${AMENT_PREFIX_PATH} CMAKE_PREFIX_PATH=/home/fortunato/ros2_ws/install/px4_msgs:/opt/ros/humble:/home/fortunato/ros2_ws/install/cameras LD_LIBRARY_PATH=/home/fortunato/ros2_ws/install/px4_msgs/lib:${LD_LIBRARY_PATH} PYTHONPATH=/home/fortunato/ros2_ws/install/px4_msgs/local/lib/python3.10/dist-packages:${PYTHONPATH} /usr/bin/cmake --build /home/fortunato/ros2_ws/build/px4_ros_com -- -j8 -l8
[3.861s] DEBUG:colcon.colcon_core.event_handler.log_command:Invoked command in '/home/fortunato/ros2_ws/build/px4_ros_com' returned '0': AMENT_PREFIX_PATH=/home/fortunato/ros2_ws/install/px4_msgs:${AMENT_PREFIX_PATH} CMAKE_PREFIX_PATH=/home/fortunato/ros2_ws/install/px4_msgs:/opt/ros/humble:/home/fortunato/ros2_ws/install/cameras LD_LIBRARY_PATH=/home/fortunato/ros2_ws/install/px4_msgs/lib:${LD_LIBRARY_PATH} PYTHONPATH=/home/fortunato/ros2_ws/install/px4_msgs/local/lib/python3.10/dist-packages:${PYTHONPATH} /usr/bin/cmake --build /home/fortunato/ros2_ws/build/px4_ros_com -- -j8 -l8
[3.863s] DEBUG:colcon.colcon_core.event_handler.log_command:Invoking command in '/home/fortunato/ros2_ws/build/px4_ros_com': AMENT_PREFIX_PATH=/home/fortunato/ros2_ws/install/px4_msgs:${AMENT_PREFIX_PATH} CMAKE_PREFIX_PATH=/home/fortunato/ros2_ws/install/px4_msgs:/opt/ros/humble:/home/fortunato/ros2_ws/install/cameras LD_LIBRARY_PATH=/home/fortunato/ros2_ws/install/px4_msgs/lib:${LD_LIBRARY_PATH} PYTHONPATH=/home/fortunato/ros2_ws/install/px4_msgs/local/lib/python3.10/dist-packages:${PYTHONPATH} /usr/bin/cmake --install /home/fortunato/ros2_ws/build/px4_ros_com
[3.932s] Level 1:colcon.colcon_core.environment:create_environment_scripts_only(px4_ros_com)
[3.933s] Level 1:colcon.colcon_core.environment:checking '/home/fortunato/ros2_ws/install/px4_ros_com' for CMake module files
[3.935s] DEBUG:colcon.colcon_core.event_handler.log_command:Invoked command in '/home/fortunato/ros2_ws/build/px4_ros_com' returned '0': AMENT_PREFIX_PATH=/home/fortunato/ros2_ws/install/px4_msgs:${AMENT_PREFIX_PATH} CMAKE_PREFIX_PATH=/home/fortunato/ros2_ws/install/px4_msgs:/opt/ros/humble:/home/fortunato/ros2_ws/install/cameras LD_LIBRARY_PATH=/home/fortunato/ros2_ws/install/px4_msgs/lib:${LD_LIBRARY_PATH} PYTHONPATH=/home/fortunato/ros2_ws/install/px4_msgs/local/lib/python3.10/dist-packages:${PYTHONPATH} /usr/bin/cmake --install /home/fortunato/ros2_ws/build/px4_ros_com
[3.935s] Level 1:colcon.colcon_core.environment:checking '/home/fortunato/ros2_ws/install/px4_ros_com' for CMake config files
[3.935s] Level 1:colcon.colcon_core.shell:create_environment_hook('px4_ros_com', 'cmake_prefix_path')
[3.936s] INFO:colcon.colcon_core.shell:Creating environment hook '/home/fortunato/ros2_ws/install/px4_ros_com/share/px4_ros_com/hook/cmake_prefix_path.ps1'
[3.936s] INFO:colcon.colcon_core.shell:Creating environment descriptor '/home/fortunato/ros2_ws/install/px4_ros_com/share/px4_ros_com/hook/cmake_prefix_path.dsv'
[3.937s] INFO:colcon.colcon_core.shell:Creating environment hook '/home/fortunato/ros2_ws/install/px4_ros_com/share/px4_ros_com/hook/cmake_prefix_path.sh'
[3.937s] Level 1:colcon.colcon_core.environment:checking '/home/fortunato/ros2_ws/install/px4_ros_com/lib'
[3.937s] Level 1:colcon.colcon_core.shell:create_environment_hook('px4_ros_com', 'ld_library_path_lib')
[3.938s] INFO:colcon.colcon_core.shell:Creating environment hook '/home/fortunato/ros2_ws/install/px4_ros_com/share/px4_ros_com/hook/ld_library_path_lib.ps1'
[3.938s] INFO:colcon.colcon_core.shell:Creating environment descriptor '/home/fortunato/ros2_ws/install/px4_ros_com/share/px4_ros_com/hook/ld_library_path_lib.dsv'
[3.939s] INFO:colcon.colcon_core.shell:Creating environment hook '/home/fortunato/ros2_ws/install/px4_ros_com/share/px4_ros_com/hook/ld_library_path_lib.sh'
[3.939s] Level 1:colcon.colcon_core.environment:checking '/home/fortunato/ros2_ws/install/px4_ros_com/bin'
[3.939s] Level 1:colcon.colcon_core.environment:checking '/home/fortunato/ros2_ws/install/px4_ros_com/lib/pkgconfig/px4_ros_com.pc'
[3.940s] Level 1:colcon.colcon_core.environment:checking '/home/fortunato/ros2_ws/install/px4_ros_com/lib/python3.10/site-packages'
[3.940s] Level 1:colcon.colcon_core.environment:checking '/home/fortunato/ros2_ws/install/px4_ros_com/bin'
[3.940s] INFO:colcon.colcon_core.shell:Creating package script '/home/fortunato/ros2_ws/install/px4_ros_com/share/px4_ros_com/package.ps1'
[3.941s] INFO:colcon.colcon_core.shell:Creating package descriptor '/home/fortunato/ros2_ws/install/px4_ros_com/share/px4_ros_com/package.dsv'
[3.941s] INFO:colcon.colcon_core.shell:Creating package script '/home/fortunato/ros2_ws/install/px4_ros_com/share/px4_ros_com/package.sh'
[3.942s] INFO:colcon.colcon_core.shell:Creating package script '/home/fortunato/ros2_ws/install/px4_ros_com/share/px4_ros_com/package.bash'
[3.942s] INFO:colcon.colcon_core.shell:Creating package script '/home/fortunato/ros2_ws/install/px4_ros_com/share/px4_ros_com/package.zsh'
[3.943s] Level 1:colcon.colcon_core.environment:create_file_with_runtime_dependencies(/home/fortunato/ros2_ws/install/px4_ros_com/share/colcon-core/packages/px4_ros_com)
[3.943s] Level 1:colcon.colcon_core.environment:create_environment_scripts_only(px4_ros_com)
[3.944s] Level 1:colcon.colcon_core.environment:checking '/home/fortunato/ros2_ws/install/px4_ros_com' for CMake module files
[3.944s] Level 1:colcon.colcon_core.environment:checking '/home/fortunato/ros2_ws/install/px4_ros_com' for CMake config files
[3.945s] Level 1:colcon.colcon_core.shell:create_environment_hook('px4_ros_com', 'cmake_prefix_path')
[3.945s] INFO:colcon.colcon_core.shell:Creating environment hook '/home/fortunato/ros2_ws/install/px4_ros_com/share/px4_ros_com/hook/cmake_prefix_path.ps1'
[3.946s] INFO:colcon.colcon_core.shell:Creating environment descriptor '/home/fortunato/ros2_ws/install/px4_ros_com/share/px4_ros_com/hook/cmake_prefix_path.dsv'
[3.946s] INFO:colcon.colcon_core.shell:Creating environment hook '/home/fortunato/ros2_ws/install/px4_ros_com/share/px4_ros_com/hook/cmake_prefix_path.sh'
[3.947s] Level 1:colcon.colcon_core.environment:checking '/home/fortunato/ros2_ws/install/px4_ros_com/lib'
[3.947s] Level 1:colcon.colcon_core.shell:create_environment_hook('px4_ros_com', 'ld_library_path_lib')
[3.947s] INFO:colcon.colcon_core.shell:Creating environment hook '/home/fortunato/ros2_ws/install/px4_ros_com/share/px4_ros_com/hook/ld_library_path_lib.ps1'
[3.948s] INFO:colcon.colcon_core.shell:Creating environment descriptor '/home/fortunato/ros2_ws/install/px4_ros_com/share/px4_ros_com/hook/ld_library_path_lib.dsv'
[3.948s] INFO:colcon.colcon_core.shell:Creating environment hook '/home/fortunato/ros2_ws/install/px4_ros_com/share/px4_ros_com/hook/ld_library_path_lib.sh'
[3.948s] Level 1:colcon.colcon_core.environment:checking '/home/fortunato/ros2_ws/install/px4_ros_com/bin'
[3.948s] Level 1:colcon.colcon_core.environment:checking '/home/fortunato/ros2_ws/install/px4_ros_com/lib/pkgconfig/px4_ros_com.pc'
[3.949s] Level 1:colcon.colcon_core.environment:checking '/home/fortunato/ros2_ws/install/px4_ros_com/lib/python3.10/site-packages'
[3.949s] Level 1:colcon.colcon_core.environment:checking '/home/fortunato/ros2_ws/install/px4_ros_com/bin'
[3.949s] INFO:colcon.colcon_core.shell:Creating package script '/home/fortunato/ros2_ws/install/px4_ros_com/share/px4_ros_com/package.ps1'
[3.950s] INFO:colcon.colcon_core.shell:Creating package descriptor '/home/fortunato/ros2_ws/install/px4_ros_com/share/px4_ros_com/package.dsv'
[3.951s] INFO:colcon.colcon_core.shell:Creating package script '/home/fortunato/ros2_ws/install/px4_ros_com/share/px4_ros_com/package.sh'
[3.951s] INFO:colcon.colcon_core.shell:Creating package script '/home/fortunato/ros2_ws/install/px4_ros_com/share/px4_ros_com/package.bash'
[3.952s] INFO:colcon.colcon_core.shell:Creating package script '/home/fortunato/ros2_ws/install/px4_ros_com/share/px4_ros_com/package.zsh'
[3.952s] Level 1:colcon.colcon_core.environment:create_file_with_runtime_dependencies(/home/fortunato/ros2_ws/install/px4_ros_com/share/colcon-core/packages/px4_ros_com)
[3.953s] DEBUG:colcon.colcon_parallel_executor.executor.parallel:closing loop
[3.953s] DEBUG:colcon.colcon_parallel_executor.executor.parallel:loop closed
[3.953s] DEBUG:colcon.colcon_parallel_executor.executor.parallel:run_until_complete finished with '0'
[3.953s] DEBUG:colcon.colcon_core.event_reactor:joining thread
[3.960s] INFO:colcon.colcon_core.plugin_system:Skipping extension 'colcon_notification.desktop_notification.terminal_notifier': Not used on non-Darwin systems
[3.960s] INFO:colcon.colcon_core.plugin_system:Skipping extension 'colcon_notification.desktop_notification.win32': Not used on non-Windows systems
[3.960s] INFO:colcon.colcon_notification.desktop_notification:Sending desktop notification using 'notify2'
[3.973s] DEBUG:colcon.colcon_core.event_reactor:joined thread
[3.974s] INFO:colcon.colcon_core.shell:Creating prefix script '/home/fortunato/ros2_ws/install/local_setup.ps1'
[3.976s] INFO:colcon.colcon_core.shell:Creating prefix util module '/home/fortunato/ros2_ws/install/_local_setup_util_ps1.py'
[3.979s] INFO:colcon.colcon_core.shell:Creating prefix chain script '/home/fortunato/ros2_ws/install/setup.ps1'
[3.980s] INFO:colcon.colcon_core.shell:Creating prefix script '/home/fortunato/ros2_ws/install/local_setup.sh'
[3.981s] INFO:colcon.colcon_core.shell:Creating prefix util module '/home/fortunato/ros2_ws/install/_local_setup_util_sh.py'
[3.981s] INFO:colcon.colcon_core.shell:Creating prefix chain script '/home/fortunato/ros2_ws/install/setup.sh'
[3.982s] INFO:colcon.colcon_core.shell:Creating prefix script '/home/fortunato/ros2_ws/install/local_setup.bash'
[3.983s] INFO:colcon.colcon_core.shell:Creating prefix chain script '/home/fortunato/ros2_ws/install/setup.bash'
[3.984s] INFO:colcon.colcon_core.shell:Creating prefix script '/home/fortunato/ros2_ws/install/local_setup.zsh'
[3.985s] INFO:colcon.colcon_core.shell:Creating prefix chain script '/home/fortunato/ros2_ws/install/setup.zsh'
