[0.146s] DEBUG:colcon:Command line arguments: ['/home/fortunato/.local/bin/colcon', 'build']
[0.146s] DEBUG:colcon:Parsed command line arguments: Namespace(log_base=None, log_level=None, verb_name='build', build_base='build', install_base='install', merge_install=False, symlink_install=False, test_result_base=None, continue_on_error=False, executor='parallel', parallel_workers=8, event_handlers=None, ignore_user_meta=False, metas=['./colcon.meta'], base_paths=['.'], packages_ignore=None, packages_ignore_regex=None, paths=None, packages_up_to=None, packages_up_to_regex=None, packages_above=None, packages_above_and_dependencies=None, packages_above_depth=None, packages_select_by_dep=None, packages_skip_by_dep=None, packages_skip_up_to=None, packages_select_build_failed=False, packages_skip_build_finished=False, packages_select_test_failures=False, packages_skip_test_passed=False, packages_select=None, packages_skip=None, packages_select_regex=None, packages_skip_regex=None, packages_start=None, packages_end=None, allow_overriding=[], cmake_args=None, cmake_target=None, cmake_target_skip_unavailable=False, cmake_clean_cache=False, cmake_clean_first=False, cmake_force_configure=False, ament_cmake_args=None, catkin_cmake_args=None, catkin_skip_building_tests=False, mixin_files=None, mixin=None, verb_parser=<colcon_mixin.mixin.mixin_argument.MixinArgumentDecorator object at 0x74be41e8b4c0>, verb_extension=<colcon_core.verb.build.BuildVerb object at 0x74be41e8aef0>, main=<bound method BuildVerb.main of <colcon_core.verb.build.BuildVerb object at 0x74be41e8aef0>>, mixin_verb=('build',))
[0.295s] Level 1:colcon.colcon_core.package_discovery:discover_packages(colcon_meta) check parameters
[0.295s] Level 1:colcon.colcon_core.package_discovery:discover_packages(recursive) check parameters
[0.295s] Level 1:colcon.colcon_core.package_discovery:discover_packages(ignore) check parameters
[0.295s] Level 1:colcon.colcon_core.package_discovery:discover_packages(path) check parameters
[0.295s] Level 1:colcon.colcon_core.package_discovery:discover_packages(colcon_meta) discover
[0.295s] Level 1:colcon.colcon_core.package_discovery:discover_packages(recursive) discover
[0.295s] INFO:colcon.colcon_core.package_discovery:Crawling recursively for packages in '/home/fortunato/ros2_ws'
[0.295s] Level 1:colcon.colcon_core.package_identification:_identify(.) by extensions ['ignore', 'ignore_ament_install']
[0.295s] Level 1:colcon.colcon_core.package_identification:_identify(.) by extension 'ignore'
[0.295s] Level 1:colcon.colcon_core.package_identification:_identify(.) by extension 'ignore_ament_install'
[0.295s] Level 1:colcon.colcon_core.package_identification:_identify(.) by extensions ['colcon_pkg']
[0.295s] Level 1:colcon.colcon_core.package_identification:_identify(.) by extension 'colcon_pkg'
[0.296s] Level 1:colcon.colcon_core.package_identification:_identify(.) by extensions ['colcon_meta']
[0.296s] Level 1:colcon.colcon_core.package_identification:_identify(.) by extension 'colcon_meta'
[0.296s] Level 1:colcon.colcon_core.package_identification:_identify(.) by extensions ['ros']
[0.296s] Level 1:colcon.colcon_core.package_identification:_identify(.) by extension 'ros'
[0.318s] Level 1:colcon.colcon_core.package_identification:_identify(.) by extensions ['cmake', 'python']
[0.318s] Level 1:colcon.colcon_core.package_identification:_identify(.) by extension 'cmake'
[0.318s] Level 1:colcon.colcon_core.package_identification:_identify(.) by extension 'python'
[0.318s] Level 1:colcon.colcon_core.package_identification:_identify(.) by extensions ['python_setup_py']
[0.318s] Level 1:colcon.colcon_core.package_identification:_identify(.) by extension 'python_setup_py'
[0.318s] Level 1:colcon.colcon_core.package_identification:_identify(build) by extensions ['ignore', 'ignore_ament_install']
[0.318s] Level 1:colcon.colcon_core.package_identification:_identify(build) by extension 'ignore'
[0.318s] Level 1:colcon.colcon_core.package_identification:_identify(build) ignored
[0.318s] Level 1:colcon.colcon_core.package_identification:_identify(install) by extensions ['ignore', 'ignore_ament_install']
[0.318s] Level 1:colcon.colcon_core.package_identification:_identify(install) by extension 'ignore'
[0.318s] Level 1:colcon.colcon_core.package_identification:_identify(install) ignored
[0.318s] Level 1:colcon.colcon_core.package_identification:_identify(log) by extensions ['ignore', 'ignore_ament_install']
[0.318s] Level 1:colcon.colcon_core.package_identification:_identify(log) by extension 'ignore'
[0.318s] Level 1:colcon.colcon_core.package_identification:_identify(log) ignored
[0.319s] Level 1:colcon.colcon_core.package_identification:_identify(src) by extensions ['ignore', 'ignore_ament_install']
[0.319s] Level 1:colcon.colcon_core.package_identification:_identify(src) by extension 'ignore'
[0.319s] Level 1:colcon.colcon_core.package_identification:_identify(src) by extension 'ignore_ament_install'
[0.319s] Level 1:colcon.colcon_core.package_identification:_identify(src) by extensions ['colcon_pkg']
[0.319s] Level 1:colcon.colcon_core.package_identification:_identify(src) by extension 'colcon_pkg'
[0.319s] Level 1:colcon.colcon_core.package_identification:_identify(src) by extensions ['colcon_meta']
[0.319s] Level 1:colcon.colcon_core.package_identification:_identify(src) by extension 'colcon_meta'
[0.319s] Level 1:colcon.colcon_core.package_identification:_identify(src) by extensions ['ros']
[0.319s] Level 1:colcon.colcon_core.package_identification:_identify(src) by extension 'ros'
[0.319s] Level 1:colcon.colcon_core.package_identification:_identify(src) by extensions ['cmake', 'python']
[0.319s] Level 1:colcon.colcon_core.package_identification:_identify(src) by extension 'cmake'
[0.319s] Level 1:colcon.colcon_core.package_identification:_identify(src) by extension 'python'
[0.319s] Level 1:colcon.colcon_core.package_identification:_identify(src) by extensions ['python_setup_py']
[0.319s] Level 1:colcon.colcon_core.package_identification:_identify(src) by extension 'python_setup_py'
[0.319s] Level 1:colcon.colcon_core.package_identification:_identify(src/PX4-Autopilot) by extensions ['ignore', 'ignore_ament_install']
[0.319s] Level 1:colcon.colcon_core.package_identification:_identify(src/PX4-Autopilot) by extension 'ignore'
[0.319s] Level 1:colcon.colcon_core.package_identification:_identify(src/PX4-Autopilot) by extension 'ignore_ament_install'
[0.319s] Level 1:colcon.colcon_core.package_identification:_identify(src/PX4-Autopilot) by extensions ['colcon_pkg']
[0.319s] Level 1:colcon.colcon_core.package_identification:_identify(src/PX4-Autopilot) by extension 'colcon_pkg'
[0.319s] Level 1:colcon.colcon_core.package_identification:_identify(src/PX4-Autopilot) by extensions ['colcon_meta']
[0.319s] Level 1:colcon.colcon_core.package_identification:_identify(src/PX4-Autopilot) by extension 'colcon_meta'
[0.319s] Level 1:colcon.colcon_core.package_identification:_identify(src/PX4-Autopilot) by extensions ['ros']
[0.320s] Level 1:colcon.colcon_core.package_identification:_identify(src/PX4-Autopilot) by extension 'ros'
[0.322s] DEBUG:colcon.colcon_core.package_identification:Package 'src/PX4-Autopilot' with type 'ros.ament_cmake' and name 'px4'
[0.322s] Level 1:colcon.colcon_core.package_identification:_identify(src/cameras) by extensions ['ignore', 'ignore_ament_install']
[0.322s] Level 1:colcon.colcon_core.package_identification:_identify(src/cameras) by extension 'ignore'
[0.322s] Level 1:colcon.colcon_core.package_identification:_identify(src/cameras) by extension 'ignore_ament_install'
[0.322s] Level 1:colcon.colcon_core.package_identification:_identify(src/cameras) by extensions ['colcon_pkg']
[0.322s] Level 1:colcon.colcon_core.package_identification:_identify(src/cameras) by extension 'colcon_pkg'
[0.323s] Level 1:colcon.colcon_core.package_identification:_identify(src/cameras) by extensions ['colcon_meta']
[0.323s] Level 1:colcon.colcon_core.package_identification:_identify(src/cameras) by extension 'colcon_meta'
[0.323s] Level 1:colcon.colcon_core.package_identification:_identify(src/cameras) by extensions ['ros']
[0.323s] Level 1:colcon.colcon_core.package_identification:_identify(src/cameras) by extension 'ros'
[0.323s] DEBUG:colcon.colcon_core.package_identification:Package 'src/cameras' with type 'ros.catkin' and name 'cameras'
[0.323s] Level 1:colcon.colcon_core.package_identification:_identify(src/px4_msgs) by extensions ['ignore', 'ignore_ament_install']
[0.323s] Level 1:colcon.colcon_core.package_identification:_identify(src/px4_msgs) by extension 'ignore'
[0.323s] Level 1:colcon.colcon_core.package_identification:_identify(src/px4_msgs) by extension 'ignore_ament_install'
[0.323s] Level 1:colcon.colcon_core.package_identification:_identify(src/px4_msgs) by extensions ['colcon_pkg']
[0.323s] Level 1:colcon.colcon_core.package_identification:_identify(src/px4_msgs) by extension 'colcon_pkg'
[0.323s] Level 1:colcon.colcon_core.package_identification:_identify(src/px4_msgs) by extensions ['colcon_meta']
[0.323s] Level 1:colcon.colcon_core.package_identification:_identify(src/px4_msgs) by extension 'colcon_meta'
[0.323s] Level 1:colcon.colcon_core.package_identification:_identify(src/px4_msgs) by extensions ['ros']
[0.323s] Level 1:colcon.colcon_core.package_identification:_identify(src/px4_msgs) by extension 'ros'
[0.324s] DEBUG:colcon.colcon_core.package_identification:Package 'src/px4_msgs' with type 'ros.ament_cmake' and name 'px4_msgs'
[0.324s] Level 1:colcon.colcon_core.package_identification:_identify(src/px4_ros_com) by extensions ['ignore', 'ignore_ament_install']
[0.324s] Level 1:colcon.colcon_core.package_identification:_identify(src/px4_ros_com) by extension 'ignore'
[0.324s] Level 1:colcon.colcon_core.package_identification:_identify(src/px4_ros_com) by extension 'ignore_ament_install'
[0.324s] Level 1:colcon.colcon_core.package_identification:_identify(src/px4_ros_com) by extensions ['colcon_pkg']
[0.324s] Level 1:colcon.colcon_core.package_identification:_identify(src/px4_ros_com) by extension 'colcon_pkg'
[0.324s] Level 1:colcon.colcon_core.package_identification:_identify(src/px4_ros_com) by extensions ['colcon_meta']
[0.324s] Level 1:colcon.colcon_core.package_identification:_identify(src/px4_ros_com) by extension 'colcon_meta'
[0.324s] Level 1:colcon.colcon_core.package_identification:_identify(src/px4_ros_com) by extensions ['ros']
[0.324s] Level 1:colcon.colcon_core.package_identification:_identify(src/px4_ros_com) by extension 'ros'
[0.325s] DEBUG:colcon.colcon_core.package_identification:Package 'src/px4_ros_com' with type 'ros.ament_cmake' and name 'px4_ros_com'
[0.326s] Level 1:colcon.colcon_core.package_discovery:discover_packages(recursive) using defaults
[0.326s] Level 1:colcon.colcon_core.package_discovery:discover_packages(ignore) discover
[0.326s] Level 1:colcon.colcon_core.package_discovery:discover_packages(ignore) using defaults
[0.326s] Level 1:colcon.colcon_core.package_discovery:discover_packages(path) discover
[0.326s] Level 1:colcon.colcon_core.package_discovery:discover_packages(path) using defaults
[0.342s] Level 1:colcon.colcon_core.package_discovery:discover_packages(prefix_path) check parameters
[0.342s] Level 1:colcon.colcon_core.package_discovery:discover_packages(prefix_path) discover
[0.345s] DEBUG:colcon.colcon_installed_package_information.package_discovery:Found 300 installed packages in /opt/ros/humble
[0.347s] DEBUG:colcon.colcon_installed_package_information.package_discovery:Found 4 installed packages in /home/fortunato/ros2_ws/install
[0.347s] Level 1:colcon.colcon_core.package_discovery:discover_packages(prefix_path) using defaults
[0.381s] Level 5:colcon.colcon_core.verb:set package 'cameras' build argument 'cmake_args' from command line to 'None'
[0.381s] Level 5:colcon.colcon_core.verb:set package 'cameras' build argument 'cmake_target' from command line to 'None'
[0.381s] Level 5:colcon.colcon_core.verb:set package 'cameras' build argument 'cmake_target_skip_unavailable' from command line to 'False'
[0.381s] Level 5:colcon.colcon_core.verb:set package 'cameras' build argument 'cmake_clean_cache' from command line to 'False'
[0.381s] Level 5:colcon.colcon_core.verb:set package 'cameras' build argument 'cmake_clean_first' from command line to 'False'
[0.381s] Level 5:colcon.colcon_core.verb:set package 'cameras' build argument 'cmake_force_configure' from command line to 'False'
[0.381s] Level 5:colcon.colcon_core.verb:set package 'cameras' build argument 'ament_cmake_args' from command line to 'None'
[0.381s] Level 5:colcon.colcon_core.verb:set package 'cameras' build argument 'catkin_cmake_args' from command line to 'None'
[0.381s] Level 5:colcon.colcon_core.verb:set package 'cameras' build argument 'catkin_skip_building_tests' from command line to 'False'
[0.381s] DEBUG:colcon.colcon_core.verb:Building package 'cameras' with the following arguments: {'ament_cmake_args': None, 'build_base': '/home/fortunato/ros2_ws/build/cameras', 'catkin_cmake_args': None, 'catkin_skip_building_tests': False, 'cmake_args': None, 'cmake_clean_cache': False, 'cmake_clean_first': False, 'cmake_force_configure': False, 'cmake_target': None, 'cmake_target_skip_unavailable': False, 'install_base': '/home/fortunato/ros2_ws/install/cameras', 'merge_install': False, 'path': '/home/fortunato/ros2_ws/src/cameras', 'symlink_install': False, 'test_result_base': None}
[0.382s] Level 5:colcon.colcon_core.verb:set package 'px4' build argument 'cmake_args' from command line to 'None'
[0.382s] Level 5:colcon.colcon_core.verb:set package 'px4' build argument 'cmake_target' from command line to 'None'
[0.382s] Level 5:colcon.colcon_core.verb:set package 'px4' build argument 'cmake_target_skip_unavailable' from command line to 'False'
[0.382s] Level 5:colcon.colcon_core.verb:set package 'px4' build argument 'cmake_clean_cache' from command line to 'False'
[0.382s] Level 5:colcon.colcon_core.verb:set package 'px4' build argument 'cmake_clean_first' from command line to 'False'
[0.382s] Level 5:colcon.colcon_core.verb:set package 'px4' build argument 'cmake_force_configure' from command line to 'False'
[0.382s] Level 5:colcon.colcon_core.verb:set package 'px4' build argument 'ament_cmake_args' from command line to 'None'
[0.382s] Level 5:colcon.colcon_core.verb:set package 'px4' build argument 'catkin_cmake_args' from command line to 'None'
[0.382s] Level 5:colcon.colcon_core.verb:set package 'px4' build argument 'catkin_skip_building_tests' from command line to 'False'
[0.382s] DEBUG:colcon.colcon_core.verb:Building package 'px4' with the following arguments: {'ament_cmake_args': None, 'build_base': '/home/fortunato/ros2_ws/build/px4', 'catkin_cmake_args': None, 'catkin_skip_building_tests': False, 'cmake_args': None, 'cmake_clean_cache': False, 'cmake_clean_first': False, 'cmake_force_configure': False, 'cmake_target': None, 'cmake_target_skip_unavailable': False, 'install_base': '/home/fortunato/ros2_ws/install/px4', 'merge_install': False, 'path': '/home/fortunato/ros2_ws/src/PX4-Autopilot', 'symlink_install': False, 'test_result_base': None}
[0.382s] Level 5:colcon.colcon_core.verb:set package 'px4_msgs' build argument 'cmake_args' from command line to 'None'
[0.382s] Level 5:colcon.colcon_core.verb:set package 'px4_msgs' build argument 'cmake_target' from command line to 'None'
[0.382s] Level 5:colcon.colcon_core.verb:set package 'px4_msgs' build argument 'cmake_target_skip_unavailable' from command line to 'False'
[0.382s] Level 5:colcon.colcon_core.verb:set package 'px4_msgs' build argument 'cmake_clean_cache' from command line to 'False'
[0.382s] Level 5:colcon.colcon_core.verb:set package 'px4_msgs' build argument 'cmake_clean_first' from command line to 'False'
[0.382s] Level 5:colcon.colcon_core.verb:set package 'px4_msgs' build argument 'cmake_force_configure' from command line to 'False'
[0.382s] Level 5:colcon.colcon_core.verb:set package 'px4_msgs' build argument 'ament_cmake_args' from command line to 'None'
[0.382s] Level 5:colcon.colcon_core.verb:set package 'px4_msgs' build argument 'catkin_cmake_args' from command line to 'None'
[0.382s] Level 5:colcon.colcon_core.verb:set package 'px4_msgs' build argument 'catkin_skip_building_tests' from command line to 'False'
[0.383s] DEBUG:colcon.colcon_core.verb:Building package 'px4_msgs' with the following arguments: {'ament_cmake_args': None, 'build_base': '/home/fortunato/ros2_ws/build/px4_msgs', 'catkin_cmake_args': None, 'catkin_skip_building_tests': False, 'cmake_args': None, 'cmake_clean_cache': False, 'cmake_clean_first': False, 'cmake_force_configure': False, 'cmake_target': None, 'cmake_target_skip_unavailable': False, 'install_base': '/home/fortunato/ros2_ws/install/px4_msgs', 'merge_install': False, 'path': '/home/fortunato/ros2_ws/src/px4_msgs', 'symlink_install': False, 'test_result_base': None}
[0.383s] Level 5:colcon.colcon_core.verb:set package 'px4_ros_com' build argument 'cmake_args' from command line to 'None'
[0.383s] Level 5:colcon.colcon_core.verb:set package 'px4_ros_com' build argument 'cmake_target' from command line to 'None'
[0.383s] Level 5:colcon.colcon_core.verb:set package 'px4_ros_com' build argument 'cmake_target_skip_unavailable' from command line to 'False'
[0.383s] Level 5:colcon.colcon_core.verb:set package 'px4_ros_com' build argument 'cmake_clean_cache' from command line to 'False'
[0.383s] Level 5:colcon.colcon_core.verb:set package 'px4_ros_com' build argument 'cmake_clean_first' from command line to 'False'
[0.383s] Level 5:colcon.colcon_core.verb:set package 'px4_ros_com' build argument 'cmake_force_configure' from command line to 'False'
[0.383s] Level 5:colcon.colcon_core.verb:set package 'px4_ros_com' build argument 'ament_cmake_args' from command line to 'None'
[0.383s] Level 5:colcon.colcon_core.verb:set package 'px4_ros_com' build argument 'catkin_cmake_args' from command line to 'None'
[0.383s] Level 5:colcon.colcon_core.verb:set package 'px4_ros_com' build argument 'catkin_skip_building_tests' from command line to 'False'
[0.383s] DEBUG:colcon.colcon_core.verb:Building package 'px4_ros_com' with the following arguments: {'ament_cmake_args': None, 'build_base': '/home/fortunato/ros2_ws/build/px4_ros_com', 'catkin_cmake_args': None, 'catkin_skip_building_tests': False, 'cmake_args': None, 'cmake_clean_cache': False, 'cmake_clean_first': False, 'cmake_force_configure': False, 'cmake_target': None, 'cmake_target_skip_unavailable': False, 'install_base': '/home/fortunato/ros2_ws/install/px4_ros_com', 'merge_install': False, 'path': '/home/fortunato/ros2_ws/src/px4_ros_com', 'symlink_install': False, 'test_result_base': None}
[0.383s] INFO:colcon.colcon_core.executor:Executing jobs using 'parallel' executor
[0.384s] DEBUG:colcon.colcon_parallel_executor.executor.parallel:run_until_complete
[0.385s] INFO:colcon.colcon_ros.task.ament_cmake.build:Building ROS package in '/home/fortunato/ros2_ws/src/px4_msgs' with build type 'ament_cmake'
[0.385s] INFO:colcon.colcon_cmake.task.cmake.build:Building CMake package in '/home/fortunato/ros2_ws/src/px4_msgs'
[0.387s] INFO:colcon.colcon_core.plugin_system:Skipping extension 'colcon_core.shell.bat': Not used on non-Windows systems
[0.387s] INFO:colcon.colcon_core.shell:Skip shell extension 'powershell' for command environment: Not usable outside of PowerShell
[0.387s] DEBUG:colcon.colcon_core.shell:Skip shell extension 'dsv' for command environment
[0.390s] INFO:colcon.colcon_ros.task.catkin.build:Building ROS package in '/home/fortunato/ros2_ws/src/cameras' with build type 'catkin'
[0.390s] INFO:colcon.colcon_cmake.task.cmake.build:Building CMake package in '/home/fortunato/ros2_ws/src/cameras'
[0.391s] INFO:colcon.colcon_core.shell:Skip shell extension 'powershell' for command environment: Not usable outside of PowerShell
[0.391s] DEBUG:colcon.colcon_core.shell:Skip shell extension 'dsv' for command environment
[0.394s] INFO:colcon.colcon_ros.task.ament_cmake.build:Building ROS package in '/home/fortunato/ros2_ws/src/PX4-Autopilot' with build type 'ament_cmake'
[0.394s] INFO:colcon.colcon_cmake.task.cmake.build:Building CMake package in '/home/fortunato/ros2_ws/src/PX4-Autopilot'
[0.394s] INFO:colcon.colcon_core.shell:Skip shell extension 'powershell' for command environment: Not usable outside of PowerShell
[0.394s] DEBUG:colcon.colcon_core.shell:Skip shell extension 'dsv' for command environment
[0.401s] DEBUG:colcon.colcon_core.event_handler.log_command:Invoking command in '/home/fortunato/ros2_ws/build/px4_msgs': CMAKE_PREFIX_PATH=/opt/ros/humble:/home/fortunato/ros2_ws/install/cameras /usr/bin/cmake --build /home/fortunato/ros2_ws/build/px4_msgs -- -j8 -l8
[0.405s] DEBUG:colcon.colcon_core.event_handler.log_command:Invoking command in '/home/fortunato/ros2_ws/build/cameras': /usr/bin/cmake --build /home/fortunato/ros2_ws/build/cameras -- -j8 -l8
[0.410s] DEBUG:colcon.colcon_core.event_handler.log_command:Invoking command in '/home/fortunato/ros2_ws/build/px4': CMAKE_PREFIX_PATH=/opt/ros/humble:/home/fortunato/ros2_ws/install/cameras /usr/bin/cmake --build /home/fortunato/ros2_ws/build/px4 -- -j8 -l8
[0.447s] DEBUG:colcon.colcon_core.event_handler.log_command:Invoked command in '/home/fortunato/ros2_ws/build/cameras' returned '0': /usr/bin/cmake --build /home/fortunato/ros2_ws/build/cameras -- -j8 -l8
[0.463s] DEBUG:colcon.colcon_core.event_handler.log_command:Invoking command in '/home/fortunato/ros2_ws/build/cameras': /usr/bin/cmake --install /home/fortunato/ros2_ws/build/cameras
[0.485s] Level 1:colcon.colcon_core.shell:create_environment_hook('cameras', 'ros_package_path')
[0.485s] INFO:colcon.colcon_core.shell:Creating environment hook '/home/fortunato/ros2_ws/install/cameras/share/cameras/hook/ros_package_path.ps1'
[0.487s] INFO:colcon.colcon_core.shell:Creating environment descriptor '/home/fortunato/ros2_ws/install/cameras/share/cameras/hook/ros_package_path.dsv'
[0.488s] INFO:colcon.colcon_core.shell:Creating environment hook '/home/fortunato/ros2_ws/install/cameras/share/cameras/hook/ros_package_path.sh'
[0.491s] Level 1:colcon.colcon_core.shell:create_environment_hook('cameras', 'pkg_config_path')
[0.491s] INFO:colcon.colcon_core.shell:Creating environment hook '/home/fortunato/ros2_ws/install/cameras/share/cameras/hook/pkg_config_path.ps1'
[0.496s] INFO:colcon.colcon_core.shell:Creating environment descriptor '/home/fortunato/ros2_ws/install/cameras/share/cameras/hook/pkg_config_path.dsv'
[0.497s] INFO:colcon.colcon_core.shell:Creating environment hook '/home/fortunato/ros2_ws/install/cameras/share/cameras/hook/pkg_config_path.sh'
[0.501s] Level 1:colcon.colcon_core.shell:create_environment_hook('cameras', 'pkg_config_path_multiarch')
[0.501s] INFO:colcon.colcon_core.shell:Creating environment hook '/home/fortunato/ros2_ws/install/cameras/share/cameras/hook/pkg_config_path_multiarch.ps1'
[0.502s] DEBUG:colcon.colcon_core.event_handler.log_command:Invoked command in '/home/fortunato/ros2_ws/build/cameras' returned '0': /usr/bin/cmake --install /home/fortunato/ros2_ws/build/cameras
[0.503s] INFO:colcon.colcon_core.shell:Creating environment descriptor '/home/fortunato/ros2_ws/install/cameras/share/cameras/hook/pkg_config_path_multiarch.dsv'
[0.504s] INFO:colcon.colcon_core.shell:Creating environment hook '/home/fortunato/ros2_ws/install/cameras/share/cameras/hook/pkg_config_path_multiarch.sh'
[0.506s] Level 1:colcon.colcon_core.environment:create_environment_scripts_only(cameras)
[0.510s] Level 1:colcon.colcon_core.environment:checking '/home/fortunato/ros2_ws/install/cameras' for CMake module files
[0.511s] Level 1:colcon.colcon_core.environment:checking '/home/fortunato/ros2_ws/install/cameras' for CMake config files
[0.513s] Level 1:colcon.colcon_core.shell:create_environment_hook('cameras', 'cmake_prefix_path')
[0.514s] INFO:colcon.colcon_core.shell:Creating environment hook '/home/fortunato/ros2_ws/install/cameras/share/cameras/hook/cmake_prefix_path.ps1'
[0.514s] INFO:colcon.colcon_core.shell:Creating environment descriptor '/home/fortunato/ros2_ws/install/cameras/share/cameras/hook/cmake_prefix_path.dsv'
[0.515s] INFO:colcon.colcon_core.shell:Creating environment hook '/home/fortunato/ros2_ws/install/cameras/share/cameras/hook/cmake_prefix_path.sh'
[0.516s] Level 1:colcon.colcon_core.environment:checking '/home/fortunato/ros2_ws/install/cameras/bin'
[0.516s] Level 1:colcon.colcon_core.environment:checking '/home/fortunato/ros2_ws/install/cameras/lib/pkgconfig/cameras.pc'
[0.516s] Level 1:colcon.colcon_core.environment:checking '/home/fortunato/ros2_ws/install/cameras/lib/python3.10/site-packages'
[0.517s] Level 1:colcon.colcon_core.environment:checking '/home/fortunato/ros2_ws/install/cameras/bin'
[0.518s] INFO:colcon.colcon_core.shell:Creating package script '/home/fortunato/ros2_ws/install/cameras/share/cameras/package.ps1'
[0.519s] INFO:colcon.colcon_core.shell:Creating package descriptor '/home/fortunato/ros2_ws/install/cameras/share/cameras/package.dsv'
[0.520s] INFO:colcon.colcon_core.shell:Creating package script '/home/fortunato/ros2_ws/install/cameras/share/cameras/package.sh'
[0.522s] INFO:colcon.colcon_core.shell:Creating package script '/home/fortunato/ros2_ws/install/cameras/share/cameras/package.bash'
[0.523s] INFO:colcon.colcon_core.shell:Creating package script '/home/fortunato/ros2_ws/install/cameras/share/cameras/package.zsh'
[0.524s] Level 1:colcon.colcon_core.environment:create_file_with_runtime_dependencies(/home/fortunato/ros2_ws/install/cameras/share/colcon-core/packages/cameras)
[1.032s] DEBUG:colcon.colcon_core.event_handler.log_command:Invoked command in '/home/fortunato/ros2_ws/build/px4' returned '0': CMAKE_PREFIX_PATH=/opt/ros/humble:/home/fortunato/ros2_ws/install/cameras /usr/bin/cmake --build /home/fortunato/ros2_ws/build/px4 -- -j8 -l8
[1.034s] DEBUG:colcon.colcon_core.event_handler.log_command:Invoking command in '/home/fortunato/ros2_ws/build/px4': CMAKE_PREFIX_PATH=/opt/ros/humble:/home/fortunato/ros2_ws/install/cameras /usr/bin/cmake --install /home/fortunato/ros2_ws/build/px4
[1.451s] Level 1:colcon.colcon_core.environment:create_environment_scripts_only(px4)
[1.451s] Level 1:colcon.colcon_core.environment:checking '/home/fortunato/ros2_ws/install/px4' for CMake module files
[1.452s] Level 1:colcon.colcon_core.environment:checking '/home/fortunato/ros2_ws/install/px4' for CMake config files
[1.455s] Level 1:colcon.colcon_core.shell:create_environment_hook('px4', 'cmake_prefix_path')
[1.456s] INFO:colcon.colcon_core.shell:Creating environment hook '/home/fortunato/ros2_ws/install/px4/share/px4/hook/cmake_prefix_path.ps1'
[1.457s] INFO:colcon.colcon_core.shell:Creating environment descriptor '/home/fortunato/ros2_ws/install/px4/share/px4/hook/cmake_prefix_path.dsv'
[1.461s] INFO:colcon.colcon_core.shell:Creating environment hook '/home/fortunato/ros2_ws/install/px4/share/px4/hook/cmake_prefix_path.sh'
[1.462s] Level 1:colcon.colcon_core.environment:checking '/home/fortunato/ros2_ws/install/px4/lib'
[1.462s] Level 1:colcon.colcon_core.shell:create_environment_hook('px4', 'ld_library_path_lib')
[1.463s] INFO:colcon.colcon_core.shell:Creating environment hook '/home/fortunato/ros2_ws/install/px4/share/px4/hook/ld_library_path_lib.ps1'
[1.463s] INFO:colcon.colcon_core.shell:Creating environment descriptor '/home/fortunato/ros2_ws/install/px4/share/px4/hook/ld_library_path_lib.dsv'
[1.468s] INFO:colcon.colcon_core.shell:Creating environment hook '/home/fortunato/ros2_ws/install/px4/share/px4/hook/ld_library_path_lib.sh'
[1.469s] Level 1:colcon.colcon_core.environment:checking '/home/fortunato/ros2_ws/install/px4/bin'
[1.469s] Level 1:colcon.colcon_core.environment:checking '/home/fortunato/ros2_ws/install/px4/lib/pkgconfig/px4.pc'
[1.469s] Level 1:colcon.colcon_core.environment:checking '/home/fortunato/ros2_ws/install/px4/lib/python3.10/site-packages'
[1.470s] Level 1:colcon.colcon_core.environment:checking '/home/fortunato/ros2_ws/install/px4/bin'
[1.470s] INFO:colcon.colcon_core.shell:Creating package script '/home/fortunato/ros2_ws/install/px4/share/px4/package.ps1'
[1.471s] INFO:colcon.colcon_core.shell:Creating package descriptor '/home/fortunato/ros2_ws/install/px4/share/px4/package.dsv'
[1.476s] INFO:colcon.colcon_core.shell:Creating package script '/home/fortunato/ros2_ws/install/px4/share/px4/package.sh'
[1.477s] INFO:colcon.colcon_core.shell:Creating package script '/home/fortunato/ros2_ws/install/px4/share/px4/package.bash'
[1.478s] INFO:colcon.colcon_core.shell:Creating package script '/home/fortunato/ros2_ws/install/px4/share/px4/package.zsh'
[1.478s] Level 1:colcon.colcon_core.environment:create_file_with_runtime_dependencies(/home/fortunato/ros2_ws/install/px4/share/colcon-core/packages/px4)
[1.485s] Level 1:colcon.colcon_core.environment:create_environment_scripts_only(px4)
[1.485s] Level 1:colcon.colcon_core.environment:checking '/home/fortunato/ros2_ws/install/px4' for CMake module files
[1.486s] Level 1:colcon.colcon_core.environment:checking '/home/fortunato/ros2_ws/install/px4' for CMake config files
[1.489s] Level 1:colcon.colcon_core.shell:create_environment_hook('px4', 'cmake_prefix_path')
[1.490s] INFO:colcon.colcon_core.shell:Creating environment hook '/home/fortunato/ros2_ws/install/px4/share/px4/hook/cmake_prefix_path.ps1'
[1.490s] INFO:colcon.colcon_core.shell:Creating environment descriptor '/home/fortunato/ros2_ws/install/px4/share/px4/hook/cmake_prefix_path.dsv'
[1.495s] INFO:colcon.colcon_core.shell:Creating environment hook '/home/fortunato/ros2_ws/install/px4/share/px4/hook/cmake_prefix_path.sh'
[1.496s] Level 1:colcon.colcon_core.environment:checking '/home/fortunato/ros2_ws/install/px4/lib'
[1.496s] Level 1:colcon.colcon_core.shell:create_environment_hook('px4', 'ld_library_path_lib')
[1.497s] INFO:colcon.colcon_core.shell:Creating environment hook '/home/fortunato/ros2_ws/install/px4/share/px4/hook/ld_library_path_lib.ps1'
[1.497s] INFO:colcon.colcon_core.shell:Creating environment descriptor '/home/fortunato/ros2_ws/install/px4/share/px4/hook/ld_library_path_lib.dsv'
[1.498s] INFO:colcon.colcon_core.shell:Creating environment hook '/home/fortunato/ros2_ws/install/px4/share/px4/hook/ld_library_path_lib.sh'
[1.502s] Level 1:colcon.colcon_core.environment:checking '/home/fortunato/ros2_ws/install/px4/bin'
[1.502s] Level 1:colcon.colcon_core.environment:checking '/home/fortunato/ros2_ws/install/px4/lib/pkgconfig/px4.pc'
[1.503s] Level 1:colcon.colcon_core.environment:checking '/home/fortunato/ros2_ws/install/px4/lib/python3.10/site-packages'
[1.503s] Level 1:colcon.colcon_core.environment:checking '/home/fortunato/ros2_ws/install/px4/bin'
[1.504s] INFO:colcon.colcon_core.shell:Creating package script '/home/fortunato/ros2_ws/install/px4/share/px4/package.ps1'
[1.506s] INFO:colcon.colcon_core.shell:Creating package descriptor '/home/fortunato/ros2_ws/install/px4/share/px4/package.dsv'
[1.509s] INFO:colcon.colcon_core.shell:Creating package script '/home/fortunato/ros2_ws/install/px4/share/px4/package.sh'
[1.512s] INFO:colcon.colcon_core.shell:Creating package script '/home/fortunato/ros2_ws/install/px4/share/px4/package.bash'
[1.514s] INFO:colcon.colcon_core.shell:Creating package script '/home/fortunato/ros2_ws/install/px4/share/px4/package.zsh'
[1.518s] Level 1:colcon.colcon_core.environment:create_file_with_runtime_dependencies(/home/fortunato/ros2_ws/install/px4/share/colcon-core/packages/px4)
[1.566s] DEBUG:colcon.colcon_core.event_handler.log_command:Invoked command in '/home/fortunato/ros2_ws/build/px4' returned '0': CMAKE_PREFIX_PATH=/opt/ros/humble:/home/fortunato/ros2_ws/install/cameras /usr/bin/cmake --install /home/fortunato/ros2_ws/build/px4
[1.784s] DEBUG:colcon.colcon_core.event_handler.log_command:Invoked command in '/home/fortunato/ros2_ws/build/px4_msgs' returned '0': CMAKE_PREFIX_PATH=/opt/ros/humble:/home/fortunato/ros2_ws/install/cameras /usr/bin/cmake --build /home/fortunato/ros2_ws/build/px4_msgs -- -j8 -l8
[1.786s] DEBUG:colcon.colcon_core.event_handler.log_command:Invoking command in '/home/fortunato/ros2_ws/build/px4_msgs': CMAKE_PREFIX_PATH=/opt/ros/humble:/home/fortunato/ros2_ws/install/cameras /usr/bin/cmake --install /home/fortunato/ros2_ws/build/px4_msgs
[2.145s] Level 1:colcon.colcon_core.environment:create_environment_scripts_only(px4_msgs)
[2.145s] Level 1:colcon.colcon_core.environment:checking '/home/fortunato/ros2_ws/install/px4_msgs' for CMake module files
[2.146s] DEBUG:colcon.colcon_core.event_handler.log_command:Invoked command in '/home/fortunato/ros2_ws/build/px4_msgs' returned '0': CMAKE_PREFIX_PATH=/opt/ros/humble:/home/fortunato/ros2_ws/install/cameras /usr/bin/cmake --install /home/fortunato/ros2_ws/build/px4_msgs
[2.146s] Level 1:colcon.colcon_core.environment:checking '/home/fortunato/ros2_ws/install/px4_msgs' for CMake config files
[2.148s] Level 1:colcon.colcon_core.shell:create_environment_hook('px4_msgs', 'cmake_prefix_path')
[2.148s] INFO:colcon.colcon_core.shell:Creating environment hook '/home/fortunato/ros2_ws/install/px4_msgs/share/px4_msgs/hook/cmake_prefix_path.ps1'
[2.149s] INFO:colcon.colcon_core.shell:Creating environment descriptor '/home/fortunato/ros2_ws/install/px4_msgs/share/px4_msgs/hook/cmake_prefix_path.dsv'
[2.149s] INFO:colcon.colcon_core.shell:Creating environment hook '/home/fortunato/ros2_ws/install/px4_msgs/share/px4_msgs/hook/cmake_prefix_path.sh'
[2.150s] Level 1:colcon.colcon_core.environment:checking '/home/fortunato/ros2_ws/install/px4_msgs/lib'
[2.150s] Level 1:colcon.colcon_core.shell:create_environment_hook('px4_msgs', 'ld_library_path_lib')
[2.150s] INFO:colcon.colcon_core.shell:Creating environment hook '/home/fortunato/ros2_ws/install/px4_msgs/share/px4_msgs/hook/ld_library_path_lib.ps1'
[2.151s] INFO:colcon.colcon_core.shell:Creating environment descriptor '/home/fortunato/ros2_ws/install/px4_msgs/share/px4_msgs/hook/ld_library_path_lib.dsv'
[2.151s] INFO:colcon.colcon_core.shell:Creating environment hook '/home/fortunato/ros2_ws/install/px4_msgs/share/px4_msgs/hook/ld_library_path_lib.sh'
[2.151s] Level 1:colcon.colcon_core.environment:checking '/home/fortunato/ros2_ws/install/px4_msgs/bin'
[2.151s] Level 1:colcon.colcon_core.environment:checking '/home/fortunato/ros2_ws/install/px4_msgs/lib/pkgconfig/px4_msgs.pc'
[2.152s] Level 1:colcon.colcon_core.environment:checking '/home/fortunato/ros2_ws/install/px4_msgs/lib/python3.10/site-packages'
[2.152s] Level 1:colcon.colcon_core.environment:checking '/home/fortunato/ros2_ws/install/px4_msgs/bin'
[2.153s] INFO:colcon.colcon_core.shell:Creating package script '/home/fortunato/ros2_ws/install/px4_msgs/share/px4_msgs/package.ps1'
[2.153s] INFO:colcon.colcon_core.shell:Creating package descriptor '/home/fortunato/ros2_ws/install/px4_msgs/share/px4_msgs/package.dsv'
[2.154s] INFO:colcon.colcon_core.shell:Creating package script '/home/fortunato/ros2_ws/install/px4_msgs/share/px4_msgs/package.sh'
[2.154s] INFO:colcon.colcon_core.shell:Creating package script '/home/fortunato/ros2_ws/install/px4_msgs/share/px4_msgs/package.bash'
[2.154s] INFO:colcon.colcon_core.shell:Creating package script '/home/fortunato/ros2_ws/install/px4_msgs/share/px4_msgs/package.zsh'
[2.155s] Level 1:colcon.colcon_core.environment:create_file_with_runtime_dependencies(/home/fortunato/ros2_ws/install/px4_msgs/share/colcon-core/packages/px4_msgs)
[2.155s] Level 1:colcon.colcon_core.environment:create_environment_scripts_only(px4_msgs)
[2.156s] Level 1:colcon.colcon_core.environment:checking '/home/fortunato/ros2_ws/install/px4_msgs' for CMake module files
[2.156s] Level 1:colcon.colcon_core.environment:checking '/home/fortunato/ros2_ws/install/px4_msgs' for CMake config files
[2.157s] Level 1:colcon.colcon_core.shell:create_environment_hook('px4_msgs', 'cmake_prefix_path')
[2.157s] INFO:colcon.colcon_core.shell:Creating environment hook '/home/fortunato/ros2_ws/install/px4_msgs/share/px4_msgs/hook/cmake_prefix_path.ps1'
[2.157s] INFO:colcon.colcon_core.shell:Creating environment descriptor '/home/fortunato/ros2_ws/install/px4_msgs/share/px4_msgs/hook/cmake_prefix_path.dsv'
[2.158s] INFO:colcon.colcon_core.shell:Creating environment hook '/home/fortunato/ros2_ws/install/px4_msgs/share/px4_msgs/hook/cmake_prefix_path.sh'
[2.158s] Level 1:colcon.colcon_core.environment:checking '/home/fortunato/ros2_ws/install/px4_msgs/lib'
[2.158s] Level 1:colcon.colcon_core.shell:create_environment_hook('px4_msgs', 'ld_library_path_lib')
[2.158s] INFO:colcon.colcon_core.shell:Creating environment hook '/home/fortunato/ros2_ws/install/px4_msgs/share/px4_msgs/hook/ld_library_path_lib.ps1'
[2.159s] INFO:colcon.colcon_core.shell:Creating environment descriptor '/home/fortunato/ros2_ws/install/px4_msgs/share/px4_msgs/hook/ld_library_path_lib.dsv'
[2.159s] INFO:colcon.colcon_core.shell:Creating environment hook '/home/fortunato/ros2_ws/install/px4_msgs/share/px4_msgs/hook/ld_library_path_lib.sh'
[2.159s] Level 1:colcon.colcon_core.environment:checking '/home/fortunato/ros2_ws/install/px4_msgs/bin'
[2.159s] Level 1:colcon.colcon_core.environment:checking '/home/fortunato/ros2_ws/install/px4_msgs/lib/pkgconfig/px4_msgs.pc'
[2.160s] Level 1:colcon.colcon_core.environment:checking '/home/fortunato/ros2_ws/install/px4_msgs/lib/python3.10/site-packages'
[2.160s] Level 1:colcon.colcon_core.environment:checking '/home/fortunato/ros2_ws/install/px4_msgs/bin'
[2.160s] INFO:colcon.colcon_core.shell:Creating package script '/home/fortunato/ros2_ws/install/px4_msgs/share/px4_msgs/package.ps1'
[2.160s] INFO:colcon.colcon_core.shell:Creating package descriptor '/home/fortunato/ros2_ws/install/px4_msgs/share/px4_msgs/package.dsv'
[2.161s] INFO:colcon.colcon_core.shell:Creating package script '/home/fortunato/ros2_ws/install/px4_msgs/share/px4_msgs/package.sh'
[2.161s] INFO:colcon.colcon_core.shell:Creating package script '/home/fortunato/ros2_ws/install/px4_msgs/share/px4_msgs/package.bash'
[2.162s] INFO:colcon.colcon_core.shell:Creating package script '/home/fortunato/ros2_ws/install/px4_msgs/share/px4_msgs/package.zsh'
[2.162s] Level 1:colcon.colcon_core.environment:create_file_with_runtime_dependencies(/home/fortunato/ros2_ws/install/px4_msgs/share/colcon-core/packages/px4_msgs)
[2.162s] INFO:colcon.colcon_ros.task.ament_cmake.build:Building ROS package in '/home/fortunato/ros2_ws/src/px4_ros_com' with build type 'ament_cmake'
[2.162s] INFO:colcon.colcon_cmake.task.cmake.build:Building CMake package in '/home/fortunato/ros2_ws/src/px4_ros_com'
[2.163s] INFO:colcon.colcon_core.shell:Skip shell extension 'powershell' for command environment: Not usable outside of PowerShell
[2.163s] DEBUG:colcon.colcon_core.shell:Skip shell extension 'dsv' for command environment
[2.173s] DEBUG:colcon.colcon_core.event_handler.log_command:Invoking command in '/home/fortunato/ros2_ws/build/px4_ros_com': AMENT_PREFIX_PATH=/home/fortunato/ros2_ws/install/px4_msgs:${AMENT_PREFIX_PATH} CMAKE_PREFIX_PATH=/home/fortunato/ros2_ws/install/px4_msgs:/opt/ros/humble:/home/fortunato/ros2_ws/install/cameras LD_LIBRARY_PATH=/home/fortunato/ros2_ws/install/px4_msgs/lib:${LD_LIBRARY_PATH} PYTHONPATH=/home/fortunato/ros2_ws/install/px4_msgs/local/lib/python3.10/dist-packages:${PYTHONPATH} /usr/bin/cmake --build /home/fortunato/ros2_ws/build/px4_ros_com -- -j8 -l8
[2.531s] DEBUG:colcon.colcon_core.event_handler.log_command:Invoked command in '/home/fortunato/ros2_ws/build/px4_ros_com' returned '0': AMENT_PREFIX_PATH=/home/fortunato/ros2_ws/install/px4_msgs:${AMENT_PREFIX_PATH} CMAKE_PREFIX_PATH=/home/fortunato/ros2_ws/install/px4_msgs:/opt/ros/humble:/home/fortunato/ros2_ws/install/cameras LD_LIBRARY_PATH=/home/fortunato/ros2_ws/install/px4_msgs/lib:${LD_LIBRARY_PATH} PYTHONPATH=/home/fortunato/ros2_ws/install/px4_msgs/local/lib/python3.10/dist-packages:${PYTHONPATH} /usr/bin/cmake --build /home/fortunato/ros2_ws/build/px4_ros_com -- -j8 -l8
[2.532s] DEBUG:colcon.colcon_core.event_handler.log_command:Invoking command in '/home/fortunato/ros2_ws/build/px4_ros_com': AMENT_PREFIX_PATH=/home/fortunato/ros2_ws/install/px4_msgs:${AMENT_PREFIX_PATH} CMAKE_PREFIX_PATH=/home/fortunato/ros2_ws/install/px4_msgs:/opt/ros/humble:/home/fortunato/ros2_ws/install/cameras LD_LIBRARY_PATH=/home/fortunato/ros2_ws/install/px4_msgs/lib:${LD_LIBRARY_PATH} PYTHONPATH=/home/fortunato/ros2_ws/install/px4_msgs/local/lib/python3.10/dist-packages:${PYTHONPATH} /usr/bin/cmake --install /home/fortunato/ros2_ws/build/px4_ros_com
[2.581s] Level 1:colcon.colcon_core.environment:create_environment_scripts_only(px4_ros_com)
[2.581s] Level 1:colcon.colcon_core.environment:checking '/home/fortunato/ros2_ws/install/px4_ros_com' for CMake module files
[2.582s] DEBUG:colcon.colcon_core.event_handler.log_command:Invoked command in '/home/fortunato/ros2_ws/build/px4_ros_com' returned '0': AMENT_PREFIX_PATH=/home/fortunato/ros2_ws/install/px4_msgs:${AMENT_PREFIX_PATH} CMAKE_PREFIX_PATH=/home/fortunato/ros2_ws/install/px4_msgs:/opt/ros/humble:/home/fortunato/ros2_ws/install/cameras LD_LIBRARY_PATH=/home/fortunato/ros2_ws/install/px4_msgs/lib:${LD_LIBRARY_PATH} PYTHONPATH=/home/fortunato/ros2_ws/install/px4_msgs/local/lib/python3.10/dist-packages:${PYTHONPATH} /usr/bin/cmake --install /home/fortunato/ros2_ws/build/px4_ros_com
[2.582s] Level 1:colcon.colcon_core.environment:checking '/home/fortunato/ros2_ws/install/px4_ros_com' for CMake config files
[2.582s] Level 1:colcon.colcon_core.shell:create_environment_hook('px4_ros_com', 'cmake_prefix_path')
[2.583s] INFO:colcon.colcon_core.shell:Creating environment hook '/home/fortunato/ros2_ws/install/px4_ros_com/share/px4_ros_com/hook/cmake_prefix_path.ps1'
[2.583s] INFO:colcon.colcon_core.shell:Creating environment descriptor '/home/fortunato/ros2_ws/install/px4_ros_com/share/px4_ros_com/hook/cmake_prefix_path.dsv'
[2.584s] INFO:colcon.colcon_core.shell:Creating environment hook '/home/fortunato/ros2_ws/install/px4_ros_com/share/px4_ros_com/hook/cmake_prefix_path.sh'
[2.584s] Level 1:colcon.colcon_core.environment:checking '/home/fortunato/ros2_ws/install/px4_ros_com/lib'
[2.584s] Level 1:colcon.colcon_core.shell:create_environment_hook('px4_ros_com', 'ld_library_path_lib')
[2.585s] INFO:colcon.colcon_core.shell:Creating environment hook '/home/fortunato/ros2_ws/install/px4_ros_com/share/px4_ros_com/hook/ld_library_path_lib.ps1'
[2.585s] INFO:colcon.colcon_core.shell:Creating environment descriptor '/home/fortunato/ros2_ws/install/px4_ros_com/share/px4_ros_com/hook/ld_library_path_lib.dsv'
[2.586s] INFO:colcon.colcon_core.shell:Creating environment hook '/home/fortunato/ros2_ws/install/px4_ros_com/share/px4_ros_com/hook/ld_library_path_lib.sh'
[2.586s] Level 1:colcon.colcon_core.environment:checking '/home/fortunato/ros2_ws/install/px4_ros_com/bin'
[2.586s] Level 1:colcon.colcon_core.environment:checking '/home/fortunato/ros2_ws/install/px4_ros_com/lib/pkgconfig/px4_ros_com.pc'
[2.586s] Level 1:colcon.colcon_core.environment:checking '/home/fortunato/ros2_ws/install/px4_ros_com/lib/python3.10/site-packages'
[2.587s] Level 1:colcon.colcon_core.environment:checking '/home/fortunato/ros2_ws/install/px4_ros_com/bin'
[2.587s] INFO:colcon.colcon_core.shell:Creating package script '/home/fortunato/ros2_ws/install/px4_ros_com/share/px4_ros_com/package.ps1'
[2.588s] INFO:colcon.colcon_core.shell:Creating package descriptor '/home/fortunato/ros2_ws/install/px4_ros_com/share/px4_ros_com/package.dsv'
[2.588s] INFO:colcon.colcon_core.shell:Creating package script '/home/fortunato/ros2_ws/install/px4_ros_com/share/px4_ros_com/package.sh'
[2.589s] INFO:colcon.colcon_core.shell:Creating package script '/home/fortunato/ros2_ws/install/px4_ros_com/share/px4_ros_com/package.bash'
[2.589s] INFO:colcon.colcon_core.shell:Creating package script '/home/fortunato/ros2_ws/install/px4_ros_com/share/px4_ros_com/package.zsh'
[2.590s] Level 1:colcon.colcon_core.environment:create_file_with_runtime_dependencies(/home/fortunato/ros2_ws/install/px4_ros_com/share/colcon-core/packages/px4_ros_com)
[2.591s] Level 1:colcon.colcon_core.environment:create_environment_scripts_only(px4_ros_com)
[2.591s] Level 1:colcon.colcon_core.environment:checking '/home/fortunato/ros2_ws/install/px4_ros_com' for CMake module files
[2.591s] Level 1:colcon.colcon_core.environment:checking '/home/fortunato/ros2_ws/install/px4_ros_com' for CMake config files
[2.591s] Level 1:colcon.colcon_core.shell:create_environment_hook('px4_ros_com', 'cmake_prefix_path')
[2.592s] INFO:colcon.colcon_core.shell:Creating environment hook '/home/fortunato/ros2_ws/install/px4_ros_com/share/px4_ros_com/hook/cmake_prefix_path.ps1'
[2.592s] INFO:colcon.colcon_core.shell:Creating environment descriptor '/home/fortunato/ros2_ws/install/px4_ros_com/share/px4_ros_com/hook/cmake_prefix_path.dsv'
[2.592s] INFO:colcon.colcon_core.shell:Creating environment hook '/home/fortunato/ros2_ws/install/px4_ros_com/share/px4_ros_com/hook/cmake_prefix_path.sh'
[2.593s] Level 1:colcon.colcon_core.environment:checking '/home/fortunato/ros2_ws/install/px4_ros_com/lib'
[2.593s] Level 1:colcon.colcon_core.shell:create_environment_hook('px4_ros_com', 'ld_library_path_lib')
[2.593s] INFO:colcon.colcon_core.shell:Creating environment hook '/home/fortunato/ros2_ws/install/px4_ros_com/share/px4_ros_com/hook/ld_library_path_lib.ps1'
[2.593s] INFO:colcon.colcon_core.shell:Creating environment descriptor '/home/fortunato/ros2_ws/install/px4_ros_com/share/px4_ros_com/hook/ld_library_path_lib.dsv'
[2.594s] INFO:colcon.colcon_core.shell:Creating environment hook '/home/fortunato/ros2_ws/install/px4_ros_com/share/px4_ros_com/hook/ld_library_path_lib.sh'
[2.594s] Level 1:colcon.colcon_core.environment:checking '/home/fortunato/ros2_ws/install/px4_ros_com/bin'
[2.594s] Level 1:colcon.colcon_core.environment:checking '/home/fortunato/ros2_ws/install/px4_ros_com/lib/pkgconfig/px4_ros_com.pc'
[2.594s] Level 1:colcon.colcon_core.environment:checking '/home/fortunato/ros2_ws/install/px4_ros_com/lib/python3.10/site-packages'
[2.594s] Level 1:colcon.colcon_core.environment:checking '/home/fortunato/ros2_ws/install/px4_ros_com/bin'
[2.595s] INFO:colcon.colcon_core.shell:Creating package script '/home/fortunato/ros2_ws/install/px4_ros_com/share/px4_ros_com/package.ps1'
[2.595s] INFO:colcon.colcon_core.shell:Creating package descriptor '/home/fortunato/ros2_ws/install/px4_ros_com/share/px4_ros_com/package.dsv'
[2.596s] INFO:colcon.colcon_core.shell:Creating package script '/home/fortunato/ros2_ws/install/px4_ros_com/share/px4_ros_com/package.sh'
[2.596s] INFO:colcon.colcon_core.shell:Creating package script '/home/fortunato/ros2_ws/install/px4_ros_com/share/px4_ros_com/package.bash'
[2.597s] INFO:colcon.colcon_core.shell:Creating package script '/home/fortunato/ros2_ws/install/px4_ros_com/share/px4_ros_com/package.zsh'
[2.597s] Level 1:colcon.colcon_core.environment:create_file_with_runtime_dependencies(/home/fortunato/ros2_ws/install/px4_ros_com/share/colcon-core/packages/px4_ros_com)
[2.597s] DEBUG:colcon.colcon_parallel_executor.executor.parallel:closing loop
[2.598s] DEBUG:colcon.colcon_parallel_executor.executor.parallel:loop closed
[2.598s] DEBUG:colcon.colcon_parallel_executor.executor.parallel:run_until_complete finished with '0'
[2.598s] DEBUG:colcon.colcon_core.event_reactor:joining thread
[2.604s] INFO:colcon.colcon_core.plugin_system:Skipping extension 'colcon_notification.desktop_notification.terminal_notifier': Not used on non-Darwin systems
[2.604s] INFO:colcon.colcon_core.plugin_system:Skipping extension 'colcon_notification.desktop_notification.win32': Not used on non-Windows systems
[2.604s] INFO:colcon.colcon_notification.desktop_notification:Sending desktop notification using 'notify2'
[2.614s] DEBUG:colcon.colcon_core.event_reactor:joined thread
[2.615s] INFO:colcon.colcon_core.shell:Creating prefix script '/home/fortunato/ros2_ws/install/local_setup.ps1'
[2.616s] INFO:colcon.colcon_core.shell:Creating prefix util module '/home/fortunato/ros2_ws/install/_local_setup_util_ps1.py'
[2.617s] INFO:colcon.colcon_core.shell:Creating prefix chain script '/home/fortunato/ros2_ws/install/setup.ps1'
[2.618s] INFO:colcon.colcon_core.shell:Creating prefix script '/home/fortunato/ros2_ws/install/local_setup.sh'
[2.618s] INFO:colcon.colcon_core.shell:Creating prefix util module '/home/fortunato/ros2_ws/install/_local_setup_util_sh.py'
[2.619s] INFO:colcon.colcon_core.shell:Creating prefix chain script '/home/fortunato/ros2_ws/install/setup.sh'
[2.620s] INFO:colcon.colcon_core.shell:Creating prefix script '/home/fortunato/ros2_ws/install/local_setup.bash'
[2.620s] INFO:colcon.colcon_core.shell:Creating prefix chain script '/home/fortunato/ros2_ws/install/setup.bash'
[2.621s] INFO:colcon.colcon_core.shell:Creating prefix script '/home/fortunato/ros2_ws/install/local_setup.zsh'
[2.622s] INFO:colcon.colcon_core.shell:Creating prefix chain script '/home/fortunato/ros2_ws/install/setup.zsh'
