[0.023s] Invoking command in '/home/fortunato/ros2_ws/build/px4_msgs': CMAKE_PREFIX_PATH=/opt/ros/humble:/home/fortunato/ros2_ws/install/cameras /usr/bin/cmake --build /home/fortunato/ros2_ws/build/px4_msgs -- -j8 -l8
[0.991s] [  0%] Built target px4_msgs__cpp
[1.030s] [ 12%] Built target px4_msgs__rosidl_generator_c
[1.142s] [ 25%] Built target px4_msgs__rosidl_typesupport_c
[1.184s] [ 38%] Built target px4_msgs__rosidl_typesupport_introspection_c
[1.192s] [ 50%] Built target px4_msgs__rosidl_typesupport_cpp
[1.208s] [ 62%] Built target px4_msgs__rosidl_typesupport_fastrtps_cpp
[1.214s] [ 75%] Built target px4_msgs__rosidl_typesupport_introspection_cpp
[1.215s] [ 75%] Built target ament_cmake_python_copy_px4_msgs
[1.236s] [ 88%] Built target px4_msgs__rosidl_typesupport_fastrtps_c
[1.260s] [ 88%] Built target px4_msgs
[1.293s] [ 88%] Built target px4_msgs__py
[1.413s] [100%] Built target px4_msgs__rosidl_generator_py
[1.449s] [100%] Built target px4_msgs__rosidl_typesupport_c__pyext
[1.452s] [100%] Built target px4_msgs__rosidl_typesupport_introspection_c__pyext
[1.452s] [100%] Built target px4_msgs__rosidl_typesupport_fastrtps_c__pyext
[1.453s] running egg_info
[1.473s] writing px4_msgs.egg-info/PKG-INFO
[1.473s] writing dependency_links to px4_msgs.egg-info/dependency_links.txt
[1.474s] writing top-level names to px4_msgs.egg-info/top_level.txt
[1.530s] reading manifest file 'px4_msgs.egg-info/SOURCES.txt'
[1.536s] writing manifest file 'px4_msgs.egg-info/SOURCES.txt'
[1.563s] [100%] Built target ament_cmake_python_build_px4_msgs_egg
