-- Install configuration: ""
-- Installing: /home/fortunato/ros2_ws/install/cameras/share/cameras/models
-- Installing: /home/fortunato/ros2_ws/install/cameras/share/cameras/models/my_camera_2
-- Installing: /home/fortunato/ros2_ws/install/cameras/share/cameras/models/my_camera_2/meshes
-- Installing: /home/fortunato/ros2_ws/install/cameras/share/cameras/models/my_camera_2/meshes/3dCamera.DAE
-- Installing: /home/fortunato/ros2_ws/install/cameras/share/cameras/models/my_camera_2/thumbnails
-- Installing: /home/fortunato/ros2_ws/install/cameras/share/cameras/models/my_camera_2/thumbnails/2.jpg
-- Installing: /home/fortunato/ros2_ws/install/cameras/share/cameras/models/my_camera_2/thumbnails/4.jpg
-- Installing: /home/fortunato/ros2_ws/install/cameras/share/cameras/models/my_camera_2/thumbnails/3.jpg
-- Installing: /home/fortunato/ros2_ws/install/cameras/share/cameras/models/my_camera_2/thumbnails/5.jpg
-- Installing: /home/fortunato/ros2_ws/install/cameras/share/cameras/models/my_camera_2/thumbnails/1.jpg
-- Installing: /home/fortunato/ros2_ws/install/cameras/share/cameras/models/my_camera_2/model.sdf
-- Installing: /home/fortunato/ros2_ws/install/cameras/share/cameras/models/my_camera_2/model.config
-- Installing: /home/fortunato/ros2_ws/install/cameras/share/cameras/models/my_camera_2/materials
-- Installing: /home/fortunato/ros2_ws/install/cameras/share/cameras/models/my_camera_2/materials/textures
-- Installing: /home/fortunato/ros2_ws/install/cameras/share/cameras/models/my_camera_2/materials/textures/3dCamera.jpg
-- Installing: /home/fortunato/ros2_ws/install/cameras/share/cameras/models/iris_opt_flow_mockup
-- Installing: /home/fortunato/ros2_ws/install/cameras/share/cameras/models/iris_opt_flow_mockup/iris_opt_flow_mockup.sdf
-- Installing: /home/fortunato/ros2_ws/install/cameras/share/cameras/models/iris_opt_flow_mockup/model.config
-- Installing: /home/fortunato/ros2_ws/install/cameras/share/cameras/models/iris_hitl
-- Installing: /home/fortunato/ros2_ws/install/cameras/share/cameras/models/iris_hitl/iris_hitl.sdf
-- Installing: /home/fortunato/ros2_ws/install/cameras/share/cameras/models/iris_hitl/model.config
-- Installing: /home/fortunato/ros2_ws/install/cameras/share/cameras/models/my_camera_3
-- Installing: /home/fortunato/ros2_ws/install/cameras/share/cameras/models/my_camera_3/meshes
-- Installing: /home/fortunato/ros2_ws/install/cameras/share/cameras/models/my_camera_3/meshes/3dCamera.DAE
-- Installing: /home/fortunato/ros2_ws/install/cameras/share/cameras/models/my_camera_3/thumbnails
-- Installing: /home/fortunato/ros2_ws/install/cameras/share/cameras/models/my_camera_3/thumbnails/2.jpg
-- Installing: /home/fortunato/ros2_ws/install/cameras/share/cameras/models/my_camera_3/thumbnails/4.jpg
-- Installing: /home/fortunato/ros2_ws/install/cameras/share/cameras/models/my_camera_3/thumbnails/3.jpg
-- Installing: /home/fortunato/ros2_ws/install/cameras/share/cameras/models/my_camera_3/thumbnails/5.jpg
-- Installing: /home/fortunato/ros2_ws/install/cameras/share/cameras/models/my_camera_3/thumbnails/1.jpg
-- Installing: /home/fortunato/ros2_ws/install/cameras/share/cameras/models/my_camera_3/model.sdf
-- Installing: /home/fortunato/ros2_ws/install/cameras/share/cameras/models/my_camera_3/model.config
-- Installing: /home/fortunato/ros2_ws/install/cameras/share/cameras/models/my_camera_3/materials
-- Installing: /home/fortunato/ros2_ws/install/cameras/share/cameras/models/my_camera_3/materials/textures
-- Installing: /home/fortunato/ros2_ws/install/cameras/share/cameras/models/my_camera_3/materials/textures/3dCamera.jpg
-- Installing: /home/fortunato/ros2_ws/install/cameras/share/cameras/models/iris_irlock
-- Installing: /home/fortunato/ros2_ws/install/cameras/share/cameras/models/iris_irlock/iris_irlock.sdf
-- Installing: /home/fortunato/ros2_ws/install/cameras/share/cameras/models/iris_irlock/model.config
-- Installing: /home/fortunato/ros2_ws/install/cameras/share/cameras/models/my_camera_5
-- Installing: /home/fortunato/ros2_ws/install/cameras/share/cameras/models/my_camera_5/meshes
-- Installing: /home/fortunato/ros2_ws/install/cameras/share/cameras/models/my_camera_5/meshes/3dCamera.DAE
-- Installing: /home/fortunato/ros2_ws/install/cameras/share/cameras/models/my_camera_5/thumbnails
-- Installing: /home/fortunato/ros2_ws/install/cameras/share/cameras/models/my_camera_5/thumbnails/2.jpg
-- Installing: /home/fortunato/ros2_ws/install/cameras/share/cameras/models/my_camera_5/thumbnails/4.jpg
-- Installing: /home/fortunato/ros2_ws/install/cameras/share/cameras/models/my_camera_5/thumbnails/3.jpg
-- Installing: /home/fortunato/ros2_ws/install/cameras/share/cameras/models/my_camera_5/thumbnails/5.jpg
-- Installing: /home/fortunato/ros2_ws/install/cameras/share/cameras/models/my_camera_5/thumbnails/1.jpg
-- Installing: /home/fortunato/ros2_ws/install/cameras/share/cameras/models/my_camera_5/model.sdf
-- Installing: /home/fortunato/ros2_ws/install/cameras/share/cameras/models/my_camera_5/model.config
-- Installing: /home/fortunato/ros2_ws/install/cameras/share/cameras/models/my_camera_5/materials
-- Installing: /home/fortunato/ros2_ws/install/cameras/share/cameras/models/my_camera_5/materials/textures
-- Installing: /home/fortunato/ros2_ws/install/cameras/share/cameras/models/my_camera_5/materials/textures/3dCamera.jpg
-- Installing: /home/fortunato/ros2_ws/install/cameras/share/cameras/models/my_camera_1
-- Installing: /home/fortunato/ros2_ws/install/cameras/share/cameras/models/my_camera_1/meshes
-- Installing: /home/fortunato/ros2_ws/install/cameras/share/cameras/models/my_camera_1/meshes/3dCamera.DAE
-- Installing: /home/fortunato/ros2_ws/install/cameras/share/cameras/models/my_camera_1/thumbnails
-- Installing: /home/fortunato/ros2_ws/install/cameras/share/cameras/models/my_camera_1/thumbnails/2.jpg
-- Installing: /home/fortunato/ros2_ws/install/cameras/share/cameras/models/my_camera_1/thumbnails/4.jpg
-- Installing: /home/fortunato/ros2_ws/install/cameras/share/cameras/models/my_camera_1/thumbnails/3.jpg
-- Installing: /home/fortunato/ros2_ws/install/cameras/share/cameras/models/my_camera_1/thumbnails/5.jpg
-- Installing: /home/fortunato/ros2_ws/install/cameras/share/cameras/models/my_camera_1/thumbnails/1.jpg
-- Installing: /home/fortunato/ros2_ws/install/cameras/share/cameras/models/my_camera_1/model.sdf
-- Installing: /home/fortunato/ros2_ws/install/cameras/share/cameras/models/my_camera_1/model.config
-- Installing: /home/fortunato/ros2_ws/install/cameras/share/cameras/models/my_camera_1/materials
-- Installing: /home/fortunato/ros2_ws/install/cameras/share/cameras/models/my_camera_1/materials/textures
-- Installing: /home/fortunato/ros2_ws/install/cameras/share/cameras/models/my_camera_1/materials/textures/3dCamera.jpg
-- Installing: /home/fortunato/ros2_ws/install/cameras/share/cameras/models/iris_vision
-- Installing: /home/fortunato/ros2_ws/install/cameras/share/cameras/models/iris_vision/iris_vision.sdf
-- Installing: /home/fortunato/ros2_ws/install/cameras/share/cameras/models/iris_vision/model.config
-- Installing: /home/fortunato/ros2_ws/install/cameras/share/cameras/models/iris_downward_depth_camera
-- Installing: /home/fortunato/ros2_ws/install/cameras/share/cameras/models/iris_downward_depth_camera/model.config
-- Installing: /home/fortunato/ros2_ws/install/cameras/share/cameras/models/iris_downward_depth_camera/iris_downward_depth_camera.sdf
-- Installing: /home/fortunato/ros2_ws/install/cameras/share/cameras/models/iris_foggy_lidar
-- Installing: /home/fortunato/ros2_ws/install/cameras/share/cameras/models/iris_foggy_lidar/model.config
-- Installing: /home/fortunato/ros2_ws/install/cameras/share/cameras/models/iris_foggy_lidar/iris_foggy_lidar.sdf
-- Installing: /home/fortunato/ros2_ws/install/cameras/share/cameras/models/my_camera_7
-- Installing: /home/fortunato/ros2_ws/install/cameras/share/cameras/models/my_camera_7/meshes
-- Installing: /home/fortunato/ros2_ws/install/cameras/share/cameras/models/my_camera_7/meshes/3dCamera.DAE
-- Installing: /home/fortunato/ros2_ws/install/cameras/share/cameras/models/my_camera_7/thumbnails
-- Installing: /home/fortunato/ros2_ws/install/cameras/share/cameras/models/my_camera_7/thumbnails/2.jpg
-- Installing: /home/fortunato/ros2_ws/install/cameras/share/cameras/models/my_camera_7/thumbnails/4.jpg
-- Installing: /home/fortunato/ros2_ws/install/cameras/share/cameras/models/my_camera_7/thumbnails/3.jpg
-- Installing: /home/fortunato/ros2_ws/install/cameras/share/cameras/models/my_camera_7/thumbnails/5.jpg
-- Installing: /home/fortunato/ros2_ws/install/cameras/share/cameras/models/my_camera_7/thumbnails/1.jpg
-- Installing: /home/fortunato/ros2_ws/install/cameras/share/cameras/models/my_camera_7/model.sdf
-- Installing: /home/fortunato/ros2_ws/install/cameras/share/cameras/models/my_camera_7/model.config
-- Installing: /home/fortunato/ros2_ws/install/cameras/share/cameras/models/my_camera_7/materials
-- Installing: /home/fortunato/ros2_ws/install/cameras/share/cameras/models/my_camera_7/materials/textures
-- Installing: /home/fortunato/ros2_ws/install/cameras/share/cameras/models/my_camera_7/materials/textures/3dCamera.jpg
-- Installing: /home/fortunato/ros2_ws/install/cameras/share/cameras/models/iris_obs_avoid
-- Installing: /home/fortunato/ros2_ws/install/cameras/share/cameras/models/iris_obs_avoid/model.config
-- Installing: /home/fortunato/ros2_ws/install/cameras/share/cameras/models/iris_obs_avoid/iris_obs_avoid.sdf
-- Installing: /home/fortunato/ros2_ws/install/cameras/share/cameras/models/iris_triple_depth_camera
-- Installing: /home/fortunato/ros2_ws/install/cameras/share/cameras/models/iris_triple_depth_camera/model.config
-- Installing: /home/fortunato/ros2_ws/install/cameras/share/cameras/models/iris_triple_depth_camera/iris_triple_depth_camera.sdf
-- Installing: /home/fortunato/ros2_ws/install/cameras/share/cameras/models/iris_fpv_cam
-- Installing: /home/fortunato/ros2_ws/install/cameras/share/cameras/models/iris_fpv_cam/iris_fpv_cam.sdf
-- Installing: /home/fortunato/ros2_ws/install/cameras/share/cameras/models/iris_fpv_cam/model.config
-- Installing: /home/fortunato/ros2_ws/install/cameras/share/cameras/models/iris
-- Installing: /home/fortunato/ros2_ws/install/cameras/share/cameras/models/iris/iris.sdf.jinja
-- Installing: /home/fortunato/ros2_ws/install/cameras/share/cameras/models/iris/iris.sdf
-- Installing: /home/fortunato/ros2_ws/install/cameras/share/cameras/models/iris/meshes
-- Installing: /home/fortunato/ros2_ws/install/cameras/share/cameras/models/iris/meshes/iris.stl
-- Installing: /home/fortunato/ros2_ws/install/cameras/share/cameras/models/iris/meshes/iris_prop_cw.dae
-- Installing: /home/fortunato/ros2_ws/install/cameras/share/cameras/models/iris/meshes/iris_prop_ccw.dae
-- Installing: /home/fortunato/ros2_ws/install/cameras/share/cameras/models/iris/iris.sdf.last_generated
-- Installing: /home/fortunato/ros2_ws/install/cameras/share/cameras/models/iris/model.config
-- Installing: /home/fortunato/ros2_ws/install/cameras/share/cameras/models/iris_rplidar
-- Installing: /home/fortunato/ros2_ws/install/cameras/share/cameras/models/iris_rplidar/model.config
-- Installing: /home/fortunato/ros2_ws/install/cameras/share/cameras/models/iris_rplidar/iris_rplidar.sdf
-- Installing: /home/fortunato/ros2_ws/install/cameras/share/cameras/models/my_camera_6
-- Installing: /home/fortunato/ros2_ws/install/cameras/share/cameras/models/my_camera_6/meshes
-- Installing: /home/fortunato/ros2_ws/install/cameras/share/cameras/models/my_camera_6/meshes/3dCamera.DAE
-- Installing: /home/fortunato/ros2_ws/install/cameras/share/cameras/models/my_camera_6/thumbnails
-- Installing: /home/fortunato/ros2_ws/install/cameras/share/cameras/models/my_camera_6/thumbnails/2.jpg
-- Installing: /home/fortunato/ros2_ws/install/cameras/share/cameras/models/my_camera_6/thumbnails/4.jpg
-- Installing: /home/fortunato/ros2_ws/install/cameras/share/cameras/models/my_camera_6/thumbnails/3.jpg
-- Installing: /home/fortunato/ros2_ws/install/cameras/share/cameras/models/my_camera_6/thumbnails/5.jpg
-- Installing: /home/fortunato/ros2_ws/install/cameras/share/cameras/models/my_camera_6/thumbnails/1.jpg
-- Installing: /home/fortunato/ros2_ws/install/cameras/share/cameras/models/my_camera_6/model.sdf
-- Installing: /home/fortunato/ros2_ws/install/cameras/share/cameras/models/my_camera_6/model.config
-- Installing: /home/fortunato/ros2_ws/install/cameras/share/cameras/models/my_camera_6/materials
-- Installing: /home/fortunato/ros2_ws/install/cameras/share/cameras/models/my_camera_6/materials/textures
-- Installing: /home/fortunato/ros2_ws/install/cameras/share/cameras/models/my_camera_6/materials/textures/3dCamera.jpg
-- Installing: /home/fortunato/ros2_ws/install/cameras/share/cameras/models/iris_opt_flow
-- Installing: /home/fortunato/ros2_ws/install/cameras/share/cameras/models/iris_opt_flow/iris_opt_flow.sdf
-- Installing: /home/fortunato/ros2_ws/install/cameras/share/cameras/models/iris_opt_flow/model.config
-- Installing: /home/fortunato/ros2_ws/install/cameras/share/cameras/models/iris_stereo_camera
-- Installing: /home/fortunato/ros2_ws/install/cameras/share/cameras/models/iris_stereo_camera/model.config
-- Installing: /home/fortunato/ros2_ws/install/cameras/share/cameras/models/iris_stereo_camera/iris_stereo_camera.sdf
-- Installing: /home/fortunato/ros2_ws/install/cameras/share/cameras/models/iris_rtps
-- Installing: /home/fortunato/ros2_ws/install/cameras/share/cameras/models/iris_rtps/iris_rtps.sdf
-- Installing: /home/fortunato/ros2_ws/install/cameras/share/cameras/models/iris_rtps/model.config
-- Installing: /home/fortunato/ros2_ws/install/cameras/share/cameras/models/iris_depth_camera
-- Installing: /home/fortunato/ros2_ws/install/cameras/share/cameras/models/iris_depth_camera/model.config
-- Installing: /home/fortunato/ros2_ws/install/cameras/share/cameras/models/iris_depth_camera/iris_depth_camera.sdf
-- Installing: /home/fortunato/ros2_ws/install/cameras/share/cameras/models/my_camera_4
-- Installing: /home/fortunato/ros2_ws/install/cameras/share/cameras/models/my_camera_4/meshes
-- Installing: /home/fortunato/ros2_ws/install/cameras/share/cameras/models/my_camera_4/meshes/3dCamera.DAE
-- Installing: /home/fortunato/ros2_ws/install/cameras/share/cameras/models/my_camera_4/thumbnails
-- Installing: /home/fortunato/ros2_ws/install/cameras/share/cameras/models/my_camera_4/thumbnails/2.jpg
-- Installing: /home/fortunato/ros2_ws/install/cameras/share/cameras/models/my_camera_4/thumbnails/4.jpg
-- Installing: /home/fortunato/ros2_ws/install/cameras/share/cameras/models/my_camera_4/thumbnails/3.jpg
-- Installing: /home/fortunato/ros2_ws/install/cameras/share/cameras/models/my_camera_4/thumbnails/5.jpg
-- Installing: /home/fortunato/ros2_ws/install/cameras/share/cameras/models/my_camera_4/thumbnails/1.jpg
-- Installing: /home/fortunato/ros2_ws/install/cameras/share/cameras/models/my_camera_4/model.sdf
-- Installing: /home/fortunato/ros2_ws/install/cameras/share/cameras/models/my_camera_4/model.config
-- Installing: /home/fortunato/ros2_ws/install/cameras/share/cameras/models/my_camera_4/materials
-- Installing: /home/fortunato/ros2_ws/install/cameras/share/cameras/models/my_camera_4/materials/textures
-- Installing: /home/fortunato/ros2_ws/install/cameras/share/cameras/models/my_camera_4/materials/textures/3dCamera.jpg
-- Installing: /home/fortunato/ros2_ws/install/cameras/share/cameras/models/iris_dual_gps
-- Installing: /home/fortunato/ros2_ws/install/cameras/share/cameras/models/iris_dual_gps/model.config
-- Installing: /home/fortunato/ros2_ws/install/cameras/share/cameras/models/iris_dual_gps/iris_dual_gps.sdf
-- Installing: /home/fortunato/ros2_ws/install/cameras/share/cameras/models/my_camera_8
-- Installing: /home/fortunato/ros2_ws/install/cameras/share/cameras/models/my_camera_8/meshes
-- Installing: /home/fortunato/ros2_ws/install/cameras/share/cameras/models/my_camera_8/meshes/3dCamera.DAE
-- Installing: /home/fortunato/ros2_ws/install/cameras/share/cameras/models/my_camera_8/thumbnails
-- Installing: /home/fortunato/ros2_ws/install/cameras/share/cameras/models/my_camera_8/thumbnails/2.jpg
-- Installing: /home/fortunato/ros2_ws/install/cameras/share/cameras/models/my_camera_8/thumbnails/4.jpg
-- Installing: /home/fortunato/ros2_ws/install/cameras/share/cameras/models/my_camera_8/thumbnails/3.jpg
-- Installing: /home/fortunato/ros2_ws/install/cameras/share/cameras/models/my_camera_8/thumbnails/5.jpg
-- Installing: /home/fortunato/ros2_ws/install/cameras/share/cameras/models/my_camera_8/thumbnails/1.jpg
-- Installing: /home/fortunato/ros2_ws/install/cameras/share/cameras/models/my_camera_8/model.sdf
-- Installing: /home/fortunato/ros2_ws/install/cameras/share/cameras/models/my_camera_8/model.config
-- Installing: /home/fortunato/ros2_ws/install/cameras/share/cameras/models/my_camera_8/materials
-- Installing: /home/fortunato/ros2_ws/install/cameras/share/cameras/models/my_camera_8/materials/textures
-- Installing: /home/fortunato/ros2_ws/install/cameras/share/cameras/models/my_camera_8/materials/textures/3dCamera.jpg
-- Installing: /home/fortunato/ros2_ws/install/cameras/share/cameras/launch
-- Installing: /home/fortunato/ros2_ws/install/cameras/share/cameras/launch/spawn_cameras.launch.py
-- Installing: /home/fortunato/ros2_ws/install/cameras/share/cameras/launch/my_launch_file.launch.py
-- Installing: /home/fortunato/ros2_ws/install/cameras/share/ament_index/resource_index/package_run_dependencies/cameras
-- Installing: /home/fortunato/ros2_ws/install/cameras/share/ament_index/resource_index/parent_prefix_path/cameras
-- Installing: /home/fortunato/ros2_ws/install/cameras/share/cameras/environment/ament_prefix_path.sh
-- Installing: /home/fortunato/ros2_ws/install/cameras/share/cameras/environment/ament_prefix_path.dsv
-- Installing: /home/fortunato/ros2_ws/install/cameras/share/cameras/environment/path.sh
-- Installing: /home/fortunato/ros2_ws/install/cameras/share/cameras/environment/path.dsv
-- Installing: /home/fortunato/ros2_ws/install/cameras/share/cameras/local_setup.bash
-- Installing: /home/fortunato/ros2_ws/install/cameras/share/cameras/local_setup.sh
-- Installing: /home/fortunato/ros2_ws/install/cameras/share/cameras/local_setup.zsh
-- Installing: /home/fortunato/ros2_ws/install/cameras/share/cameras/local_setup.dsv
-- Installing: /home/fortunato/ros2_ws/install/cameras/share/cameras/package.dsv
-- Installing: /home/fortunato/ros2_ws/install/cameras/share/ament_index/resource_index/packages/cameras
-- Installing: /home/fortunato/ros2_ws/install/cameras/share/cameras/cmake/camerasConfig.cmake
-- Installing: /home/fortunato/ros2_ws/install/cameras/share/cameras/cmake/camerasConfig-version.cmake
-- Installing: /home/fortunato/ros2_ws/install/cameras/share/cameras/package.xml
