[0.016s] Invoking command in '/home/fortunato/ros2_ws/build/cameras': /usr/bin/cmake --build /home/fortunato/ros2_ws/build/cameras -- -j8 -l8
[0.067s] Invoked command in '/home/fortunato/ros2_ws/build/cameras' returned '0': /usr/bin/cmake --build /home/fortunato/ros2_ws/build/cameras -- -j8 -l8
[0.079s] Invoking command in '/home/fortunato/ros2_ws/build/cameras': /usr/bin/cmake --install /home/fortunato/ros2_ws/build/cameras
[0.089s] -- Install configuration: ""
[0.089s] -- Installing: /home/fortunato/ros2_ws/install/cameras/share/cameras/models
[0.089s] -- Installing: /home/fortunato/ros2_ws/install/cameras/share/cameras/models/my_camera_2
[0.089s] -- Installing: /home/fortunato/ros2_ws/install/cameras/share/cameras/models/my_camera_2/meshes
[0.089s] -- Installing: /home/fortunato/ros2_ws/install/cameras/share/cameras/models/my_camera_2/meshes/3dCamera.DAE
[0.089s] -- Installing: /home/fortunato/ros2_ws/install/cameras/share/cameras/models/my_camera_2/thumbnails
[0.090s] -- Installing: /home/fortunato/ros2_ws/install/cameras/share/cameras/models/my_camera_2/thumbnails/2.jpg
[0.090s] -- Installing: /home/fortunato/ros2_ws/install/cameras/share/cameras/models/my_camera_2/thumbnails/4.jpg
[0.090s] -- Installing: /home/fortunato/ros2_ws/install/cameras/share/cameras/models/my_camera_2/thumbnails/3.jpg
[0.090s] -- Installing: /home/fortunato/ros2_ws/install/cameras/share/cameras/models/my_camera_2/thumbnails/5.jpg
[0.090s] -- Installing: /home/fortunato/ros2_ws/install/cameras/share/cameras/models/my_camera_2/thumbnails/1.jpg
[0.091s] -- Installing: /home/fortunato/ros2_ws/install/cameras/share/cameras/models/my_camera_2/model.sdf
[0.091s] -- Installing: /home/fortunato/ros2_ws/install/cameras/share/cameras/models/my_camera_2/model.config
[0.091s] -- Installing: /home/fortunato/ros2_ws/install/cameras/share/cameras/models/my_camera_2/materials
[0.091s] -- Installing: /home/fortunato/ros2_ws/install/cameras/share/cameras/models/my_camera_2/materials/textures
[0.091s] -- Installing: /home/fortunato/ros2_ws/install/cameras/share/cameras/models/my_camera_2/materials/textures/3dCamera.jpg
[0.092s] -- Installing: /home/fortunato/ros2_ws/install/cameras/share/cameras/models/iris_opt_flow_mockup
[0.092s] -- Installing: /home/fortunato/ros2_ws/install/cameras/share/cameras/models/iris_opt_flow_mockup/iris_opt_flow_mockup.sdf
[0.092s] -- Installing: /home/fortunato/ros2_ws/install/cameras/share/cameras/models/iris_opt_flow_mockup/model.config
[0.092s] -- Installing: /home/fortunato/ros2_ws/install/cameras/share/cameras/models/iris_hitl
[0.092s] -- Installing: /home/fortunato/ros2_ws/install/cameras/share/cameras/models/iris_hitl/iris_hitl.sdf
[0.093s] -- Installing: /home/fortunato/ros2_ws/install/cameras/share/cameras/models/iris_hitl/model.config
[0.093s] -- Installing: /home/fortunato/ros2_ws/install/cameras/share/cameras/models/my_camera_3
[0.093s] -- Installing: /home/fortunato/ros2_ws/install/cameras/share/cameras/models/my_camera_3/meshes
[0.093s] -- Installing: /home/fortunato/ros2_ws/install/cameras/share/cameras/models/my_camera_3/meshes/3dCamera.DAE
[0.093s] -- Installing: /home/fortunato/ros2_ws/install/cameras/share/cameras/models/my_camera_3/thumbnails
[0.093s] -- Installing: /home/fortunato/ros2_ws/install/cameras/share/cameras/models/my_camera_3/thumbnails/2.jpg
[0.094s] -- Installing: /home/fortunato/ros2_ws/install/cameras/share/cameras/models/my_camera_3/thumbnails/4.jpg
[0.094s] -- Installing: /home/fortunato/ros2_ws/install/cameras/share/cameras/models/my_camera_3/thumbnails/3.jpg
[0.094s] -- Installing: /home/fortunato/ros2_ws/install/cameras/share/cameras/models/my_camera_3/thumbnails/5.jpg
[0.094s] -- Installing: /home/fortunato/ros2_ws/install/cameras/share/cameras/models/my_camera_3/thumbnails/1.jpg
[0.095s] -- Installing: /home/fortunato/ros2_ws/install/cameras/share/cameras/models/my_camera_3/model.sdf
[0.095s] -- Installing: /home/fortunato/ros2_ws/install/cameras/share/cameras/models/my_camera_3/model.config
[0.095s] -- Installing: /home/fortunato/ros2_ws/install/cameras/share/cameras/models/my_camera_3/materials
[0.095s] -- Installing: /home/fortunato/ros2_ws/install/cameras/share/cameras/models/my_camera_3/materials/textures
[0.095s] -- Installing: /home/fortunato/ros2_ws/install/cameras/share/cameras/models/my_camera_3/materials/textures/3dCamera.jpg
[0.096s] -- Installing: /home/fortunato/ros2_ws/install/cameras/share/cameras/models/iris_irlock
[0.096s] -- Installing: /home/fortunato/ros2_ws/install/cameras/share/cameras/models/iris_irlock/iris_irlock.sdf
[0.096s] -- Installing: /home/fortunato/ros2_ws/install/cameras/share/cameras/models/iris_irlock/model.config
[0.096s] -- Installing: /home/fortunato/ros2_ws/install/cameras/share/cameras/models/my_camera_5
[0.096s] -- Installing: /home/fortunato/ros2_ws/install/cameras/share/cameras/models/my_camera_5/meshes
[0.097s] -- Installing: /home/fortunato/ros2_ws/install/cameras/share/cameras/models/my_camera_5/meshes/3dCamera.DAE
[0.097s] -- Installing: /home/fortunato/ros2_ws/install/cameras/share/cameras/models/my_camera_5/thumbnails
[0.097s] -- Installing: /home/fortunato/ros2_ws/install/cameras/share/cameras/models/my_camera_5/thumbnails/2.jpg
[0.097s] -- Installing: /home/fortunato/ros2_ws/install/cameras/share/cameras/models/my_camera_5/thumbnails/4.jpg
[0.097s] -- Installing: /home/fortunato/ros2_ws/install/cameras/share/cameras/models/my_camera_5/thumbnails/3.jpg
[0.097s] -- Installing: /home/fortunato/ros2_ws/install/cameras/share/cameras/models/my_camera_5/thumbnails/5.jpg
[0.098s] -- Installing: /home/fortunato/ros2_ws/install/cameras/share/cameras/models/my_camera_5/thumbnails/1.jpg
[0.098s] -- Installing: /home/fortunato/ros2_ws/install/cameras/share/cameras/models/my_camera_5/model.sdf
[0.098s] -- Installing: /home/fortunato/ros2_ws/install/cameras/share/cameras/models/my_camera_5/model.config
[0.098s] -- Installing: /home/fortunato/ros2_ws/install/cameras/share/cameras/models/my_camera_5/materials
[0.098s] -- Installing: /home/fortunato/ros2_ws/install/cameras/share/cameras/models/my_camera_5/materials/textures
[0.098s] -- Installing: /home/fortunato/ros2_ws/install/cameras/share/cameras/models/my_camera_5/materials/textures/3dCamera.jpg
[0.099s] -- Installing: /home/fortunato/ros2_ws/install/cameras/share/cameras/models/my_camera_1
[0.099s] -- Installing: /home/fortunato/ros2_ws/install/cameras/share/cameras/models/my_camera_1/meshes
[0.099s] -- Installing: /home/fortunato/ros2_ws/install/cameras/share/cameras/models/my_camera_1/meshes/3dCamera.DAE
[0.099s] -- Installing: /home/fortunato/ros2_ws/install/cameras/share/cameras/models/my_camera_1/thumbnails
[0.099s] -- Installing: /home/fortunato/ros2_ws/install/cameras/share/cameras/models/my_camera_1/thumbnails/2.jpg
[0.100s] -- Installing: /home/fortunato/ros2_ws/install/cameras/share/cameras/models/my_camera_1/thumbnails/4.jpg
[0.100s] -- Installing: /home/fortunato/ros2_ws/install/cameras/share/cameras/models/my_camera_1/thumbnails/3.jpg
[0.100s] -- Installing: /home/fortunato/ros2_ws/install/cameras/share/cameras/models/my_camera_1/thumbnails/5.jpg
[0.100s] -- Installing: /home/fortunato/ros2_ws/install/cameras/share/cameras/models/my_camera_1/thumbnails/1.jpg
[0.100s] -- Installing: /home/fortunato/ros2_ws/install/cameras/share/cameras/models/my_camera_1/model.sdf
[0.101s] -- Installing: /home/fortunato/ros2_ws/install/cameras/share/cameras/models/my_camera_1/model.config
[0.101s] -- Installing: /home/fortunato/ros2_ws/install/cameras/share/cameras/models/my_camera_1/materials
[0.101s] -- Installing: /home/fortunato/ros2_ws/install/cameras/share/cameras/models/my_camera_1/materials/textures
[0.101s] -- Installing: /home/fortunato/ros2_ws/install/cameras/share/cameras/models/my_camera_1/materials/textures/3dCamera.jpg
[0.102s] -- Installing: /home/fortunato/ros2_ws/install/cameras/share/cameras/models/iris_vision
[0.102s] -- Installing: /home/fortunato/ros2_ws/install/cameras/share/cameras/models/iris_vision/iris_vision.sdf
[0.102s] -- Installing: /home/fortunato/ros2_ws/install/cameras/share/cameras/models/iris_vision/model.config
[0.102s] -- Installing: /home/fortunato/ros2_ws/install/cameras/share/cameras/models/iris_downward_depth_camera
[0.102s] -- Installing: /home/fortunato/ros2_ws/install/cameras/share/cameras/models/iris_downward_depth_camera/model.config
[0.102s] -- Installing: /home/fortunato/ros2_ws/install/cameras/share/cameras/models/iris_downward_depth_camera/iris_downward_depth_camera.sdf
[0.102s] -- Installing: /home/fortunato/ros2_ws/install/cameras/share/cameras/models/iris_foggy_lidar
[0.103s] -- Installing: /home/fortunato/ros2_ws/install/cameras/share/cameras/models/iris_foggy_lidar/model.config
[0.103s] -- Installing: /home/fortunato/ros2_ws/install/cameras/share/cameras/models/iris_foggy_lidar/iris_foggy_lidar.sdf
[0.103s] -- Installing: /home/fortunato/ros2_ws/install/cameras/share/cameras/models/my_camera_7
[0.103s] -- Installing: /home/fortunato/ros2_ws/install/cameras/share/cameras/models/my_camera_7/meshes
[0.103s] -- Installing: /home/fortunato/ros2_ws/install/cameras/share/cameras/models/my_camera_7/meshes/3dCamera.DAE
[0.103s] -- Installing: /home/fortunato/ros2_ws/install/cameras/share/cameras/models/my_camera_7/thumbnails
[0.104s] -- Installing: /home/fortunato/ros2_ws/install/cameras/share/cameras/models/my_camera_7/thumbnails/2.jpg
[0.104s] -- Installing: /home/fortunato/ros2_ws/install/cameras/share/cameras/models/my_camera_7/thumbnails/4.jpg
[0.104s] -- Installing: /home/fortunato/ros2_ws/install/cameras/share/cameras/models/my_camera_7/thumbnails/3.jpg
[0.104s] -- Installing: /home/fortunato/ros2_ws/install/cameras/share/cameras/models/my_camera_7/thumbnails/5.jpg
[0.104s] -- Installing: /home/fortunato/ros2_ws/install/cameras/share/cameras/models/my_camera_7/thumbnails/1.jpg
[0.104s] -- Installing: /home/fortunato/ros2_ws/install/cameras/share/cameras/models/my_camera_7/model.sdf
[0.105s] -- Installing: /home/fortunato/ros2_ws/install/cameras/share/cameras/models/my_camera_7/model.config
[0.105s] -- Installing: /home/fortunato/ros2_ws/install/cameras/share/cameras/models/my_camera_7/materials
[0.105s] -- Installing: /home/fortunato/ros2_ws/install/cameras/share/cameras/models/my_camera_7/materials/textures
[0.105s] -- Installing: /home/fortunato/ros2_ws/install/cameras/share/cameras/models/my_camera_7/materials/textures/3dCamera.jpg
[0.105s] -- Installing: /home/fortunato/ros2_ws/install/cameras/share/cameras/models/iris_obs_avoid
[0.105s] -- Installing: /home/fortunato/ros2_ws/install/cameras/share/cameras/models/iris_obs_avoid/model.config
[0.105s] -- Installing: /home/fortunato/ros2_ws/install/cameras/share/cameras/models/iris_obs_avoid/iris_obs_avoid.sdf
[0.106s] -- Installing: /home/fortunato/ros2_ws/install/cameras/share/cameras/models/iris_triple_depth_camera
[0.106s] -- Installing: /home/fortunato/ros2_ws/install/cameras/share/cameras/models/iris_triple_depth_camera/model.config
[0.106s] -- Installing: /home/fortunato/ros2_ws/install/cameras/share/cameras/models/iris_triple_depth_camera/iris_triple_depth_camera.sdf
[0.106s] -- Installing: /home/fortunato/ros2_ws/install/cameras/share/cameras/models/iris_fpv_cam
[0.106s] -- Installing: /home/fortunato/ros2_ws/install/cameras/share/cameras/models/iris_fpv_cam/iris_fpv_cam.sdf
[0.106s] -- Installing: /home/fortunato/ros2_ws/install/cameras/share/cameras/models/iris_fpv_cam/model.config
[0.106s] -- Installing: /home/fortunato/ros2_ws/install/cameras/share/cameras/models/iris
[0.107s] -- Installing: /home/fortunato/ros2_ws/install/cameras/share/cameras/models/iris/iris.sdf.jinja
[0.107s] -- Installing: /home/fortunato/ros2_ws/install/cameras/share/cameras/models/iris/iris.sdf
[0.107s] -- Installing: /home/fortunato/ros2_ws/install/cameras/share/cameras/models/iris/meshes
[0.107s] -- Installing: /home/fortunato/ros2_ws/install/cameras/share/cameras/models/iris/meshes/iris.stl
[0.110s] -- Installing: /home/fortunato/ros2_ws/install/cameras/share/cameras/models/iris/meshes/iris_prop_cw.dae
[0.110s] -- Installing: /home/fortunato/ros2_ws/install/cameras/share/cameras/models/iris/meshes/iris_prop_ccw.dae
[0.111s] -- Installing: /home/fortunato/ros2_ws/install/cameras/share/cameras/models/iris/iris.sdf.last_generated
[0.111s] -- Installing: /home/fortunato/ros2_ws/install/cameras/share/cameras/models/iris/model.config
[0.111s] -- Installing: /home/fortunato/ros2_ws/install/cameras/share/cameras/models/iris_rplidar
[0.112s] -- Installing: /home/fortunato/ros2_ws/install/cameras/share/cameras/models/iris_rplidar/model.config
[0.112s] -- Installing: /home/fortunato/ros2_ws/install/cameras/share/cameras/models/iris_rplidar/iris_rplidar.sdf
[0.112s] -- Installing: /home/fortunato/ros2_ws/install/cameras/share/cameras/models/my_camera_6
[0.112s] -- Installing: /home/fortunato/ros2_ws/install/cameras/share/cameras/models/my_camera_6/meshes
[0.112s] -- Installing: /home/fortunato/ros2_ws/install/cameras/share/cameras/models/my_camera_6/meshes/3dCamera.DAE
[0.112s] -- Installing: /home/fortunato/ros2_ws/install/cameras/share/cameras/models/my_camera_6/thumbnails
[0.113s] -- Installing: /home/fortunato/ros2_ws/install/cameras/share/cameras/models/my_camera_6/thumbnails/2.jpg
[0.113s] -- Installing: /home/fortunato/ros2_ws/install/cameras/share/cameras/models/my_camera_6/thumbnails/4.jpg
[0.113s] -- Installing: /home/fortunato/ros2_ws/install/cameras/share/cameras/models/my_camera_6/thumbnails/3.jpg
[0.113s] -- Installing: /home/fortunato/ros2_ws/install/cameras/share/cameras/models/my_camera_6/thumbnails/5.jpg
[0.113s] -- Installing: /home/fortunato/ros2_ws/install/cameras/share/cameras/models/my_camera_6/thumbnails/1.jpg
[0.113s] -- Installing: /home/fortunato/ros2_ws/install/cameras/share/cameras/models/my_camera_6/model.sdf
[0.114s] -- Installing: /home/fortunato/ros2_ws/install/cameras/share/cameras/models/my_camera_6/model.config
[0.114s] -- Installing: /home/fortunato/ros2_ws/install/cameras/share/cameras/models/my_camera_6/materials
[0.114s] -- Installing: /home/fortunato/ros2_ws/install/cameras/share/cameras/models/my_camera_6/materials/textures
[0.114s] -- Installing: /home/fortunato/ros2_ws/install/cameras/share/cameras/models/my_camera_6/materials/textures/3dCamera.jpg
[0.114s] -- Installing: /home/fortunato/ros2_ws/install/cameras/share/cameras/models/iris_opt_flow
[0.114s] -- Installing: /home/fortunato/ros2_ws/install/cameras/share/cameras/models/iris_opt_flow/iris_opt_flow.sdf
[0.115s] -- Installing: /home/fortunato/ros2_ws/install/cameras/share/cameras/models/iris_opt_flow/model.config
[0.115s] -- Installing: /home/fortunato/ros2_ws/install/cameras/share/cameras/models/iris_stereo_camera
[0.115s] -- Installing: /home/fortunato/ros2_ws/install/cameras/share/cameras/models/iris_stereo_camera/model.config
[0.115s] -- Installing: /home/fortunato/ros2_ws/install/cameras/share/cameras/models/iris_stereo_camera/iris_stereo_camera.sdf
[0.115s] -- Installing: /home/fortunato/ros2_ws/install/cameras/share/cameras/models/iris_rtps
[0.115s] -- Installing: /home/fortunato/ros2_ws/install/cameras/share/cameras/models/iris_rtps/iris_rtps.sdf
[0.116s] -- Installing: /home/fortunato/ros2_ws/install/cameras/share/cameras/models/iris_rtps/model.config
[0.116s] -- Installing: /home/fortunato/ros2_ws/install/cameras/share/cameras/models/iris_depth_camera
[0.116s] -- Installing: /home/fortunato/ros2_ws/install/cameras/share/cameras/models/iris_depth_camera/model.config
[0.116s] -- Installing: /home/fortunato/ros2_ws/install/cameras/share/cameras/models/iris_depth_camera/iris_depth_camera.sdf
[0.116s] -- Installing: /home/fortunato/ros2_ws/install/cameras/share/cameras/models/my_camera_4
[0.116s] -- Installing: /home/fortunato/ros2_ws/install/cameras/share/cameras/models/my_camera_4/meshes
[0.117s] -- Installing: /home/fortunato/ros2_ws/install/cameras/share/cameras/models/my_camera_4/meshes/3dCamera.DAE
[0.117s] -- Installing: /home/fortunato/ros2_ws/install/cameras/share/cameras/models/my_camera_4/thumbnails
[0.117s] -- Installing: /home/fortunato/ros2_ws/install/cameras/share/cameras/models/my_camera_4/thumbnails/2.jpg
[0.117s] -- Installing: /home/fortunato/ros2_ws/install/cameras/share/cameras/models/my_camera_4/thumbnails/4.jpg
[0.117s] -- Installing: /home/fortunato/ros2_ws/install/cameras/share/cameras/models/my_camera_4/thumbnails/3.jpg
[0.118s] -- Installing: /home/fortunato/ros2_ws/install/cameras/share/cameras/models/my_camera_4/thumbnails/5.jpg
[0.118s] -- Installing: /home/fortunato/ros2_ws/install/cameras/share/cameras/models/my_camera_4/thumbnails/1.jpg
[0.118s] -- Installing: /home/fortunato/ros2_ws/install/cameras/share/cameras/models/my_camera_4/model.sdf
[0.118s] -- Installing: /home/fortunato/ros2_ws/install/cameras/share/cameras/models/my_camera_4/model.config
[0.118s] -- Installing: /home/fortunato/ros2_ws/install/cameras/share/cameras/models/my_camera_4/materials
[0.119s] -- Installing: /home/fortunato/ros2_ws/install/cameras/share/cameras/models/my_camera_4/materials/textures
[0.119s] -- Installing: /home/fortunato/ros2_ws/install/cameras/share/cameras/models/my_camera_4/materials/textures/3dCamera.jpg
[0.119s] -- Installing: /home/fortunato/ros2_ws/install/cameras/share/cameras/models/iris_dual_gps
[0.119s] -- Installing: /home/fortunato/ros2_ws/install/cameras/share/cameras/models/iris_dual_gps/model.config
[0.119s] -- Installing: /home/fortunato/ros2_ws/install/cameras/share/cameras/models/iris_dual_gps/iris_dual_gps.sdf
[0.120s] -- Installing: /home/fortunato/ros2_ws/install/cameras/share/cameras/models/my_camera_8
[0.120s] -- Installing: /home/fortunato/ros2_ws/install/cameras/share/cameras/models/my_camera_8/meshes
[0.120s] -- Installing: /home/fortunato/ros2_ws/install/cameras/share/cameras/models/my_camera_8/meshes/3dCamera.DAE
[0.120s] -- Installing: /home/fortunato/ros2_ws/install/cameras/share/cameras/models/my_camera_8/thumbnails
[0.120s] -- Installing: /home/fortunato/ros2_ws/install/cameras/share/cameras/models/my_camera_8/thumbnails/2.jpg
[0.120s] -- Installing: /home/fortunato/ros2_ws/install/cameras/share/cameras/models/my_camera_8/thumbnails/4.jpg
[0.121s] -- Installing: /home/fortunato/ros2_ws/install/cameras/share/cameras/models/my_camera_8/thumbnails/3.jpg
[0.121s] -- Installing: /home/fortunato/ros2_ws/install/cameras/share/cameras/models/my_camera_8/thumbnails/5.jpg
[0.121s] -- Installing: /home/fortunato/ros2_ws/install/cameras/share/cameras/models/my_camera_8/thumbnails/1.jpg
[0.121s] -- Installing: /home/fortunato/ros2_ws/install/cameras/share/cameras/models/my_camera_8/model.sdf
[0.121s] -- Installing: /home/fortunato/ros2_ws/install/cameras/share/cameras/models/my_camera_8/model.config
[0.121s] -- Installing: /home/fortunato/ros2_ws/install/cameras/share/cameras/models/my_camera_8/materials
[0.122s] -- Installing: /home/fortunato/ros2_ws/install/cameras/share/cameras/models/my_camera_8/materials/textures
[0.122s] -- Installing: /home/fortunato/ros2_ws/install/cameras/share/cameras/models/my_camera_8/materials/textures/3dCamera.jpg
[0.122s] -- Installing: /home/fortunato/ros2_ws/install/cameras/share/cameras/launch
[0.122s] -- Installing: /home/fortunato/ros2_ws/install/cameras/share/cameras/launch/spawn_cameras.launch.py
[0.122s] -- Installing: /home/fortunato/ros2_ws/install/cameras/share/cameras/launch/my_launch_file.launch.py
[0.122s] -- Installing: /home/fortunato/ros2_ws/install/cameras/share/ament_index/resource_index/package_run_dependencies/cameras
[0.123s] -- Installing: /home/fortunato/ros2_ws/install/cameras/share/ament_index/resource_index/parent_prefix_path/cameras
[0.123s] -- Installing: /home/fortunato/ros2_ws/install/cameras/share/cameras/environment/ament_prefix_path.sh
[0.123s] -- Installing: /home/fortunato/ros2_ws/install/cameras/share/cameras/environment/ament_prefix_path.dsv
[0.123s] -- Installing: /home/fortunato/ros2_ws/install/cameras/share/cameras/environment/path.sh
[0.123s] -- Installing: /home/fortunato/ros2_ws/install/cameras/share/cameras/environment/path.dsv
[0.124s] -- Installing: /home/fortunato/ros2_ws/install/cameras/share/cameras/local_setup.bash
[0.124s] -- Installing: /home/fortunato/ros2_ws/install/cameras/share/cameras/local_setup.sh
[0.124s] -- Installing: /home/fortunato/ros2_ws/install/cameras/share/cameras/local_setup.zsh
[0.124s] -- Installing: /home/fortunato/ros2_ws/install/cameras/share/cameras/local_setup.dsv
[0.124s] -- Installing: /home/fortunato/ros2_ws/install/cameras/share/cameras/package.dsv
[0.125s] -- Installing: /home/fortunato/ros2_ws/install/cameras/share/ament_index/resource_index/packages/cameras
[0.125s] -- Installing: /home/fortunato/ros2_ws/install/cameras/share/cameras/cmake/camerasConfig.cmake
[0.125s] -- Installing: /home/fortunato/ros2_ws/install/cameras/share/cameras/cmake/camerasConfig-version.cmake
[0.125s] -- Installing: /home/fortunato/ros2_ws/install/cameras/share/cameras/package.xml
[0.127s] Invoked command in '/home/fortunato/ros2_ws/build/cameras' returned '0': /usr/bin/cmake --install /home/fortunato/ros2_ws/build/cameras
